0 0.00477584 5.28046e-13 0.99203 0.229021 3.17854e-13 1.70477e-13 2.22328e-10 8.42337e-09 3.63471e-10 7.15497e-09 0.000353177
10 0.00477577 5.2813e-13 0.991858 0.22892 3.17938e-13 1.70498e-13 2.22414e-10 8.42419e-09 3.63514e-10 7.15375e-09 0.000353294
20 0.00477569 5.28214e-13 0.991686 0.22882 3.18023e-13 1.70715e-13 2.22496e-10 8.42487e-09 3.63551e-10 7.15241e-09 0.00035341
30 0.00477562 5.28298e-13 0.991515 0.228719 3.18107e-13 1.70677e-13 2.22584e-10 8.42575e-09 3.63596e-10 7.15124e-09 0.000353527
40 0.00477555 5.28382e-13 0.991343 0.228618 3.18191e-13 1.70509e-13 2.22674e-10 8.42674e-09 3.63646e-10 7.15017e-09 0.000353643
50 0.00477547 5.28466e-13 0.991171 0.228517 3.18276e-13 1.70336e-13 2.22764e-10 8.42773e-09 3.63696e-10 7.14909e-09 0.000353759
60 0.0047754 5.2855e-13 0.990999 0.228416 3.18361e-13 1.70283e-13 2.22852e-10 8.42861e-09 3.63742e-10 7.14792e-09 0.000353876
70 0.00477532 5.28634e-13 0.990828 0.228316 3.18445e-13 1.70475e-13 2.22934e-10 8.4293e-09 3.63779e-10 7.14659e-09 0.000353992
80 0.00477525 5.28718e-13 0.990656 0.228215 3.1853e-13 1.708e-13 2.23015e-10 8.4299e-09 3.63812e-10 7.14518e-09 0.000354108
90 0.00477517 5.28802e-13 0.990484 0.228114 3.18614e-13 1.71013e-13 2.23097e-10 8.43059e-09 3.6385e-10 7.14384e-09 0.000354225
100 0.0047751 5.28886e-13 0.990313 0.228014 3.18699e-13 1.71127e-13 2.23182e-10 8.43136e-09 3.6389e-10 7.14258e-09 0.000354341
110 0.00477503 5.28971e-13 0.990141 0.227913 3.18784e-13 1.71157e-13 2.23269e-10 8.43219e-09 3.63934e-10 7.14137e-09 0.000354457
120 0.00477495 5.29055e-13 0.989969 0.227812 3.18869e-13 1.71115e-13 2.23357e-10 8.43308e-09 3.63979e-10 7.14021e-09 0.000354574
130 0.00477488 5.29139e-13 0.989797 0.227712 3.18953e-13 1.71016e-13 2.23446e-10 8.43402e-09 3.64027e-10 7.13908e-09 0.00035469
140 0.0047748 5.29224e-13 0.989626 0.227611 3.19038e-13 1.70874e-13 2.23536e-10 8.43498e-09 3.64076e-10 7.13799e-09 0.000354806
150 0.00477473 5.29308e-13 0.989454 0.227511 3.19123e-13 1.70702e-13 2.23627e-10 8.43597e-09 3.64127e-10 7.13691e-09 0.000354923
160 0.00477465 5.29392e-13 0.989282 0.22741 3.19208e-13 1.70515e-13 2.23718e-10 8.43697e-09 3.64177e-10 7.13584e-09 0.000355039
170 0.00477458 5.29477e-13 0.98911 0.22731 3.19293e-13 1.70326e-13 2.23809e-10 8.43797e-09 3.64228e-10 7.13477e-09 0.000355155
180 0.00477451 5.29561e-13 0.988939 0.227209 3.19378e-13 1.70148e-13 2.239e-10 8.43896e-09 3.64278e-10 7.13369e-09 0.000355272
190 0.00477443 5.29646e-13 0.988767 0.227109 3.19463e-13 1.69997e-13 2.23991e-10 8.43993e-09 3.64327e-10 7.13259e-09 0.000355388
200 0.00477436 5.2973e-13 0.988595 0.227008 3.19548e-13 1.69885e-13 2.2408e-10 8.44086e-09 3.64375e-10 7.13146e-09 0.000355504
210 0.00477428 5.29815e-13 0.988423 0.226908 3.19633e-13 1.69827e-13 2.24169e-10 8.44175e-09 3.64421e-10 7.1303e-09 0.000355621
220 0.00477421 5.29899e-13 0.988252 0.226808 3.19718e-13 1.69836e-13 2.24256e-10 8.44258e-09 3.64464e-10 7.12908e-09 0.000355737
230 0.00477413 5.29984e-13 0.98808 0.226707 3.19803e-13 1.69926e-13 2.24341e-10 8.44335e-09 3.64505e-10 7.12781e-09 0.000355853
240 0.00477406 5.30069e-13 0.987908 0.226607 3.19888e-13 1.70111e-13 2.24424e-10 8.44403e-09 3.64542e-10 7.12646e-09 0.00035597
250 0.00477399 5.30153e-13 0.987736 0.226507 3.19973e-13 1.70405e-13 2.24505e-10 8.44463e-09 3.64575e-10 7.12505e-09 0.000356086
