457.216 0.00498856 1.40325e-05 1.50497 0.644774 0 0 0 0 0 0 1.40325e-05
717.221 0.00498155 0 1.49896 0.63881 0 0 0 7.01627e-06 7.01627e-06 1.40325e-05 1.40325e-05
977.224 0.00498155 0 1.4922 0.631618 0 0 0 7.01627e-06 7.01627e-06 1.40325e-05 1.40325e-05
1237.47 0.00498155 0 1.48764 0.626728 0 0 0 2.10488e-05 7.01627e-06 0 1.40325e-05
1497.52 0.00497453 0 1.48252 0.621824 0 0 0 0 7.01627e-06 3.50813e-05 1.40325e-05
1757.77 0.00497453 0 1.47706 0.616042 0 0 0 0 0 2.80651e-05 2.80651e-05
2018.08 0.00497453 0 1.4736 0.612843 0 0 0 7.01627e-06 7.01627e-06 1.40325e-05 2.80651e-05
2278.08 0.00497453 0 1.47015 0.609033 0 0 0 7.01627e-06 0 7.01627e-06 4.20976e-05
2538.65 0.00497453 0 1.4665 0.605728 0 0 0 7.01627e-06 7.01627e-06 0 4.20976e-05
2798.79 0.00497453 0 1.46178 0.601413 0 0 0 0 7.01627e-06 7.01627e-06 4.20976e-05
3059.38 0.00497453 0 1.45665 0.596579 0 0 0 0 7.01627e-06 7.01627e-06 4.20976e-05
3909.45 0.00496752 1.40325e-05 1.45288 0.592938 0 0 0 0 0 0 5.61301e-05
4169.73 0.00496752 0 1.4487 0.588552 0 0 0 0 7.01627e-06 7.01627e-06 5.61301e-05
4430.6 0.0049605 0 1.44369 0.583592 0 0 0 0 0 2.80651e-05 5.61301e-05
4690.68 0.00495348 0 1.43613 0.576463 0 0 0 1.40325e-05 7.01627e-06 7.01627e-06 7.01627e-05
4950.79 0.00495348 0 1.43091 0.571145 0 0 0 0 7.01627e-06 2.10488e-05 7.01627e-05
5211.12 0.00495348 0 1.42609 0.566704 0 0 0 0 0 2.80651e-05 7.01627e-05
5471.36 0.00494647 0 1.41986 0.560943 0 0 0 1.40325e-05 7.01627e-06 2.10488e-05 7.01627e-05
5731.68 0.00493945 0 1.4132 0.554334 0 0 0 2.80651e-05 0 2.80651e-05 7.01627e-05
5995.02 0.00493945 0 1.4091 0.550559 0 0 0 2.10488e-05 0 2.10488e-05 8.41952e-05
6255.97 0.00493945 0 1.40525 0.546792 0 0 0 0 7.01627e-06 3.50813e-05 8.41952e-05
6516.12 0.00493945 0 1.40188 0.54341 0 0 0 2.10488e-05 7.01627e-06 0 9.82277e-05
6776.15 0.00493945 0 1.39808 0.540007 0 0 0 7.01627e-06 7.01627e-06 1.40325e-05 9.82277e-05
7037.28 0.00493945 0 1.39563 0.537327 0 0 0 0 7.01627e-06 7.01627e-06 0.000105244
7297.59 0.00493945 0 1.39218 0.533917 0 0 0 0 0 1.40325e-05 0.000105244
7557.63 0.00493945 0 1.38759 0.529588 0 0 0 7.01627e-06 7.01627e-06 0 0.000105244
7817.64 0.00493243 0 1.37852 0.521168 0 0 0 0 1.40325e-05 1.40325e-05 0.000105244
8078.05 0.00492542 0 1.37171 0.514748 0 0 0 1.40325e-05 7.01627e-06 7.01627e-06 0.000119277
8338.65 0.00492542 0 1.36823 0.51157 0 0 0 0 7.01627e-06 2.10488e-05 0.000119277
8599.02 0.00492542 0 1.36316 0.50743 0 0 0 7.01627e-06 7.01627e-06 1.40325e-05 0.000119277
8859.52 0.0049184 0 1.35801 0.502519 0 0 0 7.01627e-06 7.01627e-06 1.40325e-05 0.000133309
9119.78 0.00491139 0 1.35288 0.497818 0 0 0 7.01627e-06 7.01627e-06 2.80651e-05 0.000133309
9381.62 0.00491139 0 1.34777 0.493229 0 0 0 2.10488e-05 0 2.10488e-05 0.000133309
9642.21 0.00491139 0 1.34273 0.489104 0 0 0 1.40325e-05 0 2.80651e-05 0.000133309
9903.71 0.00491139 0 1.33915 0.485392 0 0 0 7.01627e-06 7.01627e-06 1.40325e-05 0.000147342
10164.1 0.00491139 0 1.33634 0.482607 0 0 0 7.01627e-06 7.01627e-06 1.40325e-05 0.000147342
10424.2 0.00491139 0 1.33199 0.478825 0 0 0 7.01627e-06 7.01627e-06 1.40325e-05 0.000147342
10684.3 0.00490437 0 1.32621 0.473549 0 0 0 1.40325e-05 7.01627e-06 2.10488e-05 0.000147342
10944.5 0.00490437 0 1.32043 0.468574 0 0 0 7.01627e-06 7.01627e-06 2.80651e-05 0.000147342
11204.5 0.00490437 0 1.31586 0.464561 0 0 0 2.10488e-05 0 2.10488e-05 0.000147342
11464.8 0.00490437 0 1.31147 0.460737 0 0 0 2.10488e-05 7.01627e-06 1.40325e-05 0.000147342
11725.9 0.00490437 0 1.30613 0.456478 0 0 0 7.01627e-06 7.01627e-06 2.80651e-05 0.000147342
11986.4 0.00490437 0 1.30359 0.454107 0 0 0 7.01627e-06 0 2.10488e-05 0.000161374
12246.7 0.00489735 0 1.29927 0.450578 0 0 0 7.01627e-06 7.01627e-06 0 0.000189439
12507 0.00489034 0 1.29675 0.448311 0 0 0 2.10488e-05 0 7.01627e-06 0.000189439
13764.6 0.00488332 1.40325e-05 1.29176 0.444088 0 0 0 0 0 0 0.000210488
14025.6 0.00488332 0 1.28767 0.440481 0 0 0 0 7.01627e-06 7.01627e-06 0.000210488
14285.6 0.00488332 0 1.28331 0.436538 0 0 0 7.01627e-06 7.01627e-06 0 0.000210488
14546.2 0.00488332 0 1.2786 0.432665 0 0 0 0 7.01627e-06 7.01627e-06 0.000210488
14806.3 0.0048763 0 1.27348 0.428133 0 0 0 1.40325e-05 7.01627e-06 7.01627e-06 0.000210488
15066.3 0.00486929 0 1.26542 0.421642 0 0 7.01627e-06 1.40325e-05 0 2.10488e-05 0.000210488
15326.4 0.00486929 0 1.26017 0.417594 0 0 0 2.10488e-05 0 7.01627e-06 0.000217504
15586.7 0.00486929 0 1.25619 0.414072 0 0 0 0 7.01627e-06 2.10488e-05 0.000217504
15846.8 0.00486929 0 1.25172 0.410606 0 0 0 7.01627e-06 0 2.10488e-05 0.000217504
16107 0.00486227 0 1.24599 0.406403 0 0 0 1.40325e-05 0 2.80651e-05 0.000217504
16367.1 0.00486227 0 1.23961 0.401576 0 0 0 7.01627e-06 0 3.50813e-05 0.000217504
16627.6 0.00486227 0 1.23539 0.397949 0 0 0 7.01627e-06 0 2.10488e-05 0.000231537
16889 0.00486227 0 1.23262 0.395514 0 0 0 0 7.01627e-06 2.10488e-05 0.000231537
17149.1 0.00485526 0 1.22619 0.390645 0 0 0 2.80651e-05 7.01627e-06 7.01627e-06 0.000231537
17409.1 0.00485526 0 1.22067 0.386295 0 0 0 2.10488e-05 1.40325e-05 7.01627e-06 0.000231537
17670.6 0.00485526 0 1.21623 0.383067 0 0 0 7.01627e-06 0 2.10488e-05 0.000238553
17930.8 0.00485526 0 1.21238 0.380387 0 0 0 1.40325e-05 0 1.40325e-05 0.000238553
18190.8 0.00485526 0 1.20876 0.377538 0 0 7.01627e-06 0 0 7.01627e-06 0.000245569
18451.1 0.00485526 0 1.20533 0.375069 0 0 0 0 7.01627e-06 7.01627e-06 0.000245569
18711.5 0.00484824 0 1.19832 0.369666 0 0 0 7.01627e-06 0 2.10488e-05 0.000245569
18972.2 0.00484824 0 1.19301 0.365393 0 0 0 0 7.01627e-06 7.01627e-06 0.000259602
19234.9 0.00484824 0 1.19096 0.363632 0 0 0 0 7.01627e-06 7.01627e-06 0.000259602
19495.1 0.00484122 0 1.18345 0.357696 0 0 0 7.01627e-06 7.01627e-06 1.40325e-05 0.000259602
19755.3 0.00484122 0 1.17972 0.354813 0 0 0 0 0 1.40325e-05 0.000266618
20015.8 0.00484122 0 1.17671 0.352504 0 0 0 7.01627e-06 0 7.01627e-06 0.000266618
20275.9 0.00484122 0 1.17222 0.349214 0 0 0 7.01627e-06 7.01627e-06 0 0.000266618
20535.9 0.00484122 0 1.16688 0.345734 0 0 0 7.01627e-06 0 7.01627e-06 0.000266618
20796.6 0.00483421 0 1.15955 0.340254 0 0 0 0 7.01627e-06 7.01627e-06 0.000273634
21057.8 0.00483421 0 1.1569 0.338205 0 0 0 0 7.01627e-06 7.01627e-06 0.000273634
21318.2 0.00483421 0 1.15297 0.335111 0 0 0 0 7.01627e-06 7.01627e-06 0.000273634
21578.2 0.00483421 0 1.14763 0.33189 0 0 0 7.01627e-06 7.01627e-06 0 0.000273634
21838.2 0.00483421 0 1.14268 0.328537 0 0 0 0 0 1.40325e-05 0.000273634
23038.2 0.00482719 1.40325e-05 1.1411 0.327618 0 0 0 0 0 0 0.000287667
24194.6 0.00482017 1.40325e-05 1.1393 0.326256 0 0 0 0 0 0 0.000294683
24454.6 0.00480614 0 1.13 0.32011 0 0 0 7.01627e-06 0 3.50813e-05 0.000294683
24714.8 0.00479913 0 1.12229 0.314855 0 0 0 3.50813e-05 7.01627e-06 1.40325e-05 0.000294683
24974.9 0.00479913 0 1.11634 0.310877 0 0 0 3.50813e-05 7.01627e-06 1.40325e-05 0.000294683
25235.1 0.00479211 0 1.11144 0.307326 0 0 0 2.10488e-05 7.01627e-06 4.20976e-05 0.000294683
25496.9 0.00479211 0 1.10685 0.304127 0 0 0 2.80651e-05 7.01627e-06 2.10488e-05 0.000308716
25757.2 0.00479211 0 1.10295 0.301328 0 0 0 1.40325e-05 7.01627e-06 3.50813e-05 0.000308716
26018.3 0.00479211 0 1.09766 0.297925 0 0 0 4.20976e-05 7.01627e-06 7.01627e-06 0.000308716
26278.4 0.00478509 0 1.09287 0.294536 0 0 0 2.10488e-05 7.01627e-06 4.20976e-05 0.000308716
26539 0.00478509 0 1.08768 0.291308 0 0 0 2.80651e-05 7.01627e-06 3.50813e-05 0.000308716
26799 0.00478509 0 1.08354 0.288369 0 0 0 3.50813e-05 1.40325e-05 2.10488e-05 0.000308716
27059.1 0.00477808 0 1.07834 0.284755 0 0 0 4.91139e-05 0 3.50813e-05 0.000308716
27319.5 0.00477808 0 1.07425 0.281773 0 0 0 5.61301e-05 0 2.80651e-05 0.000308716
27580.1 0.00477808 0 1.07028 0.279205 0 0 0 4.20976e-05 0 2.80651e-05 0.000322748
27840.1 0.00477808 0 1.06621 0.27623 0 0 7.01627e-06 1.40325e-05 7.01627e-06 4.20976e-05 0.000322748
28100.7 0.00477106 0 1.0615 0.273438 0 0 0 3.50813e-05 0 2.10488e-05 0.000336781
28360.8 0.00477106 0 1.05794 0.27101 0 0 7.01627e-06 2.10488e-05 0 2.80651e-05 0.000336781
28621.3 0.00476404 0 1.05387 0.268127 0 0 0 4.20976e-05 7.01627e-06 2.10488e-05 0.000336781
28881.6 0.00476404 0 1.04883 0.264969 0 0 0 1.40325e-05 0 4.20976e-05 0.000343797
29141.7 0.00476404 0 1.04519 0.262696 0 0 0 2.80651e-05 0 2.80651e-05 0.000343797
29401.8 0.00476404 0 1.0412 0.260339 0 0 0 2.80651e-05 0 1.40325e-05 0.00035783
29662.3 0.00475001 0 1.03592 0.256753 0 0 0 2.80651e-05 7.01627e-06 3.50813e-05 0.00035783
29923.5 0.00475001 0 1.02985 0.253392 0 0 0 3.50813e-05 0 3.50813e-05 0.00035783
