0 0.00477562 5.28297e-13 0.991515 0.228719 3.18107e-13 1.70483e-13 2.22588e-10 8.4259e-09 3.63603e-10 7.15137e-09 0.000353527
10 0.00477554 5.28382e-13 0.991343 0.228618 3.18191e-13 1.70486e-13 2.22674e-10 8.42674e-09 3.63646e-10 7.15017e-09 0.000353643
20 0.00477547 5.28466e-13 0.991171 0.228517 3.18276e-13 1.70703e-13 2.22756e-10 8.42742e-09 3.63683e-10 7.14883e-09 0.000353759
30 0.0047754 5.2855e-13 0.990999 0.228416 3.18361e-13 1.70665e-13 2.22844e-10 8.42831e-09 3.63729e-10 7.14766e-09 0.000353876
40 0.00477532 5.28634e-13 0.990828 0.228316 3.18445e-13 1.70498e-13 2.22934e-10 8.42929e-09 3.63779e-10 7.14658e-09 0.000353992
50 0.00477525 5.28718e-13 0.990656 0.228215 3.1853e-13 1.70325e-13 2.23025e-10 8.43028e-09 3.63829e-10 7.1455e-09 0.000354108
60 0.00477517 5.28802e-13 0.990484 0.228114 3.18614e-13 1.70272e-13 2.23113e-10 8.43116e-09 3.63874e-10 7.14434e-09 0.000354225
70 0.0047751 5.28886e-13 0.990313 0.228014 3.18699e-13 1.70463e-13 2.23195e-10 8.43185e-09 3.63911e-10 7.143e-09 0.000354341
80 0.00477503 5.28971e-13 0.990141 0.227913 3.18784e-13 1.70795e-13 2.23275e-10 8.43245e-09 3.63945e-10 7.14159e-09 0.000354457
90 0.00477495 5.29055e-13 0.989969 0.227812 3.18868e-13 1.71024e-13 2.23358e-10 8.43313e-09 3.63981e-10 7.14024e-09 0.000354574
100 0.00477488 5.29139e-13 0.989797 0.227712 3.18953e-13 1.71162e-13 2.23442e-10 8.43388e-09 3.64021e-10 7.13896e-09 0.00035469
110 0.0047748 5.29224e-13 0.989626 0.227611 3.19038e-13 1.71219e-13 2.23528e-10 8.43469e-09 3.64064e-10 7.13773e-09 0.000354806
120 0.00477473 5.29308e-13 0.989454 0.227511 3.19123e-13 1.71208e-13 2.23616e-10 8.43556e-09 3.64109e-10 7.13655e-09 0.000354923
130 0.00477465 5.29392e-13 0.989282 0.22741 3.19208e-13 1.71139e-13 2.23705e-10 8.43647e-09 3.64155e-10 7.13541e-09 0.000355039
140 0.00477458 5.29477e-13 0.98911 0.22731 3.19293e-13 1.71024e-13 2.23794e-10 8.43741e-09 3.64204e-10 7.13429e-09 0.000355155
150 0.00477451 5.29561e-13 0.988939 0.227209 3.19378e-13 1.70873e-13 2.23885e-10 8.43839e-09 3.64253e-10 7.1332e-09 0.000355272
160 0.00477443 5.29646e-13 0.988767 0.227109 3.19463e-13 1.70698e-13 2.23976e-10 8.43938e-09 3.64303e-10 7.13212e-09 0.000355388
170 0.00477436 5.2973e-13 0.988595 0.227008 3.19548e-13 1.7051e-13 2.24067e-10 8.44038e-09 3.64354e-10 7.13105e-09 0.000355504
180 0.00477428 5.29815e-13 0.988423 0.226908 3.19633e-13 1.70321e-13 2.24159e-10 8.44138e-09 3.64405e-10 7.12998e-09 0.000355621
190 0.00477421 5.29899e-13 0.988252 0.226808 3.19718e-13 1.7014e-13 2.2425e-10 8.44237e-09 3.64455e-10 7.1289e-09 0.000355737
200 0.00477413 5.29984e-13 0.98808 0.226707 3.19803e-13 1.69981e-13 2.24341e-10 8.44335e-09 3.64505e-10 7.12781e-09 0.000355853
210 0.00477406 5.30069e-13 0.987908 0.226607 3.19888e-13 1.69853e-13 2.24431e-10 8.44429e-09 3.64553e-10 7.12669e-09 0.00035597
220 0.00477399 5.30153e-13 0.987736 0.226507 3.19973e-13 1.69768e-13 2.2452e-10 8.4452e-09 3.646e-10 7.12554e-09 0.000356086
230 0.00477391 5.30238e-13 0.987565 0.226406 3.20059e-13 1.69737e-13 2.24608e-10 8.44607e-09 3.64644e-10 7.12435e-09 0.000356202
240 0.00477384 5.30323e-13 0.987393 0.226306 3.20144e-13 1.69772e-13 2.24695e-10 8.44688e-09 3.64687e-10 7.12312e-09 0.000356319
250 0.00477376 5.30407e-13 0.987221 0.226206 3.20229e-13 1.69883e-13 2.2478e-10 8.44763e-09 3.64727e-10 7.12183e-09 0.000356435
260 0.00477369 5.30492e-13 0.987049 0.226106 3.20314e-13 1.70082e-13 2.24863e-10 8.4483e-09 3.64763e-10 7.12047e-09 0.000356551
270 0.00477361 5.30577e-13 0.986878 0.226006 3.204e-13 1.7038e-13 2.24944e-10 8.4489e-09 3.64797e-10 7.11905e-09 0.000356667
