0 0.00477517 5.28802e-13 0.990484 0.228114 3.18614e-13 1.70448e-13 2.23109e-10 8.43102e-09 3.63868e-10 7.14421e-09 0.000354225
10 0.0047751 5.28886e-13 0.990312 0.228014 3.18699e-13 1.70463e-13 2.23195e-10 8.43185e-09 3.63911e-10 7.143e-09 0.000354341
20 0.00477503 5.28971e-13 0.990141 0.227913 3.18784e-13 1.70681e-13 2.23278e-10 8.43253e-09 3.63948e-10 7.14166e-09 0.000354458
30 0.00477495 5.29055e-13 0.989969 0.227812 3.18869e-13 1.70643e-13 2.23366e-10 8.43341e-09 3.63994e-10 7.14049e-09 0.000354574
40 0.00477488 5.29139e-13 0.989797 0.227712 3.18953e-13 1.70474e-13 2.23456e-10 8.4344e-09 3.64044e-10 7.13941e-09 0.00035469
50 0.0047748 5.29224e-13 0.989625 0.227611 3.19038e-13 1.70301e-13 2.23547e-10 8.43539e-09 3.64094e-10 7.13833e-09 0.000354807
60 0.00477473 5.29308e-13 0.989454 0.227511 3.19123e-13 1.70248e-13 2.23635e-10 8.43627e-09 3.6414e-10 7.13716e-09 0.000354923
70 0.00477465 5.29392e-13 0.989282 0.22741 3.19208e-13 1.7044e-13 2.23718e-10 8.43696e-09 3.64177e-10 7.13582e-09 0.000355039
80 0.00477458 5.29477e-13 0.98911 0.22731 3.19293e-13 1.70769e-13 2.23798e-10 8.43756e-09 3.6421e-10 7.13441e-09 0.000355156
90 0.00477451 5.29561e-13 0.988939 0.227209 3.19378e-13 1.70992e-13 2.23881e-10 8.43824e-09 3.64247e-10 7.13307e-09 0.000355272
100 0.00477443 5.29646e-13 0.988767 0.227109 3.19463e-13 1.7112e-13 2.23966e-10 8.439e-09 3.64287e-10 7.13179e-09 0.000355388
110 0.00477436 5.2973e-13 0.988595 0.227008 3.19548e-13 1.71166e-13 2.24053e-10 8.43982e-09 3.6433e-10 7.13057e-09 0.000355504
120 0.00477428 5.29815e-13 0.988423 0.226908 3.19633e-13 1.71142e-13 2.24141e-10 8.4407e-09 3.64375e-10 7.12939e-09 0.000355621
130 0.00477421 5.29899e-13 0.988252 0.226808 3.19718e-13 1.7106e-13 2.2423e-10 8.44162e-09 3.64423e-10 7.12826e-09 0.000355737
140 0.00477413 5.29984e-13 0.98808 0.226707 3.19803e-13 1.70932e-13 2.24321e-10 8.44258e-09 3.64471e-10 7.12715e-09 0.000355853
150 0.00477406 5.30069e-13 0.987908 0.226607 3.19888e-13 1.70771e-13 2.24412e-10 8.44356e-09 3.64521e-10 7.12606e-09 0.00035597
160 0.00477399 5.30153e-13 0.987736 0.226507 3.19973e-13 1.7059e-13 2.24503e-10 8.44456e-09 3.64572e-10 7.12499e-09 0.000356086
170 0.00477391 5.30238e-13 0.987565 0.226406 3.20059e-13 1.704e-13 2.24595e-10 8.44556e-09 3.64622e-10 7.12392e-09 0.000356202
180 0.00477384 5.30323e-13 0.987393 0.226306 3.20144e-13 1.70213e-13 2.24686e-10 8.44656e-09 3.64673e-10 7.12284e-09 0.000356319
190 0.00477376 5.30407e-13 0.987221 0.226206 3.20229e-13 1.70042e-13 2.24778e-10 8.44754e-09 3.64723e-10 7.12176e-09 0.000356435
200 0.00477369 5.30492e-13 0.987049 0.226106 3.20315e-13 1.699e-13 2.24868e-10 8.4485e-09 3.64772e-10 7.12065e-09 0.000356551
210 0.00477362 5.30577e-13 0.986878 0.226005 3.204e-13 1.69797e-13 2.24958e-10 8.44943e-09 3.64819e-10 7.11951e-09 0.000356668
220 0.00477354 5.30662e-13 0.986706 0.225905 3.20485e-13 1.69748e-13 2.25047e-10 8.45031e-09 3.64865e-10 7.11833e-09 0.000356784
230 0.00477347 5.30747e-13 0.986534 0.225805 3.20571e-13 1.69763e-13 2.25134e-10 8.45114e-09 3.64908e-10 7.11711e-09 0.0003569
240 0.00477339 5.30832e-13 0.986362 0.225705 3.20656e-13 1.69856e-13 2.2522e-10 8.4519e-09 3.64949e-10 7.11583e-09 0.000357017
250 0.00477332 5.30917e-13 0.986191 0.225605 3.20742e-13 1.70038e-13 2.25304e-10 8.45259e-09 3.64986e-10 7.11449e-09 0.000357133
260 0.00477324 5.31002e-13 0.986019 0.225505 3.20827e-13 1.70322e-13 2.25385e-10 8.4532e-09 3.65019e-10 7.11308e-09 0.000357249
