157.074 0.00499558 1.40325e-05 1.50499 0.644795 0 0 0 0 0 0 0
307.247 0.00498856 0 1.50051 0.640087 0 0 0 0 0 1.40325e-05 1.40325e-05
457.254 0.00498856 0 1.49877 0.638445 0 0 0 0 0 1.40325e-05 1.40325e-05
607.3 0.00498856 0 1.49637 0.636081 0 0 0 0 7.01627e-06 7.01627e-06 1.40325e-05
758.009 0.00498856 0 1.49393 0.633541 0 0 0 0 7.01627e-06 7.01627e-06 1.40325e-05
908.149 0.00498155 0 1.49082 0.630727 0 0 0 7.01627e-06 7.01627e-06 1.40325e-05 1.40325e-05
1058.16 0.00498155 0 1.48526 0.625226 0 0 7.01627e-06 7.01627e-06 0 1.40325e-05 1.40325e-05
1208.18 0.00497453 0 1.48257 0.622385 0 0 0 2.10488e-05 0 2.10488e-05 1.40325e-05
1358.19 0.00497453 0 1.47933 0.619214 0 0 0 1.40325e-05 0 2.80651e-05 1.40325e-05
1508.35 0.00496752 0 1.47631 0.616112 0 0 0 7.01627e-06 7.01627e-06 4.20976e-05 1.40325e-05
1658.45 0.00496752 0 1.47323 0.612871 0 0 0 1.40325e-05 0 4.20976e-05 1.40325e-05
1808.5 0.00496752 0 1.46996 0.609826 0 0 0 2.80651e-05 0 2.80651e-05 1.40325e-05
1958.7 0.00496752 0 1.46737 0.607265 0 0 0 2.10488e-05 0 3.50813e-05 1.40325e-05
2109.42 0.00496752 0 1.46426 0.604521 0 0 0 1.40325e-05 7.01627e-06 3.50813e-05 1.40325e-05
2259.64 0.00496752 0 1.46126 0.601911 0 0 0 1.40325e-05 7.01627e-06 3.50813e-05 1.40325e-05
2410.05 0.00496752 0 1.45936 0.600038 0 0 0 7.01627e-06 0 3.50813e-05 2.10488e-05
2561.01 0.00496752 0 1.45659 0.597218 0 0 0 7.01627e-06 0 3.50813e-05 2.10488e-05
2711.11 0.00496752 0 1.4537 0.594544 0 0 0 7.01627e-06 0 3.50813e-05 2.10488e-05
2862.05 0.00496752 0 1.45094 0.591934 0 0 0 1.40325e-05 0 2.80651e-05 2.10488e-05
3012.7 0.00496752 0 1.44859 0.589521 0 0 0 7.01627e-06 0 3.50813e-05 2.10488e-05
3163.18 0.00496752 0 1.44608 0.587009 0 0 0 2.10488e-05 7.01627e-06 1.40325e-05 2.10488e-05
3313.21 0.00496752 0 1.44316 0.584174 0 0 7.01627e-06 7.01627e-06 0 2.80651e-05 2.10488e-05
3463.22 0.00496752 0 1.44139 0.582245 0 0 0 1.40325e-05 7.01627e-06 7.01627e-06 3.50813e-05
3613.26 0.00495348 0 1.4377 0.578786 0 0 0 1.40325e-05 7.01627e-06 3.50813e-05 3.50813e-05
3763.79 0.00495348 0 1.43457 0.57593 0 0 0 2.10488e-05 0 2.10488e-05 4.20976e-05
3913.88 0.00495348 0 1.43199 0.573503 0 0 0 1.40325e-05 7.01627e-06 2.10488e-05 4.20976e-05
4064.81 0.00495348 0 1.42973 0.571019 0 0 0 7.01627e-06 0 3.50813e-05 4.20976e-05
4215.22 0.00495348 0 1.4274 0.568893 0 0 0 7.01627e-06 7.01627e-06 1.40325e-05 5.61301e-05
4366.51 0.00495348 0 1.42538 0.5669 0 0 0 0 7.01627e-06 2.10488e-05 5.61301e-05
4517.08 0.00495348 0 1.42235 0.564003 0 0 0 7.01627e-06 7.01627e-06 1.40325e-05 5.61301e-05
4667.54 0.00495348 0 1.42003 0.561729 0 0 0 7.01627e-06 7.01627e-06 0 6.31464e-05
4818.32 0.00495348 0 1.41889 0.560431 0 0 0 0 7.01627e-06 7.01627e-06 6.31464e-05
4968.4 0.00495348 0 1.41646 0.557912 0 0 0 7.01627e-06 0 7.01627e-06 6.31464e-05
5118.54 0.00495348 0 1.4136 0.555239 0 0 0 7.01627e-06 7.01627e-06 0 6.31464e-05
5521.38 0.00494647 1.40325e-05 1.41195 0.553625 0 0 0 0 0 0 7.71789e-05
5671.67 0.00494647 0 1.40913 0.551058 0 0 0 7.01627e-06 7.01627e-06 0 7.71789e-05
5822.01 0.00494647 0 1.40687 0.548763 0 0 0 0 7.01627e-06 7.01627e-06 7.71789e-05
5972.73 0.00494647 0 1.40411 0.545985 0 0 0 7.01627e-06 7.01627e-06 0 7.71789e-05
6123.46 0.00494647 0 1.40127 0.543382 0 0 0 7.01627e-06 0 7.01627e-06 7.71789e-05
6273.48 0.00494647 0 1.39851 0.540947 0 0 7.01627e-06 0 0 7.01627e-06 7.71789e-05
7700.3 0.00493945 1.40325e-05 1.39687 0.539242 0 0 0 0 0 0 9.12115e-05
7850.56 0.00493945 0 1.39417 0.536513 0 0 0 0 7.01627e-06 7.01627e-06 9.12115e-05
8003.67 0.00493945 0 1.39194 0.534275 0 0 0 0 7.01627e-06 7.01627e-06 9.12115e-05
8153.85 0.00493945 0 1.38957 0.531917 0 0 0 7.01627e-06 7.01627e-06 0 9.12115e-05
8304.74 0.00493945 0 1.38638 0.529104 0 0 0 0 0 1.40325e-05 9.12115e-05
8454.8 0.00493243 0 1.381 0.523827 0 0 0 7.01627e-06 0 2.10488e-05 9.12115e-05
8604.92 0.00492542 0 1.37787 0.521168 0 0 0 7.01627e-06 0 3.50813e-05 9.12115e-05
8755.11 0.00492542 0 1.37418 0.517709 0 0 0 1.40325e-05 0 2.80651e-05 9.12115e-05
8905.16 0.0049184 0 1.37152 0.515155 0 0 0 2.80651e-05 0 2.80651e-05 9.12115e-05
9055.34 0.0049184 0 1.36882 0.512573 0 0 0 1.40325e-05 7.01627e-06 2.10488e-05 0.000105244
9205.53 0.0049184 0 1.36626 0.510286 0 0 0 1.40325e-05 0 2.80651e-05 0.000105244
9355.78 0.0049184 0 1.36471 0.508785 0 0 0 1.40325e-05 7.01627e-06 7.01627e-06 0.00011226
9509.02 0.0049184 0 1.36223 0.506581 0 0 0 7.01627e-06 0 2.10488e-05 0.00011226
9660.12 0.0049184 0 1.36 0.504287 0 0 0 0 0 2.80651e-05 0.00011226
9810.18 0.0049184 0 1.3572 0.501916 0 0 0 1.40325e-05 0 1.40325e-05 0.00011226
9961.86 0.0049184 0 1.35557 0.500519 0 0 0 0 7.01627e-06 7.01627e-06 0.000126293
10112.4 0.0049184 0 1.35333 0.49845 0 0 0 7.01627e-06 7.01627e-06 0 0.000126293
10262.6 0.0049184 0 1.35084 0.49591 0 0 0 0 0 1.40325e-05 0.000126293
10412.7 0.0049184 0 1.34814 0.4937 0 0 0 0 0 1.40325e-05 0.000126293
10562.8 0.0049184 0 1.34547 0.491349 0 0 0 0 0 1.40325e-05 0.000126293
10713.2 0.0049184 0 1.34237 0.488893 0 0 0 7.01627e-06 7.01627e-06 0 0.000126293
10863.4 0.0049184 0 1.34022 0.486648 0 0 0 0 7.01627e-06 7.01627e-06 0.000126293
12812.7 0.00491139 1.40325e-05 1.33966 0.486129 0 0 0 0 0 0 0.000133309
12963.1 0.00491139 0 1.3369 0.48368 0 0 0 0 7.01627e-06 7.01627e-06 0.000133309
13113.4 0.00491139 0 1.33382 0.481168 0 0 0 7.01627e-06 7.01627e-06 0 0.000133309
13263.6 0.00491139 0 1.33101 0.47872 0 0 0 0 0 1.40325e-05 0.000133309
13413.7 0.00491139 0 1.328 0.476313 0 0 0 0 0 1.40325e-05 0.000133309
13564 0.00491139 0 1.32563 0.474068 0 0 0 0 7.01627e-06 7.01627e-06 0.000133309
13714 0.00491139 0 1.32313 0.471886 0 0 0 7.01627e-06 0 7.01627e-06 0.000133309
13864.5 0.00491139 0 1.32044 0.469543 0 0 0 0 7.01627e-06 7.01627e-06 0.000133309
14014.8 0.00491139 0 1.31765 0.467108 0 0 0 0 7.01627e-06 7.01627e-06 0.000133309
14165.9 0.00491139 0 1.31513 0.464856 0 0 0 0 7.01627e-06 7.01627e-06 0.000133309
14315.9 0.00491139 0 1.31251 0.462639 0 0 0 7.01627e-06 7.01627e-06 0 0.000133309
14466.1 0.00491139 0 1.30956 0.460225 0 0 0 7.01627e-06 7.01627e-06 0 0.000133309
14616.4 0.00491139 0 1.30658 0.45791 0 0 0 7.01627e-06 0 7.01627e-06 0.000133309
14766.5 0.00491139 0 1.30422 0.455735 0 0 0 0 7.01627e-06 7.01627e-06 0.000133309
14916.5 0.00491139 0 1.30163 0.453602 0 0 0 7.01627e-06 7.01627e-06 0 0.000133309
15274 0.00489735 1.40325e-05 1.30098 0.453026 0 0 0 0 0 0 0.000161374
16267.5 0.00489034 1.40325e-05 1.29939 0.451791 0 0 0 0 0 0 0.000175407
16417.9 0.00489034 0 1.29668 0.449406 0 0 0 0 0 1.40325e-05 0.000175407
16569 0.00489034 0 1.29407 0.447315 0 0 0 0 7.01627e-06 7.01627e-06 0.000175407
16719.3 0.00489034 0 1.29128 0.444936 0 0 0 7.01627e-06 7.01627e-06 0 0.000175407
16869.4 0.00489034 0 1.28897 0.442811 0 0 0 0 7.01627e-06 7.01627e-06 0.000175407
17019.9 0.00488332 0 1.28497 0.439288 0 0 0 0 0 2.80651e-05 0.000175407
17174.7 0.00488332 0 1.28253 0.437106 0 0 0 0 7.01627e-06 7.01627e-06 0.000182423
17324.7 0.00488332 0 1.28058 0.435584 0 0 0 0 0 1.40325e-05 0.000182423
17474.8 0.00488332 0 1.27798 0.433409 0 0 0 7.01627e-06 0 7.01627e-06 0.000182423
17624.9 0.00488332 0 1.27563 0.431199 0 0 0 0 0 1.40325e-05 0.000182423
17775.1 0.0048763 0 1.27149 0.427831 0 0 0 1.40325e-05 0 1.40325e-05 0.000182423
17925.7 0.0048763 0 1.26823 0.425087 0 0 0 7.01627e-06 0 2.10488e-05 0.000182423
18075.8 0.00486929 0 1.26554 0.422933 0 0 0 7.01627e-06 7.01627e-06 2.80651e-05 0.000182423
18226 0.00486929 0 1.26172 0.420001 0 0 0 0 0 2.80651e-05 0.000189439
18376.2 0.00486929 0 1.2599 0.418527 0 0 0 7.01627e-06 0 2.10488e-05 0.000189439
18526.6 0.00486929 0 1.2572 0.416275 0 0 0 2.10488e-05 0 7.01627e-06 0.000189439
18677.4 0.00486929 0 1.25463 0.413974 0 0 0 7.01627e-06 7.01627e-06 1.40325e-05 0.000189439
18827.9 0.00486929 0 1.25212 0.412044 0 0 0 7.01627e-06 7.01627e-06 1.40325e-05 0.000189439
18979.1 0.00486929 0 1.2493 0.40989 0 0 0 7.01627e-06 0 2.10488e-05 0.000189439
19130.3 0.00486227 0 1.24572 0.407329 0 0 0 7.01627e-06 7.01627e-06 2.80651e-05 0.000189439
19281 0.00486227 0 1.24147 0.404446 0 0 0 1.40325e-05 7.01627e-06 2.10488e-05 0.000189439
19431 0.00486227 0 1.2393 0.402565 0 0 0 2.10488e-05 7.01627e-06 1.40325e-05 0.000189439
19581 0.00486227 0 1.23682 0.400509 0 0 0 1.40325e-05 7.01627e-06 2.10488e-05 0.000189439
19732.4 0.00486227 0 1.23455 0.39844 0 0 0 2.10488e-05 7.01627e-06 0 0.000203472
19882.7 0.00486227 0 1.2329 0.397015 0 0 0 1.40325e-05 7.01627e-06 7.01627e-06 0.000203472
20033.1 0.00486227 0 1.23003 0.394847 0 0 0 7.01627e-06 7.01627e-06 1.40325e-05 0.000203472
20183.3 0.00485526 0 1.2263 0.391879 0 0 0 1.40325e-05 0 2.80651e-05 0.000203472
20333.3 0.00485526 0 1.22373 0.389747 0 0 0 1.40325e-05 7.01627e-06 2.10488e-05 0.000203472
20483.3 0.00485526 0 1.22064 0.387361 0 0 0 2.10488e-05 0 2.10488e-05 0.000203472
20633.6 0.00485526 0 1.21772 0.385235 0 0 0 1.40325e-05 0 2.80651e-05 0.000203472
20783.8 0.00485526 0 1.21558 0.383684 0 0 0 7.01627e-06 0 2.10488e-05 0.000210488
20933.9 0.00485526 0 1.21323 0.381966 0 0 0 7.01627e-06 7.01627e-06 1.40325e-05 0.000210488
21084.3 0.00485526 0 1.21042 0.379917 0 0 0 7.01627e-06 0 2.10488e-05 0.000210488
21234.6 0.00485526 0 1.20855 0.378352 0 0 0 0 7.01627e-06 7.01627e-06 0.000217504
21384.6 0.00485526 0 1.20636 0.376886 0 0 0 7.01627e-06 0 7.01627e-06 0.000217504
21534.6 0.00485526 0 1.20331 0.374605 0 0 7.01627e-06 7.01627e-06 0 0 0.000217504
21684.7 0.00484824 0 1.19898 0.371245 0 0 0 0 7.01627e-06 2.10488e-05 0.000217504
21834.9 0.00484824 0 1.19582 0.368796 0 0 0 1.40325e-05 7.01627e-06 7.01627e-06 0.000217504
21986.5 0.00484824 0 1.19373 0.367021 0 0 0 7.01627e-06 0 2.10488e-05 0.000217504
22136.6 0.00483421 0 1.19034 0.364327 0 0 0 4.20976e-05 0 1.40325e-05 0.000217504
22286.6 0.00483421 0 1.18702 0.361394 0 0 0 2.80651e-05 7.01627e-06 2.10488e-05 0.000217504
22437.1 0.00483421 0 1.18415 0.359261 0 0 0 1.40325e-05 7.01627e-06 3.50813e-05 0.000217504
22588.1 0.00483421 0 1.18151 0.35717 0 0 0 2.10488e-05 7.01627e-06 2.80651e-05 0.000217504
22738.2 0.00483421 0 1.17907 0.35517 0 0 0 7.01627e-06 7.01627e-06 4.20976e-05 0.000217504
22888.3 0.00483421 0 1.17665 0.35329 0 0 0 1.40325e-05 7.01627e-06 3.50813e-05 0.000217504
23039 0.00483421 0 1.17421 0.351522 0 0 0 2.10488e-05 0 3.50813e-05 0.000217504
23189.1 0.00483421 0 1.17156 0.349606 0 0 7.01627e-06 1.40325e-05 0 2.10488e-05 0.000224521
23339.9 0.00483421 0 1.16943 0.348182 0 0 0 2.10488e-05 0 2.10488e-05 0.000224521
23490.5 0.00483421 0 1.16641 0.346176 0 0 0 1.40325e-05 7.01627e-06 2.10488e-05 0.000224521
23640.7 0.00482719 0 1.16325 0.343748 0 0 0 2.80651e-05 0 2.80651e-05 0.000224521
23790.8 0.00482719 0 1.16062 0.341678 0 0 0 1.40325e-05 7.01627e-06 3.50813e-05 0.000224521
23940.9 0.00482719 0 1.15827 0.339833 0 0 0 2.80651e-05 0 2.80651e-05 0.000224521
24090.9 0.00482719 0 1.15591 0.338086 0 0 7.01627e-06 7.01627e-06 0 4.20976e-05 0.000224521
24241.9 0.00482719 0 1.15287 0.33596 0 0 0 2.80651e-05 7.01627e-06 2.10488e-05 0.000224521
24391.9 0.00482719 0 1.14991 0.334023 0 0 0 2.80651e-05 0 2.80651e-05 0.000224521
24543.3 0.00482719 0 1.14749 0.332115 0 0 0 0 0 5.61301e-05 0.000224521
24693.4 0.00482719 0 1.1447 0.330298 0 0 7.01627e-06 3.50813e-05 0 1.40325e-05 0.000224521
24843.4 0.00482719 0 1.142 0.328417 0 0 0 1.40325e-05 7.01627e-06 3.50813e-05 0.000224521
24993.8 0.00482719 0 1.14039 0.327147 0 0 0 2.10488e-05 0 7.01627e-06 0.000252586
25144 0.00482719 0 1.13879 0.325899 0 0 0 7.01627e-06 7.01627e-06 1.40325e-05 0.000252586
25294.9 0.00482017 0 1.1348 0.323331 0 0 0 2.10488e-05 7.01627e-06 1.40325e-05 0.000252586
25444.9 0.00481316 0 1.13161 0.321198 0 0 0 4.91139e-05 0 7.01627e-06 0.000252586
25596 0.00481316 0 1.12771 0.318679 0 0 0 1.40325e-05 7.01627e-06 3.50813e-05 0.000252586
25747 0.00481316 0 1.12544 0.317009 0 0 0 3.50813e-05 7.01627e-06 1.40325e-05 0.000252586
25899 0.00480614 0 1.12212 0.314722 0 0 0 4.20976e-05 7.01627e-06 2.10488e-05 0.000252586
26049.2 0.00480614 0 1.1189 0.312694 0 0 0 4.91139e-05 7.01627e-06 1.40325e-05 0.000252586
26199.3 0.00480614 0 1.1164 0.310891 0 0 0 3.50813e-05 7.01627e-06 2.80651e-05 0.000252586
26349.3 0.00479913 0 1.11375 0.308996 0 0 0 2.80651e-05 0 5.61301e-05 0.000252586
26500.4 0.00479913 0 1.11114 0.307067 0 0 0 4.20976e-05 7.01627e-06 3.50813e-05 0.000252586
26650.4 0.00479913 0 1.10865 0.305313 0 0 0 3.50813e-05 0 4.91139e-05 0.000252586
26803.2 0.00479913 0 1.10625 0.30372 0 0 0 2.80651e-05 0 4.20976e-05 0.000266618
26953.6 0.00479913 0 1.10361 0.30184 0 0 0 2.80651e-05 7.01627e-06 3.50813e-05 0.000266618
27104.1 0.00479913 0 1.10075 0.29991 0 0 7.01627e-06 4.20976e-05 0 2.10488e-05 0.000266618
27254.2 0.00479913 0 1.09768 0.297918 0 0 0 4.20976e-05 7.01627e-06 2.10488e-05 0.000266618
27404.2 0.00479211 0 1.09492 0.295981 0 0 0 4.20976e-05 0 4.20976e-05 0.000266618
27554.3 0.00479211 0 1.09244 0.29422 0 0 0 2.10488e-05 1.40325e-05 4.91139e-05 0.000266618
27704.3 0.00479211 0 1.08941 0.292347 0 0 7.01627e-06 3.50813e-05 0 4.20976e-05 0.000266618
27854.4 0.00479211 0 1.08687 0.290768 0 0 7.01627e-06 3.50813e-05 0 4.20976e-05 0.000266618
28004.4 0.00479211 0 1.08467 0.28914 0 0 7.01627e-06 4.20976e-05 0 3.50813e-05 0.000266618
28154.7 0.00478509 0 1.08201 0.287232 0 0 0 5.61301e-05 7.01627e-06 3.50813e-05 0.000266618
28304.8 0.00478509 0 1.07917 0.285288 0 0 0 4.20976e-05 7.01627e-06 4.91139e-05 0.000266618
28455 0.00478509 0 1.07686 0.283611 0 0 0 5.61301e-05 0 4.20976e-05 0.000266618
28605 0.00478509 0 1.07448 0.281956 0 0 0 4.91139e-05 0 4.91139e-05 0.000266618
28756 0.00478509 0 1.07197 0.280265 0 0 0 4.20976e-05 7.01627e-06 3.50813e-05 0.000280651
28906.9 0.00478509 0 1.06964 0.278672 0 0 0 3.50813e-05 0 4.91139e-05 0.000280651
29057 0.00478509 0 1.06703 0.276764 0 0 0 4.91139e-05 7.01627e-06 2.80651e-05 0.000280651
29207 0.00477808 0 1.06453 0.275206 0 0 0 2.80651e-05 7.01627e-06 4.91139e-05 0.000287667
29357.4 0.00477808 0 1.06187 0.273641 0 0 0 4.20976e-05 7.01627e-06 2.10488e-05 0.000301699
29508.3 0.00477808 0 1.05965 0.272161 0 0 0 3.50813e-05 7.01627e-06 2.80651e-05 0.000301699
29658.3 0.00477808 0 1.05748 0.270617 0 0 0 2.10488e-05 0 4.91139e-05 0.000301699
29808.9 0.00477808 0 1.05532 0.269081 0 0 0 3.50813e-05 0 3.50813e-05 0.000301699
29959 0.00477106 0 1.0523 0.267144 0 0 7.01627e-06 2.80651e-05 0 4.91139e-05 0.000301699
