157.074    712    2    214500    91900    0    0    0    0    0    0    0
307.247    711    0    213861    91229    0    0    0    0    0    2    2
457.254    711    0    213614    90995    0    0    0    0    0    2    2
607.3    711    0    213271    90658    0    0    0    0    1    1    2
758.009    711    0    212924    90296    0    0    0    0    1    1    2
908.149    710    0    212480    89895    0    0    0    1    1    2    2
1058.16    710    0    211688    89111    0    0    1    1    0    2    2
1208.18    709    0    211305    88706    0    0    0    3    0    3    2
1358.19    709    0    210843    88254    0    0    0    2    0    4    2
1508.35    708    0    210413    87812    0    0    0    1    1    6    2
1658.45    708    0    209973    87350    0    0    0    2    0    6    2
1808.5    708    0    209508    86916    0    0    0    4    0    4    2
1958.7    708    0    209139    86551    0    0    0    3    0    5    2
2109.42    708    0    208695    86160    0    0    0    2    1    5    2
2259.64    708    0    208267    85788    0    0    0    2    1    5    2
2410.05    708    0    207997    85521    0    0    0    1    0    5    3
2561.01    708    0    207602    85119    0    0    0    1    0    5    3
2711.11    708    0    207190    84738    0    0    0    1    0    5    3
2862.05    708    0    206797    84366    0    0    0    2    0    4    3
3012.7    708    0    206461    84022    0    0    0    1    0    5    3
3163.18    708    0    206104    83664    0    0    0    3    1    2    3
3313.21    708    0    205688    83260    0    0    1    1    0    4    3
3463.22    708    0    205435    82985    0    0    0    2    1    1    5
3613.26    706    0    204909    82492    0    0    0    2    1    5    5
3763.79    706    0    204463    82085    0    0    0    3    0    3    6
3913.88    706    0    204096    81739    0    0    0    2    1    3    6
4064.81    706    0    203773    81385    0    0    0    1    0    5    6
4215.22    706    0    203441    81082    0    0    0    1    1    2    8
4366.51    706    0    203153    80798    0    0    0    0    1    3    8
4517.08    706    0    202722    80385    0    0    0    1    1    2    8
4667.54    706    0    202391    80061    0    0    0    1    1    0    9
4818.32    706    0    202228    79876    0    0    0    0    1    1    9
4968.4    706    0    201882    79517    0    0    0    1    0    1    9
5118.54    706    0    201474    79136    0    0    0    1    1    0    9
5521.38    705    2    201239    78906    0    0    0    0    0    0    11
5671.67    705    0    200837    78540    0    0    0    1    1    0    11
5822.01    705    0    200516    78213    0    0    0    0    1    1    11
5972.73    705    0    200122    77817    0    0    0    1    1    0    11
6123.46    705    0    199717    77446    0    0    0    1    0    1    11
6273.48    705    0    199324    77099    0    0    1    0    0    1    11
7700.3    704    2    199090    76856    0    0    0    0    0    0    13
7850.56    704    0    198705    76467    0    0    0    0    1    1    13
8003.67    704    0    198388    76148    0    0    0    0    1    1    13
8153.85    704    0    198050    75812    0    0    0    1    1    0    13
8304.74    704    0    197595    75411    0    0    0    0    0    2    13
8454.8    703    0    196829    74659    0    0    0    1    0    3    13
8604.92    702    0    196382    74280    0    0    0    1    0    5    13
8755.11    702    0    195857    73787    0    0    0    2    0    4    13
8905.16    701    0    195477    73423    0    0    0    4    0    4    13
9055.34    701    0    195092    73055    0    0    0    2    1    3    15
9205.53    701    0    194727    72729    0    0    0    2    0    4    15
9355.78    701    0    194506    72515    0    0    0    2    1    1    16
9509.02    701    0    194153    72201    0    0    0    1    0    3    16
9660.12    701    0    193836    71874    0    0    0    0    0    4    16
9810.18    701    0    193436    71536    0    0    0    2    0    2    16
9961.86    701    0    193204    71337    0    0    0    0    1    1    18
10112.4    701    0    192884    71042    0    0    0    1    1    0    18
10262.6    701    0    192530    70680    0    0    0    0    0    2    18
10412.7    701    0    192145    70365    0    0    0    0    0    2    18
10562.8    701    0    191764    70030    0    0    0    0    0    2    18
10713.2    701    0    191323    69680    0    0    0    1    1    0    18
10863.4    701    0    191016    69360    0    0    0    0    1    1    18
12812.7    700    2    190936    69286    0    0    0    0    0    0    19
12963.1    700    0    190543    68937    0    0    0    0    1    1    19
13113.4    700    0    190104    68579    0    0    0    1    1    0    19
13263.6    700    0    189704    68230    0    0    0    0    0    2    19
13413.7    700    0    189275    67887    0    0    0    0    0    2    19
13564    700    0    188937    67567    0    0    0    0    1    1    19
13714    700    0    188581    67256    0    0    0    1    0    1    19
13864.5    700    0    188197    66922    0    0    0    0    1    1    19
14014.8    700    0    187799    66575    0    0    0    0    1    1    19
14165.9    700    0    187440    66254    0    0    0    0    1    1    19
14315.9    700    0    187067    65938    0    0    0    1    1    0    19
14466.1    700    0    186646    65594    0    0    0    1    1    0    19
14616.4    700    0    186222    65264    0    0    0    1    0    1    19
14766.5    700    0    185885    64954    0    0    0    0    1    1    19
14916.5    700    0    185516    64650    0    0    0    1    1    0    19
15274    698    2    185424    64568    0    0    0    0    0    0    23
16267.5    697    2    185197    64392    0    0    0    0    0    0    25
16417.9    697    0    184810    64052    0    0    0    0    0    2    25
16569    697    0    184438    63754    0    0    0    0    1    1    25
16719.3    697    0    184041    63415    0    0    0    1    1    0    25
16869.4    697    0    183711    63112    0    0    0    0    1    1    25
17019.9    696    0    183141    62610    0    0    0    0    0    4    25
17174.7    696    0    182794    62299    0    0    0    0    1    1    26
17324.7    696    0    182516    62082    0    0    0    0    0    2    26
17474.8    696    0    182145    61772    0    0    0    1    0    1    26
17624.9    696    0    181810    61457    0    0    0    0    0    2    26
17775.1    695    0    181221    60977    0    0    0    2    0    2    26
17925.7    695    0    180755    60586    0    0    0    1    0    3    26
18075.8    694    0    180372    60279    0    0    0    1    1    4    26
18226    694    0    179828    59861    0    0    0    0    0    4    27
18376.2    694    0    179569    59651    0    0    0    1    0    3    27
18526.6    694    0    179183    59330    0    0    0    3    0    1    27
18677.4    694    0    178817    59002    0    0    0    1    1    2    27
18827.9    694    0    178459    58727    0    0    0    1    1    2    27
18979.1    694    0    178058    58420    0    0    0    1    0    3    27
19130.3    693    0    177548    58055    0    0    0    1    1    4    27
19281    693    0    176942    57644    0    0    0    2    1    3    27
19431    693    0    176632    57376    0    0    0    3    1    2    27
19581    693    0    176279    57083    0    0    0    2    1    3    27
19732.4    693    0    175955    56788    0    0    0    3    1    0    29
19882.7    693    0    175720    56585    0    0    0    2    1    1    29
20033.1    693    0    175311    56276    0    0    0    1    1    2    29
20183.3    692    0    174780    55853    0    0    0    2    0    4    29
20333.3    692    0    174414    55549    0    0    0    2    1    3    29
20483.3    692    0    173973    55209    0    0    0    3    0    3    29
20633.6    692    0    173557    54906    0    0    0    2    0    4    29
20783.8    692    0    173252    54685    0    0    0    1    0    3    30
20933.9    692    0    172917    54440    0    0    0    1    1    2    30
21084.3    692    0    172516    54148    0    0    0    1    0    3    30
21234.6    692    0    172250    53925    0    0    0    0    1    1    31
21384.6    692    0    171937    53716    0    0    0    1    0    1    31
21534.6    692    0    171503    53391    0    0    1    1    0    0    31
21684.7    691    0    170886    52912    0    0    0    0    1    3    31
21834.9    691    0    170435    52563    0    0    0    2    1    1    31
21986.5    691    0    170137    52310    0    0    0    1    0    3    31
22136.6    689    0    169655    51926    0    0    0    6    0    2    31
22286.6    689    0    169181    51508    0    0    0    4    1    3    31
22437.1    689    0    168772    51204    0    0    0    2    1    5    31
22588.1    689    0    168396    50906    0    0    0    3    1    4    31
22738.2    689    0    168048    50621    0    0    0    1    1    6    31
22888.3    689    0    167703    50353    0    0    0    2    1    5    31
23039    689    0    167356    50101    0    0    0    3    0    5    31
23189.1    689    0    166978    49828    0    0    1    2    0    3    32
23339.9    689    0    166674    49625    0    0    0    3    0    3    32
23490.5    689    0    166244    49339    0    0    0    2    1    3    32
23640.7    688    0    165793    48993    0    0    0    4    0    4    32
23790.8    688    0    165418    48698    0    0    0    2    1    5    32
23940.9    688    0    165083    48435    0    0    0    4    0    4    32
24090.9    688    0    164747    48186    0    0    1    1    0    6    32
24241.9    688    0    164314    47883    0    0    0    4    1    3    32
24391.9    688    0    163892    47607    0    0    0    4    0    4    32
24543.3    688    0    163547    47335    0    0    0    0    0    8    32
24693.4    688    0    163150    47076    0    0    1    5    0    2    32
24843.4    688    0    162765    46808    0    0    0    2    1    5    32
24993.8    688    0    162535    46627    0    0    0    3    0    1    36
25144    688    0    162307    46449    0    0    0    1    1    2    36
25294.9    687    0    161738    46083    0    0    0    3    1    2    36
25444.9    686    0    161284    45779    0    0    0    7    0    1    36
25596    686    0    160728    45420    0    0    0    2    1    5    36
25747    686    0    160404    45182    0    0    0    5    1    2    36
25899    685    0    159931    44856    0    0    0    6    1    3    36
26049.2    685    0    159472    44567    0    0    0    7    1    2    36
26199.3    685    0    159116    44310    0    0    0    5    1    4    36
26349.3    684    0    158739    44040    0    0    0    4    0    8    36
26500.4    684    0    158366    43765    0    0    0    6    1    5    36
26650.4    684    0    158012    43515    0    0    0    5    0    7    36
26803.2    684    0    157669    43288    0    0    0    4    0    6    38
26953.6    684    0    157293    43020    0    0    0    4    1    5    38
27104.1    684    0    156885    42745    0    0    1    6    0    3    38
27254.2    684    0    156448    42461    0    0    0    6    1    3    38
27404.2    683    0    156054    42185    0    0    0    6    0    6    38
27554.3    683    0    155701    41934    0    0    0    3    2    7    38
27704.3    683    0    155269    41667    0    0    1    5    0    6    38
27854.4    683    0    154907    41442    0    0    1    5    0    6    38
28004.4    683    0    154594    41210    0    0    1    6    0    5    38
28154.7    682    0    154214    40938    0    0    0    8    1    5    38
28304.8    682    0    153810    40661    0    0    0    6    1    7    38
28455    682    0    153481    40422    0    0    0    8    0    6    38
28605    682    0    153141    40186    0    0    0    7    0    7    38
28756    682    0    152783    39945    0    0    0    6    1    5    40
28906.9    682    0    152451    39718    0    0    0    5    0    7    40
29057    682    0    152080    39446    0    0    0    7    1    4    40
29207    681    0    151723    39224    0    0    0    4    1    7    41
29357.4    681    0    151344    39001    0    0    0    6    1    3    43
29508.3    681    0    151027    38790    0    0    0    5    1    4    43
29658.3    681    0    150718    38570    0    0    0    3    0    7    43
29808.9    681    0    150410    38351    0    0    0    5    0    5    43
29959    680    0    149980    38075    0    0    1    4    0    7    43
