0 0.00477569 5.28214e-13 0.991686 0.22882 3.18023e-13 1.70482e-13 2.22501e-10 8.42506e-09 3.63559e-10 7.15257e-09 0.00035341
10 0.00477562 5.28298e-13 0.991514 0.228719 3.18107e-13 1.7049e-13 2.22587e-10 8.42589e-09 3.63602e-10 7.15136e-09 0.000353527
20 0.00477555 5.28382e-13 0.991343 0.228618 3.18192e-13 1.70707e-13 2.2267e-10 8.42657e-09 3.63639e-10 7.15002e-09 0.000353643
30 0.00477547 5.28466e-13 0.991171 0.228517 3.18276e-13 1.70669e-13 2.22757e-10 8.42746e-09 3.63685e-10 7.14886e-09 0.00035376
40 0.0047754 5.2855e-13 0.990999 0.228416 3.18361e-13 1.70501e-13 2.22848e-10 8.42844e-09 3.63735e-10 7.14778e-09 0.000353876
50 0.00477532 5.28634e-13 0.990828 0.228316 3.18445e-13 1.70329e-13 2.22938e-10 8.42943e-09 3.63785e-10 7.1467e-09 0.000353992
60 0.00477525 5.28718e-13 0.990656 0.228215 3.1853e-13 1.70275e-13 2.23026e-10 8.43031e-09 3.6383e-10 7.14553e-09 0.000354109
70 0.00477517 5.28802e-13 0.990484 0.228114 3.18615e-13 1.70467e-13 2.23108e-10 8.431e-09 3.63867e-10 7.14419e-09 0.000354225
80 0.0047751 5.28887e-13 0.990312 0.228014 3.18699e-13 1.70771e-13 2.23189e-10 8.43162e-09 3.63901e-10 7.1428e-09 0.000354341
90 0.00477503 5.28971e-13 0.990141 0.227913 3.18784e-13 1.70926e-13 2.23273e-10 8.43235e-09 3.6394e-10 7.1415e-09 0.000354458
100 0.00477495 5.29055e-13 0.989969 0.227812 3.18869e-13 1.7096e-13 2.23359e-10 8.43318e-09 3.63984e-10 7.14029e-09 0.000354574
110 0.00477488 5.29139e-13 0.989797 0.227712 3.18953e-13 1.70898e-13 2.23448e-10 8.43409e-09 3.6403e-10 7.13914e-09 0.00035469
120 0.0047748 5.29224e-13 0.989625 0.227611 3.19038e-13 1.70767e-13 2.23538e-10 8.43504e-09 3.64079e-10 7.13804e-09 0.000354807
130 0.00477473 5.29308e-13 0.989454 0.227511 3.19123e-13 1.70594e-13 2.23629e-10 8.43604e-09 3.64129e-10 7.13696e-09 0.000354923
140 0.00477465 5.29392e-13 0.989282 0.22741 3.19208e-13 1.70404e-13 2.2372e-10 8.43704e-09 3.6418e-10 7.13589e-09 0.000355039
150 0.00477458 5.29477e-13 0.98911 0.22731 3.19293e-13 1.70224e-13 2.23811e-10 8.43803e-09 3.6423e-10 7.13481e-09 0.000355156
160 0.00477451 5.29561e-13 0.988938 0.227209 3.19378e-13 1.70081e-13 2.23901e-10 8.43899e-09 3.64279e-10 7.13371e-09 0.000355272
170 0.00477443 5.29646e-13 0.988767 0.227109 3.19463e-13 1.7e-13 2.2399e-10 8.4399e-09 3.64326e-10 7.13256e-09 0.000355388
180 0.00477436 5.2973e-13 0.988595 0.227008 3.19548e-13 1.70008e-13 2.24077e-10 8.44073e-09 3.64369e-10 7.13134e-09 0.000355505
190 0.00477428 5.29815e-13 0.988423 0.226908 3.19633e-13 1.70132e-13 2.24161e-10 8.44147e-09 3.64409e-10 7.13005e-09 0.000355621
200 0.00477421 5.29899e-13 0.988252 0.226808 3.19718e-13 1.70398e-13 2.24243e-10 8.44209e-09 3.64443e-10 7.12865e-09 0.000355737
