457.216 0.00498856 1.40325e-05 1.50497 0.644774 0 0 0 0 0 0 1.40325e-05
707.729 0.00498155 0 1.49927 0.639133 0 0 0 0 0 2.80651e-05 1.40325e-05
958.325 0.00498155 0 1.4926 0.632102 0 0 0 7.01627e-06 0 2.10488e-05 1.40325e-05
1208.46 0.00498155 0 1.48811 0.627268 0 0 0 0 0 2.80651e-05 1.40325e-05
1459.13 0.00497453 0 1.48344 0.622806 0 0 0 2.10488e-05 7.01627e-06 1.40325e-05 1.40325e-05
1709.37 0.00497453 0 1.4776 0.616737 0 0 0 1.40325e-05 0 2.80651e-05 1.40325e-05
1959.59 0.00496752 0 1.47123 0.610436 0 0 0 3.50813e-05 7.01627e-06 1.40325e-05 1.40325e-05
2209.98 0.00496752 0 1.46625 0.605819 0 0 0 2.10488e-05 0 3.50813e-05 1.40325e-05
2460 0.00496752 0 1.4615 0.601589 0 0 0 1.40325e-05 7.01627e-06 2.10488e-05 2.10488e-05
2710.58 0.00496752 0 1.45814 0.598263 0 0 0 1.40325e-05 7.01627e-06 2.10488e-05 2.10488e-05
2961 0.00496752 0 1.45349 0.593794 0 0 0 0 0 4.20976e-05 2.10488e-05
3211.09 0.00496752 0 1.44933 0.589626 0 0 0 1.40325e-05 7.01627e-06 2.10488e-05 2.10488e-05
3461.42 0.00496752 0 1.44519 0.585381 0 0 0 2.10488e-05 0 2.10488e-05 2.10488e-05
3711.61 0.00496752 0 1.44146 0.581698 0 0 0 7.01627e-06 7.01627e-06 1.40325e-05 3.50813e-05
3961.71 0.00495348 0 1.43537 0.576106 0 0 0 1.40325e-05 0 2.80651e-05 4.20976e-05
4212.05 0.00495348 0 1.43127 0.571973 0 0 0 7.01627e-06 0 3.50813e-05 4.20976e-05
4462.09 0.00495348 0 1.42739 0.568353 0 0 0 7.01627e-06 0 2.10488e-05 5.61301e-05
4712.18 0.00495348 0 1.42378 0.56495 0 0 0 1.40325e-05 0 1.40325e-05 5.61301e-05
4965.62 0.00495348 0 1.42004 0.56121 0 0 0 0 0 1.40325e-05 6.31464e-05
5216.26 0.00495348 0 1.41786 0.558782 0 0 0 7.01627e-06 7.01627e-06 0 6.31464e-05
5466.27 0.00495348 0 1.41349 0.554566 0 0 7.01627e-06 0 0 7.01627e-06 6.31464e-05
5838.56 0.00494647 1.40325e-05 1.41221 0.553366 0 0 0 0 0 0 7.71789e-05
6088.59 0.00494647 0 1.4079 0.549184 0 0 0 1.40325e-05 0 0 7.71789e-05
6338.81 0.00494647 0 1.40323 0.544736 0 0 0 0 7.01627e-06 7.01627e-06 7.71789e-05
6590.54 0.00494647 0 1.39878 0.540687 0 0 0 0 0 1.40325e-05 7.71789e-05
8017.64 0.00493945 1.40325e-05 1.39713 0.538983 0 0 0 0 0 0 9.12115e-05
8267.66 0.00493945 0 1.39295 0.534717 0 0 0 0 7.01627e-06 7.01627e-06 9.12115e-05
8517.73 0.00493945 0 1.38872 0.530766 0 0 0 7.01627e-06 7.01627e-06 0 9.12115e-05
8767.8 0.00493243 0 1.38151 0.523813 0 0 0 7.01627e-06 0 2.10488e-05 9.12115e-05
9017.83 0.00492542 0 1.37378 0.51698 0 0 0 7.01627e-06 7.01627e-06 2.80651e-05 9.12115e-05
9268 0.0049184 0 1.36848 0.511823 0 0 0 1.40325e-05 7.01627e-06 2.10488e-05 0.000105244
9518.51 0.0049184 0 1.36516 0.508763 0 0 0 0 7.01627e-06 2.10488e-05 0.00011226
9769.58 0.0049184 0 1.36181 0.505753 0 0 0 1.40325e-05 0 1.40325e-05 0.00011226
10019.7 0.0049184 0 1.35763 0.501852 0 0 0 0 0 2.80651e-05 0.00011226
10269.7 0.0049184 0 1.35514 0.499565 0 0 0 7.01627e-06 0 7.01627e-06 0.000126293
10520.1 0.0049184 0 1.35135 0.495994 0 0 0 0 0 1.40325e-05 0.000126293
10770.5 0.0049184 0 1.34681 0.492191 0 0 0 0 0 1.40325e-05 0.000126293
11020.8 0.0049184 0 1.34222 0.488143 0 0 0 7.01627e-06 0 7.01627e-06 0.000126293
13091.3 0.00491139 1.40325e-05 1.3399 0.485883 0 0 0 0 0 0 0.000133309
13341.4 0.00491139 0 1.33511 0.481765 0 0 0 0 0 1.40325e-05 0.000133309
13592.3 0.00491139 0 1.33021 0.477639 0 0 0 0 7.01627e-06 7.01627e-06 0.000133309
13842.4 0.00491139 0 1.32591 0.473836 0 0 0 0 7.01627e-06 7.01627e-06 0.000133309
14092.4 0.00491139 0 1.32143 0.469928 0 0 0 7.01627e-06 0 7.01627e-06 0.000133309
14342.4 0.00491139 0 1.31695 0.466203 0 0 0 1.40325e-05 0 0 0.000133309
14592.6 0.00491139 0 1.3128 0.462428 0 0 0 0 7.01627e-06 7.01627e-06 0.000133309
14843.6 0.00491139 0 1.30771 0.458527 0 0 0 0 7.01627e-06 7.01627e-06 0.000133309
15094.1 0.00491139 0 1.30355 0.454794 0 0 0 7.01627e-06 7.01627e-06 0 0.000133309
15553.7 0.00489735 1.40325e-05 1.30123 0.452781 0 0 0 0 0 0 0.000161374
16546.9 0.00489034 1.40325e-05 1.29964 0.451546 0 0 0 0 0 0 0.000175407
16797 0.00489034 0 1.29537 0.44782 0 0 0 0 0 1.40325e-05 0.000175407
17048 0.00489034 0 1.29078 0.444003 0 0 0 7.01627e-06 7.01627e-06 0 0.000175407
17298.7 0.00488332 0 1.28521 0.439064 0 0 0 0 7.01627e-06 2.10488e-05 0.000175407
17548.8 0.00488332 0 1.28104 0.435472 0 0 7.01627e-06 7.01627e-06 0 0 0.000182423
17798.8 0.00488332 0 1.27753 0.432623 0 0 0 0 0 1.40325e-05 0.000182423
18049 0.0048763 0 1.27251 0.428175 0 0 0 0 0 2.80651e-05 0.000182423
18299.2 0.00486929 0 1.26538 0.422337 0 0 0 2.10488e-05 7.01627e-06 1.40325e-05 0.000182423
18549.2 0.00486929 0 1.26011 0.418268 0 0 0 0 7.01627e-06 2.10488e-05 0.000189439
18799.2 0.00486929 0 1.25633 0.414998 0 0 0 7.01627e-06 0 2.10488e-05 0.000189439
19049.5 0.00486929 0 1.25202 0.411588 0 0 0 1.40325e-05 0 1.40325e-05 0.000189439
19300.1 0.00486929 0 1.24716 0.407919 0 0 0 0 7.01627e-06 2.10488e-05 0.000189439
19550.4 0.00486227 0 1.24018 0.402762 0 0 0 0 7.01627e-06 3.50813e-05 0.000189439
19800.4 0.00486227 0 1.23613 0.399401 0 0 0 1.40325e-05 0 2.80651e-05 0.000189439
20050.4 0.00486227 0 1.23296 0.396693 0 0 0 2.10488e-05 7.01627e-06 0 0.000203472
20300.5 0.00485526 0 1.22813 0.393009 0 0 0 3.50813e-05 0 7.01627e-06 0.000203472
20550.9 0.00485526 0 1.22248 0.388336 0 0 0 2.80651e-05 0 1.40325e-05 0.000203472
20801.4 0.00485526 0 1.2176 0.38473 0 0 0 7.01627e-06 7.01627e-06 2.80651e-05 0.000203472
21052.2 0.00485526 0 1.21456 0.382625 0 0 0 7.01627e-06 7.01627e-06 0 0.000217504
21302.6 0.00485526 0 1.21231 0.380892 0 0 0 7.01627e-06 0 7.01627e-06 0.000217504
21552.9 0.00485526 0 1.20765 0.37744 0 0 0 0 7.01627e-06 7.01627e-06 0.000217504
21804.3 0.00485526 0 1.20285 0.373763 0 0 0 0 0 1.40325e-05 0.000217504
22054.6 0.00484824 0 1.19463 0.36733 0 0 0 7.01627e-06 0 2.10488e-05 0.000217504
22304.6 0.00483421 0 1.18881 0.362537 0 0 0 2.80651e-05 7.01627e-06 2.10488e-05 0.000217504
22554.6 0.00483421 0 1.18244 0.357584 0 0 0 2.80651e-05 7.01627e-06 2.10488e-05 0.000217504
22806.4 0.00483421 0 1.17858 0.354434 0 0 0 2.10488e-05 7.01627e-06 2.80651e-05 0.000217504
23057.1 0.00483421 0 1.17442 0.351318 0 0 0 2.10488e-05 0 3.50813e-05 0.000217504
23307.8 0.00483421 0 1.1704 0.348526 0 0 0 2.10488e-05 0 2.10488e-05 0.000224521
23558.2 0.00482719 0 1.16605 0.345614 0 0 0 2.80651e-05 0 2.80651e-05 0.000224521
23809 0.00482719 0 1.16076 0.341419 0 0 0 1.40325e-05 7.01627e-06 3.50813e-05 0.000224521
24059.2 0.00482719 0 1.15679 0.338402 0 0 0 2.80651e-05 0 2.80651e-05 0.000224521
24309.2 0.00482719 0 1.15178 0.33495 0 0 0 2.10488e-05 7.01627e-06 2.80651e-05 0.000224521
24559.6 0.00482719 0 1.14745 0.331841 0 0 0 2.10488e-05 7.01627e-06 2.80651e-05 0.000224521
24809.7 0.00482719 0 1.14317 0.328923 0 0 0 3.50813e-05 0 2.10488e-05 0.000224521
25059.7 0.00482719 0 1.14016 0.326677 0 0 0 0 0 2.80651e-05 0.000252586
25309.8 0.00482017 0 1.13628 0.324025 0 0 0 2.10488e-05 7.01627e-06 1.40325e-05 0.000252586
25559.9 0.00481316 0 1.12974 0.319619 0 0 0 2.10488e-05 0 3.50813e-05 0.000252586
25810 0.00480614 0 1.12437 0.316027 0 0 7.01627e-06 2.80651e-05 7.01627e-06 2.80651e-05 0.000252586
26060.2 0.00480614 0 1.11867 0.312126 0 0 0 2.10488e-05 0 4.91139e-05 0.000252586
26310.2 0.00479913 0 1.11429 0.309088 0 0 0 3.50813e-05 1.40325e-05 3.50813e-05 0.000252586
26561 0.00479913 0 1.1094 0.3056 0 0 0 2.10488e-05 7.01627e-06 5.61301e-05 0.000252586
26811 0.00479913 0 1.10545 0.302962 0 0 0 4.20976e-05 0 2.80651e-05 0.000266618
27061.2 0.00479913 0 1.10141 0.29998 0 0 0 3.50813e-05 7.01627e-06 2.80651e-05 0.000266618
27311.4 0.00479913 0 1.09664 0.29676 0 0 0 2.10488e-05 7.01627e-06 4.20976e-05 0.000266618
27561.4 0.00479211 0 1.0917 0.293434 0 0 0 5.61301e-05 0 2.80651e-05 0.000266618
27812.5 0.00479211 0 1.08704 0.29053 0 0 0 2.80651e-05 0 5.61301e-05 0.000266618
28063.3 0.00478509 0 1.08297 0.287639 0 0 0 3.50813e-05 7.01627e-06 5.61301e-05 0.000266618
28313.6 0.00478509 0 1.07826 0.284341 0 0 0 6.31464e-05 0 3.50813e-05 0.000266618
28564.2 0.00478509 0 1.07427 0.281457 0 0 7.01627e-06 5.61301e-05 0 3.50813e-05 0.000266618
28815.4 0.00478509 0 1.07049 0.279009 0 0 0 4.91139e-05 0 3.50813e-05 0.000280651
29066.3 0.00478509 0 1.06644 0.276034 0 0 0 2.80651e-05 7.01627e-06 4.91139e-05 0.000280651
29316.5 0.00477808 0 1.06186 0.273361 0 0 7.01627e-06 4.20976e-05 0 2.10488e-05 0.000301699
29567.2 0.00477808 0 1.05847 0.271017 0 0 0 3.50813e-05 0 3.50813e-05 0.000301699
29817.2 0.00477106 0 1.0548 0.268351 0 0 0 2.80651e-05 7.01627e-06 4.91139e-05 0.000301699
