457.216    711    2    214498    91897    0    0    0    0    0    0    2
727.258    710    0    213575    90981    0    0    0    0    1    3    2
997.351    710    0    212616    89947    0    0    0    3    0    1    2
1268.06    710    0    211911    89218    0    0    0    0    1    3    2
1538.51    709    0    211180    88476    0    0    0    3    1    2    2
1810.25    709    0    210398    87704    0    0    0    2    0    2    4
2080.8    709    0    209846    87162    0    0    0    0    0    4    4
2351.08    709    0    209468    86715    0    0    0    0    1    1    6
2621.23    709    0    208821    86139    0    0    0    0    1    1    6
2891.41    709    0    208109    85489    0    0    0    0    0    2    6
3161.51    709    0    207380    84807    0    0    0    0    0    2    6
3913.62    708    2    207073    84509    0    0    0    0    0    0    8
4184.06    708    0    206454    83861    0    0    0    1    0    1    8
4454.09    707    0    205672    83090    0    0    0    0    0    4    8
4724.71    706    0    204635    82101    0    0    0    2    0    2    10
4994.76    706    0    203827    81295    0    0    0    2    1    1    10
5264.76    706    0    203102    80641    0    0    0    1    0    3    10
5535.4    704    0    202129    79693    0    0    0    1    0    7    10
5805.51    704    0    201186    78796    0    0    0    2    0    4    12
6076.36    704    0    200662    78295    0    0    0    4    1    1    12
6346.62    704    0    200088    77723    0    0    0    1    1    4    12
6616.68    704    0    199601    77281    0    0    1    1    1    1    14
6888.11    704    0    199085    76750    0    0    0    0    1    1    15
7158.42    704    0    198683    76356    0    0    0    1    0    1    15
7428.7    704    0    198109    75786    0    0    0    0    0    2    15
7698.92    703    0    197072    74824    0    0    0    1    0    3    15
7969.59    702    0    195798    73669    0    0    0    1    1    4    15
8239.62    701    0    194949    72852    0    0    0    3    1    2    17
8510.23    701    0    194481    72412    0    0    0    2    0    2    18
8780.24    701    0    193960    71931    0    0    0    1    0    3    18
9050.46    701    0    193331    71376    0    0    0    0    1    1    20
9321.33    701    0    192968    71036    0    0    0    0    0    2    20
9591.79    701    0    192337    70437    0    0    0    0    1    1    20
9861.79    701    0    191565    69812    0    0    0    1    0    1    20
12041.2    700    2    190973    69243    0    0    0    0    0    0    21
12311.4    700    0    190247    68617    0    0    0    0    0    2    21
12581.7    700    0    189510    67994    0    0    0    0    1    1    21
12852.4    700    0    188831    67390    0    0    0    0    0    2    21
13122.6    700    0    188152    66804    0    0    0    0    1    1    21
13393    700    0    187478    66211    0    0    0    0    0    2    21
13663.1    700    0    186777    65626    0    0    0    1    1    0    21
13933.4    700    0    186064    65049    0    0    0    1    0    1    21
14502.4    698    2    185461    64525    0    0    0    0    0    0    25
15495.3    697    2    185234    64349    0    0    0    0    0    0    27
15765.5    697    0    184556    63773    0    0    0    0    0    2    27
16036.2    697    0    183895    63193    0    0    0    0    1    1    27
16306.3    696    0    182914    62329    0    0    0    1    0    1    28
16577    696    0    182489    61978    0    0    0    0    1    1    28
16847.1    696    0    181845    61431    0    0    1    1    0    0    28
17117.3    695    0    181121    60813    0    0    0    0    0    2    30
17389.1    695    0    180406    60302    0    0    0    0    1    1    30
17659.5    695    0    179887    59803    0    0    0    1    1    0    30
17929.5    695    0    179171    59272    0    0    0    1    0    1    30
18199.7    695    0    178480    58708    0    0    0    0    1    1    30
18470    695    0    177817    58203    0    0    0    0    1    1    30
19540    694    2    177797    58179    0    0    0    0    0    0    32
19810.3    693    0    176436    57152    0    0    0    1    1    2    32
20080.4    693    0    175929    56705    0    0    0    1    0    1    34
20350.4    693    0    175527    56375    0    0    0    0    1    1    34
20620.7    692    0    174456    55518    0    0    0    2    0    2    34
20891    692    0    173537    54832    0    0    0    2    1    1    34
22004.9    691    2    173195    54593    0    0    0    0    0    0    37
22275.1    691    0    172476    54062    0    0    0    1    1    0    37
22545.7    691    0    171787    53559    0    0    0    0    1    1    37
22815.7    690    0    170601    52668    0    0    0    1    1    2    37
23086.2    690    0    169861    52084    0    0    0    0    1    3    37
23356.2    689    0    168975    51365    0    0    0    4    1    1    37
23626.2    689    0    168258    50795    0    0    0    2    0    4    37
23896.5    689    0    167625    50311    0    0    0    4    0    2    37
24166.6    689    0    166983    49839    0    0    0    1    0    3    39
24437.3    689    0    166492    49510    0    0    0    2    1    1    39
24707.6    688    0    165573    48839    0    0    0    3    0    3    39
24978.3    688    0    165035    48431    0    0    0    2    1    1    40
25248.5    688    0    164442    47987    0    0    0    0    1    3    40
25519.2    688    0    163777    47532    0    0    0    1    1    2    40
25789.5    688    0    163035    47037    0    0    0    2    1    1    40
26060.4    688    0    162416    46644    0    0    0    1    0    1    42
27174.8    687    2    162319    46561    0    0    0    0    0    0    44
27444.9    685    0    160924    45634    0    0    0    3    0    3    44
27715    684    0    159763    44854    0    0    1    2    0    5    44
27985    684    0    158948    44291    0    0    0    3    1    4    44
28255.1    683    0    158161    43731    0    0    0    4    0    6    44
28525.3    683    0    157541    43309    0    0    0    5    1    2    46
28795.7    683    0    156938    42869    0    0    0    3    1    4    46
29065.8    683    0    156213    42379    0    0    0    5    0    3    46
29335.9    682    0    155410    41852    0    0    1    1    0    8    46
29606.1    682    0    154720    41407    0    0    1    3    0    6    46
29876.2    681    0    154091    40950    0    0    0    10    0    2    46
