457.216 0.00498856 1.40325e-05 1.50497 0.644774 0 0 0 0 0 0 1.40325e-05
737.652 0.00498155 0 1.49804 0.637919 0 0 0 2.10488e-05 0 7.01627e-06 1.40325e-05
1017.94 0.00498155 0 1.49124 0.63058 0 0 0 7.01627e-06 0 2.10488e-05 1.40325e-05
1297.95 0.00498155 0 1.48612 0.625374 0 0 0 1.40325e-05 0 1.40325e-05 1.40325e-05
1578.71 0.00497453 0 1.48014 0.619487 0 0 0 7.01627e-06 0 3.50813e-05 1.40325e-05
1859.08 0.00497453 0 1.47551 0.61459 0 0 0 7.01627e-06 7.01627e-06 1.40325e-05 2.80651e-05
2139.09 0.00497453 0 1.47153 0.61038 0 0 0 7.01627e-06 7.01627e-06 1.40325e-05 2.80651e-05
2419.11 0.00497453 0 1.46897 0.607763 0 0 7.01627e-06 0 0 7.01627e-06 4.20976e-05
2700.05 0.00497453 0 1.46365 0.602957 0 0 0 7.01627e-06 7.01627e-06 0 4.20976e-05
2980.52 0.00497453 0 1.45801 0.597702 0 0 0 7.01627e-06 7.01627e-06 0 4.20976e-05
3260.94 0.00497453 0 1.45331 0.593316 0 0 0 7.01627e-06 7.01627e-06 0 4.20976e-05
3893.01 0.00496752 1.40325e-05 1.45288 0.592938 0 0 0 0 0 0 5.61301e-05
4173.54 0.00496752 0 1.44835 0.588195 0 0 0 0 7.01627e-06 7.01627e-06 5.61301e-05
4453.73 0.0049605 0 1.44241 0.582231 0 0 0 0 0 2.80651e-05 5.61301e-05
4733.93 0.00495348 0 1.43521 0.575474 0 0 0 1.40325e-05 0 1.40325e-05 7.01627e-05
5014.16 0.00495348 0 1.42907 0.569412 0 0 0 1.40325e-05 7.01627e-06 7.01627e-06 7.01627e-05
5294.17 0.00495348 0 1.42403 0.564901 0 0 0 7.01627e-06 7.01627e-06 1.40325e-05 7.01627e-05
5574.34 0.00493945 0 1.41599 0.556986 0 0 0 2.10488e-05 7.01627e-06 2.80651e-05 7.01627e-05
5854.63 0.00493945 0 1.41037 0.551654 0 0 0 2.80651e-05 0 1.40325e-05 8.41952e-05
6134.99 0.00493945 0 1.4063 0.547893 0 0 0 0 7.01627e-06 3.50813e-05 8.41952e-05
6415.16 0.00493945 0 1.40266 0.544111 0 0 0 7.01627e-06 0 2.10488e-05 9.82277e-05
6695.18 0.00493945 0 1.39885 0.54068 0 0 0 1.40325e-05 0 1.40325e-05 9.82277e-05
6975.33 0.00493945 0 1.39576 0.537488 0 0 0 7.01627e-06 7.01627e-06 0 0.000105244
7256.03 0.00493945 0 1.39243 0.534162 0 0 0 0 0 1.40325e-05 0.000105244
7536.22 0.00493945 0 1.3876 0.529602 0 0 0 0 7.01627e-06 7.01627e-06 0.000105244
7816.86 0.00493243 0 1.37822 0.520902 0 0 0 7.01627e-06 7.01627e-06 0 0.000119277
8096.88 0.00493243 0 1.37537 0.518186 0 0 0 7.01627e-06 0 7.01627e-06 0.000119277
8377.56 0.00492542 0 1.3657 0.509626 0 0 0 7.01627e-06 0 7.01627e-06 0.000126293
8658.47 0.00492542 0 1.36351 0.507627 0 0 0 7.01627e-06 0 7.01627e-06 0.000126293
9011.49 0.0049184 1.40325e-05 1.36095 0.505003 0 0 0 0 0 0 0.000140325
9523.31 0.00491139 1.40325e-05 1.35676 0.501326 0 0 0 0 0 0 0.000154358
9803.49 0.00490437 0 1.34975 0.495131 0 0 0 0 0 2.80651e-05 0.000154358
10084.3 0.00490437 0 1.34218 0.488669 0 0 0 0 7.01627e-06 2.10488e-05 0.000154358
10364.7 0.00490437 0 1.33798 0.484845 0 0 0 0 0 1.40325e-05 0.00016839
10645.4 0.00490437 0 1.33478 0.482123 0 0 0 0 0 1.40325e-05 0.00016839
10926.5 0.00490437 0 1.32939 0.477576 0 0 0 0 7.01627e-06 7.01627e-06 0.00016839
11206.7 0.00490437 0 1.32452 0.47324 0 0 0 7.01627e-06 0 7.01627e-06 0.00016839
11486.8 0.00490437 0 1.31952 0.468939 0 0 0 0 0 1.40325e-05 0.00016839
11767.3 0.00490437 0 1.31468 0.464701 0 0 0 0 7.01627e-06 7.01627e-06 0.00016839
12047.5 0.00490437 0 1.3095 0.460344 0 0 0 0 7.01627e-06 7.01627e-06 0.00016839
12327.7 0.00490437 0 1.30444 0.456184 0 0 0 0 0 1.40325e-05 0.00016839
12856.3 0.00489034 1.40325e-05 1.30088 0.453117 0 0 0 0 0 0 0.000196455
13850.5 0.00488332 1.40325e-05 1.29929 0.451883 0 0 0 0 0 0 0.000210488
14130.6 0.00488332 0 1.29426 0.447645 0 0 7.01627e-06 0 0 7.01627e-06 0.000210488
14411.1 0.00488332 0 1.28968 0.443512 0 0 0 0 7.01627e-06 7.01627e-06 0.000210488
14691.1 0.0048763 0 1.28255 0.437345 0 0 0 7.01627e-06 7.01627e-06 0 0.000217504
14971.8 0.0048763 0 1.27937 0.434672 0 0 0 0 7.01627e-06 7.01627e-06 0.000217504
15252 0.0048763 0 1.27478 0.430651 0 0 0 0 0 1.40325e-05 0.000217504
15532 0.00486929 0 1.26902 0.426126 0 0 7.01627e-06 0 0 7.01627e-06 0.000231537
15812 0.00486929 0 1.26443 0.422569 0 0 0 7.01627e-06 7.01627e-06 0 0.000231537
16092.1 0.00486929 0 1.26038 0.418934 0 0 0 0 0 1.40325e-05 0.000231537
16372.8 0.00486929 0 1.25534 0.414984 0 0 0 0 7.01627e-06 7.01627e-06 0.000231537
16654.2 0.00486929 0 1.25017 0.410971 0 0 0 0 7.01627e-06 7.01627e-06 0.000231537
17894.5 0.00486227 1.40325e-05 1.24711 0.408592 0 0 0 0 0 0 0.000245569
18174.6 0.00485526 0 1.23737 0.40119 0 0 0 1.40325e-05 0 1.40325e-05 0.000245569
18456.3 0.00485526 0 1.23373 0.397984 0 0 0 7.01627e-06 0 7.01627e-06 0.000259602
18737.1 0.00485526 0 1.2306 0.395472 0 0 0 0 7.01627e-06 7.01627e-06 0.000259602
19017.3 0.00484824 0 1.2221 0.388652 0 0 0 7.01627e-06 7.01627e-06 1.40325e-05 0.000259602
19297.4 0.00484824 0 1.21604 0.384134 0 0 0 1.40325e-05 7.01627e-06 7.01627e-06 0.000259602
19578.9 0.00484824 0 1.21085 0.380268 0 0 0 7.01627e-06 7.01627e-06 1.40325e-05 0.000259602
19859.8 0.00484824 0 1.20593 0.3765 0 0 0 0 7.01627e-06 2.10488e-05 0.000259602
20139.8 0.00484122 0 1.19959 0.371736 0 0 7.01627e-06 2.10488e-05 0 1.40325e-05 0.000259602
20420.3 0.00484122 0 1.19397 0.367449 0 0 0 1.40325e-05 7.01627e-06 2.10488e-05 0.000259602
20700.4 0.00483421 0 1.1888 0.363407 0 0 7.01627e-06 2.80651e-05 0 2.10488e-05 0.000259602
20980.8 0.00483421 0 1.18276 0.358615 0 0 0 1.40325e-05 7.01627e-06 3.50813e-05 0.000259602
21261.3 0.00483421 0 1.17823 0.354932 0 0 0 2.80651e-05 7.01627e-06 2.10488e-05 0.000259602
21541.3 0.00483421 0 1.17372 0.351536 0 0 0 2.10488e-05 0 3.50813e-05 0.000259602
21821.5 0.00483421 0 1.1693 0.348491 0 0 0 7.01627e-06 7.01627e-06 2.80651e-05 0.000266618
22101.6 0.00482719 0 1.16427 0.345018 0 0 7.01627e-06 3.50813e-05 7.01627e-06 7.01627e-06 0.000266618
22381.6 0.00482719 0 1.15884 0.340548 0 0 7.01627e-06 2.10488e-05 0 2.80651e-05 0.000266618
22661.6 0.00482719 0 1.15408 0.337139 0 0 7.01627e-06 2.10488e-05 0 2.80651e-05 0.000266618
22943.2 0.00482719 0 1.14843 0.333427 0 0 0 7.01627e-06 7.01627e-06 4.20976e-05 0.000266618
23224 0.00482719 0 1.14387 0.330031 0 0 0 2.10488e-05 0 3.50813e-05 0.000266618
23505.3 0.00482719 0 1.13993 0.327218 0 0 0 1.40325e-05 7.01627e-06 7.01627e-06 0.000294683
23785.5 0.00482017 0 1.13654 0.324713 0 0 0 1.40325e-05 7.01627e-06 2.10488e-05 0.000294683
24065.8 0.00481316 0 1.12848 0.319437 0 0 0 2.10488e-05 7.01627e-06 2.80651e-05 0.000294683
24346.2 0.00480614 0 1.12236 0.315192 0 0 0 3.50813e-05 0 3.50813e-05 0.000294683
24626.7 0.00480614 0 1.11628 0.311143 0 0 0 2.10488e-05 7.01627e-06 4.20976e-05 0.000294683
24907.1 0.00479913 0 1.11132 0.307579 0 0 0 4.91139e-05 0 3.50813e-05 0.000294683
25187.2 0.00479913 0 1.10639 0.304141 0 0 7.01627e-06 2.80651e-05 0 3.50813e-05 0.000308716
25467.2 0.00479913 0 1.10194 0.300991 0 0 0 4.91139e-05 0 2.10488e-05 0.000308716
25747.3 0.00479913 0 1.0966 0.29737 0 0 7.01627e-06 3.50813e-05 0 2.80651e-05 0.000308716
26027.3 0.00479211 0 1.09108 0.293659 0 0 0 5.61301e-05 7.01627e-06 2.10488e-05 0.000308716
26307.6 0.00479211 0 1.08587 0.290347 0 0 0 2.10488e-05 0 6.31464e-05 0.000308716
26587.6 0.00478509 0 1.08139 0.287049 0 0 0 5.61301e-05 0 4.20976e-05 0.000308716
26867.7 0.00478509 0 1.07625 0.283492 0 0 0 4.91139e-05 0 4.91139e-05 0.000308716
27147.7 0.00478509 0 1.07155 0.280314 0 0 0 4.91139e-05 0 3.50813e-05 0.000322748
27429.9 0.00478509 0 1.06733 0.277318 0 0 0 4.20976e-05 0 4.20976e-05 0.000322748
27709.9 0.00477808 0 1.06259 0.274315 0 0 7.01627e-06 2.80651e-05 0 4.91139e-05 0.000329764
27992.3 0.00477808 0 1.05836 0.271529 0 0 0 3.50813e-05 7.01627e-06 2.80651e-05 0.000343797
28272.4 0.00477106 0 1.05428 0.268611 0 0 0 4.20976e-05 0 4.20976e-05 0.000343797
28552.7 0.00477106 0 1.04907 0.265355 0 0 0 4.20976e-05 7.01627e-06 2.10488e-05 0.000350813
28833.1 0.00477106 0 1.04469 0.26264 0 0 0 3.50813e-05 7.01627e-06 2.80651e-05 0.000350813
29113.8 0.00477106 0 1.04042 0.259981 0 0 0 3.50813e-05 7.01627e-06 1.40325e-05 0.000364846
29394.7 0.00477106 0 1.03599 0.256936 0 0 0 2.80651e-05 7.01627e-06 2.10488e-05 0.000364846
29675 0.00477106 0 1.03089 0.254066 0 0 7.01627e-06 1.40325e-05 0 3.50813e-05 0.000364846
29955.2 0.00477106 0 1.02644 0.251196 0 0 0 7.01627e-06 0 4.91139e-05 0.000364846
