457.216    711    2    214498    91897    0    0    0    0    0    0    2
717.221    710    0    213641    91047    0    0    0    1    1    2    2
977.224    710    0    212677    90022    0    0    0    1    1    2    2
1237.47    710    0    212027    89325    0    0    0    3    1    0    2
1497.52    709    0    211298    88626    0    0    0    0    1    5    2
1757.77    709    0    210519    87802    0    0    0    0    0    4    4
2018.08    709    0    210026    87346    0    0    0    1    1    2    4
2278.08    709    0    209534    86803    0    0    0    1    0    1    6
2538.65    709    0    209015    86332    0    0    0    1    1    0    6
2798.79    709    0    208342    85717    0    0    0    0    1    1    6
3059.38    709    0    207610    85028    0    0    0    0    1    1    6
3909.45    708    2    207073    84509    0    0    0    0    0    0    8
4169.73    708    0    206477    83884    0    0    0    0    1    1    8
4430.6    707    0    205764    83177    0    0    0    0    0    4    8
4690.68    706    0    204686    82161    0    0    0    2    1    1    10
4950.79    706    0    203942    81403    0    0    0    0    1    3    10
5211.12    706    0    203255    80770    0    0    0    0    0    4    10
5471.36    705    0    202367    79949    0    0    0    2    1    3    10
5731.68    704    0    201418    79007    0    0    0    4    0    4    10
5995.02    704    0    200834    78469    0    0    0    3    0    3    12
6255.97    704    0    200285    77932    0    0    0    0    1    5    12
6516.12    704    0    199805    77450    0    0    0    3    1    0    14
6776.15    704    0    199262    76965    0    0    0    1    1    2    14
7037.28    704    0    198914    76583    0    0    0    0    1    1    15
7297.59    704    0    198422    76097    0    0    0    0    0    2    15
7557.63    704    0    197767    75480    0    0    0    1    1    0    15
7817.64    703    0    196475    74280    0    0    0    0    2    2    15
8078.05    702    0    195504    73365    0    0    0    2    1    1    17
8338.65    702    0    195009    72912    0    0    0    0    1    3    17
8599.02    702    0    194286    72322    0    0    0    1    1    2    17
8859.52    701    0    193552    71622    0    0    0    1    1    2    19
9119.78    700    0    192821    70952    0    0    0    1    1    4    19
9381.62    700    0    192092    70298    0    0    0    3    0    3    19
9642.21    700    0    191374    69710    0    0    0    2    0    4    19
9903.71    700    0    190863    69181    0    0    0    1    1    2    21
10164.1    700    0    190463    68784    0    0    0    1    1    2    21
10424.2    700    0    189843    68245    0    0    0    1    1    2    21
10684.3    699    0    189020    67493    0    0    0    2    1    3    21
10944.5    699    0    188196    66784    0    0    0    1    1    4    21
11204.5    699    0    187544    66212    0    0    0    3    0    3    21
11464.8    699    0    186919    65667    0    0    0    3    1    2    21
11725.9    699    0    186157    65060    0    0    0    1    1    4    21
11986.4    699    0    185796    64722    0    0    0    1    0    3    23
12246.7    698    0    185179    64219    0    0    0    1    1    0    27
12507    697    0    184821    63896    0    0    0    3    0    1    27
13764.6    696    2    184109    63294    0    0    0    0    0    0    30
14025.6    696    0    183526    62780    0    0    0    0    1    1    30
14285.6    696    0    182905    62218    0    0    0    1    1    0    30
14546.2    696    0    182234    61666    0    0    0    0    1    1    30
14806.3    695    0    181504    61020    0    0    0    2    1    1    30
15066.3    694    0    180355    60095    0    0    1    2    0    3    30
15326.4    694    0    179607    59518    0    0    0    3    0    1    31
15586.7    694    0    179040    59016    0    0    0    0    1    3    31
15846.8    694    0    178403    58522    0    0    0    1    0    3    31
16107    693    0    177586    57923    0    0    0    2    0    4    31
16367.1    693    0    176677    57235    0    0    0    1    0    5    31
16627.6    693    0    176075    56718    0    0    0    1    0    3    33
16889    693    0    175680    56371    0    0    0    0    1    3    33
17149.1    692    0    174764    55677    0    0    0    4    1    1    33
17409.1    692    0    173977    55057    0    0    0    3    2    1    33
17670.6    692    0    173344    54597    0    0    0    1    0    3    34
17930.8    692    0    172795    54215    0    0    0    2    0    2    34
18190.8    692    0    172279    53809    0    0    1    0    0    1    35
18451.1    692    0    171791    53457    0    0    0    0    1    1    35
18711.5    691    0    170791    52687    0    0    0    1    0    3    35
18972.2    691    0    170035    52078    0    0    0    0    1    1    37
19234.9    691    0    169743    51827    0    0    0    0    1    1    37
19495.1    690    0    168673    50981    0    0    0    1    1    2    37
19755.3    690    0    168141    50570    0    0    0    0    0    2    38
20015.8    690    0    167712    50241    0    0    0    1    0    1    38
20275.9    690    0    167072    49772    0    0    0    1    1    0    38
20535.9    690    0    166311    49276    0    0    0    1    0    1    38
20796.6    689    0    165266    48495    0    0    0    0    1    1    39
21057.8    689    0    164888    48203    0    0    0    0    1    1    39
21318.2    689    0    164328    47762    0    0    0    0    1    1    39
21578.2    689    0    163567    47303    0    0    0    1    1    0    39
21838.2    689    0    162862    46825    0    0    0    0    0    2    39
23038.2    688    2    162637    46694    0    0    0    0    0    0    41
24194.6    687    2    162380    46500    0    0    0    0    0    0    42
24454.6    685    0    161054    45624    0    0    0    1    0    5    42
24714.8    684    0    159955    44875    0    0    0    5    1    2    42
24974.9    684    0    159107    44308    0    0    0    5    1    2    42
25235.1    683    0    158409    43802    0    0    0    3    1    6    42
25496.9    683    0    157755    43346    0    0    0    4    1    3    44
25757.2    683    0    157199    42947    0    0    0    2    1    5    44
26018.3    683    0    156445    42462    0    0    0    6    1    1    44
26278.4    682    0    155763    41979    0    0    0    3    1    6    44
26539    682    0    155022    41519    0    0    0    4    1    5    44
26799    682    0    154433    41100    0    0    0    5    2    3    44
27059.1    681    0    153692    40585    0    0    0    7    0    5    44
27319.5    681    0    153108    40160    0    0    0    8    0    4    44
27580.1    681    0    152542    39794    0    0    0    6    0    4    46
27840.1    681    0    151963    39370    0    0    1    2    1    6    46
28100.7    680    0    151291    38972    0    0    0    5    0    3    48
28360.8    680    0    150784    38626    0    0    1    3    0    4    48
28621.3    679    0    150204    38215    0    0    0    6    1    3    48
28881.6    679    0    149485    37765    0    0    0    2    0    6    49
29141.7    679    0    148967    37441    0    0    0    4    0    4    49
29401.8    679    0    148398    37105    0    0    0    4    0    2    51
29662.3    677    0    147645    36594    0    0    0    4    1    5    51
29923.5    677    0    146781    36115    0    0    0    5    0    5    51
