457.216    711    2    214498    91897    0    0    0    0    0    0    2
717.217    710    0    213641    91047    0    0    0    1    1    2    2
977.225    710    0    212677    90022    0    0    0    1    1    2    2
1237.49    710    0    212027    89325    0    0    0    3    1    0    2
1497.56    709    0    211298    88626    0    0    0    0    1    5    2
1757.85    709    0    210519    87802    0    0    0    0    0    4    4
2018.2    709    0    210026    87346    0    0    0    1    1    2    4
2278.26    709    0    209534    86803    0    0    0    1    0    1    6
2538.9    709    0    209015    86332    0    0    0    1    1    0    6
2799.12    709    0    208342    85717    0    0    0    0    1    1    6
3059.79    709    0    207610    85028    0    0    0    0    1    1    6
3909.96    708    2    207073    84509    0    0    0    0    0    0    8
4170.34    708    0    206477    83884    0    0    0    0    1    1    8
4431.33    707    0    205764    83177    0    0    0    0    0    4    8
4691.37    706    0    204687    82161    0    0    0    2    0    2    10
4951.78    706    0    203942    81403    0    0    0    0    1    3    10
5212.27    706    0    203255    80770    0    0    0    0    0    4    10
5472.67    705    0    202367    79949    0    0    0    2    1    3    10
5732.79    704    0    201419    79010    0    0    0    3    1    4    10
5992.82    704    0    200835    78472    0    0    0    2    1    3    12
6252.83    704    0    200292    77945    0    0    1    4    0    1    12
6513.69    704    0    199826    77458    0    0    0    1    0    3    14
6775.48    704    0    199269    76972    0    0    0    1    0    3    14
7036.56    704    0    198916    76586    0    0    0    0    1    1    15
7298.67    704    0    198426    76104    0    0    0    0    1    1    15
7558.74    704    0    197770    75483    0    0    0    1    0    1    15
7818.85    703    0    196488    74294    0    0    0    1    0    3    15
8078.96    702    0    195516    73379    0    0    0    1    1    2    17
8339.12    702    0    195018    72921    0    0    0    2    1    1    17
8599.23    702    0    194300    72337    0    0    0    1    0    3    17
8859.26    701    0    193565    71633    0    0    0    3    0    1    19
9119.63    700    0    192832    70970    0    0    0    4    0    2    19
9379.79    700    0    192112    70318    0    0    0    3    1    2    19
9640.8    700    0    191415    69744    0    0    0    3    1    2    19
9901.49    700    0    190879    69195    0    0    0    0    0    4    21
10163.2    700    0    190492    68806    0    0    0    1    1    2    21
10424.2    700    0    189887    68269    0    0    0    0    1    3    21
10684.4    699    0    189064    67525    0    0    0    2    1    3    21
10944.5    699    0    188224    66814    0    0    0    5    1    0    21
11204.5    699    0    187573    66241    0    0    0    2    0    4    21
11464.6    699    0    186955    65698    0    0    0    3    1    2    21
11724.9    699    0    186199    65094    0    0    0    4    1    1    21
11985.7    699    0    185803    64733    0    0    0    1    1    2    23
12245.9    698    0    185215    64242    0    0    0    1    1    2    25
12506.9    697    0    184880    63940    0    0    0    1    1    2    27
13763.6    696    2    184109    63294    0    0    0    0    0    0    30
14024.2    696    0    183529    62783    0    0    0    0    1    1    30
14284.9    696    0    182912    62223    0    0    0    0    0    2    30
14545.1    696    0    182236    61670    0    0    0    0    1    1    30
14805.5    695    0    181521    61034    0    0    0    1    0    3    30
15065.6    694    0    180381    60112    0    0    0    2    1    3    30
15325.7    694    0    179617    59524    0    0    0    2    0    2    31
15586    694    0    179049    59028    0    0    0    1    1    2    31
15846.1    694    0    178417    58537    0    0    0    2    0    2    31
16106.3    693    0    177620    57947    0    0    0    3    0    3    31
16366.3    693    0    176693    57251    0    0    0    3    1    2    31
16626.3    693    0    176099    56745    0    0    0    2    1    3    31
16886.9    693    0    175694    56387    0    0    0    1    1    2    33
17147.4    692    0    174813    55719    0    0    0    3    0    3    33
17408.3    692    0    174013    55085    0    0    0    3    1    2    33
17669    692    0    173389    54630    0    0    0    1    1    2    34
17929.6    692    0    172838    54250    0    0    0    2    1    1    34
18191.4    692    0    172308    53828    0    0    0    1    0    1    35
19282    691    2    171885    53532    0    0    0    0    0    0    36
19543.4    691    0    171256    53056    0    0    0    0    1    1    36
19803.6    691    0    170642    52571    0    0    0    0    0    2    36
20063.6    691    0    169980    52073    0    0    0    1    0    1    36
20323.7    690    0    169066    51315    0    0    0    3    0    1    36
20583.7    690    0    168264    50689    0    0    0    0    1    3    36
20844.3    690    0    167685    50240    0    0    0    2    0    2    36
21105.5    690    0    167081    49801    0    0    0    0    1    1    37
21365.6    689    0    166500    49362    0    0    0    1    0    3    37
21628.6    689    0    165946    48988    0    0    0    0    1    1    38
21888.8    689    0    165537    48666    0    0    0    1    1    0    38
22148.8    689    0    164897    48199    0    0    0    1    1    0    38
22409.4    689    0    164304    47732    0    0    0    1    1    0    38
22669.8    689    0    163768    47308    0    0    0    0    1    1    38
22930.2    689    0    163169    46839    0    0    0    0    1    1    38
24234.1    688    2    162505    46375    0    0    0    0    0    0    39
24494.9    687    0    161886    45945    0    0    0    0    0    2    41
24755    687    0    161206    45487    0    0    0    0    1    1    41
25015.7    687    0    160545    45041    0    0    0    1    1    0    41
25276.1    686    0    159323    44238    0    0    0    2    1    1    41
25538.2    686    0    158843    43879    0    0    0    0    1    1    43
25800.1    686    0    158409    43564    0    0    0    0    1    1    43
26356    685    2    158098    43361    0    0    0    0    0    0    45
27822.5    684    2    157892    43224    0    0    0    0    0    0    47
28082.6    684    0    157249    42774    0    0    1    1    0    0    47
28342.7    684    0    156545    42315    0    0    0    1    0    1    47
28602.7    683    0    155515    41642    0    0    1    1    0    2    47
28862.8    683    0    154766    41132    0    0    0    2    0    2    47
29122.8    682    0    153937    40556    0    0    0    2    1    3    47
29384.2    682    0    153239    40059    0    0    0    3    0    3    47
29644.3    682    0    152561    39605    0    0    0    2    1    3    47
29905.3    682    0    151939    39199    0    0    0    3    0    3    47
