457.216    711    2    214498    91897    0    0    0    0    0    0    2
657.911    710    0    213925    91335    0    0    0    1    1    2    2
857.911    710    0    212989    90373    0    0    0    1    1    2    2
1058.3    710    0    212554    89887    0    0    0    1    0    3    2
1258.34    710    0    212046    89341    0    0    0    0    1    3    2
1458.4    710    0    211488    88836    0    0    0    0    0    4    2
1658.57    709    0    210849    88171    0    0    0    3    0    3    2
1858.59    708    0    210250    87564    0    0    1    4    0    3    2
2058.67    708    0    209612    86924    0    0    0    2    1    5    2
2258.68    708    0    209035    86406    0    0    0    6    0    2    2
2458.76    708    0    208528    85931    0    0    0    6    0    2    2
2658.83    708    0    208061    85512    0    0    1    3    0    2    3
2859.09    708    0    207592    85038    0    0    0    3    1    2    3
3059.37    708    0    207054    84537    0    0    0    2    1    3    3
3259.63    708    0    206592    84066    0    0    0    2    1    3    3
3459.65    708    0    206095    83587    0    0    0    1    1    4    3
3660.49    708    0    205600    83090    0    0    0    1    0    3    5
3860.52    707    0    205233    82707    0    0    0    3    1    2    5
4060.78    706    0    204420    81966    0    0    0    2    1    3    6
4262.07    706    0    203993    81524    0    0    0    0    1    5    6
4462.34    706    0    203533    81083    0    0    0    1    1    2    8
4663.09    706    0    203178    80740    0    0    0    2    0    2    8
4863.14    706    0    202619    80218    0    0    0    3    0    1    8
5063.2    706    0    202317    79907    0    0    0    0    1    1    9
5264.4    706    0    201992    79549    0    0    0    1    0    1    9
5464.48    706    0    201495    79069    0    0    0    0    0    2    9
5847.95    705    2    201278    78867    0    0    0    0    0    0    11
6048.45    705    0    200767    78372    0    0    0    0    1    1    11
6248.5    705    0    200316    77923    0    0    0    1    1    0    11
6448.65    705    0    199756    77408    0    0    0    2    0    0    11
6648.88    705    0    199245    76944    0    0    0    1    0    1    11
8027.06    704    2    199129    76817    0    0    0    0    0    0    13
8227.28    704    0    198638    76315    0    0    0    0    1    1    13
8427.45    704    0    198194    75890    0    0    0    0    1    1    13
8627.64    704    0    197647    75384    0    0    0    1    0    1    13
8827.66    703    0    196609    74406    0    0    0    2    1    1    13
9028.03    702    0    195903    73755    0    0    0    1    1    4    13
9228.12    701    0    195313    73196    0    0    0    3    0    3    15
9429.78    701    0    194871    72775    0    0    0    2    1    3    15
9629.78    701    0    194506    72446    0    0    0    2    1    1    16
9830.86    701    0    194076    72058    0    0    0    0    0    4    16
10031    701    0    193573    71597    0    0    0    2    0    2    16
10233.3    701    0    193242    71301    0    0    0    0    0    2    18
10433.8    701    0    192884    70966    0    0    0    0    1    1    18
10634.3    701    0    192408    70512    0    0    0    1    1    0    18
10834.4    701    0    191869    70074    0    0    0    0    1    1    18
11034.8    701    0    191330    69604    0    0    0    0    0    2    18
13121.3    700    2    190973    69249    0    0    0    0    0    0    19
13321.5    700    0    190442    68778    0    0    0    1    0    1    19
13523.1    700    0    189869    68316    0    0    0    1    0    1    19
13723.4    700    0    189312    67849    0    0    0    0    0    2    19
13923.6    700    0    188849    67413    0    0    0    0    1    1    19
14124.5    700    0    188338    66973    0    0    0    0    1    1    19
14324.9    700    0    187835    66537    0    0    0    0    1    1    19
14525.8    700    0    187356    66113    0    0    0    0    1    1    19
14727.2    700    0    186857    65676    0    0    0    0    1    1    19
14928.3    700    0    186251    65221    0    0    0    1    0    1    19
15128.4    700    0    185783    64810    0    0    0    0    1    1    19
15583.8    698    2    185461    64531    0    0    0    0    0    0    23
16577    697    2    185234    64355    0    0    0    0    0    0    25
16777    697    0    184732    63920    0    0    0    0    1    1    25
16977.5    697    0    184211    63484    0    0    0    0    1    1    25
17178    697    0    183750    63079    0    0    0    1    1    0    25
17378    696    0    182947    62377    0    0    0    2    0    2    25
17578.1    696    0    182627    62098    0    0    0    1    0    1    26
17778.5    696    0    182158    61714    0    0    0    0    1    1    26
17978.6    695    0    181704    61298    0    0    0    3    1    0    26
18178.6    695    0    180721    60488    0    0    0    1    0    3    26
18379.6    694    0    180038    59952    0    0    0    1    1    4    26
18580.3    694    0    179616    59627    0    0    0    3    0    1    27
18781.7    694    0    179124    59212    0    0    0    1    1    2    27
18982.8    694    0    178643    58788    0    0    0    2    0    2    27
19182.8    694    0    178141    58420    0    0    0    0    0    4    27
19383    693    0    177446    57921    0    0    0    4    1    1    27
19584.4    693    0    176773    57413    0    0    0    0    1    5    27
19784.5    693    0    176304    57035    0    0    0    2    1    3    27
19984.6    693    0    175929    56688    0    0    0    1    0    3    29
20184.9    693    0    175548    56381    0    0    0    2    1    1    29
20384.9    692    0    174845    55849    0    0    0    4    0    2    29
20585    692    0    174281    55384    0    0    0    1    1    4    29
20785.4    692    0    173714    54959    0    0    0    1    1    4    29
20985.4    692    0    173275    54644    0    0    0    2    0    2    30
21186    692    0    172824    54331    0    0    0    1    1    2    30
21386.8    692    0    172349    53953    0    0    0    0    1    1    31
21587    692    0    172034    53724    0    0    0    1    0    1    31
21787.1    692    0    171481    53308    0    0    0    1    1    0    31
21987.4    691    0    170567    52612    0    0    0    3    1    0    31
22187.4    691    0    170089    52221    0    0    0    2    1    1    31
22387.4    689    0    169380    51612    0    0    0    1    1    6    31
22587.7    689    0    168727    51113    0    0    0    1    1    6    31
22787.8    689    0    168259    50732    0    0    0    5    0    3    31
22987.9    689    0    167808    50376    0    0    0    5    0    3    31
23188.2    689    0    167313    50023    0    0    0    4    1    3    31
23388.2    689    0    166857    49706    0    0    0    2    1    3    32
23589.6    689    0    166399    49390    0    0    0    3    1    2    32
23789.8    688    0    165795    48944    0    0    0    5    0    3    32
23991.7    688    0    165274    48528    0    0    0    2    1    5    32
24192.2    688    0    164808    48190    0    0    0    2    0    6    32
24392.4    688    0    164231    47797    0    0    0    6    1    1    32
24594    688    0    163705    47435    0    0    0    2    0    6    32
24794    688    0    163234    47083    0    0    0    2    1    5    32
24994.3    688    0    162743    46737    0    0    0    2    1    5    32
25194.8    688    0    162479    46534    0    0    0    3    1    0    36
25395.2    687    0    161910    46161    0    0    0    3    1    2    36
25595.3    686    0    161201    45685    0    0    0    2    1    5    36
25796.4    686    0    160542    45245    0    0    0    4    1    3    36
25996.4    685    0    159998    44853    0    0    0    5    1    4    36
26196.5    685    0    159404    44465    0    0    0    3    0    7    36
26396.6    685    0    158935    44126    0    0    1    3    0    6    36
26596.7    684    0    158368    43721    0    0    0    9    1    2    36
26796.8    684    0    157891    43402    0    0    1    3    0    6    38
26996.8    684    0    157404    43075    0    0    0    8    0    2    38
27197.4    684    0    156925    42724    0    0    0    7    1    2    38
27397.6    684    0    156386    42353    0    0    1    3    0    6    38
27597.7    683    0    155832    41985    0    0    1    5    1    5    38
27798.1    683    0    155287    41629    0    0    0    6    0    6    38
28000.3    683    0    154809    41321    0    0    0    3    1    8    38
28200.6    682    0    154343    40987    0    0    0    4    0    10    38
28400.7    682    0    153807    40611    0    0    1    6    0    7    38
28601    682    0    153379    40293    0    0    1    6    0    7    38
28801    682    0    152911    39976    0    0    1    7    0    4    40
29001.6    682    0    152472    39680    0    0    0    5    1    6    40
29202.1    682    0    151997    39341    0    0    0    4    1    7    40
29403    681    0    151496    39040    0    0    0    3    1    8    41
29603.3    681    0    151052    38762    0    0    0    5    1    4    43
29803.9    681    0    150634    38480    0    0    0    4    1    5    43
