157.074    712    2    214500    91900    0    0    0    0    0    0    0
257.323    711    0    214004    91386    0    0    0    0    1    3    0
357.975    711    0    213860    91223    0    0    0    1    0    1    2
457.983    711    0    213619    91002    0    0    0    1    0    1    2
558.049    711    0    213405    90778    0    0    0    0    0    2    2
658.577    711    0    213153    90542    0    0    0    0    0    2    2
758.736    711    0    212923    90295    0    0    0    0    1    1    2
859.295    711    0    212635    90051    0    0    0    0    1    1    2
959.342    710    0    212189    89605    0    0    0    0    1    3    2
1059.63    710    0    211881    89267    0    0    0    1    1    2    2
1160.2    710    0    211578    89008    0    0    0    2    1    1    2
1260.58    709    0    211329    88736    0    0    0    1    1    4    2
1360.92    709    0    211076    88463    0    0    0    2    0    4    2
1461.19    709    0    210812    88210    0    0    0    3    0    3    2
1561.44    709    0    210567    87947    0    0    0    1    1    4    2
1661.64    708    0    210236    87618    0    0    0    4    0    4    2
1761.72    708    0    209972    87346    0    0    0    2    1    5    2
1861.74    708    0    209675    87052    0    0    0    4    0    4    2
1962.49    708    0    209412    86786    0    0    0    3    0    5    2
2062.84    708    0    209125    86540    0    0    0    4    0    4    2
2162.84    708    0    208837    86272    0    0    0    5    0    3    2
2262.86    708    0    208596    86060    0    0    0    4    1    3    2
2362.99    708    0    208268    85786    0    0    0    2    1    5    2
2464.28    708    0    208099    85608    0    0    0    3    0    3    3
2564.53    708    0    207829    85345    0    0    0    2    1    3    3
2664.91    708    0    207566    85084    0    0    0    1    1    4    3
2764.94    708    0    207274    84826    0    0    0    2    1    3    3
2865.07    708    0    207039    84585    0    0    0    1    0    5    3
2965.28    708    0    206771    84340    0    0    0    0    1    5    3
3066.44    708    0    206563    84106    0    0    0    1    1    4    3
3167.93    708    0    206331    83891    0    0    0    3    0    3    3
3268.17    708    0    206060    83625    0    0    0    1    0    5    3
3368.27    708    0    205809    83368    0    0    0    2    1    3    3
3469.15    708    0    205564    83128    0    0    0    1    0    3    5
3569.18    708    0    205394    82939    0    0    0    2    0    2    5
3669.75    707    0    205098    82642    0    0    0    0    0    4    7
3769.8    707    0    204910    82468    0    0    0    2    0    2    7
3870    707    0    204673    82240    0    0    0    2    1    1    7
3970.07    707    0    204398    81987    0    0    0    2    1    1    7
4071.64    707    0    204119    81726    0    0    0    1    0    3    7
4171.75    707    0    203916    81492    0    0    0    2    1    1    7
4271.93    707    0    203678    81265    0    0    0    1    1    2    7
4372.38    707    0    203495    81092    0    0    0    1    1    0    8
4472.5    707    0    203300    80918    0    0    0    0    1    1    8
4572.61    707    0    203056    80669    0    0    0    1    1    0    8
4672.94    707    0    202781    80403    0    0    0    0    1    1    8
4773.71    707    0    202517    80139    0    0    0    0    0    2    8
4873.79    707    0    202290    79908    0    0    0    0    0    2    8
4973.84    707    0    202087    79672    0    0    0    1    0    1    8
5073.88    707    0    201841    79434    0    0    0    1    1    0    8
5173.96    707    0    201566    79176    0    0    0    0    1    1    8
5276.36    707    0    201322    78941    0    0    0    0    1    1    8
5600.41    706    2    201260    78887    0    0    0    0    0    0    10
5700.9    706    0    200963    78626    0    0    0    1    0    1    10
5800.91    706    0    200749    78392    0    0    0    0    1    1    10
5901.08    706    0    200537    78194    0    0    0    0    1    1    10
6001.08    706    0    200295    77942    0    0    0    1    1    0    10
6101.47    706    0    199979    77655    0    0    0    0    0    2    10
6202.55    706    0    199738    77427    0    0    0    1    0    1    10
6303.02    706    0    199490    77202    0    0    0    1    1    0    10
6405.43    706    0    199226    76961    0    0    0    0    1    1    10
7777.55    705    2    199111    76837    0    0    0    0    0    0    12
7877.66    705    0    198889    76601    0    0    0    0    1    1    12
7977.75    705    0    198620    76335    0    0    0    0    1    1    12
8080.28    705    0    198408    76130    0    0    0    0    1    1    12
8180.3    705    0    198168    75902    0    0    0    1    0    1    12
8280.56    705    0    197902    75657    0    0    0    0    1    1    12
8381.38    705    0    197615    75393    0    0    0    0    0    2    12
8481.68    704    0    197120    74899    0    0    0    1    1    2    12
8581.7    704    0    196834    74619    0    0    0    2    0    2    12
8682.04    704    0    196547    74383    0    0    0    2    0    2    12
8782.06    703    0    196246    74089    0    0    0    2    1    3    12
8882.1    703    0    195955    73835    0    0    0    1    0    5    12
8983.2    703    0    195656    73577    0    0    0    2    0    4    12
9083.21    702    0    195400    73311    0    0    0    2    1    3    14
9183.46    702    0    195188    73114    0    0    0    3    0    3    14
9284.32    702    0    194931    72878    0    0    0    3    1    2    14
9384.67    702    0    194698    72666    0    0    0    0    1    5    14
9484.68    702    0    194549    72526    0    0    1    1    0    2    15
9584.91    702    0    194293    72298    0    0    0    2    0    2    15
9685.22    702    0    194067    72090    0    0    0    0    0    4    15
9785.43    702    0    193867    71874    0    0    0    2    1    1    15
9885.74    702    0    193572    71629    0    0    0    1    1    2    15
9986.16    702    0    193346    71430    0    0    0    0    0    2    17
10086.5    702    0    193218    71315    0    0    0    0    1    1    17
10186.8    702    0    192965    71082    0    0    0    0    0    2    17
10286.8    702    0    192725    70858    0    0    0    1    1    0    17
10386.8    702    0    192501    70615    0    0    0    1    1    0    17
10486.8    702    0    192273    70423    0    0    0    1    0    1    17
10586.8    702    0    191968    70187    0    0    0    0    1    1    17
10687.1    702    0    191733    69968    0    0    0    0    1    1    17
10787.6    702    0    191424    69745    0    0    0    1    1    0    17
10887.7    702    0    191207    69511    0    0    0    0    0    2    17
10988.5    702    0    190974    69282    0    0    0    1    0    1    17
12914.8    701    2    190955    69269    0    0    0    0    0    0    18
13015.2    701    0    190700    69040    0    0    0    0    1    1    18
13115.5    701    0    190423    68798    0    0    0    1    1    0    18
13215.6    701    0    190122    68561    0    0    0    1    1    0    18
13316.5    701    0    189851    68336    0    0    0    1    0    1    18
13416.5    701    0    189573    68093    0    0    0    1    1    0    18
13516.8    701    0    189294    67869    0    0    0    0    0    2    18
13616.9    701    0    189071    67653    0    0    0    0    1    1    18
13716.9    701    0    188831    67433    0    0    0    0    1    1    18
13817    701    0    188596    67236    0    0    0    0    0    2    18
13917.8    701    0    188320    66993    0    0    0    0    1    1    18
14018    701    0    188078    66784    0    0    0    0    1    1    18
14118.2    701    0    187817    66557    0    0    0    0    1    1    18
14219.2    701    0    187553    66334    0    0    0    1    0    1    18
14319.3    701    0    187338    66131    0    0    0    0    0    2    18
14420    701    0    187085    65919    0    0    0    0    1    1    18
14520.4    701    0    186839    65696    0    0    0    0    1    1    18
14620.5    701    0    186512    65465    0    0    0    0    1    1    18
14721.5    701    0    186233    65241    0    0    0    1    0    1    18
14822.1    701    0    186008    65042    0    0    0    0    1    1    18
14922.2    701    0    185762    64828    0    0    0    1    1    0    18
15022.6    700    2    185534    64628    0    0    0    1    0    1    18
15377.2    699    2    185443    64551    0    0    0    0    0    0    22
16368.9    698    2    185216    64375    0    0    0    0    0    0    24
16469.5    698    0    184971    64151    0    0    0    0    0    2    24
16569.5    698    0    184713    63937    0    0    0    1    0    1    24
16670.5    698    0    184457    63737    0    0    0    0    1    1    24
16771.5    698    0    184188    63497    0    0    0    0    0    2    24
16871.8    698    0    183950    63295    0    0    0    0    1    1    24
16972.4    698    0    183728    63092    0    0    0    1    1    0    24
17072.4    697    0    183397    62791    0    0    0    2    1    1    24
17172.4    697    0    183053    62512    0    0    0    1    2    1    24
17273.7    697    0    182871    62331    0    0    0    0    1    1    25
17373.7    697    0    182711    62207    0    0    0    1    1    0    25
17473.7    697    0    182431    61982    0    0    0    0    1    1    25
17573.8    697    0    182208    61796    0    0    0    1    1    0    25
17674.4    697    0    181957    61564    0    0    0    0    0    2    25
17774.8    697    0    181746    61373    0    0    0    0    0    2    25
17874.9    696    0    181281    60995    0    0    0    2    0    2    25
17977.4    696    0    181012    60769    0    0    0    1    1    2    25
18077.9    696    0    180763    60558    0    0    0    1    1    2    25
18179    696    0    180550    60383    0    0    0    1    0    3    25
18279.2    695    0    180144    60060    0    0    0    2    1    3    25
18379.3    695    0    179864    59861    0    0    1    1    0    2    26
18479.6    695    0    179700    59728    0    0    0    2    1    1    26
18579.6    695    0    179413    59519    0    0    0    2    0    2    26
18679.7    695    0    179179    59297    0    0    0    3    0    1    26
18780.7    695    0    178938    59076    0    0    0    3    0    1    26
18881.4    695    0    178688    58872    0    0    0    1    1    2    26
18981.5    695    0    178447    58695    0    0    0    1    0    3    26
19081.9    695    0    178175    58488    0    0    0    1    1    2    26
19182    695    0    177902    58282    0    0    0    2    0    2    26
19282.1    694    0    177549    58028    0    0    0    4    0    2    26
19382.1    694    0    177207    57784    0    0    0    3    1    2    26
19482.2    694    0    176908    57573    0    0    1    0    0    5    26
19583.2    694    0    176718    57395    0    0    0    1    0    5    26
19683.5    694    0    176476    57205    0    0    0    0    1    5    26
19783.8    694    0    176243    57012    0    0    0    2    1    3    26
19883.9    694    0    176010    56806    0    0    0    0    1    3    28
19984    694    0    175858    56668    0    0    0    2    0    2    28
20084.4    694    0    175632    56469    0    0    0    0    1    3    28
20184.6    694    0    175329    56260    0    0    0    1    1    2    28
20285.1    693    0    174952    55965    0    0    0    1    1    4    28
20385.2    693    0    174690    55749    0    0    0    4    1    1    28
20486    693    0    174475    55569    0    0    0    2    1    3    28
20587.2    693    0    174212    55359    0    0    0    1    1    4    28
20687.3    693    0    173930    55142    0    0    0    2    0    4    28
20787.9    693    0    173628    54937    0    0    0    3    1    2    28
20891.5    693    0    173399    54764    0    0    0    3    1    0    29
20992.5    693    0    173184    54610    0    0    0    0    0    4    29
21092.6    693    0    172924    54420    0    0    0    2    1    1    29
21192.9    693    0    172632    54224    0    0    0    2    1    1    29
21294.3    693    0    172399    54021    0    0    0    1    0    3    29
21394.4    693    0    172245    53906    0    0    0    1    1    0    30
21495.2    693    0    172004    53733    0    0    0    1    1    0    30
21595.3    693    0    171707    53517    0    0    0    1    0    1    30
21696    693    0    171436    53305    0    0    0    0    1    1    30
21796.2    692    0    170989    52961    0    0    0    1    1    2    30
21896.8    692    0    170710    52751    0    0    0    1    1    2    30
21996.8    692    0    170457    52551    0    0    0    1    0    3    30
22097    692    0    170283    52394    0    0    0    1    1    2    30
22197.9    692    0    170034    52199    0    0    0    1    1    2    30
22298.3    690    0    169682    51924    0    0    0    4    1    3    30
22398.5    690    0    169413    51679    0    0    0    2    1    5    30
22498.9    690    0    169180    51483    0    0    0    5    1    2    30
22599.7    690    0    168917    51285    0    0    0    5    1    2    30
22700.5    690    0    168622    51066    0    0    0    2    0    6    30
22800.6    690    0    168389    50875    0    0    0    3    1    4    30
22900.6    690    0    168162    50685    0    0    0    2    1    5    30
23000.6    690    0    167941    50515    0    0    0    6    0    2    30
23101.9    690    0    167703    50330    0    0    0    5    1    2    30
23202    690    0    167485    50167    0    0    0    1    1    6    30
23302.4    690    0    167227    49984    0    0    0    4    1    3    30
23402.5    690    0    166971    49799    0    0    0    3    1    2    31
23503.9    690    0    166766    49673    0    0    0    3    1    2    31
23604    690    0    166506    49483    0    0    0    3    0    3    31
23707    689    0    166170    49273    0    0    0    3    1    4    31
23807.1    689    0    165904    49060    0    0    0    4    0    4    31
23907.2    689    0    165663    48869    0    0    0    4    0    4    31
24007.3    689    0    165415    48674    0    0    0    2    1    5    31
24107.8    689    0    165199    48489    0    0    0    1    1    6    31
24208.5    689    0    164953    48323    0    0    0    3    0    5    31
24308.5    689    0    164733    48155    0    0    1    5    0    2    31
24408.5    689    0    164441    47952    0    0    1    6    0    1    31
24508.6    689    0    164121    47747    0    0    1    4    0    3    31
24608.7    689    0    163842    47571    0    0    0    1    1    6    31
24708.8    689    0    163624    47394    0    0    0    4    0    4    31
24808.9    689    0    163384    47225    0    0    1    3    1    3    31
24909    689    0    163120    47042    0    0    0    6    0    2    31
25009.1    689    0    162900    46885    0    0    1    5    0    2    31
25109.3    689    0    162681    46714    0    0    0    3    1    2    33
25210.4    689    0    162517    46603    0    0    0    2    1    1    35
25311.7    689    0    162322    46443    0    0    0    0    0    4    35
25411.7    688    0    161933    46197    0    0    0    4    0    2    35
25512    688    0    161661    46013    0    0    0    4    0    2    35
25612    687    0    161398    45833    0    0    0    2    1    5    35
25712.4    687    0    161016    45589    0    0    0    5    1    2    35
25813.2    687    0    160717    45402    0    0    0    3    1    4    35
25914.8    687    0    160495    45241    0    0    0    3    1    4    35
26015.1    687    0    160246    45064    0    0    0    3    1    4    35
26115.5    686    0    159907    44833    0    0    0    6    1    3    35
26216.1    686    0    159639    44662    0    0    0    5    1    4    35
26316.8    686    0    159407    44489    0    0    0    2    1    7    35
26417.6    686    0    159136    44308    0    0    0    3    1    6    35
26518    686    0    158921    44147    0    0    0    2    1    7    35
26618.1    685    0    158640    43954    0    0    0    6    0    6    35
26719.1    685    0    158404    43782    0    0    0    6    0    6    35
26819.2    685    0    158149    43600    0    0    1    5    0    6    35
26919.5    685    0    157934    43456    0    0    0    5    0    5    37
27020    685    0    157695    43292    0    0    0    8    0    2    37
27120.1    685    0    157403    43104    0    0    0    6    2    2    37
27220.1    685    0    157200    42937    0    0    0    4    1    5    37
27320.6    685    0    156922    42750    0    0    0    6    1    3    37
27420.6    685    0    156603    42548    0    0    0    3    1    6    37
27520.7    685    0    156373    42377    0    0    0    5    0    5    37
27620.7    684    0    156091    42190    0    0    1    5    0    6    37
27721.1    684    0    155846    42023    0    0    0    2    2    8    37
27821.6    684    0    155626    41872    0    0    0    3    1    8    37
27922.6    684    0    155316    41688    0    0    0    10    1    1    37
28022.7    684    0    155079    41540    0    0    1    3    0    8    37
28122.8    684    0    154850    41381    0    0    1    6    0    5    37
28222.8    684    0    154646    41228    0    0    0    5    1    6    37
28323.5    684    0    154408    41059    0    0    0    6    1    5    37
28423.8    683    0    154148    40871    0    0    0    9    2    3    37
28524.4    683    0    153892    40693    0    0    0    7    0    7    37
28625.1    683    0    153639    40531    0    0    0    9    1    4    37
28725.7    683    0    153455    40385    0    0    0    5    0    9    37
28826.1    683    0    153202    40207    0    0    0    5    0    9    37
28926.2    683    0    152971    40048    0    0    0    9    0    3    39
29026.9    683    0    152717    39893    0    0    0    6    1    5    39
29127.1    683    0    152496    39737    0    0    0    7    0    5    39
29227.3    683    0    152242    39557    0    0    0    5    1    6    39
29328.2    683    0    152003    39383    0    0    0    4    0    8    39
29428.8    682    0    151746    39238    0    0    0    5    1    6    40
29528.9    682    0    151537    39106    0    0    1    7    1    3    40
29630.6    682    0    151281    38944    0    0    0    4    1    5    42
29730.8    682    0    151048    38790    0    0    0    7    0    3    42
29831    682    0    150835    38640    0    0    0    4    0    6    42
29932.9    682    0    150616    38502    0    0    0    3    1    6    42
