0 0.00477503 5.28971e-13 0.990141 0.227913 3.18784e-13 1.7045e-13 2.23283e-10 8.43272e-09 3.63956e-10 7.14182e-09 0.000354457
10 0.00477495 5.29055e-13 0.989969 0.227812 3.18869e-13 1.70456e-13 2.23369e-10 8.43355e-09 3.64e-10 7.14061e-09 0.000354574
20 0.00477488 5.29139e-13 0.989797 0.227712 3.18953e-13 1.70673e-13 2.23452e-10 8.43423e-09 3.64037e-10 7.13926e-09 0.00035469
30 0.0047748 5.29224e-13 0.989626 0.227611 3.19038e-13 1.70635e-13 2.2354e-10 8.43512e-09 3.64082e-10 7.1381e-09 0.000354806
40 0.00477473 5.29308e-13 0.989454 0.227511 3.19123e-13 1.70467e-13 2.2363e-10 8.4361e-09 3.64132e-10 7.13702e-09 0.000354923
50 0.00477465 5.29392e-13 0.989282 0.22741 3.19208e-13 1.70294e-13 2.23721e-10 8.43709e-09 3.64182e-10 7.13593e-09 0.000355039
60 0.00477458 5.29477e-13 0.98911 0.22731 3.19293e-13 1.7024e-13 2.23809e-10 8.43798e-09 3.64228e-10 7.13477e-09 0.000355155
70 0.00477451 5.29561e-13 0.988939 0.227209 3.19378e-13 1.70432e-13 2.23892e-10 8.43866e-09 3.64265e-10 7.13343e-09 0.000355272
80 0.00477443 5.29646e-13 0.988767 0.227109 3.19463e-13 1.70767e-13 2.23973e-10 8.43926e-09 3.64298e-10 7.13201e-09 0.000355388
90 0.00477436 5.2973e-13 0.988595 0.227008 3.19548e-13 1.71003e-13 2.24056e-10 8.43993e-09 3.64335e-10 7.13066e-09 0.000355504
100 0.00477428 5.29815e-13 0.988423 0.226908 3.19633e-13 1.71152e-13 2.2414e-10 8.44067e-09 3.64374e-10 7.12937e-09 0.000355621
110 0.00477421 5.29899e-13 0.988252 0.226808 3.19718e-13 1.71222e-13 2.24226e-10 8.44148e-09 3.64416e-10 7.12813e-09 0.000355737
120 0.00477413 5.29984e-13 0.98808 0.226707 3.19803e-13 1.71225e-13 2.24314e-10 8.44233e-09 3.64461e-10 7.12694e-09 0.000355853
130 0.00477406 5.30069e-13 0.987908 0.226607 3.19888e-13 1.7117e-13 2.24403e-10 8.44323e-09 3.64507e-10 7.12578e-09 0.00035597
140 0.00477399 5.30153e-13 0.987736 0.226507 3.19973e-13 1.71067e-13 2.24493e-10 8.44417e-09 3.64555e-10 7.12466e-09 0.000356086
150 0.00477391 5.30238e-13 0.987565 0.226406 3.20059e-13 1.70928e-13 2.24583e-10 8.44514e-09 3.64604e-10 7.12356e-09 0.000356202
160 0.00477384 5.30323e-13 0.987393 0.226306 3.20144e-13 1.70761e-13 2.24675e-10 8.44613e-09 3.64654e-10 7.12247e-09 0.000356319
170 0.00477376 5.30407e-13 0.987221 0.226206 3.20229e-13 1.70578e-13 2.24766e-10 8.44712e-09 3.64705e-10 7.1214e-09 0.000356435
180 0.00477369 5.30492e-13 0.987049 0.226106 3.20314e-13 1.70387e-13 2.24858e-10 8.44813e-09 3.64756e-10 7.12033e-09 0.000356551
190 0.00477362 5.30577e-13 0.986878 0.226006 3.204e-13 1.702e-13 2.2495e-10 8.44913e-09 3.64806e-10 7.11926e-09 0.000356668
200 0.00477354 5.30662e-13 0.986706 0.225905 3.20485e-13 1.70026e-13 2.25041e-10 8.45011e-09 3.64856e-10 7.11817e-09 0.000356784
210 0.00477347 5.30747e-13 0.986534 0.225805 3.20571e-13 1.69877e-13 2.25132e-10 8.45108e-09 3.64906e-10 7.11707e-09 0.0003569
220 0.00477339 5.30832e-13 0.986362 0.225705 3.20656e-13 1.6976e-13 2.25223e-10 8.45201e-09 3.64954e-10 7.11594e-09 0.000357016
230 0.00477332 5.30917e-13 0.986191 0.225605 3.20742e-13 1.69688e-13 2.25312e-10 8.45291e-09 3.65e-10 7.11478e-09 0.000357133
240 0.00477324 5.31001e-13 0.986019 0.225505 3.20827e-13 1.6967e-13 2.254e-10 8.45377e-09 3.65044e-10 7.11358e-09 0.000357249
250 0.00477317 5.31086e-13 0.985847 0.225405 3.20913e-13 1.69717e-13 2.25487e-10 8.45457e-09 3.65086e-10 7.11233e-09 0.000357365
260 0.0047731 5.31171e-13 0.985675 0.225305 3.20998e-13 1.69837e-13 2.25572e-10 8.45531e-09 3.65126e-10 7.11103e-09 0.000357482
270 0.00477302 5.31257e-13 0.985504 0.225205 3.21084e-13 1.70043e-13 2.25656e-10 8.45598e-09 3.65162e-10 7.10967e-09 0.000357598
280 0.00477295 5.31342e-13 0.985332 0.225105 3.2117e-13 1.70343e-13 2.25737e-10 8.45658e-09 3.65195e-10 7.10824e-09 0.000357714
