457.216 0.00498856 1.40325e-05 1.50497 0.644774 0 0 0 0 0 0 1.40325e-05
757.226 0.00498155 0 1.49738 0.63728 0 0 7.01627e-06 7.01627e-06 0 1.40325e-05 1.40325e-05
1057.34 0.00498155 0 1.49012 0.629506 0 0 0 2.10488e-05 0 7.01627e-06 1.40325e-05
1357.4 0.00498155 0 1.48455 0.623964 0 0 0 7.01627e-06 0 2.10488e-05 1.40325e-05
1657.44 0.00497453 0 1.47779 0.616975 0 0 0 7.01627e-06 0 3.50813e-05 1.40325e-05
1957.48 0.00497453 0 1.47382 0.613067 0 0 0 7.01627e-06 7.01627e-06 1.40325e-05 2.80651e-05
2257.89 0.00497453 0 1.47002 0.60885 0 0 0 7.01627e-06 7.01627e-06 0 4.20976e-05
2558.03 0.00497453 0 1.46593 0.605055 0 0 0 7.01627e-06 0 7.01627e-06 4.20976e-05
2858.96 0.00497453 0 1.46037 0.600045 0 0 0 0 7.01627e-06 7.01627e-06 4.20976e-05
3159.7 0.00497453 0 1.45486 0.594825 0 0 0 7.01627e-06 0 7.01627e-06 4.20976e-05
3892.42 0.00496752 1.40325e-05 1.45288 0.592938 0 0 0 0 0 0 5.61301e-05
4192.69 0.00496752 0 1.44793 0.587802 0 0 0 0 0 1.40325e-05 5.61301e-05
4492.76 0.0049605 0 1.44099 0.580828 0 0 0 0 0 1.40325e-05 7.01627e-05
4793.87 0.00495348 0 1.43417 0.574352 0 0 0 7.01627e-06 7.01627e-06 1.40325e-05 7.01627e-05
5094.37 0.00495348 0 1.42735 0.56803 0 0 0 7.01627e-06 7.01627e-06 1.40325e-05 7.01627e-05
5394.7 0.00494647 0 1.42103 0.561926 0 0 0 1.40325e-05 0 2.80651e-05 7.01627e-05
5694.7 0.00493945 0 1.41275 0.553927 0 0 0 2.10488e-05 7.01627e-06 2.80651e-05 7.01627e-05
5994.89 0.00493945 0 1.40839 0.549661 0 0 0 7.01627e-06 0 3.50813e-05 8.41952e-05
6296.06 0.00493945 0 1.40384 0.545276 0 0 0 1.40325e-05 7.01627e-06 2.10488e-05 8.41952e-05
6596.48 0.00493945 0 1.40016 0.541873 0 0 0 0 0 2.80651e-05 9.82277e-05
6897.05 0.00493945 0 1.39629 0.537993 0 0 0 7.01627e-06 0 7.01627e-06 0.000105244
7197.11 0.00493945 0 1.39318 0.534892 0 0 0 7.01627e-06 7.01627e-06 0 0.000105244
7497.25 0.00493945 0 1.38815 0.530121 0 0 0 0 0 1.40325e-05 0.000105244
7797.54 0.00493243 0 1.37826 0.520965 0 0 0 0 0 1.40325e-05 0.000119277
8097.94 0.00493243 0 1.37521 0.518046 0 0 0 7.01627e-06 7.01627e-06 0 0.000119277
8398.18 0.00492542 0 1.36513 0.509135 0 0 0 0 7.01627e-06 7.01627e-06 0.000126293
8698.51 0.00492542 0 1.36301 0.507002 0 0 0 0 7.01627e-06 7.01627e-06 0.000126293
9008.96 0.0049184 1.40325e-05 1.36095 0.504996 0 0 0 0 0 0 0.000140325
9520.67 0.00491139 1.40325e-05 1.35677 0.501319 0 0 0 0 0 0 0.000154358
9821.01 0.00490437 0 1.34897 0.494513 0 0 0 7.01627e-06 7.01627e-06 1.40325e-05 0.000154358
10121.3 0.00490437 0 1.34145 0.487869 0 0 0 2.10488e-05 7.01627e-06 0 0.000154358
10423.4 0.00490437 0 1.33735 0.484235 0 0 0 0 7.01627e-06 7.01627e-06 0.00016839
10723.7 0.00490437 0 1.33296 0.48074 0 0 0 0 7.01627e-06 7.01627e-06 0.00016839
11024.3 0.00490437 0 1.32742 0.475969 0 0 0 7.01627e-06 0 7.01627e-06 0.00016839
11324.3 0.00490437 0 1.3224 0.471514 0 0 0 0 0 1.40325e-05 0.00016839
11624.3 0.00490437 0 1.31697 0.466834 0 0 7.01627e-06 7.01627e-06 0 0 0.00016839
11924.8 0.00490437 0 1.31192 0.462351 0 0 0 0 0 1.40325e-05 0.00016839
12225 0.00490437 0 1.30611 0.457601 0 0 0 0 0 1.40325e-05 0.00016839
12526.2 0.00489735 0 1.30097 0.453216 0 0 0 0 0 1.40325e-05 0.000182423
12855.1 0.00489034 1.40325e-05 1.30089 0.45311 0 0 0 0 0 0 0.000196455
13848.3 0.00488332 1.40325e-05 1.29929 0.451876 0 0 0 0 0 0 0.000210488
14149.3 0.00488332 0 1.29397 0.447399 0 0 0 0 7.01627e-06 7.01627e-06 0.000210488
14449.5 0.00488332 0 1.28886 0.442888 0 0 0 7.01627e-06 7.01627e-06 0 0.000210488
14749.5 0.0048763 0 1.28177 0.436517 0 0 0 7.01627e-06 0 7.01627e-06 0.000217504
15050.5 0.0048763 0 1.2781 0.433605 0 0 0 0 7.01627e-06 7.01627e-06 0.000217504
15350.7 0.00486929 0 1.27236 0.428729 0 0 0 0 0 1.40325e-05 0.000231537
15650.9 0.00486929 0 1.26699 0.424709 0 0 0 0 7.01627e-06 7.01627e-06 0.000231537
15951.4 0.00486929 0 1.26256 0.420758 0 0 0 7.01627e-06 0 7.01627e-06 0.000231537
16251.4 0.00486929 0 1.25743 0.416738 0 0 7.01627e-06 7.01627e-06 0 0 0.000231537
16551.5 0.00486929 0 1.25194 0.412318 0 0 0 0 7.01627e-06 7.01627e-06 0.000231537
17894.5 0.00486227 1.40325e-05 1.24711 0.408585 0 0 0 0 0 0 0.000245569
18194.6 0.00485526 0 1.23669 0.400664 0 0 0 1.40325e-05 7.01627e-06 7.01627e-06 0.000245569
18494.7 0.00485526 0 1.23332 0.397626 0 0 0 7.01627e-06 0 7.01627e-06 0.000259602
18795.2 0.00485526 0 1.22935 0.394483 0 0 0 0 0 1.40325e-05 0.000259602
19095.5 0.00484824 0 1.21873 0.386133 0 0 0 1.40325e-05 0 1.40325e-05 0.000259602
20292.8 0.00484122 1.40325e-05 1.21485 0.383397 0 0 0 0 0 0 0.000280651
20592.9 0.00484122 0 1.20971 0.379531 0 0 0 7.01627e-06 0 7.01627e-06 0.000280651
20894.3 0.00484122 0 1.20426 0.375595 0 0 0 0 7.01627e-06 7.01627e-06 0.000280651
21194.5 0.00483421 0 1.19421 0.367947 0 0 0 2.10488e-05 7.01627e-06 0 0.000280651
21494.5 0.00482719 0 1.18832 0.363218 0 0 0 1.40325e-05 0 2.80651e-05 0.000280651
21794.6 0.00482719 0 1.1813 0.357703 0 0 0 7.01627e-06 7.01627e-06 2.80651e-05 0.000280651
22095 0.00482719 0 1.17666 0.353921 0 0 0 7.01627e-06 0 3.50813e-05 0.000280651
22395.5 0.00482719 0 1.17164 0.350224 0 0 0 7.01627e-06 0 2.10488e-05 0.000294683
22696.2 0.00482719 0 1.16787 0.347684 0 0 0 1.40325e-05 7.01627e-06 7.01627e-06 0.000294683
22996.2 0.00482017 0 1.16065 0.342303 0 0 0 2.80651e-05 0 1.40325e-05 0.000294683
23296.6 0.00482017 0 1.15655 0.339342 0 0 0 7.01627e-06 7.01627e-06 1.40325e-05 0.000301699
23597.3 0.00482017 0 1.15201 0.335777 0 0 0 7.01627e-06 7.01627e-06 1.40325e-05 0.000301699
23897.3 0.00482017 0 1.14616 0.332045 0 0 0 0 7.01627e-06 2.10488e-05 0.000301699
24197.8 0.00482017 0 1.14019 0.328242 0 0 0 7.01627e-06 7.01627e-06 0 0.000315732
24497.9 0.00481316 0 1.13622 0.325358 0 0 7.01627e-06 1.40325e-05 0 7.01627e-06 0.000315732
24797.9 0.00480614 0 1.12613 0.318728 0 0 0 2.10488e-05 7.01627e-06 1.40325e-05 0.000315732
25097.9 0.00479913 0 1.11847 0.313529 0 0 7.01627e-06 3.50813e-05 0 1.40325e-05 0.000315732
25399 0.00479913 0 1.11306 0.309621 0 0 0 1.40325e-05 0 2.80651e-05 0.000329764
25699.1 0.00479913 0 1.10908 0.306744 0 0 0 2.10488e-05 7.01627e-06 1.40325e-05 0.000329764
25999.3 0.00479913 0 1.1051 0.30412 0 0 0 1.40325e-05 0 1.40325e-05 0.000343797
26299.4 0.00479913 0 1.10054 0.300829 0 0 0 7.01627e-06 7.01627e-06 1.40325e-05 0.000343797
26599.4 0.00479211 0 1.09475 0.296999 0 0 7.01627e-06 1.40325e-05 0 2.10488e-05 0.000343797
26899.8 0.00479211 0 1.08716 0.292101 0 0 0 1.40325e-05 7.01627e-06 2.10488e-05 0.000343797
27200.9 0.00479211 0 1.08255 0.288691 0 0 0 2.10488e-05 0 2.10488e-05 0.000343797
27501.2 0.00478509 0 1.07596 0.284061 0 0 0 2.10488e-05 0 3.50813e-05 0.000343797
27801.4 0.00478509 0 1.07097 0.280721 0 0 0 2.10488e-05 7.01627e-06 1.40325e-05 0.000350813
28101.4 0.00478509 0 1.06688 0.277858 0 0 0 2.10488e-05 7.01627e-06 1.40325e-05 0.000350813
28401.6 0.00477808 0 1.06185 0.274589 0 0 0 1.40325e-05 0 2.80651e-05 0.000364846
28701.9 0.00477808 0 1.05731 0.271368 0 0 0 7.01627e-06 7.01627e-06 2.80651e-05 0.000364846
29003.4 0.00477808 0 1.0536 0.268947 0 0 0 0 0 2.80651e-05 0.000378878
29303.7 0.00477808 0 1.0491 0.265959 0 0 0 7.01627e-06 0 2.10488e-05 0.000378878
29605.2 0.00477808 0 1.0434 0.26257 0 0 0 0 7.01627e-06 7.01627e-06 0.000392911
29905.2 0.00477808 0 1.04092 0.260816 0 0 7.01627e-06 0 0 7.01627e-06 0.000392911
