457.216 0.00498856 1.40325e-05 1.50497 0.644774 0 0 0 0 0 0 1.40325e-05
727.258 0.00498155 0 1.4985 0.638347 0 0 0 0 7.01627e-06 2.10488e-05 1.40325e-05
997.351 0.00498155 0 1.49177 0.631092 0 0 0 2.10488e-05 0 7.01627e-06 1.40325e-05
1268.06 0.00498155 0 1.48682 0.625977 0 0 0 0 7.01627e-06 2.10488e-05 1.40325e-05
1538.51 0.00497453 0 1.48169 0.620771 0 0 0 2.10488e-05 7.01627e-06 1.40325e-05 1.40325e-05
1810.25 0.00497453 0 1.47621 0.615355 0 0 0 1.40325e-05 0 1.40325e-05 2.80651e-05
2080.8 0.00497453 0 1.47234 0.611552 0 0 0 0 0 2.80651e-05 2.80651e-05
2351.08 0.00497453 0 1.46968 0.608415 0 0 0 0 7.01627e-06 7.01627e-06 4.20976e-05
2621.23 0.00497453 0 1.46514 0.604374 0 0 0 0 7.01627e-06 7.01627e-06 4.20976e-05
2891.41 0.00497453 0 1.46015 0.599814 0 0 0 0 0 1.40325e-05 4.20976e-05
3161.51 0.00497453 0 1.45503 0.595028 0 0 0 0 0 1.40325e-05 4.20976e-05
3913.62 0.00496752 1.40325e-05 1.45288 0.592938 0 0 0 0 0 0 5.61301e-05
4184.06 0.00496752 0 1.44854 0.588391 0 0 0 7.01627e-06 0 7.01627e-06 5.61301e-05
4454.09 0.0049605 0 1.44305 0.582982 0 0 0 0 0 2.80651e-05 5.61301e-05
4724.71 0.00495348 0 1.43577 0.576042 0 0 0 1.40325e-05 0 1.40325e-05 7.01627e-05
4994.76 0.00495348 0 1.4301 0.570387 0 0 0 1.40325e-05 7.01627e-06 7.01627e-06 7.01627e-05
5264.76 0.00495348 0 1.42502 0.565799 0 0 0 7.01627e-06 0 2.10488e-05 7.01627e-05
5535.4 0.00493945 0 1.41819 0.559147 0 0 0 7.01627e-06 0 4.91139e-05 7.01627e-05
5805.51 0.00493945 0 1.41157 0.552854 0 0 0 1.40325e-05 0 2.80651e-05 8.41952e-05
6076.36 0.00493945 0 1.4079 0.549339 0 0 0 2.80651e-05 7.01627e-06 7.01627e-06 8.41952e-05
6346.62 0.00493945 0 1.40387 0.545325 0 0 0 7.01627e-06 7.01627e-06 2.80651e-05 8.41952e-05
6616.68 0.00493945 0 1.40045 0.542224 0 0 7.01627e-06 7.01627e-06 7.01627e-06 7.01627e-06 9.82277e-05
6888.11 0.00493945 0 1.39683 0.538498 0 0 0 0 7.01627e-06 7.01627e-06 0.000105244
7158.42 0.00493945 0 1.39401 0.535734 0 0 0 7.01627e-06 0 7.01627e-06 0.000105244
7428.7 0.00493945 0 1.38999 0.531735 0 0 0 0 0 1.40325e-05 0.000105244
7698.92 0.00493243 0 1.38271 0.524985 0 0 0 7.01627e-06 0 2.10488e-05 0.000105244
7969.59 0.00492542 0 1.37377 0.516881 0 0 0 7.01627e-06 7.01627e-06 2.80651e-05 0.000105244
8239.62 0.0049184 0 1.36781 0.511149 0 0 0 2.10488e-05 7.01627e-06 1.40325e-05 0.000119277
8510.23 0.0049184 0 1.36453 0.508062 0 0 0 1.40325e-05 0 1.40325e-05 0.000126293
8780.24 0.0049184 0 1.36087 0.504687 0 0 0 7.01627e-06 0 2.10488e-05 0.000126293
9050.46 0.0049184 0 1.35646 0.500793 0 0 0 0 7.01627e-06 7.01627e-06 0.000140325
9321.33 0.0049184 0 1.35391 0.498407 0 0 0 0 0 1.40325e-05 0.000140325
9591.79 0.0049184 0 1.34949 0.494205 0 0 0 0 7.01627e-06 7.01627e-06 0.000140325
9861.79 0.0049184 0 1.34407 0.48982 0 0 0 7.01627e-06 0 7.01627e-06 0.000140325
12041.2 0.00491139 1.40325e-05 1.33992 0.485827 0 0 0 0 0 0 0.000147342
12311.4 0.00491139 0 1.33482 0.481435 0 0 0 0 0 1.40325e-05 0.000147342
12581.7 0.00491139 0 1.32965 0.477064 0 0 0 0 7.01627e-06 7.01627e-06 0.000147342
12852.4 0.00491139 0 1.32489 0.472826 0 0 0 0 0 1.40325e-05 0.000147342
13122.6 0.00491139 0 1.32012 0.468715 0 0 0 0 7.01627e-06 7.01627e-06 0.000147342
13393 0.00491139 0 1.3154 0.464554 0 0 0 0 0 1.40325e-05 0.000147342
13663.1 0.00491139 0 1.31048 0.460449 0 0 0 7.01627e-06 7.01627e-06 0 0.000147342
13933.4 0.00491139 0 1.30547 0.456401 0 0 0 7.01627e-06 0 7.01627e-06 0.000147342
14502.4 0.00489735 1.40325e-05 1.30124 0.452725 0 0 0 0 0 0 0.000175407
15495.3 0.00489034 1.40325e-05 1.29965 0.45149 0 0 0 0 0 0 0.000189439
15765.5 0.00489034 0 1.29489 0.447448 0 0 0 0 0 1.40325e-05 0.000189439
16036.2 0.00489034 0 1.29026 0.443379 0 0 0 0 7.01627e-06 7.01627e-06 0.000189439
16306.3 0.00488332 0 1.28337 0.437317 0 0 0 7.01627e-06 0 7.01627e-06 0.000196455
16577 0.00488332 0 1.28039 0.434854 0 0 0 0 7.01627e-06 7.01627e-06 0.000196455
16847.1 0.00488332 0 1.27587 0.431016 0 0 7.01627e-06 7.01627e-06 0 0 0.000196455
17117.3 0.0048763 0 1.27079 0.42668 0 0 0 0 0 1.40325e-05 0.000210488
17389.1 0.0048763 0 1.26578 0.423095 0 0 0 0 7.01627e-06 7.01627e-06 0.000210488
17659.5 0.0048763 0 1.26213 0.419594 0 0 0 7.01627e-06 7.01627e-06 0 0.000210488
17929.5 0.0048763 0 1.25711 0.415868 0 0 0 7.01627e-06 0 7.01627e-06 0.000210488
18199.7 0.0048763 0 1.25226 0.411911 0 0 0 0 7.01627e-06 7.01627e-06 0.000210488
18470 0.0048763 0 1.24761 0.408368 0 0 0 0 7.01627e-06 7.01627e-06 0.000210488
19540 0.00486929 1.40325e-05 1.24747 0.408199 0 0 0 0 0 0 0.000224521
19810.3 0.00486227 0 1.23792 0.400994 0 0 0 7.01627e-06 7.01627e-06 1.40325e-05 0.000224521
20080.4 0.00486227 0 1.23436 0.397857 0 0 0 7.01627e-06 0 7.01627e-06 0.000238553
20350.4 0.00486227 0 1.23154 0.395542 0 0 0 0 7.01627e-06 7.01627e-06 0.000238553
20620.7 0.00485526 0 1.22403 0.389529 0 0 0 1.40325e-05 0 1.40325e-05 0.000238553
20891 0.00485526 0 1.21758 0.384716 0 0 0 1.40325e-05 7.01627e-06 7.01627e-06 0.000238553
22004.9 0.00484824 1.40325e-05 1.21518 0.383039 0 0 0 0 0 0 0.000259602
22275.1 0.00484824 0 1.21014 0.379313 0 0 0 7.01627e-06 7.01627e-06 0 0.000259602
22545.7 0.00484824 0 1.2053 0.375784 0 0 0 0 7.01627e-06 7.01627e-06 0.000259602
22815.7 0.00484122 0 1.19698 0.369533 0 0 0 7.01627e-06 7.01627e-06 1.40325e-05 0.000259602
23086.2 0.00484122 0 1.19179 0.365435 0 0 0 0 7.01627e-06 2.10488e-05 0.000259602
23356.2 0.00483421 0 1.18557 0.36039 0 0 0 2.80651e-05 7.01627e-06 7.01627e-06 0.000259602
23626.2 0.00483421 0 1.18054 0.356391 0 0 0 1.40325e-05 0 2.80651e-05 0.000259602
23896.5 0.00483421 0 1.1761 0.352995 0 0 0 2.80651e-05 0 1.40325e-05 0.000259602
24166.6 0.00483421 0 1.1716 0.349684 0 0 0 7.01627e-06 0 2.10488e-05 0.000273634
24437.3 0.00483421 0 1.16815 0.347375 0 0 0 1.40325e-05 7.01627e-06 7.01627e-06 0.000273634
24707.6 0.00482719 0 1.1617 0.342667 0 0 0 2.10488e-05 0 2.10488e-05 0.000273634
24978.3 0.00482719 0 1.15793 0.339805 0 0 0 1.40325e-05 7.01627e-06 7.01627e-06 0.000280651
25248.5 0.00482719 0 1.15377 0.33669 0 0 0 0 7.01627e-06 2.10488e-05 0.000280651
25519.2 0.00482719 0 1.1491 0.333497 0 0 0 7.01627e-06 7.01627e-06 1.40325e-05 0.000280651
25789.5 0.00482719 0 1.1439 0.330024 0 0 0 1.40325e-05 7.01627e-06 7.01627e-06 0.000280651
26060.4 0.00482719 0 1.13955 0.327267 0 0 0 7.01627e-06 0 7.01627e-06 0.000294683
27174.8 0.00482017 1.40325e-05 1.13887 0.326684 0 0 0 0 0 0 0.000308716
27444.9 0.00480614 0 1.12909 0.32018 0 0 0 2.10488e-05 0 2.10488e-05 0.000308716
27715 0.00479913 0 1.12094 0.314708 0 0 7.01627e-06 1.40325e-05 0 3.50813e-05 0.000308716
27985 0.00479913 0 1.11522 0.310757 0 0 0 2.10488e-05 7.01627e-06 2.80651e-05 0.000308716
28255.1 0.00479211 0 1.1097 0.306828 0 0 0 2.80651e-05 0 4.20976e-05 0.000308716
28525.3 0.00479211 0 1.10535 0.303867 0 0 0 3.50813e-05 7.01627e-06 1.40325e-05 0.000322748
28795.7 0.00479211 0 1.10112 0.30078 0 0 0 2.10488e-05 7.01627e-06 2.80651e-05 0.000322748
29065.8 0.00479211 0 1.09603 0.297342 0 0 0 3.50813e-05 0 2.10488e-05 0.000322748
29335.9 0.00478509 0 1.0904 0.293645 0 0 7.01627e-06 7.01627e-06 0 5.61301e-05 0.000322748
29606.1 0.00478509 0 1.08556 0.290523 0 0 7.01627e-06 2.10488e-05 0 4.20976e-05 0.000322748
29876.2 0.00477808 0 1.08114 0.287316 0 0 0 7.01627e-05 0 1.40325e-05 0.000322748
