457.216    711    2    214498    91897    0    0    0    0    0    0    2
717.228    710    0    213641    91047    0    0    0    1    1    2    2
977.239    710    0    212677    90022    0    0    0    1    1    2    2
1237.5    710    0    212027    89325    0    0    0    3    1    0    2
1497.56    709    0    211298    88626    0    0    0    0    1    5    2
1757.81    709    0    210519    87802    0    0    0    0    0    4    4
2018.13    709    0    210026    87346    0    0    0    1    1    2    4
2278.14    709    0    209534    86803    0    0    0    1    0    1    6
2538.72    709    0    209015    86332    0    0    0    1    1    0    6
2798.87    709    0    208342    85717    0    0    0    0    1    1    6
3059.46    709    0    207610    85028    0    0    0    0    1    1    6
3909.54    708    2    207073    84509    0    0    0    0    0    0    8
4169.82    708    0    206477    83884    0    0    0    0    1    1    8
4430.71    707    0    205764    83177    0    0    0    0    0    4    8
4690.79    706    0    204686    82161    0    0    0    2    1    1    10
4950.92    706    0    203942    81403    0    0    0    0    1    3    10
5211.26    706    0    203255    80770    0    0    0    0    0    4    10
5471.5    705    0    202367    79949    0    0    0    2    1    3    10
5731.83    704    0    201418    79007    0    0    0    4    0    4    10
5995.19    704    0    200834    78469    0    0    0    3    0    3    12
6256.15    704    0    200285    77932    0    0    0    0    1    5    12
6516.31    704    0    199805    77450    0    0    0    3    1    0    14
6776.35    704    0    199262    76965    0    0    0    1    1    2    14
7037.49    704    0    198914    76583    0    0    0    0    1    1    15
7297.8    704    0    198422    76097    0    0    0    0    0    2    15
7557.85    704    0    197767    75480    0    0    0    1    1    0    15
7817.88    703    0    196475    74280    0    0    0    0    2    2    15
8078.3    702    0    195504    73365    0    0    0    2    1    1    17
8338.91    702    0    195009    72912    0    0    0    0    1    3    17
8599.29    702    0    194286    72322    0    0    0    1    1    2    17
8859.8    701    0    193552    71622    0    0    0    1    1    2    19
9120.07    700    0    192821    70952    0    0    0    1    1    4    19
9381.92    700    0    192092    70298    0    0    0    3    0    3    19
9642.53    700    0    191374    69710    0    0    0    2    0    4    19
9904.03    700    0    190863    69181    0    0    0    1    1    2    21
10164.5    700    0    190463    68784    0    0    0    1    1    2    21
10424.6    700    0    189843    68245    0    0    0    1    1    2    21
10684.6    699    0    189020    67493    0    0    0    2    1    3    21
10944.8    699    0    188196    66784    0    0    0    1    1    4    21
11204.9    699    0    187544    66212    0    0    0    3    0    3    21
11465.2    699    0    186919    65667    0    0    0    3    1    2    21
11726.3    699    0    186157    65060    0    0    0    1    1    4    21
11986.8    699    0    185796    64722    0    0    0    1    0    3    23
12247.1    698    0    185179    64219    0    0    0    1    1    0    27
12507.4    697    0    184821    63896    0    0    0    3    0    1    27
13765    696    2    184109    63294    0    0    0    0    0    0    30
14026.1    696    0    183526    62780    0    0    0    0    1    1    30
14286.1    696    0    182905    62218    0    0    0    1    1    0    30
14546.7    696    0    182234    61666    0    0    0    0    1    1    30
14806.8    695    0    181504    61020    0    0    0    2    1    1    30
15066.8    694    0    180355    60095    0    0    1    2    0    3    30
15326.9    694    0    179607    59518    0    0    0    3    0    1    31
15587.2    694    0    179040    59016    0    0    0    0    1    3    31
15847.3    694    0    178403    58522    0    0    0    1    0    3    31
16107.5    693    0    177586    57923    0    0    0    2    0    4    31
16367.6    693    0    176677    57235    0    0    0    1    0    5    31
16628.2    693    0    176075    56718    0    0    0    1    0    3    33
16889.6    693    0    175680    56371    0    0    0    0    1    3    33
17149.7    692    0    174764    55677    0    0    0    4    1    1    33
17409.7    692    0    173977    55057    0    0    0    3    2    1    33
17671.2    692    0    173344    54597    0    0    0    1    0    3    34
17931.4    692    0    172795    54215    0    0    0    2    0    2    34
18191.4    692    0    172279    53809    0    0    1    0    0    1    35
18451.7    692    0    171791    53457    0    0    0    0    1    1    35
18712.2    691    0    170791    52687    0    0    0    1    0    3    35
18972.9    691    0    170035    52078    0    0    0    0    1    1    37
19235.6    691    0    169743    51827    0    0    0    0    1    1    37
19495.8    690    0    168673    50981    0    0    0    1    1    2    37
19756    690    0    168141    50570    0    0    0    0    0    2    38
20016.5    690    0    167712    50241    0    0    0    1    0    1    38
20276.6    690    0    167072    49772    0    0    0    1    1    0    38
20536.6    690    0    166311    49276    0    0    0    1    0    1    38
20797.4    689    0    165266    48495    0    0    0    0    1    1    39
21058.6    689    0    164888    48203    0    0    0    0    1    1    39
21319    689    0    164328    47762    0    0    0    0    1    1    39
21579    689    0    163567    47303    0    0    0    1    1    0    39
21839    689    0    162862    46825    0    0    0    0    0    2    39
23039    688    2    162637    46694    0    0    0    0    0    0    41
24195.4    687    2    162380    46500    0    0    0    0    0    0    42
24455.5    685    0    161054    45624    0    0    0    1    0    5    42
24715.7    684    0    159955    44875    0    0    0    5    1    2    42
24975.7    684    0    159107    44308    0    0    0    5    1    2    42
25236    683    0    158409    43802    0    0    0    3    1    6    42
25497.8    683    0    157755    43346    0    0    0    4    1    3    44
25758.1    683    0    157199    42947    0    0    0    2    1    5    44
26019.2    683    0    156445    42462    0    0    0    6    1    1    44
26279.4    682    0    155763    41979    0    0    0    3    1    6    44
26539.9    682    0    155022    41519    0    0    0    4    1    5    44
26800    682    0    154433    41100    0    0    0    5    2    3    44
27060    681    0    153692    40586    0    0    0    7    0    5    44
27320.5    681    0    153108    40160    0    0    0    8    0    4    44
27581.1    681    0    152542    39794    0    0    0    6    0    4    46
27841.1    681    0    151963    39370    0    0    1    2    1    6    46
28101.7    680    0    151291    38972    0    0    0    5    0    3    48
28361.8    680    0    150784    38626    0    0    1    3    0    4    48
28622.4    679    0    150204    38215    0    0    0    6    1    3    48
28882.4    679    0    149485    37766    0    0    0    2    0    6    49
29142.5    679    0    148971    37442    0    0    1    3    0    4    49
29402.7    679    0    148398    37105    0    0    0    4    0    2    51
29663.3    677    0    147645    36594    0    0    0    4    1    5    51
29924.5    677    0    146781    36115    0    0    0    5    0    5    51
