0 0.00477554 5.28381e-13 0.991343 0.228618 3.18191e-13 1.70445e-13 2.22675e-10 8.42678e-09 3.63648e-10 7.1502e-09 0.000353643
10 0.00477547 5.28466e-13 0.991171 0.228517 3.18276e-13 1.70482e-13 2.22761e-10 8.42759e-09 3.63691e-10 7.14898e-09 0.000353759
20 0.0047754 5.2855e-13 0.991 0.228417 3.1836e-13 1.707e-13 2.22843e-10 8.42827e-09 3.63727e-10 7.14763e-09 0.000353875
30 0.00477532 5.28634e-13 0.990828 0.228316 3.18445e-13 1.70662e-13 2.22931e-10 8.42915e-09 3.63773e-10 7.14646e-09 0.000353992
40 0.00477525 5.28718e-13 0.990656 0.228215 3.1853e-13 1.70494e-13 2.23021e-10 8.43014e-09 3.63823e-10 7.14539e-09 0.000354108
50 0.00477517 5.28802e-13 0.990484 0.228114 3.18614e-13 1.70321e-13 2.23112e-10 8.43113e-09 3.63873e-10 7.14431e-09 0.000354225
60 0.0047751 5.28886e-13 0.990313 0.228014 3.18699e-13 1.70268e-13 2.232e-10 8.43202e-09 3.63919e-10 7.14315e-09 0.000354341
70 0.00477503 5.28971e-13 0.990141 0.227913 3.18784e-13 1.70459e-13 2.23282e-10 8.4327e-09 3.63956e-10 7.1418e-09 0.000354457
80 0.00477495 5.29055e-13 0.989969 0.227812 3.18868e-13 1.70794e-13 2.23362e-10 8.4333e-09 3.63989e-10 7.14039e-09 0.000354574
90 0.00477488 5.29139e-13 0.989797 0.227712 3.18953e-13 1.7103e-13 2.23445e-10 8.43397e-09 3.64025e-10 7.13904e-09 0.00035469
100 0.0047748 5.29223e-13 0.989626 0.227611 3.19038e-13 1.71178e-13 2.23529e-10 8.43471e-09 3.64065e-10 7.13775e-09 0.000354806
110 0.00477473 5.29308e-13 0.989454 0.227511 3.19123e-13 1.71248e-13 2.23615e-10 8.43551e-09 3.64107e-10 7.13652e-09 0.000354923
120 0.00477465 5.29392e-13 0.989282 0.22741 3.19208e-13 1.71251e-13 2.23702e-10 8.43637e-09 3.64151e-10 7.13532e-09 0.000355039
130 0.00477458 5.29477e-13 0.989111 0.22731 3.19293e-13 1.71196e-13 2.23791e-10 8.43727e-09 3.64197e-10 7.13417e-09 0.000355155
140 0.00477451 5.29561e-13 0.988939 0.227209 3.19378e-13 1.71094e-13 2.2388e-10 8.43821e-09 3.64245e-10 7.13305e-09 0.000355272
150 0.00477443 5.29646e-13 0.988767 0.227109 3.19463e-13 1.70954e-13 2.23971e-10 8.43917e-09 3.64295e-10 7.13195e-09 0.000355388
160 0.00477436 5.2973e-13 0.988595 0.227008 3.19548e-13 1.70788e-13 2.24061e-10 8.44016e-09 3.64345e-10 7.13086e-09 0.000355504
170 0.00477428 5.29815e-13 0.988423 0.226908 3.19633e-13 1.70605e-13 2.24153e-10 8.44116e-09 3.64395e-10 7.12979e-09 0.000355621
180 0.00477421 5.29899e-13 0.988252 0.226808 3.19718e-13 1.70414e-13 2.24244e-10 8.44216e-09 3.64446e-10 7.12872e-09 0.000355737
190 0.00477413 5.29984e-13 0.98808 0.226707 3.19803e-13 1.70228e-13 2.24336e-10 8.44316e-09 3.64496e-10 7.12765e-09 0.000355853
200 0.00477406 5.30069e-13 0.987908 0.226607 3.19888e-13 1.70054e-13 2.24427e-10 8.44414e-09 3.64546e-10 7.12657e-09 0.00035597
210 0.00477399 5.30153e-13 0.987736 0.226507 3.19973e-13 1.69905e-13 2.24517e-10 8.44511e-09 3.64596e-10 7.12546e-09 0.000356086
220 0.00477391 5.30238e-13 0.987565 0.226406 3.20059e-13 1.69789e-13 2.24607e-10 8.44604e-09 3.64643e-10 7.12434e-09 0.000356202
230 0.00477384 5.30323e-13 0.987393 0.226306 3.20144e-13 1.69717e-13 2.24696e-10 8.44694e-09 3.6469e-10 7.12318e-09 0.000356319
240 0.00477376 5.30407e-13 0.987221 0.226206 3.20229e-13 1.69699e-13 2.24784e-10 8.4478e-09 3.64734e-10 7.12198e-09 0.000356435
250 0.00477369 5.30492e-13 0.98705 0.226106 3.20314e-13 1.69745e-13 2.24871e-10 8.4486e-09 3.64776e-10 7.12073e-09 0.000356551
260 0.00477361 5.30577e-13 0.986878 0.226006 3.204e-13 1.69866e-13 2.24956e-10 8.44934e-09 3.64816e-10 7.11944e-09 0.000356667
270 0.00477354 5.30662e-13 0.986706 0.225905 3.20485e-13 1.70071e-13 2.25039e-10 8.45001e-09 3.64852e-10 7.11808e-09 0.000356784
280 0.00477347 5.30747e-13 0.986534 0.225805 3.20571e-13 1.70371e-13 2.2512e-10 8.45061e-09 3.64885e-10 7.11665e-09 0.0003569
290 0.00477339 5.30831e-13 0.986363 0.225705 3.20656e-13 1.70383e-13 2.25208e-10 8.45143e-09 3.64928e-10 7.11543e-09 0.000357016
300 0.00477332 5.30916e-13 0.986191 0.225605 3.20742e-13 1.7037e-13 2.25296e-10 8.4523e-09 3.64973e-10 7.11424e-09 0.000357132
