157.074 0.00499558 1.40325e-05 1.50499 0.644795 0 0 0 0 0 0 0
257.323 0.00498856 0 1.50151 0.641188 0 0 0 0 7.01627e-06 2.10488e-05 0
357.975 0.00498856 0 1.5005 0.640045 0 0 0 7.01627e-06 0 7.01627e-06 1.40325e-05
457.983 0.00498856 0 1.49881 0.638494 0 0 0 7.01627e-06 0 7.01627e-06 1.40325e-05
558.049 0.00498856 0 1.49731 0.636923 0 0 0 0 0 1.40325e-05 1.40325e-05
658.577 0.00498856 0 1.49554 0.635267 0 0 0 0 0 1.40325e-05 1.40325e-05
758.736 0.00498856 0 1.49392 0.633534 0 0 0 0 7.01627e-06 7.01627e-06 1.40325e-05
859.295 0.00498856 0 1.4919 0.631822 0 0 0 0 7.01627e-06 7.01627e-06 1.40325e-05
959.342 0.00498155 0 1.48877 0.628692 0 0 0 0 7.01627e-06 2.10488e-05 1.40325e-05
1059.63 0.00498155 0 1.48661 0.626321 0 0 0 7.01627e-06 7.01627e-06 1.40325e-05 1.40325e-05
1160.2 0.00498155 0 1.48449 0.624504 0 0 0 1.40325e-05 7.01627e-06 7.01627e-06 1.40325e-05
1260.58 0.00497453 0 1.48274 0.622595 0 0 0 7.01627e-06 7.01627e-06 2.80651e-05 1.40325e-05
1360.92 0.00497453 0 1.48097 0.62068 0 0 0 1.40325e-05 0 2.80651e-05 1.40325e-05
1461.19 0.00497453 0 1.47911 0.618905 0 0 0 2.10488e-05 0 2.10488e-05 1.40325e-05
1561.44 0.00497453 0 1.47739 0.61706 0 0 0 7.01627e-06 7.01627e-06 2.80651e-05 1.40325e-05
1661.64 0.00496752 0 1.47507 0.614751 0 0 0 2.80651e-05 0 2.80651e-05 1.40325e-05
1761.72 0.00496752 0 1.47322 0.612843 0 0 0 1.40325e-05 7.01627e-06 3.50813e-05 1.40325e-05
1861.74 0.00496752 0 1.47114 0.61078 0 0 0 2.80651e-05 0 2.80651e-05 1.40325e-05
1962.49 0.00496752 0 1.46929 0.608914 0 0 0 2.10488e-05 0 3.50813e-05 1.40325e-05
2062.84 0.00496752 0 1.46728 0.607188 0 0 0 2.80651e-05 0 2.80651e-05 1.40325e-05
2162.84 0.00496752 0 1.46526 0.605307 0 0 0 3.50813e-05 0 2.10488e-05 1.40325e-05
2262.86 0.00496752 0 1.46356 0.60382 0 0 0 2.80651e-05 7.01627e-06 2.10488e-05 1.40325e-05
2362.99 0.00496752 0 1.46126 0.601897 0 0 0 1.40325e-05 7.01627e-06 3.50813e-05 1.40325e-05
2464.28 0.00496752 0 1.46008 0.600648 0 0 0 2.10488e-05 0 2.10488e-05 2.10488e-05
2564.53 0.00496752 0 1.45818 0.598803 0 0 0 1.40325e-05 7.01627e-06 2.10488e-05 2.10488e-05
2664.91 0.00496752 0 1.45634 0.596972 0 0 0 7.01627e-06 7.01627e-06 2.80651e-05 2.10488e-05
2764.94 0.00496752 0 1.45429 0.595162 0 0 0 1.40325e-05 7.01627e-06 2.10488e-05 2.10488e-05
2865.07 0.00496752 0 1.45264 0.593471 0 0 0 7.01627e-06 0 3.50813e-05 2.10488e-05
2965.28 0.00496752 0 1.45076 0.591752 0 0 0 0 7.01627e-06 3.50813e-05 2.10488e-05
3066.44 0.00496752 0 1.4493 0.59011 0 0 0 7.01627e-06 7.01627e-06 2.80651e-05 2.10488e-05
3167.93 0.00496752 0 1.44767 0.588602 0 0 0 2.10488e-05 0 2.10488e-05 2.10488e-05
3268.17 0.00496752 0 1.44577 0.586735 0 0 0 7.01627e-06 0 3.50813e-05 2.10488e-05
3368.27 0.00496752 0 1.44401 0.584932 0 0 0 1.40325e-05 7.01627e-06 2.10488e-05 2.10488e-05
3469.15 0.00496752 0 1.44229 0.583248 0 0 0 7.01627e-06 0 2.10488e-05 3.50813e-05
3569.18 0.00496752 0 1.4411 0.581922 0 0 0 1.40325e-05 0 1.40325e-05 3.50813e-05
3669.75 0.0049605 0 1.43902 0.579838 0 0 0 0 0 2.80651e-05 4.91139e-05
3769.8 0.0049605 0 1.4377 0.578617 0 0 0 1.40325e-05 0 1.40325e-05 4.91139e-05
3870 0.0049605 0 1.43604 0.577018 0 0 0 1.40325e-05 7.01627e-06 7.01627e-06 4.91139e-05
3970.07 0.0049605 0 1.43411 0.575243 0 0 0 1.40325e-05 7.01627e-06 7.01627e-06 4.91139e-05
4071.64 0.0049605 0 1.43215 0.573411 0 0 0 7.01627e-06 0 2.10488e-05 4.91139e-05
4171.75 0.0049605 0 1.43073 0.57177 0 0 0 1.40325e-05 7.01627e-06 7.01627e-06 4.91139e-05
4271.93 0.0049605 0 1.42906 0.570177 0 0 0 7.01627e-06 7.01627e-06 1.40325e-05 4.91139e-05
4372.38 0.0049605 0 1.42777 0.568963 0 0 0 7.01627e-06 7.01627e-06 0 5.61301e-05
4472.5 0.0049605 0 1.42641 0.567742 0 0 0 0 7.01627e-06 7.01627e-06 5.61301e-05
4572.61 0.0049605 0 1.42469 0.565995 0 0 0 7.01627e-06 7.01627e-06 0 5.61301e-05
4672.94 0.0049605 0 1.42277 0.564129 0 0 0 0 7.01627e-06 7.01627e-06 5.61301e-05
4773.71 0.0049605 0 1.42091 0.562277 0 0 0 0 0 1.40325e-05 5.61301e-05
4873.79 0.0049605 0 1.41932 0.560656 0 0 0 0 0 1.40325e-05 5.61301e-05
4973.84 0.0049605 0 1.4179 0.559 0 0 0 7.01627e-06 0 7.01627e-06 5.61301e-05
5073.88 0.0049605 0 1.41617 0.55733 0 0 0 7.01627e-06 7.01627e-06 0 5.61301e-05
5173.96 0.0049605 0 1.41424 0.55552 0 0 0 0 7.01627e-06 7.01627e-06 5.61301e-05
5276.36 0.0049605 0 1.41253 0.553871 0 0 0 0 7.01627e-06 7.01627e-06 5.61301e-05
5600.41 0.00495348 1.40325e-05 1.41209 0.553492 0 0 0 0 0 0 7.01627e-05
5700.9 0.00495348 0 1.41001 0.551661 0 0 0 7.01627e-06 0 7.01627e-06 7.01627e-05
5800.91 0.00495348 0 1.40851 0.550019 0 0 0 0 7.01627e-06 7.01627e-06 7.01627e-05
5901.08 0.00495348 0 1.40702 0.54863 0 0 0 0 7.01627e-06 7.01627e-06 7.01627e-05
6001.08 0.00495348 0 1.40532 0.546862 0 0 0 7.01627e-06 7.01627e-06 0 7.01627e-05
6101.47 0.00495348 0 1.40311 0.544848 0 0 0 0 0 1.40325e-05 7.01627e-05
6202.55 0.00495348 0 1.40141 0.543248 0 0 0 7.01627e-06 0 7.01627e-06 7.01627e-05
6303.02 0.00495348 0 1.39967 0.54167 0 0 0 7.01627e-06 7.01627e-06 0 7.01627e-05
6405.43 0.00495348 0 1.39782 0.539979 0 0 0 0 7.01627e-06 7.01627e-06 7.01627e-05
7777.55 0.00494647 1.40325e-05 1.39702 0.539109 0 0 0 0 0 0 8.41952e-05
7877.66 0.00494647 0 1.39546 0.537453 0 0 0 0 7.01627e-06 7.01627e-06 8.41952e-05
7977.75 0.00494647 0 1.39357 0.535587 0 0 0 0 7.01627e-06 7.01627e-06 8.41952e-05
8080.28 0.00494647 0 1.39208 0.534148 0 0 0 0 7.01627e-06 7.01627e-06 8.41952e-05
8180.3 0.00494647 0 1.3904 0.532549 0 0 0 7.01627e-06 0 7.01627e-06 8.41952e-05
8280.56 0.00494647 0 1.38853 0.53083 0 0 0 0 7.01627e-06 7.01627e-06 8.41952e-05
8381.38 0.00494647 0 1.38652 0.528977 0 0 0 0 0 1.40325e-05 8.41952e-05
8481.68 0.00493945 0 1.38305 0.525511 0 0 0 7.01627e-06 7.01627e-06 1.40325e-05 8.41952e-05
8581.7 0.00493945 0 1.38104 0.523547 0 0 0 1.40325e-05 0 1.40325e-05 8.41952e-05
8682.04 0.00493945 0 1.37903 0.521891 0 0 0 1.40325e-05 0 1.40325e-05 8.41952e-05
8782.06 0.00493243 0 1.37691 0.519828 0 0 0 1.40325e-05 7.01627e-06 2.10488e-05 8.41952e-05
8882.1 0.00493243 0 1.37487 0.518046 0 0 0 7.01627e-06 0 3.50813e-05 8.41952e-05
8983.2 0.00493243 0 1.37277 0.516236 0 0 0 1.40325e-05 0 2.80651e-05 8.41952e-05
9083.21 0.00492542 0 1.37098 0.514369 0 0 0 1.40325e-05 7.01627e-06 2.10488e-05 9.82277e-05
9183.46 0.00492542 0 1.36949 0.512987 0 0 0 2.10488e-05 0 2.10488e-05 9.82277e-05
9284.32 0.00492542 0 1.36769 0.511331 0 0 0 2.10488e-05 7.01627e-06 1.40325e-05 9.82277e-05
9384.67 0.00492542 0 1.36605 0.509844 0 0 0 0 7.01627e-06 3.50813e-05 9.82277e-05
9484.68 0.00492542 0 1.36501 0.508862 0 0 7.01627e-06 7.01627e-06 0 1.40325e-05 0.000105244
9584.91 0.00492542 0 1.36321 0.507262 0 0 0 1.40325e-05 0 1.40325e-05 0.000105244
9685.22 0.00492542 0 1.36163 0.505803 0 0 0 0 0 2.80651e-05 0.000105244
9785.43 0.00492542 0 1.36022 0.504287 0 0 0 1.40325e-05 7.01627e-06 7.01627e-06 0.000105244
9885.74 0.00492542 0 1.35815 0.502568 0 0 0 7.01627e-06 7.01627e-06 1.40325e-05 0.000105244
9986.16 0.00492542 0 1.35657 0.501172 0 0 0 0 0 1.40325e-05 0.000119277
10086.5 0.00492542 0 1.35567 0.500365 0 0 0 0 7.01627e-06 7.01627e-06 0.000119277
10186.8 0.00492542 0 1.35389 0.49873 0 0 0 0 0 1.40325e-05 0.000119277
10286.8 0.00492542 0 1.35221 0.497159 0 0 0 7.01627e-06 7.01627e-06 0 0.000119277
10386.8 0.00492542 0 1.35064 0.495454 0 0 0 7.01627e-06 7.01627e-06 0 0.000119277
10486.8 0.00492542 0 1.34904 0.494106 0 0 0 7.01627e-06 0 7.01627e-06 0.000119277
10586.8 0.00492542 0 1.3469 0.492451 0 0 0 0 7.01627e-06 7.01627e-06 0.000119277
10687.1 0.00492542 0 1.34525 0.490914 0 0 0 0 7.01627e-06 7.01627e-06 0.000119277
10787.6 0.00492542 0 1.34308 0.489349 0 0 0 7.01627e-06 7.01627e-06 0 0.000119277
10887.7 0.00492542 0 1.34156 0.487708 0 0 0 0 0 1.40325e-05 0.000119277
10988.5 0.00492542 0 1.33992 0.486101 0 0 0 7.01627e-06 0 7.01627e-06 0.000119277
12914.8 0.0049184 1.40325e-05 1.33979 0.48601 0 0 0 0 0 0 0.000126293
13015.2 0.0049184 0 1.338 0.484403 0 0 0 0 7.01627e-06 7.01627e-06 0.000126293
13115.5 0.0049184 0 1.33606 0.482705 0 0 0 7.01627e-06 7.01627e-06 0 0.000126293
13215.6 0.0049184 0 1.33395 0.481042 0 0 0 7.01627e-06 7.01627e-06 0 0.000126293
13316.5 0.0049184 0 1.33205 0.479464 0 0 0 7.01627e-06 0 7.01627e-06 0.000126293
13416.5 0.0049184 0 1.33009 0.477759 0 0 0 7.01627e-06 7.01627e-06 0 0.000126293
13516.8 0.0049184 0 1.32814 0.476187 0 0 0 0 0 1.40325e-05 0.000126293
13616.9 0.0049184 0 1.32657 0.474671 0 0 0 0 7.01627e-06 7.01627e-06 0.000126293
13716.9 0.0049184 0 1.32489 0.473128 0 0 0 0 7.01627e-06 7.01627e-06 0.000126293
13817 0.0049184 0 1.32324 0.471746 0 0 0 0 0 1.40325e-05 0.000126293
13917.8 0.0049184 0 1.3213 0.470041 0 0 0 0 7.01627e-06 7.01627e-06 0.000126293
14018 0.0049184 0 1.31961 0.468574 0 0 0 0 7.01627e-06 7.01627e-06 0.000126293
14118.2 0.0049184 0 1.31777 0.466982 0 0 0 0 7.01627e-06 7.01627e-06 0.000126293
14219.2 0.0049184 0 1.31592 0.465417 0 0 0 7.01627e-06 0 7.01627e-06 0.000126293
14319.3 0.0049184 0 1.31441 0.463993 0 0 0 0 0 1.40325e-05 0.000126293
14420 0.0049184 0 1.31264 0.462505 0 0 0 0 7.01627e-06 7.01627e-06 0.000126293
14520.4 0.0049184 0 1.31091 0.460941 0 0 0 0 7.01627e-06 7.01627e-06 0.000126293
14620.5 0.0049184 0 1.30862 0.45932 0 0 0 0 7.01627e-06 7.01627e-06 0.000126293
14721.5 0.0049184 0 1.30666 0.457748 0 0 0 7.01627e-06 0 7.01627e-06 0.000126293
14822.1 0.0049184 0 1.30508 0.456352 0 0 0 0 7.01627e-06 7.01627e-06 0.000126293
14922.2 0.0049184 0 1.30336 0.45485 0 0 0 7.01627e-06 7.01627e-06 0 0.000126293
15022.6 0.00491139 1.40325e-05 1.30176 0.453447 0 0 0 7.01627e-06 0 7.01627e-06 0.000126293
15377.2 0.00490437 1.40325e-05 1.30112 0.452907 0 0 0 0 0 0 0.000154358
16368.9 0.00489735 1.40325e-05 1.29952 0.451672 0 0 0 0 0 0 0.00016839
16469.5 0.00489735 0 1.29781 0.4501 0 0 0 0 0 1.40325e-05 0.00016839
16569.5 0.00489735 0 1.296 0.448599 0 0 0 7.01627e-06 0 7.01627e-06 0.00016839
16670.5 0.00489735 0 1.2942 0.447196 0 0 0 0 7.01627e-06 7.01627e-06 0.00016839
16771.5 0.00489735 0 1.29231 0.445512 0 0 0 0 0 1.40325e-05 0.00016839
16871.8 0.00489735 0 1.29064 0.444095 0 0 0 0 7.01627e-06 7.01627e-06 0.00016839
16972.4 0.00489735 0 1.28908 0.44267 0 0 0 7.01627e-06 7.01627e-06 0 0.00016839
17072.4 0.00489034 0 1.28676 0.440558 0 0 0 1.40325e-05 7.01627e-06 7.01627e-06 0.00016839
17172.4 0.00489034 0 1.28435 0.438601 0 0 0 7.01627e-06 1.40325e-05 7.01627e-06 0.00016839
17273.7 0.00489034 0 1.28307 0.437331 0 0 0 0 7.01627e-06 7.01627e-06 0.000175407
17373.7 0.00489034 0 1.28195 0.436461 0 0 0 7.01627e-06 7.01627e-06 0 0.000175407
17473.7 0.00489034 0 1.27998 0.434882 0 0 0 0 7.01627e-06 7.01627e-06 0.000175407
17573.8 0.00489034 0 1.27842 0.433577 0 0 0 7.01627e-06 7.01627e-06 0 0.000175407
17674.4 0.00489034 0 1.27666 0.431949 0 0 0 0 0 1.40325e-05 0.000175407
17774.8 0.00489034 0 1.27518 0.430609 0 0 0 0 0 1.40325e-05 0.000175407
17874.9 0.00488332 0 1.27192 0.427957 0 0 0 1.40325e-05 0 1.40325e-05 0.000175407
17977.4 0.00488332 0 1.27003 0.426371 0 0 0 7.01627e-06 7.01627e-06 1.40325e-05 0.000175407
18077.9 0.00488332 0 1.26828 0.424891 0 0 0 7.01627e-06 7.01627e-06 1.40325e-05 0.000175407
18179 0.00488332 0 1.26679 0.423663 0 0 0 7.01627e-06 0 2.10488e-05 0.000175407
18279.2 0.0048763 0 1.26394 0.421397 0 0 0 1.40325e-05 7.01627e-06 2.10488e-05 0.000175407
18379.3 0.0048763 0 1.26197 0.420001 0 0 7.01627e-06 7.01627e-06 0 1.40325e-05 0.000182423
18479.6 0.0048763 0 1.26082 0.419068 0 0 0 1.40325e-05 7.01627e-06 7.01627e-06 0.000182423
18579.6 0.0048763 0 1.25881 0.417601 0 0 0 1.40325e-05 0 1.40325e-05 0.000182423
18679.7 0.0048763 0 1.25717 0.416044 0 0 0 2.10488e-05 0 7.01627e-06 0.000182423
18780.7 0.0048763 0 1.25548 0.414493 0 0 0 2.10488e-05 0 7.01627e-06 0.000182423
18881.4 0.0048763 0 1.25372 0.413062 0 0 0 7.01627e-06 7.01627e-06 1.40325e-05 0.000182423
18981.5 0.0048763 0 1.25203 0.41182 0 0 0 7.01627e-06 0 2.10488e-05 0.000182423
19081.9 0.0048763 0 1.25012 0.410367 0 0 0 7.01627e-06 7.01627e-06 1.40325e-05 0.000182423
19182 0.0048763 0 1.24821 0.408922 0 0 0 1.40325e-05 0 1.40325e-05 0.000182423
19282.1 0.00486929 0 1.24573 0.40714 0 0 0 2.80651e-05 0 1.40325e-05 0.000182423
19382.1 0.00486929 0 1.24333 0.405428 0 0 0 2.10488e-05 7.01627e-06 1.40325e-05 0.000182423
19482.2 0.00486929 0 1.24123 0.403947 0 0 7.01627e-06 0 0 3.50813e-05 0.000182423
19583.2 0.00486929 0 1.2399 0.402699 0 0 0 7.01627e-06 0 3.50813e-05 0.000182423
19683.5 0.00486929 0 1.2382 0.401365 0 0 0 0 7.01627e-06 3.50813e-05 0.000182423
19783.8 0.00486929 0 1.23657 0.400011 0 0 0 1.40325e-05 7.01627e-06 2.10488e-05 0.000182423
19883.9 0.00486929 0 1.23493 0.398566 0 0 0 0 7.01627e-06 2.10488e-05 0.000196455
19984 0.00486929 0 1.23387 0.397598 0 0 0 1.40325e-05 0 1.40325e-05 0.000196455
20084.4 0.00486929 0 1.23228 0.396202 0 0 0 0 7.01627e-06 2.10488e-05 0.000196455
20184.6 0.00486929 0 1.23015 0.394735 0 0 0 7.01627e-06 7.01627e-06 1.40325e-05 0.000196455
20285.1 0.00486227 0 1.22751 0.392665 0 0 0 7.01627e-06 7.01627e-06 2.80651e-05 0.000196455
20385.2 0.00486227 0 1.22567 0.39115 0 0 0 2.80651e-05 7.01627e-06 7.01627e-06 0.000196455
20486 0.00486227 0 1.22416 0.389887 0 0 0 1.40325e-05 7.01627e-06 2.10488e-05 0.000196455
20587.2 0.00486227 0 1.22232 0.388413 0 0 0 7.01627e-06 7.01627e-06 2.80651e-05 0.000196455
20687.3 0.00486227 0 1.22034 0.386891 0 0 0 1.40325e-05 0 2.80651e-05 0.000196455
20787.9 0.00486227 0 1.21822 0.385453 0 0 0 2.10488e-05 7.01627e-06 1.40325e-05 0.000196455
20891.5 0.00486227 0 1.21661 0.384239 0 0 0 2.10488e-05 7.01627e-06 0 0.000203472
20992.5 0.00486227 0 1.2151 0.383158 0 0 0 0 0 2.80651e-05 0.000203472
21092.6 0.00486227 0 1.21328 0.381825 0 0 0 1.40325e-05 7.01627e-06 7.01627e-06 0.000203472
21192.9 0.00486227 0 1.21123 0.38045 0 0 0 1.40325e-05 7.01627e-06 7.01627e-06 0.000203472
21294.3 0.00486227 0 1.2096 0.379026 0 0 0 7.01627e-06 0 2.10488e-05 0.000203472
21394.4 0.00486227 0 1.20852 0.378219 0 0 0 7.01627e-06 7.01627e-06 0 0.000210488
21495.2 0.00486227 0 1.20683 0.377005 0 0 0 7.01627e-06 7.01627e-06 0 0.000210488
21595.3 0.00486227 0 1.20474 0.375489 0 0 0 7.01627e-06 0 7.01627e-06 0.000210488
21696 0.00486227 0 1.20284 0.374002 0 0 0 0 7.01627e-06 7.01627e-06 0.000210488
21796.2 0.00485526 0 1.1997 0.371588 0 0 0 7.01627e-06 7.01627e-06 1.40325e-05 0.000210488
21896.8 0.00485526 0 1.19775 0.370115 0 0 0 7.01627e-06 7.01627e-06 1.40325e-05 0.000210488
21996.8 0.00485526 0 1.19597 0.368712 0 0 0 7.01627e-06 0 2.10488e-05 0.000210488
22097 0.00485526 0 1.19475 0.36761 0 0 0 7.01627e-06 7.01627e-06 1.40325e-05 0.000210488
22197.9 0.00485526 0 1.193 0.366242 0 0 0 7.01627e-06 7.01627e-06 1.40325e-05 0.000210488
22298.3 0.00484122 0 1.19053 0.364313 0 0 0 2.80651e-05 7.01627e-06 2.10488e-05 0.000210488
22398.5 0.00484122 0 1.18865 0.362594 0 0 0 1.40325e-05 7.01627e-06 3.50813e-05 0.000210488
22498.9 0.00484122 0 1.18701 0.361218 0 0 0 3.50813e-05 7.01627e-06 1.40325e-05 0.000210488
22599.7 0.00484122 0 1.18517 0.359829 0 0 0 3.50813e-05 7.01627e-06 1.40325e-05 0.000210488
22700.5 0.00484122 0 1.1831 0.358293 0 0 0 1.40325e-05 0 4.20976e-05 0.000210488
22800.6 0.00484122 0 1.18146 0.356953 0 0 0 2.10488e-05 7.01627e-06 2.80651e-05 0.000210488
22900.6 0.00484122 0 1.17987 0.355619 0 0 0 1.40325e-05 7.01627e-06 3.50813e-05 0.000210488
23000.6 0.00484122 0 1.17832 0.354427 0 0 0 4.20976e-05 0 1.40325e-05 0.000210488
23101.9 0.00484122 0 1.17665 0.353129 0 0 0 3.50813e-05 7.01627e-06 1.40325e-05 0.000210488
23202 0.00484122 0 1.17512 0.351985 0 0 0 7.01627e-06 7.01627e-06 4.20976e-05 0.000210488
23302.4 0.00484122 0 1.17331 0.350701 0 0 0 2.80651e-05 7.01627e-06 2.10488e-05 0.000210488
23402.5 0.00484122 0 1.17151 0.349403 0 0 0 2.10488e-05 7.01627e-06 1.40325e-05 0.000217504
23503.9 0.00484122 0 1.17007 0.348519 0 0 0 2.10488e-05 7.01627e-06 1.40325e-05 0.000217504
23604 0.00484122 0 1.16825 0.347186 0 0 0 2.10488e-05 0 2.10488e-05 0.000217504
23707 0.00483421 0 1.16589 0.345712 0 0 0 2.10488e-05 7.01627e-06 2.80651e-05 0.000217504
23807.1 0.00483421 0 1.16403 0.344218 0 0 0 2.80651e-05 0 2.80651e-05 0.000217504
23907.2 0.00483421 0 1.16234 0.342878 0 0 0 2.80651e-05 0 2.80651e-05 0.000217504
24007.3 0.00483421 0 1.1606 0.34151 0 0 0 1.40325e-05 7.01627e-06 3.50813e-05 0.000217504
24107.8 0.00483421 0 1.15908 0.340212 0 0 0 7.01627e-06 7.01627e-06 4.20976e-05 0.000217504
24208.5 0.00483421 0 1.15735 0.339047 0 0 0 2.10488e-05 0 3.50813e-05 0.000217504
24308.5 0.00483421 0 1.15581 0.337868 0 0 7.01627e-06 3.50813e-05 0 1.40325e-05 0.000217504
24408.5 0.00483421 0 1.15376 0.336444 0 0 7.01627e-06 4.20976e-05 0 7.01627e-06 0.000217504
24508.6 0.00483421 0 1.15152 0.335006 0 0 7.01627e-06 2.80651e-05 0 2.10488e-05 0.000217504
24608.7 0.00483421 0 1.14956 0.333771 0 0 0 7.01627e-06 7.01627e-06 4.20976e-05 0.000217504
24708.8 0.00483421 0 1.14803 0.332529 0 0 0 2.80651e-05 0 2.80651e-05 0.000217504
24808.9 0.00483421 0 1.14635 0.331343 0 0 7.01627e-06 2.10488e-05 7.01627e-06 2.10488e-05 0.000217504
24909 0.00483421 0 1.14449 0.330059 0 0 0 4.20976e-05 0 1.40325e-05 0.000217504
25009.1 0.00483421 0 1.14295 0.328958 0 0 7.01627e-06 3.50813e-05 0 1.40325e-05 0.000217504
25109.3 0.00483421 0 1.14141 0.327758 0 0 0 2.10488e-05 7.01627e-06 1.40325e-05 0.000231537
25210.4 0.00483421 0 1.14026 0.326979 0 0 0 1.40325e-05 7.01627e-06 7.01627e-06 0.000245569
25311.7 0.00483421 0 1.13889 0.325856 0 0 0 0 0 2.80651e-05 0.000245569
25411.7 0.00482719 0 1.13616 0.32413 0 0 0 2.80651e-05 0 1.40325e-05 0.000245569
25512 0.00482719 0 1.13426 0.322839 0 0 0 2.80651e-05 0 1.40325e-05 0.000245569
25612 0.00482017 0 1.13241 0.321577 0 0 0 1.40325e-05 7.01627e-06 3.50813e-05 0.000245569
25712.4 0.00482017 0 1.12973 0.319865 0 0 0 3.50813e-05 7.01627e-06 1.40325e-05 0.000245569
25813.2 0.00482017 0 1.12763 0.318552 0 0 0 2.10488e-05 7.01627e-06 2.80651e-05 0.000245569
25914.8 0.00482017 0 1.12608 0.317423 0 0 0 2.10488e-05 7.01627e-06 2.80651e-05 0.000245569
26015.1 0.00482017 0 1.12433 0.316181 0 0 0 2.10488e-05 7.01627e-06 2.80651e-05 0.000245569
26115.5 0.00481316 0 1.12195 0.31456 0 0 0 4.20976e-05 7.01627e-06 2.10488e-05 0.000245569
26216.1 0.00481316 0 1.12007 0.31336 0 0 0 3.50813e-05 7.01627e-06 2.80651e-05 0.000245569
26316.8 0.00481316 0 1.11844 0.312147 0 0 0 1.40325e-05 7.01627e-06 4.91139e-05 0.000245569
26417.6 0.00481316 0 1.11654 0.310877 0 0 0 2.10488e-05 7.01627e-06 4.20976e-05 0.000245569
26518 0.00481316 0 1.11503 0.309747 0 0 0 1.40325e-05 7.01627e-06 4.91139e-05 0.000245569
26618.1 0.00480614 0 1.11306 0.308393 0 0 0 4.20976e-05 0 4.20976e-05 0.000245569
26719.1 0.00480614 0 1.1114 0.307186 0 0 0 4.20976e-05 0 4.20976e-05 0.000245569
26819.2 0.00480614 0 1.10962 0.305909 0 0 7.01627e-06 3.50813e-05 0 4.20976e-05 0.000245569
26919.5 0.00480614 0 1.10811 0.304899 0 0 0 3.50813e-05 0 3.50813e-05 0.000259602
27020 0.00480614 0 1.10643 0.303748 0 0 0 5.61301e-05 0 1.40325e-05 0.000259602
27120.1 0.00480614 0 1.10438 0.302429 0 0 0 4.20976e-05 1.40325e-05 1.40325e-05 0.000259602
27220.1 0.00480614 0 1.10296 0.301257 0 0 0 2.80651e-05 7.01627e-06 3.50813e-05 0.000259602
27320.6 0.00480614 0 1.10101 0.299945 0 0 0 4.20976e-05 7.01627e-06 2.10488e-05 0.000259602
27420.6 0.00480614 0 1.09877 0.298528 0 0 0 2.10488e-05 7.01627e-06 4.20976e-05 0.000259602
27520.7 0.00480614 0 1.09715 0.297328 0 0 0 3.50813e-05 0 3.50813e-05 0.000259602
27620.7 0.00479913 0 1.09518 0.296016 0 0 7.01627e-06 3.50813e-05 0 4.20976e-05 0.000259602
27721.1 0.00479913 0 1.09346 0.294845 0 0 0 1.40325e-05 1.40325e-05 5.61301e-05 0.000259602
27821.6 0.00479913 0 1.09191 0.293785 0 0 0 2.10488e-05 7.01627e-06 5.61301e-05 0.000259602
27922.6 0.00479913 0 1.08974 0.292494 0 0 0 7.01627e-05 7.01627e-06 7.01627e-06 0.000259602
28022.7 0.00479913 0 1.08808 0.291456 0 0 7.01627e-06 2.10488e-05 0 5.61301e-05 0.000259602
28122.8 0.00479913 0 1.08647 0.29034 0 0 7.01627e-06 4.20976e-05 0 3.50813e-05 0.000259602
28222.8 0.00479913 0 1.08504 0.289267 0 0 0 3.50813e-05 7.01627e-06 4.20976e-05 0.000259602
28323.5 0.00479913 0 1.08337 0.288081 0 0 0 4.20976e-05 7.01627e-06 3.50813e-05 0.000259602
28423.8 0.00479211 0 1.08154 0.286762 0 0 0 6.31464e-05 1.40325e-05 2.10488e-05 0.000259602
28524.4 0.00479211 0 1.07975 0.285513 0 0 0 4.91139e-05 0 4.91139e-05 0.000259602
28625.1 0.00479211 0 1.07797 0.284376 0 0 0 6.31464e-05 7.01627e-06 2.80651e-05 0.000259602
28725.7 0.00479211 0 1.07668 0.283352 0 0 0 3.50813e-05 0 6.31464e-05 0.000259602
28826.1 0.00479211 0 1.07491 0.282103 0 0 0 3.50813e-05 0 6.31464e-05 0.000259602
28926.2 0.00479211 0 1.07329 0.280987 0 0 0 6.31464e-05 0 2.10488e-05 0.000273634
29026.9 0.00479211 0 1.0715 0.2799 0 0 0 4.20976e-05 7.01627e-06 3.50813e-05 0.000273634
29127.1 0.00479211 0 1.06995 0.278805 0 0 0 4.91139e-05 0 3.50813e-05 0.000273634
29227.3 0.00479211 0 1.06817 0.277542 0 0 0 3.50813e-05 7.01627e-06 4.20976e-05 0.000273634
29328.2 0.00479211 0 1.06649 0.276322 0 0 0 2.80651e-05 0 5.61301e-05 0.000273634
29428.8 0.00478509 0 1.06469 0.275304 0 0 0 3.50813e-05 7.01627e-06 4.20976e-05 0.000280651
29528.9 0.00478509 0 1.06322 0.274378 0 0 7.01627e-06 4.91139e-05 7.01627e-06 2.10488e-05 0.000280651
29630.6 0.00478509 0 1.06143 0.273241 0 0 0 2.80651e-05 7.01627e-06 3.50813e-05 0.000294683
29730.8 0.00478509 0 1.05979 0.272161 0 0 0 4.91139e-05 0 2.10488e-05 0.000294683
29831 0.00478509 0 1.0583 0.271109 0 0 0 2.80651e-05 0 4.20976e-05 0.000294683
29932.9 0.00478509 0 1.05676 0.27014 0 0 0 2.10488e-05 7.01627e-06 4.20976e-05 0.000294683
