457.216    711    2    214498    91897    0    0    0    0    0    0    2
737.652    710    0    213510    90920    0    0    0    3    0    1    2
1017.94    710    0    212540    89874    0    0    0    1    0    3    2
1297.95    710    0    211811    89132    0    0    0    2    0    2    2
1578.71    709    0    210959    88293    0    0    0    1    0    5    2
1859.08    709    0    210299    87595    0    0    0    1    1    2    4
2139.09    709    0    209731    86995    0    0    0    1    1    2    4
2419.11    709    0    209367    86622    0    0    1    0    0    1    6
2700.05    709    0    208608    85937    0    0    0    1    1    0    6
2980.52    709    0    207804    85188    0    0    0    1    1    0    6
3260.94    709    0    207134    84563    0    0    0    1    1    0    6
3893.01    708    2    207073    84509    0    0    0    0    0    0    8
4173.54    708    0    206427    83833    0    0    0    0    1    1    8
4453.73    707    0    205581    82983    0    0    0    0    0    4    8
4733.93    706    0    204555    82020    0    0    0    2    0    2    10
5014.16    706    0    203680    81156    0    0    0    2    1    1    10
5294.17    706    0    202961    80513    0    0    0    1    1    2    10
5574.34    704    0    201816    79385    0    0    0    3    1    4    10
5854.63    704    0    201014    78625    0    0    0    4    0    2    12
6134.99    704    0    200434    78089    0    0    0    0    1    5    12
6415.16    704    0    199916    77550    0    0    0    1    0    3    14
6695.18    704    0    199373    77061    0    0    0    2    0    2    14
6975.33    704    0    198932    76606    0    0    0    1    1    0    15
7256.03    704    0    198458    76132    0    0    0    0    0    2    15
7536.22    704    0    197769    75482    0    0    0    0    1    1    15
7816.86    703    0    196432    74242    0    0    0    1    1    0    17
8096.88    703    0    196026    73855    0    0    0    1    0    1    17
8377.56    702    0    194648    72635    0    0    0    1    0    1    18
8658.47    702    0    194336    72350    0    0    0    1    0    1    18
9011.49    701    2    193970    71976    0    0    0    0    0    0    20
9523.31    700    2    193374    71452    0    0    0    0    0    0    22
9803.49    699    0    192375    70569    0    0    0    0    0    4    22
10084.3    699    0    191296    69648    0    0    0    0    1    3    22
10364.7    699    0    190697    69103    0    0    0    0    0    2    24
10645.4    699    0    190241    68715    0    0    0    0    0    2    24
10926.5    699    0    189472    68067    0    0    0    0    1    1    24
11206.7    699    0    188778    67449    0    0    0    1    0    1    24
11486.8    699    0    188066    66836    0    0    0    0    0    2    24
11767.3    699    0    187376    66232    0    0    0    0    1    1    24
12047.5    699    0    186638    65611    0    0    0    0    1    1    24
12327.7    699    0    185917    65018    0    0    0    0    0    2    24
12856.3    697    2    185409    64581    0    0    0    0    0    0    28
13850.5    696    2    185182    64405    0    0    0    0    0    0    30
14130.6    696    0    184465    63801    0    0    1    0    0    1    30
14411.1    696    0    183813    63212    0    0    0    0    1    1    30
14691.1    695    0    182797    62333    0    0    0    1    1    0    31
14971.8    695    0    182344    61952    0    0    0    0    1    1    31
15252    695    0    181689    61379    0    0    0    0    0    2    31
15532    694    0    180869    60734    0    0    1    0    0    1    33
15812    694    0    180214    60227    0    0    0    1    1    0    33
16092.1    694    0    179637    59709    0    0    0    0    0    2    33
16372.8    694    0    178918    59146    0    0    0    0    1    1    33
16654.2    694    0    178182    58574    0    0    0    0    1    1    33
17894.5    693    2    177745    58235    0    0    0    0    0    0    35
18174.6    692    0    176357    57180    0    0    0    2    0    2    35
18456.3    692    0    175838    56723    0    0    0    1    0    1    37
18737.1    692    0    175393    56365    0    0    0    0    1    1    37
19017.3    691    0    174181    55393    0    0    0    1    1    2    37
19297.4    691    0    173317    54749    0    0    0    2    1    1    37
19578.9    691    0    172578    54198    0    0    0    1    1    2    37
19859.8    691    0    171876    53661    0    0    0    0    1    3    37
20139.8    690    0    170973    52982    0    0    1    3    0    2    37
20420.3    690    0    170172    52371    0    0    0    2    1    3    37
20700.4    689    0    169435    51795    0    0    1    4    0    3    37
20980.8    689    0    168574    51112    0    0    0    2    1    5    37
21261.3    689    0    167929    50587    0    0    0    4    1    3    37
21541.3    689    0    167286    50103    0    0    0    3    0    5    37
21821.5    689    0    166655    49669    0    0    0    1    1    4    38
22101.6    688    0    165938    49174    0    0    1    5    1    1    38
22381.6    688    0    165165    48537    0    0    1    3    0    4    38
22661.6    688    0    164486    48051    0    0    1    3    0    4    38
22943.2    688    0    163681    47522    0    0    0    1    1    6    38
23224    688    0    163031    47038    0    0    0    3    0    5    38
23505.3    688    0    162470    46637    0    0    0    2    1    1    42
23785.5    687    0    161987    46280    0    0    0    2    1    3    42
24065.8    686    0    160838    45528    0    0    0    3    1    4    42
24346.2    685    0    159966    44923    0    0    0    5    0    5    42
24626.7    685    0    159099    44346    0    0    0    3    1    6    42
24907.1    684    0    158392    43838    0    0    0    7    0    5    42
25187.2    684    0    157690    43348    0    0    1    4    0    5    44
25467.2    684    0    157055    42899    0    0    0    7    0    3    44
25747.3    684    0    156294    42383    0    0    1    5    0    4    44
26027.3    683    0    155507    41854    0    0    0    8    1    3    44
26307.6    683    0    154765    41382    0    0    0    3    0    9    44
26587.6    682    0    154126    40912    0    0    0    8    0    6    44
26867.7    682    0    153394    40405    0    0    0    7    0    7    44
27147.7    682    0    152723    39952    0    0    0    7    0    5    46
27429.9    682    0    152122    39525    0    0    0    6    0    6    46
27709.9    681    0    151447    39097    0    0    1    4    0    7    47
27992.3    681    0    150844    38700    0    0    0    5    1    4    49
28272.4    680    0    150262    38284    0    0    0    6    0    6    49
28552.7    680    0    149520    37820    0    0    0    6    1    3    50
28833.1    680    0    148895    37433    0    0    0    5    1    4    50
29113.8    680    0    148287    37054    0    0    0    5    1    2    52
29394.7    680    0    147656    36620    0    0    0    4    1    3    52
29675    680    0    146929    36211    0    0    1    2    0    5    52
29955.2    680    0    146295    35802    0    0    0    1    0    7    52
