457.216    711    2    214498    91897    0    0    0    0    0    0    2
757.226    710    0    213416    90829    0    0    1    1    0    2    2
1057.34    710    0    212381    89721    0    0    0    3    0    1    2
1357.4    710    0    211587    88931    0    0    0    1    0    3    2
1657.44    709    0    210623    87935    0    0    0    1    0    5    2
1957.48    709    0    210057    87378    0    0    0    1    1    2    4
2257.89    709    0    209516    86777    0    0    0    1    1    0    6
2558.03    709    0    208933    86236    0    0    0    1    0    1    6
2858.96    709    0    208140    85522    0    0    0    0    1    1    6
3159.7    709    0    207355    84778    0    0    0    1    0    1    6
3892.42    708    2    207073    84509    0    0    0    0    0    0    8
4192.69    708    0    206368    83777    0    0    0    0    0    2    8
4492.76    707    0    205379    82783    0    0    0    0    0    2    10
4793.87    706    0    204406    81860    0    0    0    1    1    2    10
5094.37    706    0    203434    80959    0    0    0    1    1    2    10
5394.7    705    0    202534    80089    0    0    0    2    0    4    10
5694.7    704    0    201354    78949    0    0    0    3    1    4    10
5994.89    704    0    200732    78341    0    0    0    1    0    5    12
6296.06    704    0    200083    77716    0    0    0    2    1    3    12
6596.48    704    0    199559    77231    0    0    0    0    0    4    14
6897.05    704    0    199008    76678    0    0    0    1    0    1    15
7197.11    704    0    198564    76236    0    0    0    1    1    0    15
7497.25    704    0    197847    75556    0    0    0    0    0    2    15
7797.54    703    0    196438    74251    0    0    0    0    0    2    17
8097.94    703    0    196003    73835    0    0    0    1    1    0    17
8398.18    702    0    194567    72565    0    0    0    0    1    1    18
8698.51    702    0    194265    72261    0    0    0    0    1    1    18
9008.96    701    2    193971    71975    0    0    0    0    0    0    20
9520.67    700    2    193375    71451    0    0    0    0    0    0    22
9821.01    699    0    192263    70481    0    0    0    1    1    2    22
10121.3    699    0    191192    69534    0    0    0    3    1    0    22
10423.4    699    0    190607    69016    0    0    0    0    1    1    24
10723.7    699    0    189982    68518    0    0    0    0    1    1    24
11024.3    699    0    189192    67838    0    0    0    1    0    1    24
11324.3    699    0    188477    67203    0    0    0    0    0    2    24
11624.3    699    0    187702    66536    0    0    1    1    0    0    24
11924.8    699    0    186982    65897    0    0    0    0    0    2    24
12225    699    0    186154    65220    0    0    0    0    0    2    24
12526.2    698    0    185422    64595    0    0    0    0    0    2    26
12855.1    697    2    185410    64580    0    0    0    0    0    0    28
13848.3    696    2    185183    64404    0    0    0    0    0    0    30
14149.3    696    0    184424    63766    0    0    0    0    1    1    30
14449.5    696    0    183696    63123    0    0    0    1    1    0    30
14749.5    695    0    182685    62215    0    0    0    1    0    1    31
15050.5    695    0    182162    61800    0    0    0    0    1    1    31
15350.7    694    0    181345    61105    0    0    0    0    0    2    33
15650.9    694    0    180579    60532    0    0    0    0    1    1    33
15951.4    694    0    179948    59969    0    0    0    1    0    1    33
16251.4    694    0    179216    59396    0    0    1    1    0    0    33
16551.5    694    0    178434    58766    0    0    0    0    1    1    33
17894.5    693    2    177746    58234    0    0    0    0    0    0    35
18194.6    692    0    176260    57105    0    0    0    2    1    1    35
18494.7    692    0    175780    56672    0    0    0    1    0    1    37
18795.2    692    0    175215    56224    0    0    0    0    0    2    37
19095.5    691    0    173700    55034    0    0    0    2    0    2    37
20292.8    690    2    173148    54644    0    0    0    0    0    0    40
20592.9    690    0    172415    54093    0    0    0    1    0    1    40
20894.3    690    0    171638    53532    0    0    0    0    1    1    40
21194.5    689    0    170206    52442    0    0    0    3    1    0    40
21494.5    688    0    169367    51768    0    0    0    2    0    4    40
21794.6    688    0    168366    50982    0    0    0    1    1    4    40
22095    688    0    167705    50443    0    0    0    1    0    5    40
22395.5    688    0    166989    49916    0    0    0    1    0    3    42
22696.2    688    0    166452    49554    0    0    0    2    1    1    42
22996.2    687    0    165423    48787    0    0    0    4    0    2    42
23296.6    687    0    164839    48365    0    0    0    1    1    2    43
23597.3    687    0    164192    47857    0    0    0    1    1    2    43
23897.3    687    0    163357    47325    0    0    0    0    1    3    43
24197.8    687    0    162507    46783    0    0    0    1    1    0    45
24497.9    686    0    161941    46372    0    0    1    2    0    1    45
24797.9    685    0    160503    45427    0    0    0    3    1    2    45
25097.9    684    0    159411    44686    0    0    1    5    0    2    45
25399    684    0    158640    44129    0    0    0    2    0    4    47
25699.1    684    0    158073    43719    0    0    0    3    1    2    47
25999.3    684    0    157506    43345    0    0    0    2    0    2    49
26299.4    684    0    156856    42876    0    0    0    1    1    2    49
26599.4    683    0    156030    42330    0    0    1    2    0    3    49
26899.8    683    0    154949    41632    0    0    0    2    1    3    49
27200.9    683    0    154291    41146    0    0    0    3    0    3    49
27501.2    682    0    153352    40486    0    0    0    3    0    5    49
27801.4    682    0    152641    40010    0    0    0    3    1    2    50
28101.4    682    0    152058    39602    0    0    0    3    1    2    50
28401.6    681    0    151341    39136    0    0    0    2    0    4    52
28701.9    681    0    150694    38677    0    0    0    1    1    4    52
29003.4    681    0    150166    38332    0    0    0    0    0    4    54
29303.7    681    0    149524    37906    0    0    0    1    0    3    54
29605.2    681    0    148711    37423    0    0    0    0    1    1    56
29905.2    681    0    148358    37173    0    0    1    0    0    1    56
