457.216    711    2    214498    91897    0    0    0    0    0    0    2
707.729    710    0    213685    91093    0    0    0    0    0    4    2
958.325    710    0    212734    90091    0    0    0    1    0    3    2
1208.46    710    0    212095    89402    0    0    0    0    0    4    2
1459.13    709    0    211429    88766    0    0    0    3    1    2    2
1709.37    709    0    210596    87901    0    0    0    2    0    4    2
1959.59    708    0    209689    87003    0    0    0    5    1    2    2
2209.98    708    0    208978    86345    0    0    0    3    0    5    2
2460    708    0    208301    85742    0    0    0    2    1    3    3
2710.58    708    0    207823    85268    0    0    0    2    1    3    3
2961    708    0    207160    84631    0    0    0    0    0    6    3
3211.09    708    0    206567    84037    0    0    0    2    1    3    3
3461.42    708    0    205977    83432    0    0    0    3    0    3    3
3711.61    708    0    205446    82907    0    0    0    1    1    2    5
3961.71    706    0    204577    82110    0    0    0    2    0    4    6
4212.05    706    0    203993    81521    0    0    0    1    0    5    6
4462.09    706    0    203440    81005    0    0    0    1    0    3    8
4712.18    706    0    202925    80520    0    0    0    2    0    2    8
4965.62    706    0    202392    79987    0    0    0    0    0    2    9
5216.26    706    0    202082    79641    0    0    0    1    1    0    9
5466.27    706    0    201459    79040    0    0    1    0    0    1    9
5838.56    705    2    201276    78869    0    0    0    0    0    0    11
6088.59    705    0    200662    78273    0    0    0    2    0    0    11
6338.81    705    0    199997    77639    0    0    0    0    1    1    11
6590.54    705    0    199363    77062    0    0    0    0    0    2    11
8017.64    704    2    199127    76819    0    0    0    0    0    0    13
8267.66    704    0    198531    76211    0    0    0    0    1    1    13
8517.73    704    0    197929    75648    0    0    0    1    1    0    13
8767.8    703    0    196901    74657    0    0    0    1    0    3    13
9017.83    702    0    195800    73683    0    0    0    1    1    4    13
9268    701    0    195044    72948    0    0    0    2    1    3    15
9518.51    701    0    194571    72512    0    0    0    0    1    3    16
9769.58    701    0    194093    72083    0    0    0    2    0    2    16
10019.7    701    0    193498    71527    0    0    0    0    0    4    16
10269.7    701    0    193142    71201    0    0    0    1    0    1    18
10520.1    701    0    192603    70692    0    0    0    0    0    2    18
10770.5    701    0    191956    70150    0    0    0    0    0    2    18
11020.8    701    0    191301    69573    0    0    0    1    0    1    18
13091.3    700    2    190971    69251    0    0    0    0    0    0    19
13341.4    700    0    190288    68664    0    0    0    0    0    2    19
13592.3    700    0    189590    68076    0    0    0    0    1    1    19
13842.4    700    0    188977    67534    0    0    0    0    1    1    19
14092.4    700    0    188338    66977    0    0    0    1    0    1    19
14342.4    700    0    187700    66446    0    0    0    2    0    0    19
14592.6    700    0    187108    65908    0    0    0    0    1    1    19
14843.6    700    0    186382    65352    0    0    0    0    1    1    19
15094.1    700    0    185790    64820    0    0    0    1    1    0    19
15553.7    698    2    185459    64533    0    0    0    0    0    0    23
16546.9    697    2    185232    64357    0    0    0    0    0    0    25
16797    697    0    184624    63826    0    0    0    0    0    2    25
17048    697    0    183970    63282    0    0    0    1    1    0    25
17298.7    696    0    183176    62578    0    0    0    0    1    3    25
17548.8    696    0    182581    62066    0    0    1    1    0    0    26
17798.8    696    0    182081    61660    0    0    0    0    0    2    26
18049    695    0    181365    61026    0    0    0    0    0    4    26
18299.2    694    0    180349    60194    0    0    0    3    1    2    26
18549.2    694    0    179598    59614    0    0    0    0    1    3    27
18799.2    694    0    179060    59148    0    0    0    1    0    3    27
19049.5    694    0    178445    58662    0    0    0    2    0    2    27
19300.1    694    0    177752    58139    0    0    0    0    1    3    27
19550.4    693    0    176758    57404    0    0    0    0    1    5    27
19800.4    693    0    176181    56925    0    0    0    2    0    4    27
20050.4    693    0    175729    56539    0    0    0    3    1    0    29
20300.5    692    0    175041    56014    0    0    0    5    0    1    29
20550.9    692    0    174235    55348    0    0    0    4    0    2    29
20801.4    692    0    173539    54834    0    0    0    1    1    4    29
21052.2    692    0    173107    54534    0    0    0    1    1    0    31
21302.6    692    0    172786    54287    0    0    0    1    0    1    31
21552.9    692    0    172121    53795    0    0    0    0    1    1    31
21804.3    692    0    171437    53271    0    0    0    0    0    2    31
22054.6    691    0    170266    52354    0    0    0    1    0    3    31
22304.6    689    0    169436    51671    0    0    0    4    1    3    31
22554.6    689    0    168528    50965    0    0    0    4    1    3    31
22806.4    689    0    167978    50516    0    0    0    3    1    4    31
23057.1    689    0    167385    50072    0    0    0    3    0    5    31
23307.8    689    0    166812    49674    0    0    0    3    0    3    32
23558.2    688    0    166192    49259    0    0    0    4    0    4    32
23809    688    0    165438    48661    0    0    0    2    1    5    32
24059.2    688    0    164872    48231    0    0    0    4    0    4    32
24309.2    688    0    164158    47739    0    0    0    3    1    4    32
24559.6    688    0    163541    47296    0    0    0    3    1    4    32
24809.7    688    0    162932    46880    0    0    0    5    0    3    32
25059.7    688    0    162503    46560    0    0    0    0    0    4    36
25309.8    687    0    161949    46182    0    0    0    3    1    2    36
25559.9    686    0    161017    45554    0    0    0    3    0    5    36
25810    685    0    160252    45042    0    0    1    4    1    4    36
26060.2    685    0    159439    44486    0    0    0    3    0    7    36
26310.2    684    0    158815    44053    0    0    0    5    2    5    36
26561    684    0    158119    43556    0    0    0    3    1    8    36
26811    684    0    157556    43180    0    0    0    6    0    4    38
27061.2    684    0    156979    42755    0    0    0    5    1    4    38
27311.4    684    0    156299    42296    0    0    0    3    1    6    38
27561.4    683    0    155595    41822    0    0    0    8    0    4    38
27812.5    683    0    154931    41408    0    0    0    4    0    8    38
28063.3    682    0    154352    40996    0    0    0    5    1    8    38
28313.6    682    0    153680    40526    0    0    0    9    0    5    38
28564.2    682    0    153111    40115    0    0    1    8    0    5    38
28815.4    682    0    152572    39766    0    0    0    7    0    5    40
29066.3    682    0    151996    39342    0    0    0    4    1    7    40
29316.5    681    0    151343    38961    0    0    1    6    0    3    43
29567.2    681    0    150860    38627    0    0    0    5    0    5    43
29817.2    680    0    150336    38247    0    0    0    4    1    7    43
