457.216 0.00498856 1.40325e-05 1.50497 0.644774 0 0 0 0 0 0 1.40325e-05
717.217 0.00498155 0 1.49896 0.63881 0 0 0 7.01627e-06 7.01627e-06 1.40325e-05 1.40325e-05
977.225 0.00498155 0 1.4922 0.631618 0 0 0 7.01627e-06 7.01627e-06 1.40325e-05 1.40325e-05
1237.49 0.00498155 0 1.48764 0.626728 0 0 0 2.10488e-05 7.01627e-06 0 1.40325e-05
1497.56 0.00497453 0 1.48252 0.621824 0 0 0 0 7.01627e-06 3.50813e-05 1.40325e-05
1757.85 0.00497453 0 1.47706 0.616042 0 0 0 0 0 2.80651e-05 2.80651e-05
2018.2 0.00497453 0 1.4736 0.612843 0 0 0 7.01627e-06 7.01627e-06 1.40325e-05 2.80651e-05
2278.26 0.00497453 0 1.47015 0.609033 0 0 0 7.01627e-06 0 7.01627e-06 4.20976e-05
2538.9 0.00497453 0 1.4665 0.605728 0 0 0 7.01627e-06 7.01627e-06 0 4.20976e-05
2799.12 0.00497453 0 1.46178 0.601413 0 0 0 0 7.01627e-06 7.01627e-06 4.20976e-05
3059.79 0.00497453 0 1.45665 0.596579 0 0 0 0 7.01627e-06 7.01627e-06 4.20976e-05
3909.96 0.00496752 1.40325e-05 1.45288 0.592938 0 0 0 0 0 0 5.61301e-05
4170.34 0.00496752 0 1.4487 0.588552 0 0 0 0 7.01627e-06 7.01627e-06 5.61301e-05
4431.33 0.0049605 0 1.44369 0.583592 0 0 0 0 0 2.80651e-05 5.61301e-05
4691.37 0.00495348 0 1.43614 0.576463 0 0 0 1.40325e-05 0 1.40325e-05 7.01627e-05
4951.78 0.00495348 0 1.43091 0.571145 0 0 0 0 7.01627e-06 2.10488e-05 7.01627e-05
5212.27 0.00495348 0 1.42609 0.566704 0 0 0 0 0 2.80651e-05 7.01627e-05
5472.67 0.00494647 0 1.41986 0.560943 0 0 0 1.40325e-05 7.01627e-06 2.10488e-05 7.01627e-05
5732.79 0.00493945 0 1.41321 0.554355 0 0 0 2.10488e-05 7.01627e-06 2.80651e-05 7.01627e-05
5992.82 0.00493945 0 1.40911 0.55058 0 0 0 1.40325e-05 7.01627e-06 2.10488e-05 8.41952e-05
6252.83 0.00493945 0 1.4053 0.546883 0 0 7.01627e-06 2.80651e-05 0 7.01627e-06 8.41952e-05
6513.69 0.00493945 0 1.40203 0.543466 0 0 0 7.01627e-06 0 2.10488e-05 9.82277e-05
6775.48 0.00493945 0 1.39812 0.540056 0 0 0 7.01627e-06 0 2.10488e-05 9.82277e-05
7036.56 0.00493945 0 1.39565 0.537348 0 0 0 0 7.01627e-06 7.01627e-06 0.000105244
7298.67 0.00493945 0 1.39221 0.533966 0 0 0 0 7.01627e-06 7.01627e-06 0.000105244
7558.74 0.00493945 0 1.38761 0.529609 0 0 0 7.01627e-06 0 7.01627e-06 0.000105244
7818.85 0.00493243 0 1.37861 0.521266 0 0 0 7.01627e-06 0 2.10488e-05 0.000105244
8078.96 0.00492542 0 1.37179 0.514847 0 0 0 7.01627e-06 7.01627e-06 1.40325e-05 0.000119277
8339.12 0.00492542 0 1.3683 0.511633 0 0 0 1.40325e-05 7.01627e-06 7.01627e-06 0.000119277
8599.23 0.00492542 0 1.36326 0.507536 0 0 0 7.01627e-06 0 2.10488e-05 0.000119277
8859.26 0.0049184 0 1.3581 0.502596 0 0 0 2.10488e-05 0 7.01627e-06 0.000133309
9119.63 0.00491139 0 1.35296 0.497944 0 0 0 2.80651e-05 0 1.40325e-05 0.000133309
9379.79 0.00491139 0 1.34791 0.49337 0 0 0 2.10488e-05 7.01627e-06 1.40325e-05 0.000133309
9640.8 0.00491139 0 1.34302 0.489342 0 0 0 2.10488e-05 7.01627e-06 1.40325e-05 0.000133309
9901.49 0.00491139 0 1.33926 0.485491 0 0 0 0 0 2.80651e-05 0.000147342
10163.2 0.00491139 0 1.33654 0.482761 0 0 0 7.01627e-06 7.01627e-06 1.40325e-05 0.000147342
10424.2 0.00491139 0 1.3323 0.478993 0 0 0 0 7.01627e-06 2.10488e-05 0.000147342
10684.4 0.00490437 0 1.32652 0.473773 0 0 0 1.40325e-05 7.01627e-06 2.10488e-05 0.000147342
10944.5 0.00490437 0 1.32063 0.468785 0 0 0 3.50813e-05 7.01627e-06 0 0.000147342
11204.5 0.00490437 0 1.31606 0.464764 0 0 0 1.40325e-05 0 2.80651e-05 0.000147342
11464.6 0.00490437 0 1.31173 0.460955 0 0 0 2.10488e-05 7.01627e-06 1.40325e-05 0.000147342
11724.9 0.00490437 0 1.30642 0.456717 0 0 0 2.80651e-05 7.01627e-06 7.01627e-06 0.000147342
11985.7 0.00490437 0 1.30364 0.454184 0 0 0 7.01627e-06 7.01627e-06 1.40325e-05 0.000161374
12245.9 0.00489735 0 1.29952 0.450739 0 0 0 7.01627e-06 7.01627e-06 1.40325e-05 0.000175407
12506.9 0.00489034 0 1.29717 0.44862 0 0 0 7.01627e-06 7.01627e-06 1.40325e-05 0.000189439
13763.6 0.00488332 1.40325e-05 1.29176 0.444088 0 0 0 0 0 0 0.000210488
14024.2 0.00488332 0 1.28769 0.440502 0 0 0 0 7.01627e-06 7.01627e-06 0.000210488
14284.9 0.00488332 0 1.28336 0.436573 0 0 0 0 0 1.40325e-05 0.000210488
14545.1 0.00488332 0 1.27862 0.432693 0 0 0 0 7.01627e-06 7.01627e-06 0.000210488
14805.5 0.0048763 0 1.2736 0.428231 0 0 0 7.01627e-06 0 2.10488e-05 0.000210488
15065.6 0.00486929 0 1.2656 0.421762 0 0 0 1.40325e-05 7.01627e-06 2.10488e-05 0.000210488
15325.7 0.00486929 0 1.26024 0.417636 0 0 0 1.40325e-05 0 1.40325e-05 0.000217504
15586 0.00486929 0 1.25626 0.414156 0 0 0 7.01627e-06 7.01627e-06 1.40325e-05 0.000217504
15846.1 0.00486929 0 1.25182 0.410711 0 0 0 1.40325e-05 0 1.40325e-05 0.000217504
16106.3 0.00486227 0 1.24623 0.406572 0 0 0 2.10488e-05 0 2.10488e-05 0.000217504
16366.3 0.00486227 0 1.23973 0.401688 0 0 0 2.10488e-05 7.01627e-06 1.40325e-05 0.000217504
16626.3 0.00486227 0 1.23556 0.398138 0 0 0 1.40325e-05 7.01627e-06 2.10488e-05 0.000217504
16886.9 0.00486227 0 1.23272 0.395626 0 0 0 7.01627e-06 7.01627e-06 1.40325e-05 0.000231537
17147.4 0.00485526 0 1.22653 0.390939 0 0 0 2.10488e-05 0 2.10488e-05 0.000231537
17408.3 0.00485526 0 1.22092 0.386491 0 0 0 2.10488e-05 7.01627e-06 1.40325e-05 0.000231537
17669 0.00485526 0 1.21654 0.383299 0 0 0 7.01627e-06 7.01627e-06 1.40325e-05 0.000238553
17929.6 0.00485526 0 1.21268 0.380632 0 0 0 1.40325e-05 7.01627e-06 7.01627e-06 0.000238553
18191.4 0.00485526 0 1.20896 0.377672 0 0 0 7.01627e-06 0 7.01627e-06 0.000245569
19282 0.00484824 1.40325e-05 1.20599 0.375595 0 0 0 0 0 0 0.000252586
19543.4 0.00484824 0 1.20158 0.372255 0 0 0 0 7.01627e-06 7.01627e-06 0.000252586
19803.6 0.00484824 0 1.19727 0.368852 0 0 0 0 0 1.40325e-05 0.000252586
20063.6 0.00484824 0 1.19262 0.365358 0 0 0 7.01627e-06 0 7.01627e-06 0.000252586
20323.7 0.00484122 0 1.18621 0.36004 0 0 0 2.10488e-05 0 7.01627e-06 0.000252586
20583.7 0.00484122 0 1.18058 0.355647 0 0 0 0 7.01627e-06 2.10488e-05 0.000252586
20844.3 0.00484122 0 1.17652 0.352497 0 0 0 1.40325e-05 0 1.40325e-05 0.000252586
21105.5 0.00484122 0 1.17228 0.349417 0 0 0 0 7.01627e-06 7.01627e-06 0.000259602
21365.6 0.00483421 0 1.16821 0.346337 0 0 0 7.01627e-06 0 2.10488e-05 0.000259602
21628.6 0.00483421 0 1.16432 0.343713 0 0 0 0 7.01627e-06 7.01627e-06 0.000266618
21888.8 0.00483421 0 1.16145 0.341454 0 0 0 7.01627e-06 7.01627e-06 0 0.000266618
22148.8 0.00483421 0 1.15696 0.338177 0 0 0 7.01627e-06 7.01627e-06 0 0.000266618
22409.4 0.00483421 0 1.1528 0.3349 0 0 0 7.01627e-06 7.01627e-06 0 0.000266618
22669.8 0.00483421 0 1.14904 0.331925 0 0 0 0 7.01627e-06 7.01627e-06 0.000266618
22930.2 0.00483421 0 1.14484 0.328635 0 0 0 0 7.01627e-06 7.01627e-06 0.000266618
24234.1 0.00482719 1.40325e-05 1.14018 0.325379 0 0 0 0 0 0 0.000273634
24494.9 0.00482017 0 1.13584 0.322362 0 0 0 0 0 1.40325e-05 0.000287667
24755 0.00482017 0 1.13106 0.319149 0 0 0 0 7.01627e-06 7.01627e-06 0.000287667
25015.7 0.00482017 0 1.12643 0.31602 0 0 0 7.01627e-06 7.01627e-06 0 0.000287667
25276.1 0.00481316 0 1.11785 0.310386 0 0 0 1.40325e-05 7.01627e-06 7.01627e-06 0.000287667
25538.2 0.00481316 0 1.11448 0.307867 0 0 0 0 7.01627e-06 7.01627e-06 0.000301699
25800.1 0.00481316 0 1.11144 0.305657 0 0 0 0 7.01627e-06 7.01627e-06 0.000301699
26356 0.00480614 1.40325e-05 1.10926 0.304232 0 0 0 0 0 0 0.000315732
27822.5 0.00479913 1.40325e-05 1.10781 0.303271 0 0 0 0 0 0 0.000329764
28082.6 0.00479913 0 1.1033 0.300114 0 0 7.01627e-06 7.01627e-06 0 0 0.000329764
28342.7 0.00479913 0 1.09836 0.296893 0 0 0 7.01627e-06 0 7.01627e-06 0.000329764
28602.7 0.00479211 0 1.09113 0.292171 0 0 7.01627e-06 7.01627e-06 0 1.40325e-05 0.000329764
28862.8 0.00479211 0 1.08588 0.288593 0 0 0 1.40325e-05 0 1.40325e-05 0.000329764
29122.8 0.00478509 0 1.08006 0.284552 0 0 0 1.40325e-05 7.01627e-06 2.10488e-05 0.000329764
29384.2 0.00478509 0 1.07517 0.281065 0 0 0 2.10488e-05 0 2.10488e-05 0.000329764
29644.3 0.00478509 0 1.07041 0.277879 0 0 0 1.40325e-05 7.01627e-06 2.10488e-05 0.000329764
29905.3 0.00478509 0 1.06604 0.275031 0 0 0 2.10488e-05 0 2.10488e-05 0.000329764
