457.216 0.00498856 1.40325e-05 1.50497 0.644774 0 0 0 0 0 0 1.40325e-05
657.911 0.00498155 0 1.50095 0.640831 0 0 0 7.01627e-06 7.01627e-06 1.40325e-05 1.40325e-05
857.911 0.00498155 0 1.49439 0.634081 0 0 0 7.01627e-06 7.01627e-06 1.40325e-05 1.40325e-05
1058.3 0.00498155 0 1.49134 0.630671 0 0 0 7.01627e-06 0 2.10488e-05 1.40325e-05
1258.34 0.00498155 0 1.48777 0.62684 0 0 0 0 7.01627e-06 2.10488e-05 1.40325e-05
1458.4 0.00498155 0 1.48386 0.623297 0 0 0 0 0 2.80651e-05 1.40325e-05
1658.57 0.00497453 0 1.47937 0.618631 0 0 0 2.10488e-05 0 2.10488e-05 1.40325e-05
1858.59 0.00496752 0 1.47517 0.614372 0 0 7.01627e-06 2.80651e-05 0 2.10488e-05 1.40325e-05
2058.67 0.00496752 0 1.47069 0.609882 0 0 0 1.40325e-05 7.01627e-06 3.50813e-05 1.40325e-05
2258.68 0.00496752 0 1.46665 0.606247 0 0 0 4.20976e-05 0 1.40325e-05 1.40325e-05
2458.76 0.00496752 0 1.46309 0.602915 0 0 0 4.20976e-05 0 1.40325e-05 1.40325e-05
2658.83 0.00496752 0 1.45981 0.599975 0 0 7.01627e-06 2.10488e-05 0 1.40325e-05 2.10488e-05
2859.09 0.00496752 0 1.45652 0.596649 0 0 0 2.10488e-05 7.01627e-06 1.40325e-05 2.10488e-05
3059.37 0.00496752 0 1.45275 0.593134 0 0 0 1.40325e-05 7.01627e-06 2.10488e-05 2.10488e-05
3259.63 0.00496752 0 1.4495 0.589829 0 0 0 1.40325e-05 7.01627e-06 2.10488e-05 2.10488e-05
3459.65 0.00496752 0 1.44602 0.586469 0 0 0 7.01627e-06 7.01627e-06 2.80651e-05 2.10488e-05
3660.49 0.00496752 0 1.44254 0.582982 0 0 0 7.01627e-06 0 2.10488e-05 3.50813e-05
3860.52 0.0049605 0 1.43997 0.580294 0 0 0 2.10488e-05 7.01627e-06 1.40325e-05 3.50813e-05
4060.78 0.00495348 0 1.43427 0.575095 0 0 0 1.40325e-05 7.01627e-06 2.10488e-05 4.20976e-05
4262.07 0.00495348 0 1.43127 0.571994 0 0 0 0 7.01627e-06 3.50813e-05 4.20976e-05
4462.34 0.00495348 0 1.42804 0.5689 0 0 0 7.01627e-06 7.01627e-06 1.40325e-05 5.61301e-05
4663.09 0.00495348 0 1.42555 0.566493 0 0 0 1.40325e-05 0 1.40325e-05 5.61301e-05
4863.14 0.00495348 0 1.42163 0.562831 0 0 0 2.10488e-05 0 7.01627e-06 5.61301e-05
5063.2 0.00495348 0 1.41951 0.560649 0 0 0 0 7.01627e-06 7.01627e-06 6.31464e-05
5264.4 0.00495348 0 1.41723 0.558137 0 0 0 7.01627e-06 0 7.01627e-06 6.31464e-05
5464.48 0.00495348 0 1.41374 0.554769 0 0 0 0 0 1.40325e-05 6.31464e-05
5847.95 0.00494647 1.40325e-05 1.41222 0.553352 0 0 0 0 0 0 7.71789e-05
6048.45 0.00494647 0 1.40863 0.549879 0 0 0 0 7.01627e-06 7.01627e-06 7.71789e-05
6248.5 0.00494647 0 1.40547 0.546728 0 0 0 7.01627e-06 7.01627e-06 0 7.71789e-05
6448.65 0.00494647 0 1.40154 0.543115 0 0 0 1.40325e-05 0 0 7.71789e-05
6648.88 0.00494647 0 1.39796 0.53986 0 0 0 7.01627e-06 0 7.01627e-06 7.71789e-05
8027.06 0.00493945 1.40325e-05 1.39714 0.538968 0 0 0 0 0 0 9.12115e-05
8227.28 0.00493945 0 1.3937 0.535446 0 0 0 0 7.01627e-06 7.01627e-06 9.12115e-05
8427.45 0.00493945 0 1.39058 0.532464 0 0 0 0 7.01627e-06 7.01627e-06 9.12115e-05
8627.64 0.00493945 0 1.38674 0.528914 0 0 0 7.01627e-06 0 7.01627e-06 9.12115e-05
8827.66 0.00493243 0 1.37946 0.522052 0 0 0 1.40325e-05 7.01627e-06 7.01627e-06 9.12115e-05
9028.03 0.00492542 0 1.37451 0.517485 0 0 0 7.01627e-06 7.01627e-06 2.80651e-05 9.12115e-05
9228.12 0.0049184 0 1.37037 0.513563 0 0 0 2.10488e-05 0 2.10488e-05 0.000105244
9429.78 0.0049184 0 1.36727 0.510609 0 0 0 1.40325e-05 7.01627e-06 2.10488e-05 0.000105244
9629.78 0.0049184 0 1.36471 0.5083 0 0 0 1.40325e-05 7.01627e-06 7.01627e-06 0.00011226
9830.86 0.0049184 0 1.36169 0.505578 0 0 0 0 0 2.80651e-05 0.00011226
10031 0.0049184 0 1.35816 0.502344 0 0 0 1.40325e-05 0 1.40325e-05 0.00011226
10233.3 0.0049184 0 1.35584 0.500267 0 0 0 0 0 1.40325e-05 0.000126293
10433.8 0.0049184 0 1.35333 0.497916 0 0 0 0 7.01627e-06 7.01627e-06 0.000126293
10634.3 0.0049184 0 1.34999 0.494731 0 0 0 7.01627e-06 7.01627e-06 0 0.000126293
10834.4 0.0049184 0 1.3462 0.491658 0 0 0 0 7.01627e-06 7.01627e-06 0.000126293
11034.8 0.0049184 0 1.34242 0.48836 0 0 0 0 0 1.40325e-05 0.000126293
13121.3 0.00491139 1.40325e-05 1.33992 0.485869 0 0 0 0 0 0 0.000133309
13321.5 0.00491139 0 1.33619 0.482565 0 0 0 7.01627e-06 0 7.01627e-06 0.000133309
13523.1 0.00491139 0 1.33217 0.479323 0 0 0 7.01627e-06 0 7.01627e-06 0.000133309
13723.4 0.00491139 0 1.32826 0.476047 0 0 0 0 0 1.40325e-05 0.000133309
13923.6 0.00491139 0 1.32501 0.472988 0 0 0 0 7.01627e-06 7.01627e-06 0.000133309
14124.5 0.00491139 0 1.32143 0.4699 0 0 0 0 7.01627e-06 7.01627e-06 0.000133309
14324.9 0.00491139 0 1.3179 0.466841 0 0 0 0 7.01627e-06 7.01627e-06 0.000133309
14525.8 0.00491139 0 1.31454 0.463866 0 0 0 0 7.01627e-06 7.01627e-06 0.000133309
14727.2 0.00491139 0 1.31104 0.4608 0 0 0 0 7.01627e-06 7.01627e-06 0.000133309
14928.3 0.00491139 0 1.30679 0.457608 0 0 0 7.01627e-06 0 7.01627e-06 0.000133309
15128.4 0.00491139 0 1.3035 0.454724 0 0 0 0 7.01627e-06 7.01627e-06 0.000133309
15583.8 0.00489735 1.40325e-05 1.30124 0.452767 0 0 0 0 0 0 0.000161374
16577 0.00489034 1.40325e-05 1.29965 0.451532 0 0 0 0 0 0 0.000175407
16777 0.00489034 0 1.29613 0.44848 0 0 0 0 7.01627e-06 7.01627e-06 0.000175407
16977.5 0.00489034 0 1.29247 0.445421 0 0 0 0 7.01627e-06 7.01627e-06 0.000175407
17178 0.00489034 0 1.28924 0.442579 0 0 0 7.01627e-06 7.01627e-06 0 0.000175407
17378 0.00488332 0 1.2836 0.437654 0 0 0 1.40325e-05 0 1.40325e-05 0.000175407
17578.1 0.00488332 0 1.28136 0.435696 0 0 0 7.01627e-06 0 7.01627e-06 0.000182423
17778.5 0.00488332 0 1.27807 0.433002 0 0 0 0 7.01627e-06 7.01627e-06 0.000182423
17978.6 0.0048763 0 1.27488 0.430083 0 0 0 2.10488e-05 7.01627e-06 0 0.000182423
18178.6 0.0048763 0 1.26799 0.4244 0 0 0 7.01627e-06 0 2.10488e-05 0.000182423
18379.6 0.00486929 0 1.26319 0.420639 0 0 0 7.01627e-06 7.01627e-06 2.80651e-05 0.000182423
18580.3 0.00486929 0 1.26023 0.418359 0 0 0 2.10488e-05 0 7.01627e-06 0.000189439
18781.7 0.00486929 0 1.25678 0.415447 0 0 0 7.01627e-06 7.01627e-06 1.40325e-05 0.000189439
18982.8 0.00486929 0 1.25341 0.412472 0 0 0 1.40325e-05 0 1.40325e-05 0.000189439
19182.8 0.00486929 0 1.24988 0.40989 0 0 0 0 0 2.80651e-05 0.000189439
19383 0.00486227 0 1.24501 0.406389 0 0 0 2.80651e-05 7.01627e-06 7.01627e-06 0.000189439
19584.4 0.00486227 0 1.24029 0.402825 0 0 0 0 7.01627e-06 3.50813e-05 0.000189439
19784.5 0.00486227 0 1.237 0.400173 0 0 0 1.40325e-05 7.01627e-06 2.10488e-05 0.000189439
19984.6 0.00486227 0 1.23436 0.397738 0 0 0 7.01627e-06 0 2.10488e-05 0.000203472
20184.9 0.00486227 0 1.23169 0.395584 0 0 0 1.40325e-05 7.01627e-06 7.01627e-06 0.000203472
20384.9 0.00485526 0 1.22676 0.391851 0 0 0 2.80651e-05 0 1.40325e-05 0.000203472
20585 0.00485526 0 1.2228 0.388589 0 0 0 7.01627e-06 7.01627e-06 2.80651e-05 0.000203472
20785.4 0.00485526 0 1.21882 0.385607 0 0 0 7.01627e-06 7.01627e-06 2.80651e-05 0.000203472
20985.4 0.00485526 0 1.21574 0.383397 0 0 0 1.40325e-05 0 1.40325e-05 0.000210488
21186 0.00485526 0 1.21258 0.381201 0 0 0 7.01627e-06 7.01627e-06 1.40325e-05 0.000210488
21386.8 0.00485526 0 1.20925 0.378549 0 0 0 0 7.01627e-06 7.01627e-06 0.000217504
21587 0.00485526 0 1.20704 0.376942 0 0 0 7.01627e-06 0 7.01627e-06 0.000217504
21787.1 0.00485526 0 1.20316 0.374023 0 0 0 7.01627e-06 7.01627e-06 0 0.000217504
21987.4 0.00484824 0 1.19674 0.36914 0 0 0 2.10488e-05 7.01627e-06 0 0.000217504
22187.4 0.00484824 0 1.19339 0.366396 0 0 0 1.40325e-05 7.01627e-06 7.01627e-06 0.000217504
22387.4 0.00483421 0 1.18842 0.362124 0 0 0 7.01627e-06 7.01627e-06 4.20976e-05 0.000217504
22587.7 0.00483421 0 1.18383 0.358622 0 0 0 7.01627e-06 7.01627e-06 4.20976e-05 0.000217504
22787.8 0.00483421 0 1.18055 0.355949 0 0 0 3.50813e-05 0 2.10488e-05 0.000217504
22987.9 0.00483421 0 1.17739 0.353451 0 0 0 3.50813e-05 0 2.10488e-05 0.000217504
23188.2 0.00483421 0 1.17391 0.350975 0 0 0 2.80651e-05 7.01627e-06 2.10488e-05 0.000217504
23388.2 0.00483421 0 1.17071 0.34875 0 0 0 1.40325e-05 7.01627e-06 2.10488e-05 0.000224521
23589.6 0.00483421 0 1.1675 0.346533 0 0 0 2.10488e-05 7.01627e-06 1.40325e-05 0.000224521
23789.8 0.00482719 0 1.16326 0.343404 0 0 0 3.50813e-05 0 2.10488e-05 0.000224521
23991.7 0.00482719 0 1.15961 0.340485 0 0 0 1.40325e-05 7.01627e-06 3.50813e-05 0.000224521
24192.2 0.00482719 0 1.15634 0.338114 0 0 0 1.40325e-05 0 4.20976e-05 0.000224521
24392.4 0.00482719 0 1.15229 0.335356 0 0 0 4.20976e-05 7.01627e-06 7.01627e-06 0.000224521
24594 0.00482719 0 1.1486 0.332817 0 0 0 1.40325e-05 0 4.20976e-05 0.000224521
24794 0.00482719 0 1.14529 0.330347 0 0 0 1.40325e-05 7.01627e-06 3.50813e-05 0.000224521
24994.3 0.00482719 0 1.14185 0.327919 0 0 0 1.40325e-05 7.01627e-06 3.50813e-05 0.000224521
25194.8 0.00482719 0 1.14 0.326495 0 0 0 2.10488e-05 7.01627e-06 0 0.000252586
25395.2 0.00482017 0 1.136 0.323878 0 0 0 2.10488e-05 7.01627e-06 1.40325e-05 0.000252586
25595.3 0.00481316 0 1.13103 0.320538 0 0 0 1.40325e-05 7.01627e-06 3.50813e-05 0.000252586
25796.4 0.00481316 0 1.12641 0.317451 0 0 0 2.80651e-05 7.01627e-06 2.10488e-05 0.000252586
25996.4 0.00480614 0 1.12259 0.314701 0 0 0 3.50813e-05 7.01627e-06 2.80651e-05 0.000252586
26196.5 0.00480614 0 1.11842 0.311978 0 0 0 2.10488e-05 0 4.91139e-05 0.000252586
26396.6 0.00480614 0 1.11513 0.3096 0 0 7.01627e-06 2.10488e-05 0 4.20976e-05 0.000252586
26596.7 0.00479913 0 1.11115 0.306758 0 0 0 6.31464e-05 7.01627e-06 1.40325e-05 0.000252586
26796.8 0.00479913 0 1.10781 0.30452 0 0 7.01627e-06 2.10488e-05 0 4.20976e-05 0.000266618
26996.8 0.00479913 0 1.10439 0.302226 0 0 0 5.61301e-05 0 1.40325e-05 0.000266618
27197.4 0.00479913 0 1.10103 0.299763 0 0 0 4.91139e-05 7.01627e-06 1.40325e-05 0.000266618
27397.6 0.00479913 0 1.09725 0.29716 0 0 7.01627e-06 2.10488e-05 0 4.20976e-05 0.000266618
27597.7 0.00479211 0 1.09336 0.294578 0 0 7.01627e-06 3.50813e-05 7.01627e-06 3.50813e-05 0.000266618
27798.1 0.00479211 0 1.08953 0.29208 0 0 0 4.20976e-05 0 4.20976e-05 0.000266618
28000.3 0.00479211 0 1.08618 0.289919 0 0 0 2.10488e-05 7.01627e-06 5.61301e-05 0.000266618
28200.6 0.00478509 0 1.08291 0.287576 0 0 0 2.80651e-05 0 7.01627e-05 0.000266618
28400.7 0.00478509 0 1.07915 0.284938 0 0 7.01627e-06 4.20976e-05 0 4.91139e-05 0.000266618
28601 0.00478509 0 1.07615 0.282706 0 0 7.01627e-06 4.20976e-05 0 4.91139e-05 0.000266618
28801 0.00478509 0 1.07286 0.280482 0 0 7.01627e-06 4.91139e-05 0 2.80651e-05 0.000280651
29001.6 0.00478509 0 1.06978 0.278405 0 0 0 3.50813e-05 7.01627e-06 4.20976e-05 0.000280651
29202.1 0.00478509 0 1.06645 0.276027 0 0 0 2.80651e-05 7.01627e-06 4.91139e-05 0.000280651
29403 0.00477808 0 1.06294 0.273915 0 0 0 2.10488e-05 7.01627e-06 5.61301e-05 0.000287667
29603.3 0.00477808 0 1.05982 0.271964 0 0 0 3.50813e-05 7.01627e-06 2.80651e-05 0.000301699
29803.9 0.00477808 0 1.05689 0.269986 0 0 0 2.80651e-05 7.01627e-06 3.50813e-05 0.000301699
