0 0.00477473 5.29308e-13 0.989454 0.227511 3.19123e-13 1.70442e-13 2.23631e-10 8.43611e-09 3.64133e-10 7.13702e-09 0.000354923
10 0.00477466 5.29393e-13 0.989282 0.22741 3.19208e-13 1.7044e-13 2.23718e-10 8.43696e-09 3.64176e-10 7.13582e-09 0.000355039
20 0.00477458 5.29477e-13 0.98911 0.22731 3.19293e-13 1.70658e-13 2.23801e-10 8.43764e-09 3.64214e-10 7.13448e-09 0.000355156
30 0.00477451 5.29561e-13 0.988938 0.227209 3.19378e-13 1.7062e-13 2.23889e-10 8.43853e-09 3.64259e-10 7.13331e-09 0.000355272
40 0.00477443 5.29646e-13 0.988767 0.227109 3.19463e-13 1.70451e-13 2.2398e-10 8.43951e-09 3.64309e-10 7.13223e-09 0.000355388
50 0.00477436 5.2973e-13 0.988595 0.227008 3.19548e-13 1.70278e-13 2.24071e-10 8.4405e-09 3.64359e-10 7.13114e-09 0.000355505
60 0.00477428 5.29815e-13 0.988423 0.226908 3.19633e-13 1.70225e-13 2.24159e-10 8.44138e-09 3.64405e-10 7.12997e-09 0.000355621
70 0.00477421 5.299e-13 0.988251 0.226807 3.19718e-13 1.70417e-13 2.24242e-10 8.44207e-09 3.64442e-10 7.12863e-09 0.000355737
80 0.00477414 5.29984e-13 0.98808 0.226707 3.19803e-13 1.70721e-13 2.24324e-10 8.44269e-09 3.64476e-10 7.12724e-09 0.000355854
90 0.00477406 5.30069e-13 0.987908 0.226607 3.19888e-13 1.70876e-13 2.24408e-10 8.44342e-09 3.64515e-10 7.12594e-09 0.00035597
100 0.00477399 5.30153e-13 0.987736 0.226507 3.19973e-13 1.70908e-13 2.24495e-10 8.44425e-09 3.64559e-10 7.12472e-09 0.000356086
110 0.00477391 5.30238e-13 0.987564 0.226406 3.20059e-13 1.70845e-13 2.24584e-10 8.44516e-09 3.64605e-10 7.12357e-09 0.000356203
120 0.00477384 5.30323e-13 0.987393 0.226306 3.20144e-13 1.70713e-13 2.24675e-10 8.44612e-09 3.64654e-10 7.12246e-09 0.000356319
130 0.00477376 5.30408e-13 0.987221 0.226206 3.20229e-13 1.70538e-13 2.24766e-10 8.44712e-09 3.64705e-10 7.12139e-09 0.000356435
140 0.00477369 5.30492e-13 0.987049 0.226106 3.20315e-13 1.70348e-13 2.24858e-10 8.44812e-09 3.64755e-10 7.12031e-09 0.000356552
150 0.00477362 5.30577e-13 0.986877 0.226005 3.204e-13 1.70169e-13 2.2495e-10 8.44911e-09 3.64806e-10 7.11923e-09 0.000356668
160 0.00477354 5.30662e-13 0.986706 0.225905 3.20485e-13 1.70027e-13 2.25041e-10 8.45007e-09 3.64855e-10 7.11813e-09 0.000356784
170 0.00477347 5.30747e-13 0.986534 0.225805 3.20571e-13 1.69949e-13 2.2513e-10 8.45098e-09 3.64901e-10 7.11697e-09 0.0003569
180 0.00477339 5.30832e-13 0.986362 0.225705 3.20656e-13 1.69961e-13 2.25218e-10 8.45181e-09 3.64945e-10 7.11575e-09 0.000357017
190 0.00477332 5.30917e-13 0.986191 0.225605 3.20742e-13 1.70092e-13 2.25303e-10 8.45254e-09 3.64984e-10 7.11445e-09 0.000357133
200 0.00477324 5.31002e-13 0.986019 0.225505 3.20827e-13 1.70366e-13 2.25384e-10 8.45316e-09 3.65018e-10 7.11304e-09 0.000357249
