203.07    7125    2    2.14498e+06    918968    0    0    0    0    0    0    2
263.072    7124    0    2.14246e+06    916327    0    0    0    1    1    2    2
323.074    7123    0    2.14038e+06    914196    0    0    0    1    0    3    4
383.114    7122    0    2.13862e+06    912457    0    0    0    1    0    3    5
443.138    7122    0    2.13739e+06    911243    0    0    0    1    0    3    5
503.203    7121    0    2.13627e+06    910100    0    0    0    1    0    3    6
563.204    7118    0    2.134e+06    907807    0    0    0    3    0    3    9
623.376    7117    0    2.1318e+06    905531    0    0    0    1    0    3    12
683.525    7117    0    2.13089e+06    904582    0    0    0    1    0    3    12
743.559    7117    0    2.13006e+06    903765    0    0    0    0    1    1    13
880.825    7116    2    2.12993e+06    903613    0    0    0    0    0    0    15
940.827    7115    0    2.1284e+06    901954    0    0    0    2    0    2    15
1000.85    7114    0    2.12605e+06    899527    0    0    0    0    0    2    18
1060.89    7114    0    2.12517e+06    898603    0    0    0    1    1    0    18
1133.45    7112    2    2.12451e+06    897924    0    0    0    0    0    0    21
1193.49    7111    0    2.12191e+06    895318    0    0    0    0    1    1    22
1253.5    7111    0    2.12099e+06    894399    0    0    0    1    0    1    22
1313.5    7110    0    2.11955e+06    892798    0    0    0    0    0    4    22
1373.55    7109    0    2.11708e+06    890253    0    0    0    1    0    1    26
1433.63    7109    0    2.1162e+06    889346    0    0    0    0    1    1    26
1493.63    7108    0    2.11397e+06    887017    0    0    0    1    0    3    26
1553.71    7106    0    2.11156e+06    884628    0    0    0    2    1    3    28
1613.72    7105    0    2.10927e+06    882402    0    0    0    1    0    7    28
1673.79    7104    0    2.10722e+06    880323    0    0    0    3    1    4    30
1733.83    7104    0    2.10568e+06    878816    0    0    0    4    1    3    30
1793.83    7103    0    2.10394e+06    877132    0    0    0    6    1    3    30
1853.85    7102    0    2.10209e+06    875199    0    0    0    2    0    10    30
1913.91    7102    0    2.10041e+06    873511    0    0    0    5    1    6    30
1973.95    7101    0    2.09868e+06    871758    0    0    0    5    1    8    30
2033.96    7101    0    2.09704e+06    870113    0    0    1    4    0    9    30
2093.97    7101    0    2.09584e+06    868840    0    0    0    5    1    6    32
2153.99    7100    0    2.0941e+06    867167    0    0    0    6    1    7    32
2214.06    7099    0    2.09245e+06    865428    0    0    0    1    1    12    34
2274.1    7098    0    2.0908e+06    863798    0    0    0    6    0    10    34
2334.11    7097    0    2.08913e+06    862051    0    0    0    12    0    6    34
2394.11    7096    0    2.0876e+06    860553    0    0    0    6    0    10    38
2454.12    7094    0    2.08591e+06    858850    0    0    0    4    1    15    38
2514.13    7092    0    2.08423e+06    857093    0    0    2    7    0    15    38
2574.13    7092    0    2.08244e+06    855403    0    0    1    11    1    11    38
2634.15    7092    0    2.08094e+06    853889    0    0    0    10    0    14    38
2694.16    7090    0    2.07941e+06    852394    0    0    0    4    0    20    42
2754.17    7089    0    2.07768e+06    850751    0    0    0    13    0    11    43
2814.2    7089    0    2.07624e+06    849370    0    0    0    6    0    16    45
2874.27    7089    0    2.07482e+06    847949    0    0    0    9    0    11    47
2934.28    7089    0    2.07345e+06    846554    0    0    1    5    0    14    47
2994.31    7089    0    2.07189e+06    845046    0    0    0    8    0    12    47
3054.35    7089    0    2.07057e+06    843747    0    0    0    7    1    8    50
3114.37    7088    0    2.06889e+06    842127    0    0    1    11    0    6    50
3174.4    7088    0    2.06765e+06    840926    0    0    0    4    1    9    53
3234.41    7088    0    2.06625e+06    839498    0    0    0    5    1    8    53
3294.42    7086    0    2.06464e+06    837888    0    0    1    8    0    7    54
3354.46    7086    0    2.06301e+06    836199    0    0    0    9    0    7    54
3414.5    7086    0    2.06173e+06    834901    0    0    1    5    0    8    56
3474.53    7084    0    2.06014e+06    833387    0    0    0    9    0    7    58
3534.57    7084    0    2.05849e+06    831709    0    0    0    6    0    10    58
3594.58    7084    0    2.05702e+06    830269    0    0    0    6    1    9    58
3654.58    7084    0    2.05562e+06    828851    0    0    0    6    1    7    59
3714.63    7081    0    2.05446e+06    827619    0    0    0    1    1    12    64
3774.63    7081    0    2.05256e+06    825882    0    0    0    5    2    7    64
3834.69    7081    0    2.05096e+06    824389    0    0    0    5    0    9    64
3894.76    7080    0    2.04931e+06    822835    0    0    0    3    0    9    68
3954.77    7080    0    2.04805e+06    821627    0    0    0    3    0    9    68
4014.77    7079    0    2.04629e+06    819911    0    0    1    3    1    9    68
4074.9    7079    0    2.04495e+06    818548    0    0    0    4    1    7    69
4134.95    7079    0    2.04376e+06    817341    0    0    0    2    1    7    71
4194.97    7079    0    2.04233e+06    815903    0    0    0    4    0    6    71
4254.97    7078    0    2.04057e+06    814198    0    0    0    6    0    6    71
4314.98    7078    0    2.03904e+06    812730    0    0    0    4    1    7    71
4375.03    7078    0    2.03754e+06    811327    0    0    0    1    1    6    74
4435.14    7078    0    2.03638e+06    810261    0    0    0    3    1    4    74
4495.14    7077    0    2.03466e+06    808590    0    0    0    5    0    5    74
4555.23    7076    0    2.03282e+06    806769    0    0    0    4    0    6    75
4615.26    7076    0    2.03161e+06    805581    0    0    0    2    0    6    76
4675.3    7076    0    2.0303e+06    804357    0    0    0    5    1    2    76
4735.42    7076    0    2.02871e+06    802895    0    0    0    2    1    3    78
4795.46    7075    0    2.02765e+06    801890    0    0    0    2    1    3    80
4855.53    7075    0    2.02596e+06    800226    0    0    0    3    0    3    80
4915.55    7075    0    2.02462e+06    798909    0    0    0    1    0    3    82
4975.56    7074    0    2.02297e+06    797420    0    0    0    2    0    4    82
5035.6    7074    0    2.02168e+06    796249    0    0    0    1    0    3    83
5095.62    7073    0    2.02025e+06    794862    0    0    0    0    1    1    86
5155.75    7073    0    2.01956e+06    794192    0    0    0    1    1    0    86
5215.8    7073    0    2.01805e+06    792735    0    0    0    1    0    1    86
5275.83    7072    0    2.01642e+06    791115    0    0    0    1    0    3    86
5335.88    7071    0    2.01386e+06    788684    0    0    0    0    0    4    88
5395.88    7071    0    2.01224e+06    787102    0    0    0    1    1    2    88
5455.89    7071    0    2.01122e+06    786126    0    0    0    1    0    1    89
5515.98    7069    0    2.00962e+06    784649    0    0    0    1    1    0    91
5575.98    7068    0    2.00808e+06    783233    0    0    0    1    1    2    91
5636.07    7068    0    2.00616e+06    781515    0    0    0    0    0    2    92
5696.07    7067    0    2.00499e+06    780452    0    0    1    1    0    2    92
5756.09    7067    0    2.00248e+06    778156    0    0    0    1    0    3    92
5816.12    7067    0    2.00099e+06    776687    0    0    0    2    1    1    92
5876.19    7066    0    1.9994e+06    775241    0    0    0    0    1    3    94
5936.2    7066    0    1.99791e+06    773768    0    0    0    1    0    3    94
5996.2    7066    0    1.99652e+06    772389    0    0    1    0    0    3    94
6056.21    7066    0    1.99561e+06    771489    0    0    0    1    0    1    96
6116.24    7066    0    1.99438e+06    770334    0    0    0    1    1    0    96
6176.24    7065    0    1.99288e+06    768917    0    0    0    0    0    2    97
6236.25    7065    0    1.99146e+06    767551    0    0    0    2    0    0    97
6296.33    7064    0    1.99018e+06    766375    0    0    0    0    1    1    99
6356.35    7063    0    1.98911e+06    765332    0    0    0    0    1    1    100
6462.4    7062    2    1.98875e+06    764988    0    0    0    0    0    0    101
6522.41    7061    0    1.98671e+06    763127    0    0    0    0    0    2    103
6582.47    7061    0    1.98551e+06    762050    0    0    0    1    1    0    103
6803.13    7060    2    1.98465e+06    761275    0    0    0    0    0    0    105
6863.14    7059    0    1.98299e+06    759718    0    0    0    1    1    0    106
6923.2    7057    0    1.98063e+06    757519    0    0    0    0    1    3    108
6983.23    7056    0    1.97881e+06    755753    0    0    0    0    0    4    110
7043.36    7056    0    1.97752e+06    754515    0    0    0    0    0    2    112
7103.45    7056    0    1.97669e+06    753762    0    0    0    0    0    2    112
7163.51    7055    0    1.97437e+06    751674    0    0    0    0    0    2    114
7236.49    7054    2    1.97391e+06    751235    0    0    0    0    0    0    116
7296.51    7054    0    1.97233e+06    749785    0    0    0    1    0    1    116
7356.57    7053    0    1.97008e+06    747804    0    0    0    0    0    2    117
7416.59    7053    0    1.96893e+06    746803    0    0    0    1    1    0    117
7476.65    7053    0    1.96746e+06    745431    0    0    0    1    0    1    117
7610.17    7052    2    1.96708e+06    745074    0    0    0    0    0    0    119
7670.33    7052    0    1.9657e+06    743735    0    0    0    1    1    0    119
7730.49    7052    0    1.9641e+06    742264    0    0    0    0    0    2    119
7790.56    7052    0    1.96259e+06    740831    0    0    0    1    1    0    119
7850.58    7052    0    1.961e+06    739413    0    0    0    0    0    2    119
7910.59    7052    0    1.95963e+06    738061    0    0    0    0    0    2    119
7970.59    7052    0    1.95826e+06    736705    0    0    0    1    0    1    119
8030.61    7051    0    1.95666e+06    735209    0    0    0    1    0    3    119
8090.61    7050    0    1.95333e+06    732186    0    0    0    3    0    1    121
8150.7    7049    0    1.95229e+06    731240    0    0    0    1    0    1    123
8210.73    7049    0    1.95135e+06    730358    0    0    0    0    0    2    123
8270.78    7048    0    1.94941e+06    728581    0    0    0    0    1    1    125
8330.81    7048    0    1.94832e+06    727514    0    0    0    0    1    1    125
8390.82    7046    0    1.94582e+06    725194    0    0    0    0    1    3    126
8450.83    7044    0    1.94333e+06    722938    0    0    0    1    0    3    129
8510.97    7043    0    1.94221e+06    721889    0    0    0    1    1    4    129
8570.99    7043    0    1.94058e+06    720472    0    0    0    0    0    4    131
8630.99    7041    0    1.93846e+06    718517    0    0    0    3    1    4    131
8690.99    7041    0    1.9367e+06    716849    0    0    0    2    0    6    131
8751.24    7041    0    1.93524e+06    715543    0    0    0    1    0    7    131
8811.26    7041    0    1.93371e+06    714211    0    0    0    4    0    4    131
8871.27    7041    0    1.93212e+06    712840    0    0    0    4    0    4    131
8931.29    7041    0    1.93063e+06    711486    0    0    0    3    1    4    131
8991.29    7040    0    1.92914e+06    710055    0    0    0    4    0    4    132
9051.37    7039    0    1.92784e+06    708818    0    0    0    2    0    6    134
9111.4    7038    0    1.92623e+06    707401    0    0    0    6    1    3    134
9171.48    7038    0    1.92473e+06    706062    0    0    0    2    1    5    135
9231.67    7038    0    1.92335e+06    704801    0    0    0    2    1    5    135
9291.69    7037    0    1.92189e+06    703492    0    0    0    1    1    4    138
9351.73    7036    0    1.92067e+06    702324    0    0    0    2    0    6    138
9411.83    7035    0    1.919e+06    700843    0    0    0    1    1    4    141
9471.98    7035    0    1.91785e+06    699796    0    0    0    2    1    3    141
9532.32    7035    0    1.91644e+06    698482    0    0    0    1    1    2    143
9592.33    7034    0    1.91536e+06    697499    0    0    0    2    1    3    143
9652.34    7034    0    1.9135e+06    695870    0    0    0    0    1    3    145
9712.45    7033    0    1.91233e+06    694781    0    0    0    3    0    3    145
9772.45    7031    0    1.90933e+06    692087    0    0    0    2    0    8    145
9832.52    7029    0    1.90698e+06    690025    0    0    0    4    1    9    145
9892.59    7029    0    1.9057e+06    688847    0    0    0    3    1    6    147
9952.65    7029    0    1.90457e+06    687857    0    0    0    2    0    6    148
10012.7    7028    0    1.90316e+06    686590    0    0    0    1    0    7    150
10072.7    7028    0    1.90195e+06    685570    0    0    0    3    1    2    152
10132.7    7027    0    1.90052e+06    684272    0    0    1    3    1    1    154
10192.8    7027    0    1.89905e+06    682983    0    0    0    1    0    5    154
10252.9    7027    0    1.89761e+06    681657    0    0    0    2    0    4    154
10312.9    7026    0    1.89576e+06    680028    0    0    0    1    1    4    155
10373    7025    0    1.89444e+06    678883    0    0    0    4    0    4    155
10433    7025    0    1.89252e+06    677163    0    0    0    3    0    5    155
10493    7024    0    1.89075e+06    675585    0    0    0    3    1    6    155
10553    7024    0    1.88932e+06    674265    0    0    0    2    1    7    155
10613    7022    0    1.88808e+06    673186    0    0    1    5    0    6    157
10673    7021    0    1.88612e+06    671538    0    0    0    2    1    7    161
10733    7019    0    1.88454e+06    670135    0    0    1    2    0    9    162
10793    7019    0    1.88296e+06    668799    0    0    0    4    1    7    162
10853    7019    0    1.88152e+06    667523    0    0    0    5    0    7    162
10913    7018    0    1.87972e+06    666000    0    0    0    4    1    9    162
10973    7017    0    1.87791e+06    664512    0    0    0    10    0    6    162
11033.1    7017    0    1.87624e+06    663071    0    0    0    3    1    12    162
11093.1    7016    0    1.87472e+06    661794    0    0    1    5    0    10    163
11153.2    7014    0    1.87298e+06    660274    0    0    0    7    1    12    163
11213.2    7013    0    1.87146e+06    658974    0    0    0    10    2    8    164
11273.2    7013    0    1.86999e+06    657707    0    0    0    5    0    11    166
11333.2    7012    0    1.86855e+06    656434    0    0    0    5    1    12    166
11393.3    7010    0    1.86686e+06    654964    0    0    1    11    0    10    166
11453.3    7009    0    1.86553e+06    653773    0    0    1    8    1    10    168
11513.3    7009    0    1.86402e+06    652470    0    0    0    7    0    11    169
11573.4    7008    0    1.86262e+06    651285    0    0    0    7    0    11    170
11633.4    7008    0    1.86109e+06    649988    0    0    1    8    0    9    170
11693.4    7007    0    1.85948e+06    648580    0    0    1    8    0    9    171
11753.5    7007    0    1.8581e+06    647385    0    0    0    6    1    11    171
11813.5    7006    0    1.85677e+06    646203    0    0    1    11    0    8    171
11873.5    7006    0    1.85517e+06    644799    0    0    0    6    2    12    171
11933.7    7006    0    1.85383e+06    643598    0    0    0    7    1    8    175
11993.7    7005    0    1.85251e+06    642484    0    0    0    8    1    9    175
12053.8    7005    0    1.85086e+06    641103    0    0    0    8    0    10    175
12113.8    7005    0    1.8493e+06    639814    0    0    1    7    0    10    175
12173.8    7002    0    1.84778e+06    638529    0    0    1    8    0    9    180
12233.9    7000    0    1.84629e+06    637294    0    0    0    6    1    11    183
12294    6999    0    1.84477e+06    635961    0    0    0    6    0    14    183
12354.1    6997    0    1.84307e+06    634462    0    0    0    9    1    14    183
12414.2    6996    0    1.84149e+06    633151    0    0    0    11    1    10    187
12474.2    6995    0    1.83997e+06    631867    0    0    0    9    0    13    189
12534.2    6994    0    1.83844e+06    630549    0    0    0    8    1    15    189
12594.3    6993    0    1.83686e+06    629186    0    0    1    15    0    10    189
12654.3    6993    0    1.83533e+06    627890    0    0    0    13    1    12    189
12714.3    6990    0    1.83358e+06    626477    0    0    1    11    1    17    191
12774.3    6989    0    1.83202e+06    625131    0    0    0    11    0    19    193
12834.3    6988    0    1.83069e+06    623942    0    0    1    11    1    15    197
12894.5    6988    0    1.82934e+06    622832    0    0    0    10    0    14    201
12954.5    6987    0    1.82803e+06    621722    0    0    0    8    1    13    205
13014.5    6987    0    1.82656e+06    620569    0    0    0    9    1    10    207
13074.5    6987    0    1.82525e+06    619428    0    0    0    4    0    16    207
13134.6    6986    0    1.82366e+06    618119    0    0    0    4    0    16    209
13194.6    6984    0    1.82208e+06    616817    0    0    0    11    1    12    209
13254.7    6984    0    1.8204e+06    615403    0    0    0    15    0    9    209
13314.7    6984    0    1.81888e+06    614126    0    0    1    10    0    13    209
13374.7    6984    0    1.81754e+06    613038    0    0    0    8    0    12    213
13434.7    6982    0    1.81608e+06    611788    0    0    0    13    1    8    214
13494.7    6981    0    1.81464e+06    610574    0    0    0    13    1    8    216
13554.8    6981    0    1.8132e+06    609334    0    0    0    7    1    14    216
13614.8    6980    0    1.81178e+06    608128    0    0    0    12    1    11    216
13674.8    6978    0    1.81003e+06    606680    0    0    0    12    0    14    218
13734.9    6976    0    1.80858e+06    605451    0    0    2    12    3    13    218
13794.9    6976    0    1.80689e+06    604125    0    0    1    13    1    13    220
13854.9    6976    0    1.80568e+06    603140    0    0    0    10    0    14    223
13914.9    6974    0    1.80406e+06    601840    0    0    0    10    0    16    225
13975.1    6973    0    1.8026e+06    600611    0    0    0    9    0    19    225
14035.1    6973    0    1.80103e+06    599375    0    0    0    11    4    11    226
14095.1    6971    0    1.79961e+06    598167    0    0    0    12    0    18    226
14155.1    6971    0    1.79796e+06    596841    0    0    0    9    0    19    227
14215.2    6970    0    1.79655e+06    595673    0    0    0    13    0    15    228
14275.3    6970    0    1.79508e+06    594483    0    0    0    9    0    15    232
14335.3    6969    0    1.7937e+06    593393    0    0    1    8    0    17    232
14395.3    6968    0    1.79212e+06    592123    0    0    0    9    0    15    236
14455.6    6968    0    1.79081e+06    591042    0    0    0    11    0    13    236
14515.6    6966    0    1.78923e+06    589760    0    0    0    12    0    16    236
14575.6    6966    0    1.78755e+06    588436    0    0    0    13    1    14    236
14635.7    6964    0    1.78587e+06    587079    0    0    0    14    1    15    238
14695.7    6962    0    1.78441e+06    585920    0    0    0    16    2    14    239
14755.7    6962    0    1.78284e+06    584679    0    0    0    10    1    21    239
14815.7    6962    0    1.78146e+06    583519    0    0    0    10    1    19    240
14875.8    6961    0    1.78005e+06    582396    0    0    1    20    0    9    242
14935.8    6959    0    1.77843e+06    581076    0    0    0    18    1    15    242
14995.8    6959    0    1.77686e+06    579793    0    0    0    15    1    18    242
15055.8    6959    0    1.77544e+06    578581    0    0    0    17    0    15    244
15115.8    6958    0    1.77398e+06    577408    0    0    0    12    1    21    244
15175.9    6957    0    1.77253e+06    576250    0    0    3    15    1    15    246
15235.9    6956    0    1.771e+06    575023    0    0    0    11    1    22    247
15295.9    6956    0    1.76953e+06    573821    0    0    1    17    1    15    247
15355.9    6955    0    1.7679e+06    572531    0    0    0    11    3    22    247
15416    6954    0    1.76634e+06    571256    0    0    0    13    2    21    249
15476    6952    0    1.76491e+06    570086    0    0    0    20    1    17    251
15536.1    6951    0    1.7634e+06    568862    0    0    2    14    0    20    253
15596.1    6951    0    1.76211e+06    567771    0    0    1    15    0    16    256
15656.1    6951    0    1.76062e+06    566657    0    0    1    16    0    13    257
15716.1    6951    0    1.75926e+06    565552    0    0    0    10    1    19    257
15776.1    6951    0    1.75777e+06    564325    0    0    0    14    1    13    258
15836.3    6949    0    1.75627e+06    563160    0    0    0    11    1    20    258
15896.3    6949    0    1.75478e+06    561996    0    0    1    15    0    14    260
15956.3    6945    0    1.75315e+06    560655    0    0    1    19    1    17    260
16016.3    6943    0    1.75154e+06    559371    0    0    0    22    0    18    261
16076.4    6943    0    1.74995e+06    558141    0    0    0    16    1    21    262
16136.4    6942    0    1.74855e+06    557010    0    0    0    18    1    21    262
16196.5    6942    0    1.7471e+06    555863    0    0    0    14    1    23    263
16256.5    6942    0    1.74569e+06    554740    0    0    1    12    1    22    264
16316.5    6941    0    1.74424e+06    553594    0    0    1    18    0    19    264
16376.5    6941    0    1.74277e+06    552424    0    0    1    16    1    18    266
16436.5    6939    0    1.74124e+06    551218    0    0    0    22    1    17    266
16496.5    6938    0    1.73982e+06    550070    0    0    0    11    1    28    267
16556.5    6938    0    1.7384e+06    548859    0    0    2    15    1    20    268
16616.5    6938    0    1.73695e+06    547703    0    0    1    20    0    17    268
16676.6    6938    0    1.7354e+06    546535    0    0    0    18    0    20    268
16736.7    6937    0    1.73394e+06    545373    0    0    0    20    1    17    269
16796.7    6936    0    1.73238e+06    544187    0    0    1    28    1    10    269
16856.7    6936    0    1.73084e+06    542989    0    0    1    16    0    21    270
16916.8    6936    0    1.72942e+06    541921    0    0    0    20    0    16    272
16976.8    6936    0    1.72796e+06    540794    0    0    1    18    0    17    272
17036.8    6935    0    1.72631e+06    539608    0    0    2    15    0    19    273
17096.8    6933    0    1.72472e+06    538444    0    0    0    19    1    20    273
17157    6933    0    1.72304e+06    537193    0    0    0    16    0    22    275
17217    6932    0    1.72168e+06    536127    0    0    0    24    1    15    275
17277.1    6932    0    1.72016e+06    534938    0    0    0    20    2    16    277
17337.1    6931    0    1.7186e+06    533765    0    0    1    16    2    21    277
17397.1    6930    0    1.71702e+06    532573    0    0    0    20    1    21    277
17457.2    6929    0    1.71552e+06    531410    0    0    0    20    0    20    280
17517.2    6929    0    1.71406e+06    530277    0    0    0    15    1    24    280
17577.2    6929    0    1.71269e+06    529193    0    0    1    20    2    13    284
17637.2    6928    0    1.7114e+06    528174    0    0    1    17    0    18    285
17697.2    6927    0    1.7098e+06    526949    0    0    1    14    1    22    285
17757.3    6927    0    1.70836e+06    525928    0    0    0    10    2    22    288
17817.3    6926    0    1.70711e+06    524934    0    0    0    13    2    19    289
17877.3    6926    0    1.70559e+06    523749    0    0    1    16    0    17    289
17937.3    6926    0    1.70401e+06    522618    0    0    0    14    1    19    289
17997.3    6926    0    1.70242e+06    521451    0    0    2    17    0    15    289
18057.4    6926    0    1.70093e+06    520344    0    0    0    14    0    18    291
18117.5    6926    0    1.69967e+06    519377    0    0    0    15    1    12    294
18177.6    6925    0    1.69837e+06    518348    0    0    0    8    0    20    296
18237.6    6924    0    1.69667e+06    517106    0    0    0    16    1    11    297
18297.6    6924    0    1.69538e+06    516051    0    0    0    10    0    18    297
18357.7    6922    0    1.69405e+06    515032    0    0    0    13    0    15    300
18417.7    6921    0    1.69261e+06    513883    0    0    0    12    1    15    302
18477.7    6921    0    1.69126e+06    512792    0    0    1    9    0    18    302
18537.7    6920    0    1.68976e+06    511698    0    0    1    13    0    12    305
18597.7    6918    0    1.68829e+06    510657    0    0    1    13    3    13    305
18657.7    6917    0    1.68681e+06    509500    0    0    1    17    1    9    308
18717.7    6917    0    1.68537e+06    508470    0    0    0    7    0    17    311
18777.8    6917    0    1.6841e+06    507466    0    0    0    8    1    13    313
18837.8    6916    0    1.68268e+06    506423    0    0    1    12    1    8    315
18897.9    6914    0    1.68113e+06    505251    0    0    1    10    1    12    316
18957.9    6914    0    1.67963e+06    504131    0    0    1    11    0    10    318
19017.9    6914    0    1.67847e+06    503225    0    0    0    7    1    10    320
19078    6914    0    1.67712e+06    502191    0    0    0    6    1    11    320
19138    6914    0    1.67562e+06    501091    0    0    0    10    0    8    320
19198.1    6912    0    1.67412e+06    499947    0    0    1    13    0    8    320
19258.1    6911    0    1.67276e+06    498890    0    0    1    7    0    10    325
19318.2    6910    0    1.67138e+06    497864    0    0    0    7    0    11    327
19378.2    6910    0    1.66985e+06    496702    0    0    1    6    1    10    327
19438.3    6908    0    1.66803e+06    495385    0    0    0    12    1    9    327
19498.3    6907    0    1.66656e+06    494325    0    0    0    9    0    13    328
19558.4    6907    0    1.66525e+06    493267    0    0    0    8    1    13    328
19618.5    6906    0    1.66361e+06    492030    0    0    0    10    1    13    328
19678.5    6906    0    1.66208e+06    490961    0    0    0    13    0    11    328
19738.5    6904    0    1.66051e+06    489791    0    0    0    13    1    14    328
19798.5    6902    0    1.65876e+06    488511    0    0    0    17    1    14    328
19858.6    6902    0    1.65719e+06    487367    0    0    0    10    0    22    328
19918.6    6902    0    1.65568e+06    486277    0    0    1    19    0    12    328
19978.6    6901    0    1.65412e+06    485128    0    0    0    10    1    23    328
20038.6    6900    0    1.65258e+06    484040    0    0    0    16    0    20    328
20098.6    6900    0    1.65105e+06    482888    0    0    0    14    0    22    328
20158.6    6900    0    1.64964e+06    481831    0    0    1    16    2    15    330
20218.7    6900    0    1.64832e+06    480915    0    0    1    14    0    15    332
20278.7    6900    0    1.64677e+06    479864    0    0    0    11    1    18    332
20338.8    6898    0    1.64527e+06    478711    0    0    0    21    0    13    332
20398.8    6897    0    1.64362e+06    477520    0    0    0    13    1    22    332
20458.8    6896    0    1.64212e+06    476413    0    0    0    16    0    20    334
20518.8    6895    0    1.64065e+06    475356    0    0    1    19    0    18    334
20578.8    6894    0    1.63914e+06    474266    0    0    0    15    2    19    338
20638.8    6893    0    1.63775e+06    473251    0    0    1    16    0    19    340
20698.9    6892    0    1.63622e+06    472117    0    0    0    18    1    19    340
20758.9    6892    0    1.63485e+06    471125    0    0    0    16    0    18    343
20818.9    6892    0    1.63347e+06    470161    0    0    0    19    1    14    343
20879    6892    0    1.63196e+06    469050    0    0    0    17    1    16    343
20939    6890    0    1.63046e+06    467968    0    0    0    17    1    18    344
20999.1    6889    0    1.62884e+06    466824    0    0    1    10    2    25    344
21059.1    6887    0    1.6274e+06    465734    0    0    0    19    0    23    344
21119.1    6886    0    1.62594e+06    464654    0    0    1    22    1    20    344
21179.1    6885    0    1.62445e+06    463582    0    0    0    15    0    27    347
21239.2    6885    0    1.62295e+06    462572    0    0    0    21    1    18    349
21299.2    6885    0    1.6216e+06    461593    0    0    2    15    2    21    349
21359.2    6885    0    1.62018e+06    460516    0    0    1    22    1    16    349
21419.2    6885    0    1.61877e+06    459515    0    0    1    13    1    23    350
21479.3    6885    0    1.61735e+06    458524    0    0    0    8    1    25    352
21539.3    6883    0    1.6161e+06    457621    0    0    0    17    1    16    355
21599.3    6882    0    1.61458e+06    456453    0    0    0    16    0    20    355
21659.3    6882    0    1.61324e+06    455381    0    0    0    15    0    21    355
21719.4    6881    0    1.61185e+06    454349    0    0    0    22    1    15    355
21779.5    6881    0    1.61042e+06    453323    0    0    0    18    0    18    357
21839.5    6881    0    1.6089e+06    452292    0    0    1    16    0    19    357
21899.5    6881    0    1.60754e+06    451300    0    0    0    17    0    17    359
21959.6    6881    0    1.60628e+06    450364    0    0    0    13    1    16    363
22019.6    6881    0    1.60494e+06    449453    0    0    0    16    0    12    365
22079.6    6881    0    1.6034e+06    448396    0    0    0    9    1    18    365
22139.6    6880    0    1.60183e+06    447317    0    0    1    10    1    18    365
22199.6    6880    0    1.60036e+06    446270    0    0    1    14    1    14    365
22259.7    6879    0    1.59884e+06    445176    0    0    0    16    1    15    365
22319.8    6878    0    1.5974e+06    444147    0    0    0    11    1    20    367
22379.8    6878    0    1.59591e+06    443115    0    0    0    18    1    13    367
22439.8    6877    0    1.59417e+06    441997    0    0    1    18    0    15    367
22499.8    6877    0    1.59275e+06    441004    0    0    2    18    0    14    367
22559.8    6877    0    1.59134e+06    440016    0    0    0    17    5    12    367
22619.8    6876    0    1.58993e+06    438985    0    0    0    15    1    20    367
22679.8    6876    0    1.58842e+06    437915    0    0    0    16    2    18    367
22740    6875    0    1.58711e+06    436926    0    0    0    16    0    18    370
22800    6875    0    1.58578e+06    436004    0    0    0    19    0    15    370
22860.1    6875    0    1.58424e+06    434934    0    0    0    13    1    20    370
22920.1    6874    0    1.5829e+06    433970    0    0    0    14    1    19    372
22980.1    6872    0    1.58129e+06    432870    0    0    1    18    3    14    373
23040.1    6872    0    1.57983e+06    431858    0    0    0    15    1    20    373
23100.2    6871    0    1.57828e+06    430757    0    0    0    18    0    20    373
23160.3    6871    0    1.57691e+06    429763    0    0    0    15    0    23    373
23220.3    6870    0    1.57534e+06    428715    0    0    1    16    0    23    373
23280.3    6869    0    1.57376e+06    427598    0    0    0    16    1    23    374
23340.3    6869    0    1.57226e+06    426625    0    0    1    19    1    19    374
23400.3    6868    0    1.57076e+06    425595    0    0    1    18    2    21    374
23460.4    6867    0    1.56908e+06    424509    0    0    0    21    3    20    374
23520.4    6867    0    1.56754e+06    423488    0    0    0    23    0    21    374
23580.4    6867    0    1.56604e+06    422479    0    0    0    27    1    16    374
23640.4    6865    0    1.56444e+06    421418    0    0    3    25    1    17    376
23700.4    6865    0    1.56286e+06    420371    0    0    0    28    2    16    376
23760.4    6865    0    1.56135e+06    419375    0    0    4    21    1    18    377
23820.4    6864    0    1.55981e+06    418386    0    0    1    24    1    20    377
23880.5    6864    0    1.55815e+06    417342    0    0    0    30    2    14    377
23940.5    6864    0    1.55669e+06    416379    0    0    0    24    0    22    377
24000.5    6863    0    1.55529e+06    415366    0    0    0    20    0    26    378
24060.5    6862    0    1.55389e+06    414366    0    0    0    17    0    31    378
24120.5    6860    0    1.55212e+06    413262    0    0    0    30    1    19    380
24180.5    6860    0    1.55076e+06    412301    0    0    0    24    2    24    380
24240.5    6860    0    1.5494e+06    411362    0    0    0    26    1    23    380
24300.5    6860    0    1.54803e+06    410427    0    0    1    22    2    23    381
24360.5    6860    0    1.5467e+06    409528    0    0    0    20    0    26    382
24420.5    6860    0    1.54534e+06    408581    0    0    0    23    1    22    382
24480.6    6860    0    1.54406e+06    407659    0    0    1    24    1    20    382
24540.7    6860    0    1.54268e+06    406677    0    0    0    24    1    21    382
24600.8    6859    0    1.5411e+06    405630    0    0    0    21    0    27    382
24660.9    6858    0    1.53961e+06    404610    0    0    0    28    0    18    384
24720.9    6855    0    1.53808e+06    403573    0    0    0    22    2    28    384
24780.9    6855    0    1.53641e+06    402499    0    0    0    27    6    19    384
24841    6855    0    1.53503e+06    401520    0    0    0    25    0    25    385
24901    6855    0    1.53364e+06    400644    0    0    0    20    0    28    387
24961.1    6855    0    1.53239e+06    399750    0    0    1    19    1    27    387
25021.2    6854    0    1.53104e+06    398824    0    0    0    18    2    26    390
25081.2    6852    0    1.52975e+06    397907    0    0    1    19    3    27    390
25141.3    6852    0    1.52788e+06    396787    0    0    0    28    0    22    390
25201.4    6852    0    1.52629e+06    395811    0    0    1    22    0    27    390
25261.4    6850    0    1.52478e+06    394812    0    0    0    20    1    31    392
25321.4    6850    0    1.52348e+06    393930    0    0    3    27    0    22    392
25381.4    6849    0    1.52193e+06    392951    0    0    0    35    0    19    392
25441.4    6848    0    1.52051e+06    391984    0    0    1    25    4    26    392
25501.4    6847    0    1.5189e+06    390993    0    0    3    31    0    24    392
25561.4    6846    0    1.51749e+06    390041    0    0    0    28    3    25    394
25621.5    6844    0    1.51601e+06    389090    0    0    0    35    2    23    394
25681.5    6844    0    1.51437e+06    388055    0    0    1    26    1    32    394
25741.5    6843    0    1.51277e+06    387082    0    0    0    28    0    32    396
25801.5    6841    0    1.51127e+06    386073    0    0    0    30    1    33    396
25861.5    6840    0    1.50982e+06    385159    0    0    0    30    1    35    396
25921.6    6839    0    1.50826e+06    384128    0    0    2    33    0    31    397
25981.6    6837    0    1.50676e+06    383123    0    0    0    32    0    36    398
26041.6    6837    0    1.50541e+06    382221    0    0    1    29    0    38    398
26101.6    6837    0    1.50398e+06    381316    0    0    0    35    2    31    398
26161.6    6837    0    1.50248e+06    380327    0    0    1    32    3    30    400
26221.6    6837    0    1.50114e+06    379392    0    0    0    31    1    34    400
26281.7    6834    0    1.49961e+06    378374    0    0    0    36    3    33    400
26341.7    6833    0    1.49812e+06    377398    0    0    1    35    2    36    400
26401.7    6833    0    1.49671e+06    376503    0    0    0    31    2    37    404
26461.8    6833    0    1.49538e+06    375615    0    0    0    35    3    30    406
26521.8    6832    0    1.49411e+06    374759    0    0    0    35    2    27    410
26581.8    6831    0    1.49285e+06    373895    0    0    1    29    1    35    410
26641.9    6831    0    1.49134e+06    372965    0    0    0    32    1    33    410
26701.9    6830    0    1.48979e+06    372037    0    0    1    33    0    32    412
26761.9    6829    0    1.48834e+06    371126    0    0    1    37    3    25    414
26821.9    6829    0    1.48691e+06    370205    0    0    2    28    2    30    416
26882    6829    0    1.48544e+06    369318    0    0    0    34    1    25    418
26942    6829    0    1.48393e+06    368409    0    0    1    34    2    23    418
27002    6829    0    1.4824e+06    367452    0    0    1    33    0    26    418
27062    6828    0    1.48095e+06    366496    0    0    0    31    1    30    418
27122    6826    0    1.47936e+06    365464    0    0    2    35    2    27    418
27182    6825    0    1.47777e+06    364489    0    0    1    29    3    35    418
27242.1    6825    0    1.47616e+06    363548    0    0    1    31    4    30    419
27302.1    6825    0    1.47469e+06    362618    0    0    3    33    0    30    419
27362.2    6825    0    1.47335e+06    361749    0    0    0    31    2    29    422
27422.2    6823    0    1.47194e+06    360817    0    0    0    35    1    30    422
27482.2    6823    0    1.47022e+06    359848    0    0    1    38    3    24    422
27542.2    6822    0    1.46874e+06    358930    0    0    2    35    1    28    424
27602.3    6821    0    1.4674e+06    358091    0    0    0    29    3    32    427
27662.4    6821    0    1.46604e+06    357219    0    0    0    33    0    29    429
27722.6    6818    0    1.46444e+06    356296    0    0    0    37    0    29    431
27782.6    6818    0    1.46297e+06    355371    0    0    1    33    3    27    432
27842.7    6818    0    1.46148e+06    354482    0    0    0    30    1    29    434
27902.7    6818    0    1.46005e+06    353661    0    0    2    27    2    25    438
27962.8    6816    0    1.45862e+06    352772    0    0    0    27    0    29    441
28022.8    6814    0    1.45706e+06    351846    0    0    3    27    3    27    441
28082.8    6814    0    1.45555e+06    350936    0    0    1    30    1    24    444
28142.9    6814    0    1.45416e+06    350105    0    0    0    28    2    24    445
28202.9    6814    0    1.45269e+06    349215    0    0    1    33    2    18    445
28262.9    6813    0    1.45115e+06    348308    0    0    1    27    0    26    447
28323    6812    0    1.44972e+06    347399    0    0    1    26    2    27    447
28383    6812    0    1.44837e+06    346514    0    0    0    29    2    25    447
28443    6811    0    1.44702e+06    345635    0    0    0    23    0    29    451
28503.1    6811    0    1.44561e+06    344796    0    0    0    25    1    26    451
28563.1    6811    0    1.44418e+06    343933    0    0    2    30    0    20    451
28623.1    6811    0    1.44286e+06    343089    0    0    0    24    0    26    453
28683.2    6811    0    1.44149e+06    342169    0    0    0    23    1    26    453
28743.2    6811    0    1.44007e+06    341330    0    0    1    28    0    17    456
28803.2    6811    0    1.43875e+06    340508    0    0    1    23    0    20    458
28863.2    6811    0    1.43745e+06    339669    0    0    1    20    0    21    460
28923.3    6811    0    1.43611e+06    338834    0    0    0    21    0    21    460
28983.3    6810    0    1.43478e+06    338026    0    0    1    20    2    17    464
29043.4    6809    0    1.43328e+06    337173    0    0    0    22    0    16    467
29103.4    6807    0    1.43182e+06    336314    0    0    0    22    1    15    471
29163.4    6805    0    1.43021e+06    335358    0    0    1    23    0    18    471
29223.4    6805    0    1.42883e+06    334535    0    0    1    17    1    21    472
29283.4    6805    0    1.42756e+06    333760    0    0    2    17    0    17    476
29343.5    6805    0    1.42619e+06    332950    0    0    0    13    0    21    478
29403.6    6805    0    1.42483e+06    332150    0    0    0    19    2    13    478
29463.6    6804    0    1.42328e+06    331244    0    0    0    11    1    22    479
29523.6    6804    0    1.42177e+06    330358    0    0    1    15    1    17    479
29583.6    6804    0    1.42034e+06    329470    0    0    0    18    1    15    479
29643.6    6804    0    1.41894e+06    328641    0    0    0    20    2    12    479
29703.6    6803    0    1.41743e+06    327785    0    0    1    18    2    13    481
29763.6    6801    0    1.41574e+06    326877    0    0    1    25    0    12    481
29823.7    6801    0    1.4141e+06    325931    0    0    0    20    0    18    481
29883.8    6798    0    1.41248e+06    325033    0    0    0    26    0    18    481
29943.8    6798    0    1.41088e+06    324144    0    0    0    22    2    20    481
