0 0.00477666 5.27124e-13 0.993919 0.230133 3.16928e-13 1.70543e-13 2.21379e-10 8.41398e-09 3.62985e-10 7.16806e-09 0.000351897
10 0.00477658 5.27208e-13 0.993747 0.230032 3.17012e-13 1.7054e-13 2.21465e-10 8.41483e-09 3.63029e-10 7.16686e-09 0.000352014
20 0.00477651 5.27291e-13 0.993575 0.229931 3.17096e-13 1.70756e-13 2.21546e-10 8.41552e-09 3.63066e-10 7.16553e-09 0.00035213
30 0.00477644 5.27375e-13 0.993404 0.229829 3.1718e-13 1.70718e-13 2.21633e-10 8.4164e-09 3.63111e-10 7.16437e-09 0.000352246
40 0.00477636 5.27459e-13 0.993232 0.229728 3.17264e-13 1.70551e-13 2.21723e-10 8.41738e-09 3.63161e-10 7.16329e-09 0.000352363
50 0.00477629 5.27542e-13 0.99306 0.229627 3.17348e-13 1.70378e-13 2.21813e-10 8.41836e-09 3.63211e-10 7.16221e-09 0.000352479
60 0.00477621 5.27626e-13 0.992889 0.229526 3.17432e-13 1.70326e-13 2.219e-10 8.41925e-09 3.63256e-10 7.16105e-09 0.000352595
70 0.00477614 5.2771e-13 0.992717 0.229425 3.17517e-13 1.70517e-13 2.21982e-10 8.41994e-09 3.63293e-10 7.15972e-09 0.000352712
80 0.00477606 5.27794e-13 0.992545 0.229324 3.17601e-13 1.7085e-13 2.22062e-10 8.42053e-09 3.63327e-10 7.15831e-09 0.000352828
90 0.00477599 5.27878e-13 0.992373 0.229223 3.17685e-13 1.71086e-13 2.22143e-10 8.42121e-09 3.63363e-10 7.15696e-09 0.000352945
100 0.00477592 5.27962e-13 0.992202 0.229122 3.17769e-13 1.71234e-13 2.22227e-10 8.42195e-09 3.63402e-10 7.15568e-09 0.000353061
110 0.00477584 5.28046e-13 0.99203 0.229021 3.17854e-13 1.71305e-13 2.22312e-10 8.42275e-09 3.63444e-10 7.15444e-09 0.000353177
120 0.00477577 5.28129e-13 0.991858 0.228921 3.17938e-13 1.71309e-13 2.22399e-10 8.42361e-09 3.63489e-10 7.15325e-09 0.000353294
130 0.00477569 5.28213e-13 0.991686 0.22882 3.18022e-13 1.71255e-13 2.22486e-10 8.4245e-09 3.63535e-10 7.1521e-09 0.00035341
140 0.00477562 5.28297e-13 0.991515 0.228719 3.18107e-13 1.71154e-13 2.22575e-10 8.42544e-09 3.63583e-10 7.15098e-09 0.000353526
150 0.00477555 5.28382e-13 0.991343 0.228618 3.18191e-13 1.71015e-13 2.22665e-10 8.4264e-09 3.63632e-10 7.14989e-09 0.000353643
160 0.00477547 5.28466e-13 0.991171 0.228517 3.18276e-13 1.7085e-13 2.22755e-10 8.42739e-09 3.63682e-10 7.14881e-09 0.000353759
170 0.0047754 5.2855e-13 0.991 0.228416 3.18361e-13 1.70667e-13 2.22846e-10 8.42838e-09 3.63732e-10 7.14774e-09 0.000353876
180 0.00477532 5.28634e-13 0.990828 0.228316 3.18445e-13 1.70477e-13 2.22936e-10 8.42938e-09 3.63783e-10 7.14667e-09 0.000353992
190 0.00477525 5.28718e-13 0.990656 0.228215 3.1853e-13 1.70291e-13 2.23027e-10 8.43038e-09 3.63833e-10 7.1456e-09 0.000354108
200 0.00477517 5.28802e-13 0.990484 0.228114 3.18614e-13 1.70118e-13 2.23117e-10 8.43136e-09 3.63883e-10 7.14452e-09 0.000354225
210 0.0047751 5.28886e-13 0.990313 0.228014 3.18699e-13 1.69967e-13 2.23207e-10 8.43233e-09 3.63932e-10 7.14342e-09 0.000354341
220 0.00477503 5.28971e-13 0.990141 0.227913 3.18784e-13 1.6985e-13 2.23297e-10 8.43326e-09 3.6398e-10 7.1423e-09 0.000354457
230 0.00477495 5.29055e-13 0.989969 0.227812 3.18869e-13 1.69777e-13 2.23385e-10 8.43416e-09 3.64026e-10 7.14114e-09 0.000354574
240 0.00477488 5.29139e-13 0.989797 0.227712 3.18953e-13 1.69757e-13 2.23472e-10 8.43502e-09 3.64071e-10 7.13995e-09 0.00035469
250 0.0047748 5.29224e-13 0.989626 0.227611 3.19038e-13 1.698e-13 2.23558e-10 8.43582e-09 3.64113e-10 7.13871e-09 0.000354806
260 0.00477473 5.29308e-13 0.989454 0.227511 3.19123e-13 1.69917e-13 2.23642e-10 8.43656e-09 3.64152e-10 7.13742e-09 0.000354923
270 0.00477465 5.29392e-13 0.989282 0.22741 3.19208e-13 1.70117e-13 2.23725e-10 8.43724e-09 3.64189e-10 7.13607e-09 0.000355039
280 0.00477458 5.29477e-13 0.989111 0.22731 3.19293e-13 1.70411e-13 2.23806e-10 8.43784e-09 3.64222e-10 7.13465e-09 0.000355155
290 0.00477451 5.29561e-13 0.988939 0.227209 3.19378e-13 1.70446e-13 2.23892e-10 8.43864e-09 3.64264e-10 7.13341e-09 0.000355272
300 0.00477443 5.29646e-13 0.988767 0.227109 3.19463e-13 1.70427e-13 2.2398e-10 8.43951e-09 3.64309e-10 7.13223e-09 0.000355388
