203.07 0.00499909 1.40325e-06 1.50497 0.644772 0 0 0 0 0 0 1.40325e-06
253.073 0.00499839 0 1.50356 0.643298 0 0 0 1.40325e-06 7.01627e-07 7.01627e-07 1.40325e-06
303.1 0.00499769 0 1.5023 0.641993 0 0 0 1.40325e-06 7.01627e-07 2.10488e-06 1.40325e-06
353.138 0.00499698 0 1.50151 0.641138 0 0 0 0 0 4.20976e-06 2.80651e-06
403.143 0.00499698 0 1.50037 0.64006 0 0 0 2.10488e-06 0 7.01627e-07 3.50813e-06
453.199 0.00499698 0 1.49964 0.639344 0 0 0 7.01627e-07 7.01627e-07 1.40325e-06 3.50813e-06
503.253 0.00499698 0 1.49899 0.638687 0 0 0 0 0 1.40325e-06 4.20976e-06
553.254 0.00499488 0 1.49777 0.637436 0 0 0 7.01627e-07 0 2.10488e-06 6.31464e-06
603.267 0.00499348 0 1.49638 0.636016 0 0 0 2.80651e-06 0 1.40325e-06 7.01627e-06
653.281 0.00499348 0 1.49559 0.635215 0 0 0 2.10488e-06 7.01627e-07 0 8.41952e-06
704.045 0.00499348 0 1.49499 0.634577 0 0 0 0 0 1.40325e-06 9.12115e-06
754.064 0.00499348 0 1.49451 0.634105 0 0 0 0 0 1.40325e-06 9.12115e-06
890.956 0.00499277 1.40325e-06 1.49442 0.633998 0 0 0 0 0 0 1.05244e-05
940.961 0.00499277 0 1.49357 0.633072 0 0 0 0 0 1.40325e-06 1.05244e-05
990.965 0.00499137 0 1.49224 0.631696 0 0 0 7.01627e-07 0 2.10488e-06 1.19277e-05
1041.11 0.00499137 0 1.49107 0.630537 0 0 0 0 7.01627e-07 7.01627e-07 1.33309e-05
1091.12 0.00499067 0 1.49015 0.629629 0 0 0 7.01627e-07 0 2.10488e-06 1.33309e-05
1141.12 0.00499067 0 1.48912 0.628604 0 0 0 1.40325e-06 0 1.40325e-06 1.33309e-05
1191.25 0.00499067 0 1.48858 0.628021 0 0 0 0 0 1.40325e-06 1.40325e-05
1241.25 0.00499067 0 1.48794 0.627353 0 0 0 0 1.40325e-06 0 1.40325e-05
1291.25 0.00498997 0 1.48691 0.626273 0 0 0 7.01627e-07 7.01627e-07 1.40325e-06 1.40325e-05
1341.26 0.00498927 0 1.48542 0.624716 0 0 0 0 7.01627e-07 7.01627e-07 1.61374e-05
1391.28 0.00498856 0 1.48475 0.623985 0 0 0 7.01627e-07 0 2.10488e-06 1.61374e-05
1507.49 0.00498786 1.40325e-06 1.48458 0.623813 0 0 0 0 0 0 1.82423e-05
1557.53 0.00498786 0 1.4837 0.622894 0 0 0 0 7.01627e-07 7.01627e-07 1.82423e-05
1607.54 0.00498716 0 1.4826 0.621777 0 0 0 7.01627e-07 0 2.10488e-06 1.82423e-05
1657.63 0.00498646 0 1.48106 0.620234 0 0 0 0 7.01627e-07 2.10488e-06 1.89439e-05
1707.63 0.00498576 0 1.47991 0.619162 0 0 0 1.40325e-06 7.01627e-07 2.10488e-06 1.89439e-05
1757.68 0.00498506 0 1.47861 0.617873 0 0 0 2.10488e-06 0 2.10488e-06 2.03472e-05
1807.73 0.00498506 0 1.47774 0.61702 0 0 0 7.01627e-07 0 2.10488e-06 2.10488e-05
1857.74 0.00498506 0 1.47709 0.616411 0 0 0 7.01627e-07 0 2.10488e-06 2.10488e-05
1907.76 0.00498506 0 1.47624 0.615544 0 0 0 0 7.01627e-07 2.10488e-06 2.10488e-05
1957.77 0.00498436 0 1.47527 0.614541 0 0 0 7.01627e-07 0 3.50813e-06 2.10488e-05
2007.78 0.00498436 0 1.47411 0.613342 0 0 0 0 0 4.20976e-06 2.10488e-05
2057.84 0.00498365 0 1.47312 0.612369 0 0 0 2.10488e-06 0 3.50813e-06 2.10488e-05
2107.85 0.00498365 0 1.47199 0.611227 0 0 0 1.40325e-06 7.01627e-07 3.50813e-06 2.10488e-05
2157.88 0.00498365 0 1.47112 0.610338 0 0 7.01627e-07 2.10488e-06 0 2.80651e-06 2.10488e-05
2207.88 0.00498295 0 1.47012 0.609347 0 0 7.01627e-07 4.91139e-06 0 1.40325e-06 2.10488e-05
2257.91 0.00498225 0 1.46893 0.608164 0 0 0 1.40325e-06 7.01627e-07 4.91139e-06 2.17504e-05
2308 0.00498225 0 1.46819 0.607421 0 0 0 2.80651e-06 7.01627e-07 2.10488e-06 2.31537e-05
2358.03 0.00498155 0 1.4674 0.606605 0 0 0 2.80651e-06 7.01627e-07 3.50813e-06 2.31537e-05
2408.06 0.00498085 0 1.46626 0.605483 0 0 0 4.20976e-06 0 4.20976e-06 2.31537e-05
2458.07 0.00498015 0 1.46516 0.60434 0 0 0 4.20976e-06 7.01627e-07 4.91139e-06 2.31537e-05
2508.07 0.00497944 0 1.46433 0.603494 0 0 0 2.80651e-06 0 5.61301e-06 2.59602e-05
2558.09 0.00497874 0 1.46342 0.60257 0 0 0 2.10488e-06 0 7.71789e-06 2.59602e-05
2608.1 0.00497734 0 1.46244 0.601543 0 0 0 4.20976e-06 0 8.41952e-06 2.59602e-05
2658.1 0.00497734 0 1.46131 0.600481 0 0 7.01627e-07 6.31464e-06 0 5.61301e-06 2.59602e-05
2708.11 0.00497734 0 1.46041 0.599602 0 0 7.01627e-07 4.91139e-06 0 7.01627e-06 2.59602e-05
2758.16 0.00497664 0 1.45953 0.59874 0 0 0 4.20976e-06 0 7.01627e-06 2.80651e-05
2808.17 0.00497594 0 1.45861 0.59783 0 0 0 5.61301e-06 0 7.01627e-06 2.80651e-05
2858.2 0.00497523 0 1.45766 0.59687 0 0 0 5.61301e-06 7.01627e-07 7.71789e-06 2.80651e-05
2908.2 0.00497523 0 1.45669 0.595972 0 0 0 2.80651e-06 7.01627e-07 9.12115e-06 2.94683e-05
2958.27 0.00497453 0 1.45583 0.595146 0 0 0 3.50813e-06 0 9.12115e-06 3.08716e-05
3008.27 0.00497453 0 1.45495 0.594232 0 0 0 7.71789e-06 7.01627e-07 4.20976e-06 3.08716e-05
3058.29 0.00497453 0 1.45399 0.593337 0 0 7.01627e-07 5.61301e-06 0 6.31464e-06 3.08716e-05
3108.3 0.00497453 0 1.45314 0.59245 0 0 0 4.20976e-06 7.01627e-07 7.71789e-06 3.08716e-05
3158.31 0.00497453 0 1.45225 0.591532 0 0 0 4.91139e-06 2.10488e-06 5.61301e-06 3.08716e-05
3208.31 0.00497453 0 1.45132 0.590657 0 0 0 5.61301e-06 7.01627e-07 4.91139e-06 3.15732e-05
3258.35 0.00497453 0 1.45063 0.589984 0 0 0 3.50813e-06 0 6.31464e-06 3.29764e-05
3308.38 0.00497453 0 1.44977 0.589106 0 0 0 2.80651e-06 7.01627e-07 6.31464e-06 3.29764e-05
3358.46 0.00497383 0 1.44884 0.588168 0 0 0 4.91139e-06 7.01627e-07 4.20976e-06 3.36781e-05
3408.48 0.00497313 0 1.4479 0.587213 0 0 0 3.50813e-06 0 7.71789e-06 3.36781e-05
3458.49 0.00497313 0 1.44705 0.586344 0 0 0 3.50813e-06 7.01627e-07 5.61301e-06 3.43797e-05
3508.5 0.00497313 0 1.44624 0.585564 0 0 0 4.20976e-06 0 5.61301e-06 3.43797e-05
3558.51 0.00497243 0 1.44523 0.584585 0 0 0 3.50813e-06 0 7.71789e-06 3.43797e-05
3608.52 0.00497243 0 1.44433 0.58369 0 0 0 2.10488e-06 7.01627e-07 8.41952e-06 3.43797e-05
3658.53 0.00497243 0 1.44345 0.582843 0 0 7.01627e-07 2.10488e-06 0 8.41952e-06 3.43797e-05
3708.57 0.00497243 0 1.44264 0.581993 0 0 0 3.50813e-06 7.01627e-07 7.01627e-06 3.43797e-05
3758.6 0.00497102 0 1.44184 0.581171 0 0 0 3.50813e-06 0 7.71789e-06 3.64846e-05
3808.6 0.00496962 0 1.44084 0.580197 0 0 0 7.01627e-06 7.01627e-07 3.50813e-06 3.78878e-05
3858.65 0.00496962 0 1.43988 0.579305 0 0 0 3.50813e-06 7.01627e-07 7.01627e-06 3.78878e-05
3908.66 0.00496962 0 1.43894 0.578443 0 0 0 3.50813e-06 7.01627e-07 7.01627e-06 3.78878e-05
3958.83 0.00496962 0 1.43812 0.57766 0 0 0 2.80651e-06 0 7.01627e-06 3.85895e-05
4008.85 0.00496892 0 1.43724 0.576822 0 0 0 4.91139e-06 0 4.91139e-06 3.99927e-05
4058.88 0.00496822 0 1.43624 0.575862 0 0 0 2.80651e-06 7.01627e-07 7.71789e-06 3.99927e-05
4108.88 0.00496822 0 1.43533 0.574945 0 0 0 2.80651e-06 7.01627e-07 7.71789e-06 3.99927e-05
4158.9 0.00496822 0 1.43465 0.574285 0 0 7.01627e-07 5.61301e-06 0 2.10488e-06 4.1396e-05
4208.9 0.00496822 0 1.43396 0.573572 0 0 0 3.50813e-06 0 3.50813e-06 4.27992e-05
4258.95 0.00496822 0 1.43315 0.57272 0 0 0 2.80651e-06 0 4.20976e-06 4.27992e-05
4308.97 0.00496752 0 1.43217 0.571753 0 0 0 1.40325e-06 0 7.01627e-06 4.27992e-05
4359.03 0.00496752 0 1.4312 0.570869 0 0 0 4.20976e-06 7.01627e-07 3.50813e-06 4.27992e-05
4409.05 0.00496752 0 1.43026 0.569994 0 0 0 6.31464e-06 7.01627e-07 1.40325e-06 4.27992e-05
4459.1 0.00496752 0 1.4295 0.569242 0 0 0 1.40325e-06 0 4.20976e-06 4.49041e-05
4509.13 0.00496752 0 1.42877 0.568579 0 0 0 2.80651e-06 7.01627e-07 2.10488e-06 4.49041e-05
4559.14 0.00496681 0 1.42779 0.567638 0 0 0 3.50813e-06 0 3.50813e-06 4.49041e-05
4609.14 0.00496611 0 1.42667 0.566519 0 0 7.01627e-07 4.20976e-06 0 3.50813e-06 4.49041e-05
4659.16 0.00496611 0 1.42582 0.565649 0 0 0 2.80651e-06 0 4.20976e-06 4.63074e-05
4709.18 0.00496611 0 1.42513 0.565021 0 0 0 2.80651e-06 7.01627e-07 2.10488e-06 4.7009e-05
4759.18 0.00496611 0 1.42431 0.564238 0 0 0 1.40325e-06 7.01627e-07 3.50813e-06 4.7009e-05
4809.26 0.00496611 0 1.42336 0.563372 0 0 0 1.40325e-06 7.01627e-07 2.10488e-06 4.84122e-05
4859.28 0.00496541 0 1.42278 0.562809 0 0 0 2.10488e-06 0 2.10488e-06 4.98155e-05
4909.35 0.00496541 0 1.42174 0.5618 0 0 0 2.10488e-06 0 2.10488e-06 4.98155e-05
4959.4 0.00496541 0 1.4209 0.560941 0 0 0 0 7.01627e-07 3.50813e-06 4.98155e-05
5009.41 0.00496471 0 1.42014 0.560235 0 0 0 2.10488e-06 7.01627e-07 1.40325e-06 5.12187e-05
5059.42 0.00496471 0 1.41898 0.559239 0 0 0 7.01627e-07 0 2.10488e-06 5.19204e-05
5109.51 0.00496471 0 1.41837 0.558635 0 0 0 0 0 2.80651e-06 5.19204e-05
5159.52 0.00496401 0 1.41744 0.557715 0 0 0 1.40325e-06 7.01627e-07 2.10488e-06 5.19204e-05
5209.56 0.00496401 0 1.41629 0.556613 0 0 0 1.40325e-06 0 2.80651e-06 5.19204e-05
5259.57 0.00496401 0 1.41538 0.555713 0 0 0 2.10488e-06 0 2.10488e-06 5.19204e-05
5309.58 0.00496331 0 1.4144 0.554755 0 0 0 3.50813e-06 0 2.10488e-06 5.19204e-05
5359.61 0.00496331 0 1.41335 0.553756 0 0 0 1.40325e-06 0 4.20976e-06 5.19204e-05
5409.67 0.0049626 0 1.41257 0.552987 0 0 0 3.50813e-06 0 2.10488e-06 5.2622e-05
5459.68 0.0049626 0 1.41165 0.552092 0 0 0 2.10488e-06 7.01627e-07 2.80651e-06 5.2622e-05
5509.68 0.0049612 0 1.41053 0.551027 0 0 0 3.50813e-06 7.01627e-07 4.20976e-06 5.2622e-05
5559.7 0.0049612 0 1.40962 0.550197 0 0 0 2.10488e-06 0 4.91139e-06 5.33236e-05
5609.72 0.0049605 0 1.40865 0.549299 0 0 0 3.50813e-06 7.01627e-07 4.20976e-06 5.33236e-05
5659.73 0.0049605 0 1.40771 0.548382 0 0 0 1.40325e-06 7.01627e-07 4.91139e-06 5.47269e-05
5709.74 0.0049605 0 1.40698 0.547681 0 0 0 2.80651e-06 0 4.20976e-06 5.47269e-05
5759.76 0.0049605 0 1.40608 0.546843 0 0 0 2.10488e-06 0 4.91139e-06 5.47269e-05
5809.76 0.0049598 0 1.40514 0.545995 0 0 7.01627e-07 1.40325e-06 0 4.91139e-06 5.61301e-05
5859.83 0.0049598 0 1.40427 0.545134 0 0 0 3.50813e-06 7.01627e-07 2.80651e-06 5.61301e-05
5909.87 0.00495839 0 1.40322 0.544177 0 0 0 2.10488e-06 0 7.71789e-06 5.61301e-05
5959.96 0.00495839 0 1.40213 0.543113 0 0 0 4.20976e-06 0 5.61301e-06 5.61301e-05
6009.96 0.00495839 0 1.40131 0.542293 0 0 0 2.10488e-06 0 7.71789e-06 5.61301e-05
6059.98 0.00495699 0 1.4004 0.541428 0 0 0 5.61301e-06 0 7.01627e-06 5.61301e-05
6109.98 0.00495699 0 1.39924 0.540335 0 0 7.01627e-07 5.61301e-06 0 6.31464e-06 5.61301e-05
6160.11 0.00495699 0 1.39835 0.539501 0 0 0 4.20976e-06 7.01627e-07 6.31464e-06 5.75334e-05
6210.12 0.00495629 0 1.39749 0.538695 0 0 0 5.61301e-06 0 7.01627e-06 5.75334e-05
6260.28 0.00495629 0 1.3966 0.53785 0 0 0 4.91139e-06 7.01627e-07 4.20976e-06 5.96383e-05
6310.37 0.00495629 0 1.39584 0.537159 0 0 0 3.50813e-06 0 6.31464e-06 5.96383e-05
6360.44 0.00495559 0 1.39508 0.536458 0 0 0 1.40325e-06 0 5.61301e-06 6.31464e-05
6410.47 0.00495489 0 1.39419 0.535643 0 0 0 3.50813e-06 7.01627e-07 4.20976e-06 6.31464e-05
6460.59 0.00495489 0 1.39337 0.534898 0 0 0 3.50813e-06 0 3.50813e-06 6.3848e-05
6510.65 0.00495419 0 1.39245 0.534054 0 0 0 4.91139e-06 7.01627e-07 2.80651e-06 6.3848e-05
6560.66 0.00495348 0 1.39153 0.533188 0 0 0 2.80651e-06 0 5.61301e-06 6.45496e-05
6610.68 0.00495138 0 1.39017 0.531942 0 0 7.01627e-07 5.61301e-06 0 4.91139e-06 6.59529e-05
6660.68 0.00495068 0 1.38923 0.531046 0 0 0 4.20976e-06 0 5.61301e-06 6.80578e-05
6710.69 0.00494927 0 1.38828 0.530153 0 0 0 4.20976e-06 7.01627e-07 7.71789e-06 6.80578e-05
6760.83 0.00494927 0 1.38736 0.529278 0 0 0 7.01627e-06 7.01627e-07 4.91139e-06 6.80578e-05
6810.84 0.00494927 0 1.38656 0.528518 0 0 0 4.91139e-06 7.01627e-07 5.61301e-06 6.87594e-05
6860.93 0.00494927 0 1.38574 0.527743 0 0 0 4.91139e-06 0 6.31464e-06 6.87594e-05
6910.97 0.00494857 0 1.38474 0.526818 0 0 0 5.61301e-06 0 7.01627e-06 6.87594e-05
6961.03 0.00494857 0 1.38387 0.52598 0 0 0 2.80651e-06 7.01627e-07 7.71789e-06 6.9461e-05
7011.11 0.00494787 0 1.38296 0.525179 0 0 0 3.50813e-06 7.01627e-07 8.41952e-06 6.9461e-05
7061.11 0.00494787 0 1.38205 0.524353 0 0 0 4.91139e-06 0 6.31464e-06 7.08643e-05
7111.12 0.00494787 0 1.38117 0.523573 0 0 0 6.31464e-06 7.01627e-07 4.20976e-06 7.08643e-05
7161.12 0.00494787 0 1.3803 0.522774 0 0 7.01627e-07 3.50813e-06 7.01627e-07 6.31464e-06 7.08643e-05
7211.13 0.00494717 0 1.37962 0.522106 0 0 0 6.31464e-06 0 3.50813e-06 7.22675e-05
7261.17 0.00494717 0 1.37882 0.521289 0 0 0 3.50813e-06 7.01627e-07 5.61301e-06 7.22675e-05
7311.23 0.00494717 0 1.37804 0.52057 0 0 0 2.80651e-06 0 5.61301e-06 7.36708e-05
7361.25 0.00494717 0 1.37722 0.519782 0 0 0 3.50813e-06 7.01627e-07 4.20976e-06 7.36708e-05
7411.45 0.00494717 0 1.37629 0.518945 0 0 0 2.80651e-06 7.01627e-07 4.91139e-06 7.36708e-05
7461.45 0.00494717 0 1.37543 0.518126 0 0 7.01627e-07 2.10488e-06 0 5.61301e-06 7.36708e-05
7511.49 0.00494717 0 1.3746 0.51733 0 0 0 2.80651e-06 7.01627e-07 4.91139e-06 7.36708e-05
7561.57 0.00494717 0 1.37381 0.51653 0 0 0 2.10488e-06 7.01627e-07 5.61301e-06 7.36708e-05
7611.61 0.00494647 0 1.37284 0.515651 0 0 0 2.80651e-06 7.01627e-07 6.31464e-06 7.36708e-05
7661.72 0.00494577 0 1.37211 0.514951 0 0 0 1.40325e-06 7.01627e-07 4.91139e-06 7.64773e-05
7711.72 0.00494506 0 1.37124 0.514164 0 0 0 3.50813e-06 0 4.91139e-06 7.64773e-05
7761.73 0.00494506 0 1.3704 0.513419 0 0 0 1.40325e-06 7.01627e-07 4.91139e-06 7.78805e-05
7811.74 0.00494506 0 1.36966 0.512742 0 0 0 2.10488e-06 0 3.50813e-06 7.85822e-05
7861.74 0.00494506 0 1.36881 0.51198 0 0 0 1.40325e-06 0 4.20976e-06 7.85822e-05
7911.76 0.00494366 0 1.36774 0.510968 0 0 0 2.10488e-06 7.01627e-07 5.61301e-06 7.85822e-05
7961.77 0.00494296 0 1.36664 0.509979 0 0 7.01627e-07 3.50813e-06 0 5.61301e-06 7.85822e-05
8011.78 0.00494296 0 1.36576 0.509143 0 0 0 1.40325e-06 7.01627e-07 6.31464e-06 7.92838e-05
8061.78 0.00494156 0 1.36483 0.508318 0 0 7.01627e-07 4.20976e-06 0 6.31464e-06 7.92838e-05
8111.8 0.00494085 0 1.36383 0.507377 0 0 0 2.10488e-06 0 9.12115e-06 8.06871e-05
8161.81 0.00494085 0 1.36301 0.506638 0 0 0 6.31464e-06 0 4.91139e-06 8.06871e-05
8211.82 0.00494015 0 1.36218 0.505906 0 0 0 4.91139e-06 0 4.91139e-06 8.34936e-05
8261.83 0.00493945 0 1.36137 0.50514 0 0 0 4.20976e-06 0 7.01627e-06 8.34936e-05
8311.84 0.00493875 0 1.36029 0.504152 0 0 7.01627e-07 6.31464e-06 0 5.61301e-06 8.34936e-05
8361.98 0.00493875 0 1.35946 0.503378 0 0 0 5.61301e-06 7.01627e-07 6.31464e-06 8.34936e-05
8411.98 0.00493875 0 1.35859 0.502592 0 0 7.01627e-07 5.61301e-06 0 6.31464e-06 8.34936e-05
8462.16 0.00493875 0 1.35776 0.501831 0 0 0 4.91139e-06 7.01627e-07 7.01627e-06 8.34936e-05
8512.17 0.00493875 0 1.35684 0.50105 0 0 0 4.91139e-06 7.01627e-07 7.01627e-06 8.34936e-05
8562.18 0.00493875 0 1.35592 0.500249 0 0 7.01627e-07 3.50813e-06 0 8.41952e-06 8.34936e-05
8612.2 0.00493875 0 1.35503 0.499453 0 0 0 4.91139e-06 7.01627e-07 7.01627e-06 8.34936e-05
8662.24 0.00493805 0 1.35414 0.498625 0 0 0 7.01627e-06 7.01627e-07 6.31464e-06 8.34936e-05
8712.32 0.00493805 0 1.35333 0.497874 0 0 0 6.31464e-06 0 6.31464e-06 8.41952e-05
8762.39 0.00493735 0 1.35259 0.497152 0 0 0 2.10488e-06 7.01627e-07 9.82277e-06 8.55984e-05
8812.42 0.00493664 0 1.35166 0.496336 0 0 0 7.71789e-06 7.01627e-07 5.61301e-06 8.55984e-05
8862.43 0.00493594 0 1.35072 0.495557 0 0 7.01627e-07 6.31464e-06 7.01627e-07 4.91139e-06 8.70017e-05
8912.44 0.00493524 0 1.34988 0.494762 0 0 0 7.01627e-06 1.40325e-06 5.61301e-06 8.70017e-05
8962.46 0.00493384 0 1.34883 0.493829 0 0 0 3.50813e-06 0 1.33309e-05 8.70017e-05
9012.48 0.00493314 0 1.34795 0.493023 0 0 0 5.61301e-06 7.01627e-07 9.12115e-06 8.91066e-05
9062.5 0.00493314 0 1.34712 0.492325 0 0 0 4.91139e-06 7.01627e-07 8.41952e-06 9.05098e-05
9112.52 0.00493314 0 1.34623 0.491574 0 0 7.01627e-07 7.71789e-06 0 4.20976e-06 9.12115e-05
9162.58 0.00493314 0 1.34552 0.490915 0 0 0 2.80651e-06 7.01627e-07 6.31464e-06 9.26147e-05
9212.6 0.00493314 0 1.34475 0.490194 0 0 0 3.50813e-06 0 6.31464e-06 9.26147e-05
9262.68 0.00493314 0 1.3439 0.489445 0 0 0 4.91139e-06 7.01627e-07 4.20976e-06 9.26147e-05
9312.68 0.00493314 0 1.34296 0.488615 0 0 0 3.50813e-06 7.01627e-07 5.61301e-06 9.26147e-05
9362.71 0.00493243 0 1.34199 0.48776 0 0 0 4.91139e-06 7.01627e-07 5.61301e-06 9.26147e-05
9412.72 0.00493103 0 1.34091 0.48676 0 0 0 3.50813e-06 7.01627e-07 8.41952e-06 9.4018e-05
9462.75 0.00493033 0 1.33996 0.48592 0 0 0 6.31464e-06 2.10488e-06 5.61301e-06 9.4018e-05
9512.76 0.00492893 0 1.33903 0.485144 0 0 0 5.61301e-06 7.01627e-07 1.05244e-05 9.4018e-05
9562.8 0.00492893 0 1.33799 0.484207 0 0 0 6.31464e-06 7.01627e-07 9.82277e-06 9.4018e-05
9612.84 0.00492822 0 1.33717 0.483452 0 0 0 1.05244e-05 7.01627e-07 5.61301e-06 9.47196e-05
9662.87 0.00492822 0 1.33631 0.482702 0 0 7.01627e-07 4.20976e-06 0 1.05244e-05 9.54212e-05
9712.9 0.00492822 0 1.33551 0.48199 0 0 7.01627e-07 7.01627e-06 0 7.71789e-06 9.54212e-05
9762.94 0.00492822 0 1.33463 0.481255 0 0 0 6.31464e-06 7.01627e-07 8.41952e-06 9.54212e-05
9812.94 0.00492752 0 1.33377 0.480488 0 0 7.01627e-07 4.20976e-06 0 1.05244e-05 9.68245e-05
9862.95 0.00492682 0 1.33292 0.479722 0 0 0 4.91139e-06 7.01627e-07 1.1226e-05 9.68245e-05
9912.96 0.00492612 0 1.33194 0.478836 0 0 0 7.71789e-06 7.01627e-07 9.82277e-06 9.68245e-05
9962.97 0.00492542 0 1.33103 0.478041 0 0 0 9.12115e-06 7.01627e-07 9.82277e-06 9.68245e-05
10013 0.00492542 0 1.33007 0.477199 0 0 0 6.31464e-06 7.01627e-07 1.1226e-05 9.82277e-05
10063.2 0.00492542 0 1.32926 0.476491 0 0 0 7.71789e-06 0 1.05244e-05 9.82277e-05
10113.2 0.00492472 0 1.32836 0.475674 0 0 7.01627e-07 7.71789e-06 7.01627e-07 1.05244e-05 9.82277e-05
10163.2 0.00492472 0 1.32759 0.474983 0 0 0 7.01627e-06 0 1.1226e-05 9.9631e-05
10213.2 0.00492472 0 1.32684 0.474286 0 0 7.01627e-07 9.12115e-06 0 7.01627e-06 0.000101034
10263.2 0.00492472 0 1.32603 0.47356 0 0 7.01627e-07 4.20976e-06 0 1.19277e-05 0.000101034
10313.3 0.00492472 0 1.32524 0.472839 0 0 0 5.61301e-06 7.01627e-07 9.12115e-06 0.000102437
10363.3 0.00492261 0 1.32434 0.472057 0 0 0 1.19277e-05 7.01627e-07 7.01627e-06 0.000102437
10413.3 0.00492191 0 1.32333 0.471201 0 0 0 7.71789e-06 7.01627e-07 1.1226e-05 0.000103841
10463.3 0.00492191 0 1.32241 0.470401 0 0 7.01627e-07 9.82277e-06 7.01627e-07 8.41952e-06 0.000103841
10513.3 0.00492191 0 1.3217 0.469751 0 0 0 7.71789e-06 7.01627e-07 8.41952e-06 0.000106647
10563.4 0.00492191 0 1.32078 0.469003 0 0 0 6.31464e-06 7.01627e-07 8.41952e-06 0.000107349
10613.4 0.00492191 0 1.32003 0.468316 0 0 0 7.71789e-06 1.40325e-06 6.31464e-06 0.000107349
10663.4 0.00492121 0 1.31905 0.467476 0 0 0 1.05244e-05 0 6.31464e-06 0.000107349
10713.4 0.00492121 0 1.31808 0.46666 0 0 0 5.61301e-06 7.01627e-07 1.05244e-05 0.000107349
10763.4 0.00492051 0 1.31703 0.46578 0 0 0 1.19277e-05 7.01627e-07 5.61301e-06 0.000107349
10813.5 0.00492051 0 1.3161 0.465009 0 0 0 9.12115e-06 7.01627e-07 8.41952e-06 0.000107349
10863.5 0.00492051 0 1.31521 0.464232 0 0 0 9.12115e-06 7.01627e-07 8.41952e-06 0.000107349
10913.5 0.00491981 0 1.31439 0.46349 0 0 0 6.31464e-06 0 1.19277e-05 0.00010805
10963.5 0.0049177 0 1.31349 0.462674 0 0 0 6.31464e-06 7.01627e-07 1.54358e-05 0.00010805
11013.5 0.004917 0 1.31246 0.461771 0 0 0 9.82277e-06 7.01627e-07 1.19277e-05 0.000108752
11063.6 0.004917 0 1.31167 0.461096 0 0 0 7.01627e-06 7.01627e-07 1.19277e-05 0.000110155
11113.6 0.004917 0 1.31089 0.460405 0 0 0 3.50813e-06 7.01627e-07 1.1226e-05 0.000112962
11163.6 0.0049156 0 1.31013 0.459704 0 0 0 5.61301e-06 7.01627e-07 1.19277e-05 0.000112962
11213.8 0.0049156 0 1.30914 0.458878 0 0 0 6.31464e-06 7.01627e-07 1.1226e-05 0.000112962
11263.9 0.0049156 0 1.30839 0.458166 0 0 0 9.12115e-06 7.01627e-07 7.01627e-06 0.000113664
11313.9 0.0049156 0 1.30756 0.457437 0 0 0 5.61301e-06 1.40325e-06 8.41952e-06 0.000114365
11363.9 0.00491489 0 1.3067 0.456706 0 0 0 7.01627e-06 1.40325e-06 7.01627e-06 0.000115067
11414 0.00491419 0 1.30584 0.455946 0 0 0 6.31464e-06 7.01627e-07 8.41952e-06 0.000115768
11464 0.00491349 0 1.30493 0.45514 0 0 0 2.80651e-06 7.01627e-07 1.19277e-05 0.00011647
11514 0.00491349 0 1.30411 0.454432 0 0 0 7.71789e-06 7.01627e-07 7.01627e-06 0.00011647
11564.1 0.00491349 0 1.30334 0.453743 0 0 0 5.61301e-06 0 9.82277e-06 0.00011647
11614.1 0.00491279 0 1.30247 0.452983 0 0 0 7.01627e-06 0 9.82277e-06 0.00011647
11664.2 0.00491279 0 1.3016 0.452197 0 0 0 9.12115e-06 0 7.71789e-06 0.00011647
11714.2 0.00491209 0 1.30076 0.451457 0 0 7.01627e-07 7.71789e-06 0 8.41952e-06 0.000117873
11764.2 0.00491209 0 1.29993 0.450765 0 0 0 4.91139e-06 0 1.05244e-05 0.000118575
11814.3 0.00491209 0 1.29904 0.450031 0 0 0 9.82277e-06 7.01627e-07 4.91139e-06 0.000118575
11864.3 0.00491209 0 1.2982 0.449294 0 0 0 5.61301e-06 0 9.82277e-06 0.000118575
11914.3 0.00491209 0 1.29733 0.44857 0 0 0 4.91139e-06 7.01627e-07 9.82277e-06 0.000118575
11964.3 0.00490928 0 1.29638 0.447803 0 0 0 7.01627e-06 7.01627e-07 7.71789e-06 0.000123486
12014.3 0.00490928 0 1.29552 0.447098 0 0 0 4.20976e-06 7.01627e-07 7.71789e-06 0.000125591
12064.4 0.00490928 0 1.29482 0.446471 0 0 0 7.01627e-06 0 5.61301e-06 0.000125591
12114.4 0.00490788 0 1.2938 0.445614 0 0 0 7.01627e-06 0 8.41952e-06 0.000125591
12164.5 0.00490718 0 1.29287 0.44478 0 0 0 7.71789e-06 7.01627e-07 7.01627e-06 0.000126994
12214.5 0.00490647 0 1.29201 0.444063 0 0 0 5.61301e-06 7.01627e-07 9.12115e-06 0.000128398
12264.5 0.00490577 0 1.29111 0.443306 0 0 0 4.91139e-06 0 1.05244e-05 0.000129801
12314.5 0.00490507 0 1.2902 0.442529 0 0 0 7.71789e-06 7.01627e-07 8.41952e-06 0.000129801
12364.5 0.00490437 0 1.28933 0.441771 0 0 0 9.82277e-06 0 8.41952e-06 0.000129801
12414.6 0.00490437 0 1.28839 0.44096 0 0 0 6.31464e-06 0 1.19277e-05 0.000129801
12464.6 0.00490367 0 1.28748 0.440226 0 0 0 9.12115e-06 0 1.05244e-05 0.000129801
12514.6 0.00490226 0 1.28647 0.439395 0 0 0 1.05244e-05 7.01627e-07 9.82277e-06 0.000131204
12564.8 0.00490156 0 1.28559 0.438626 0 0 0 8.41952e-06 0 1.26293e-05 0.000132607
12614.8 0.00490086 0 1.28477 0.437916 0 0 7.01627e-07 5.61301e-06 0 1.47342e-05 0.000134011
12664.8 0.00490086 0 1.284 0.437256 0 0 7.01627e-07 9.12115e-06 0 7.01627e-06 0.00013822
12714.8 0.00490016 0 1.28318 0.436598 0 0 0 7.71789e-06 0 7.71789e-06 0.000141027
12764.9 0.00490016 0 1.28239 0.435921 0 0 0 7.01627e-06 7.01627e-07 7.71789e-06 0.000141027
12814.9 0.00490016 0 1.28153 0.435251 0 0 7.01627e-07 3.50813e-06 7.01627e-07 9.12115e-06 0.00014243
12864.9 0.00490016 0 1.28077 0.434581 0 0 0 4.91139e-06 0 9.12115e-06 0.00014243
12914.9 0.00489946 0 1.2798 0.433789 0 0 0 4.91139e-06 7.01627e-07 8.41952e-06 0.000143833
12964.9 0.00489876 0 1.27899 0.433085 0 0 7.01627e-07 4.91139e-06 7.01627e-07 9.12115e-06 0.000143833
13015 0.00489806 0 1.27799 0.432255 0 0 0 8.41952e-06 0 8.41952e-06 0.000143833
13065 0.00489806 0 1.27705 0.431482 0 0 0 8.41952e-06 7.01627e-07 7.71789e-06 0.000143833
13115 0.00489735 1.40325e-06 1.27617 0.430743 0 0 0 8.41952e-06 0 8.41952e-06 0.000143833
13165 0.00489595 0 1.27514 0.429926 0 0 0 6.31464e-06 0 1.19277e-05 0.00014664
13215 0.00489525 0 1.27436 0.429273 0 0 0 9.82277e-06 7.01627e-07 7.71789e-06 0.000147342
13265 0.00489525 0 1.27347 0.428538 0 0 7.01627e-07 7.01627e-06 0 1.05244e-05 0.000147342
13315 0.00489455 0 1.27261 0.427787 0 0 0 7.71789e-06 7.01627e-07 9.82277e-06 0.000148745
13365.1 0.00489455 0 1.27178 0.427093 0 0 0 9.82277e-06 1.40325e-06 7.01627e-06 0.000148745
13415.1 0.00489244 0 1.27084 0.426309 0 0 1.40325e-06 8.41952e-06 7.01627e-07 1.19277e-05 0.000148745
13465.1 0.00489244 0 1.26994 0.425561 0 0 0 7.01627e-06 0 1.40325e-05 0.000150148
13515.1 0.00489174 0 1.26908 0.424834 0 0 0 8.41952e-06 0 1.40325e-05 0.000150148
13565.2 0.00489104 0 1.26814 0.424089 0 0 7.01627e-07 8.41952e-06 7.01627e-07 1.26293e-05 0.000151551
13615.2 0.00489104 0 1.26731 0.423408 0 0 7.01627e-07 9.12115e-06 7.01627e-07 1.05244e-05 0.000152955
13665.4 0.00488893 0 1.26637 0.422651 0 0 0 9.12115e-06 0 1.61374e-05 0.000152955
13715.6 0.00488893 0 1.26549 0.421913 0 0 0 1.19277e-05 0 1.19277e-05 0.000154358
13765.6 0.00488823 0 1.2646 0.421193 0 0 0 1.19277e-05 7.01627e-07 1.26293e-05 0.000154358
13815.6 0.00488823 0 1.26369 0.420482 0 0 7.01627e-07 1.1226e-05 0 1.19277e-05 0.000155059
13865.7 0.00488753 0 1.26289 0.419787 0 0 0 1.05244e-05 0 1.47342e-05 0.000155059
13915.7 0.00488683 0 1.2619 0.418989 0 0 0 7.71789e-06 7.01627e-07 1.82423e-05 0.000155059
13965.7 0.00488683 0 1.26101 0.418283 0 0 0 1.47342e-05 7.01627e-07 1.1226e-05 0.000155059
14015.8 0.00488613 0 1.26005 0.417518 0 0 0 1.1226e-05 0 1.6839e-05 0.000155059
14065.8 0.00488613 0 1.25916 0.41678 0 0 7.01627e-07 1.26293e-05 0 1.47342e-05 0.000155059
14115.8 0.00488472 0 1.25818 0.416043 0 0 7.01627e-07 1.54358e-05 7.01627e-07 1.40325e-05 0.000155059
14165.8 0.00488472 0 1.25729 0.415307 0 0 0 1.54358e-05 0 1.40325e-05 0.000156463
14215.9 0.00488402 0 1.25635 0.414595 0 0 0 1.6839e-05 0 1.40325e-05 0.000156463
14265.9 0.00488262 0 1.25541 0.413827 0 0 7.01627e-07 1.40325e-05 7.01627e-07 1.82423e-05 0.000156463
14315.9 0.00488262 0 1.25447 0.413093 0 0 7.01627e-07 1.26293e-05 0 2.03472e-05 0.000156463
14365.9 0.00488192 0 1.25354 0.41235 0 0 0 1.61374e-05 1.40325e-06 1.61374e-05 0.000157164
14415.9 0.00488192 0 1.25269 0.411637 0 0 0 1.61374e-05 7.01627e-07 1.54358e-05 0.000158568
14465.9 0.00488051 0 1.25179 0.410929 0 0 7.01627e-07 1.75407e-05 7.01627e-07 1.47342e-05 0.000159971
14515.9 0.00488051 0 1.2509 0.410234 0 0 0 1.19277e-05 0 2.17504e-05 0.000159971
14565.9 0.00488051 0 1.25003 0.40952 0 0 0 1.05244e-05 1.40325e-06 2.17504e-05 0.000159971
14615.9 0.00487981 0 1.24919 0.408848 0 0 7.01627e-07 1.40325e-05 7.01627e-07 1.82423e-05 0.000160672
14665.9 0.00487911 0 1.2483 0.408121 0 0 7.01627e-07 1.1226e-05 0 2.31537e-05 0.000160672
14716 0.00487841 0 1.24736 0.40737 0 0 0 1.75407e-05 7.01627e-07 1.82423e-05 0.000160672
14766 0.00487841 0 1.24654 0.406652 0 0 0 1.75407e-05 7.01627e-07 1.82423e-05 0.000160672
14816.2 0.00487841 0 1.2457 0.405948 0 0 0 1.61374e-05 7.01627e-07 1.82423e-05 0.000162076
14866.3 0.00487841 0 1.24488 0.405276 0 0 0 1.05244e-05 7.01627e-07 2.38553e-05 0.000162076
14916.3 0.00487771 0 1.24403 0.404591 0 0 7.01627e-07 1.19277e-05 0 2.24521e-05 0.000163479
14966.4 0.0048763 0 1.24312 0.4039 0 0 0 1.75407e-05 7.01627e-07 1.96455e-05 0.000163479
15016.4 0.0048763 0 1.24225 0.403202 0 0 7.01627e-07 1.61374e-05 7.01627e-07 1.75407e-05 0.000165584
15066.4 0.0048763 0 1.24153 0.402596 0 0 0 1.33309e-05 0 2.03472e-05 0.000166285
15116.4 0.0048756 0 1.24061 0.401871 0 0 0 1.26293e-05 7.01627e-07 2.03472e-05 0.000167689
15166.4 0.0048749 0 1.23972 0.401146 0 0 0 1.47342e-05 7.01627e-07 1.96455e-05 0.000167689
15216.4 0.0048749 0 1.23878 0.400426 0 0 1.40325e-06 1.40325e-05 7.01627e-07 1.89439e-05 0.000167689
15266.5 0.0048742 0 1.23794 0.399703 0 0 0 1.6839e-05 0 1.96455e-05 0.000167689
15316.5 0.0048742 0 1.23703 0.39898 0 0 0 1.54358e-05 1.40325e-06 1.96455e-05 0.000167689
15366.5 0.0048742 0 1.23626 0.398332 0 0 0 1.75407e-05 7.01627e-07 1.54358e-05 0.000169794
15416.6 0.0048742 0 1.23534 0.397657 0 0 0 1.54358e-05 1.40325e-06 1.54358e-05 0.000170495
15466.6 0.0048742 0 1.2345 0.396989 0 0 0 1.05244e-05 0 2.17504e-05 0.000170495
15516.7 0.0048742 0 1.23367 0.396283 0 0 7.01627e-07 1.19277e-05 0 1.96455e-05 0.000170495
15566.7 0.0048735 0 1.23285 0.395632 0 0 1.40325e-06 1.26293e-05 1.40325e-06 1.6839e-05 0.000171899
15616.7 0.0048728 0 1.23195 0.394924 0 0 0 1.33309e-05 7.01627e-07 1.82423e-05 0.000173302
15666.7 0.0048728 0 1.23114 0.394283 0 0 0 9.82277e-06 0 2.24521e-05 0.000173302
15716.8 0.00487139 0 1.23031 0.393591 0 0 0 1.40325e-05 7.01627e-07 1.89439e-05 0.000174003
15766.8 0.00486999 0 1.2294 0.392877 0 0 7.01627e-07 1.40325e-05 1.40325e-06 2.03472e-05 0.000174003
15816.8 0.00486859 0 1.22845 0.392136 0 0 0 1.40325e-05 1.40325e-06 2.10488e-05 0.000175407
15866.8 0.00486859 0 1.22752 0.391462 0 0 0 1.6839e-05 2.10488e-06 1.75407e-05 0.000175407
15916.9 0.00486859 0 1.22661 0.390786 0 0 0 1.6839e-05 1.40325e-06 1.82423e-05 0.000175407
15967 0.00486859 0 1.22579 0.390129 0 0 0 1.47342e-05 0 2.03472e-05 0.000176108
16017 0.00486859 0 1.22496 0.389446 0 0 0 1.33309e-05 7.01627e-07 1.96455e-05 0.00017681
16067 0.00486859 0 1.22413 0.388776 0 0 0 1.26293e-05 1.40325e-06 1.96455e-05 0.00017681
16117.1 0.00486789 0 1.22322 0.388088 0 0 0 1.26293e-05 0 2.10488e-05 0.000178213
16167.1 0.00486789 0 1.22242 0.387436 0 0 0 1.26293e-05 1.40325e-06 1.96455e-05 0.000178213
16217.2 0.00486718 0 1.22148 0.386684 0 0 0 1.40325e-05 7.01627e-07 2.03472e-05 0.000178213
16267.2 0.00486718 0 1.2207 0.386059 0 0 7.01627e-07 1.19277e-05 0 2.24521e-05 0.000178213
16317.2 0.00486718 0 1.2199 0.385376 0 0 0 1.47342e-05 7.01627e-07 1.82423e-05 0.000179616
16367.3 0.00486718 0 1.21906 0.384681 0 0 0 1.40325e-05 7.01627e-07 1.89439e-05 0.000179616
16417.4 0.00486718 0 1.21817 0.38399 0 0 0 1.6839e-05 0 1.6839e-05 0.000179616
16467.4 0.00486718 0 1.21738 0.383343 0 0 1.40325e-06 1.1226e-05 7.01627e-07 1.75407e-05 0.000181721
16517.4 0.00486718 0 1.21665 0.382749 0 0 1.40325e-06 1.54358e-05 0 1.1226e-05 0.000184528
16567.4 0.00486648 0 1.21579 0.382117 0 0 0 1.1226e-05 1.40325e-06 1.54358e-05 0.000185229
16617.5 0.00486648 0 1.21487 0.381377 0 0 0 1.54358e-05 7.01627e-07 1.19277e-05 0.000185229
16667.5 0.00486648 0 1.21407 0.380757 0 0 0 1.1226e-05 0 1.54358e-05 0.000185931
16717.5 0.00486648 0 1.21323 0.380117 0 0 0 1.05244e-05 7.01627e-07 1.40325e-05 0.000187334
16767.6 0.00486648 0 1.21232 0.379443 0 0 7.01627e-07 1.40325e-05 7.01627e-07 9.82277e-06 0.000187334
16817.6 0.00486578 0 1.21138 0.378753 0 0 1.40325e-06 1.19277e-05 7.01627e-07 1.1226e-05 0.000188036
16867.6 0.00486508 0 1.21049 0.378078 0 0 0 1.05244e-05 7.01627e-07 1.54358e-05 0.000188036
16917.6 0.00486438 0 1.20941 0.377333 0 0 2.10488e-06 1.05244e-05 0 1.40325e-05 0.000189439
16967.6 0.00486438 0 1.2086 0.376682 0 0 0 1.33309e-05 0 1.33309e-05 0.000189439
17017.6 0.00486368 0 1.20774 0.376025 0 0 0 8.41952e-06 1.40325e-06 1.82423e-05 0.000189439
17067.6 0.00486368 0 1.20689 0.37536 0 0 7.01627e-07 1.1226e-05 7.01627e-07 1.40325e-05 0.000190842
17117.6 0.00486297 0 1.20597 0.374677 0 0 0 1.33309e-05 1.40325e-06 1.33309e-05 0.000190842
17167.7 0.00486227 0 1.20507 0.373985 0 0 0 1.47342e-05 1.40325e-06 1.33309e-05 0.000190842
17217.7 0.00486157 0 1.20412 0.37328 0 0 7.01627e-07 1.40325e-05 7.01627e-07 1.40325e-05 0.000191544
17267.7 0.00486157 0 1.20331 0.37263 0 0 0 1.33309e-05 0 1.47342e-05 0.000192947
17317.7 0.00486157 0 1.20247 0.371979 0 0 7.01627e-07 1.26293e-05 0 1.47342e-05 0.000192947
17367.8 0.00486157 0 1.20168 0.371345 0 0 0 1.40325e-05 1.40325e-06 9.82277e-06 0.000195754
17417.8 0.00486157 0 1.2009 0.370736 0 0 0 1.26293e-05 0 1.1226e-05 0.000196455
17467.9 0.00486087 0 1.20002 0.37004 0 0 0 1.40325e-05 7.01627e-07 1.05244e-05 0.000196455
17517.9 0.00486017 0 1.19913 0.369386 0 0 7.01627e-07 1.05244e-05 7.01627e-07 1.33309e-05 0.000197157
17568 0.00486017 0 1.19833 0.368825 0 0 0 1.1226e-05 7.01627e-07 1.05244e-05 0.000199262
17618 0.00485947 0 1.19755 0.368187 0 0 0 1.05244e-05 7.01627e-07 1.26293e-05 0.000199262
17668 0.00485947 0 1.19668 0.367508 0 0 7.01627e-07 1.19277e-05 0 1.1226e-05 0.000199262
17718 0.00485947 0 1.19577 0.366854 0 0 7.01627e-07 9.12115e-06 0 1.40325e-05 0.000199262
17768 0.00485947 0 1.19481 0.366166 0 0 7.01627e-07 1.1226e-05 7.01627e-07 1.1226e-05 0.000199262
17818 0.00485947 0 1.19392 0.365514 0 0 0 1.05244e-05 0 1.19277e-05 0.000200665
17868 0.00485876 0 1.19306 0.364855 0 0 0 9.12115e-06 7.01627e-07 1.40325e-05 0.000200665
17918 0.00485806 0 1.19226 0.364211 0 0 0 1.26293e-05 2.10488e-06 9.12115e-06 0.000202068
17968 0.00485736 0 1.19137 0.363527 0 0 0 1.54358e-05 7.01627e-07 7.71789e-06 0.000203472
18018.1 0.00485666 0 1.19057 0.362897 0 0 0 9.82277e-06 7.01627e-07 1.19277e-05 0.000205577
18068.1 0.00485666 0 1.18984 0.362312 0 0 0 1.33309e-05 7.01627e-07 8.41952e-06 0.000205577
18118.1 0.00485666 0 1.18899 0.361686 0 0 0 1.26293e-05 7.01627e-07 7.71789e-06 0.000206278
18168.1 0.00485526 0 1.18823 0.361057 0 0 0 4.20976e-06 7.01627e-07 1.75407e-05 0.000207681
18218.1 0.00485455 0 1.18739 0.360414 0 0 7.01627e-07 1.19277e-05 7.01627e-07 9.12115e-06 0.000209085
18268.1 0.00485455 0 1.18662 0.359765 0 0 7.01627e-07 3.50813e-06 7.01627e-07 1.75407e-05 0.000209085
18318.2 0.00485385 0 1.18573 0.359128 0 0 7.01627e-07 9.82277e-06 0 1.05244e-05 0.000211891
18368.3 0.00485385 0 1.18486 0.358495 0 0 0 8.41952e-06 0 1.26293e-05 0.000211891
18418.4 0.00485315 0 1.18403 0.357882 0 0 0 8.41952e-06 7.01627e-07 1.05244e-05 0.000213996
18468.4 0.00485315 0 1.18311 0.357235 0 0 0 7.01627e-06 0 1.1226e-05 0.000214698
18518.5 0.00485315 0 1.18235 0.356666 0 0 0 4.20976e-06 7.01627e-07 1.19277e-05 0.000216101
18568.6 0.00485315 0 1.18157 0.356064 0 0 0 7.01627e-06 1.40325e-06 7.01627e-06 0.000217504
18618.6 0.00485245 0 1.18077 0.355469 0 0 7.01627e-07 8.41952e-06 0 6.31464e-06 0.000218907
18668.6 0.00485105 0 1.17988 0.354798 0 0 7.01627e-07 9.12115e-06 7.01627e-07 7.71789e-06 0.000218907
18718.6 0.00485105 0 1.1789 0.35408 0 0 0 7.01627e-06 7.01627e-07 9.12115e-06 0.000219609
18768.6 0.00485105 0 1.17818 0.353508 0 0 7.01627e-07 2.80651e-06 7.01627e-07 9.82277e-06 0.000221714
18818.7 0.00485105 0 1.17749 0.35298 0 0 0 5.61301e-06 7.01627e-07 6.31464e-06 0.000222416
18868.7 0.00485105 0 1.17666 0.352354 0 0 0 4.91139e-06 0 7.71789e-06 0.000222416
18918.7 0.00485105 0 1.17577 0.351697 0 0 0 3.50813e-06 0 9.12115e-06 0.000222416
18968.7 0.00485034 0 1.17495 0.351069 0 0 0 6.31464e-06 7.01627e-07 7.01627e-06 0.000222416
19018.7 0.00484964 0 1.17406 0.350387 0 0 0 7.01627e-06 0 5.61301e-06 0.000224521
19068.9 0.00484894 0 1.17331 0.349816 0 0 0 4.20976e-06 7.01627e-07 7.71789e-06 0.000225924
19118.9 0.00484824 0 1.17249 0.349204 0 0 7.01627e-07 4.20976e-06 0 7.71789e-06 0.000227327
19168.9 0.00484824 0 1.17158 0.348513 0 0 7.01627e-07 7.01627e-06 0 4.91139e-06 0.000227327
19218.9 0.00484684 0 1.17051 0.347739 0 0 0 6.31464e-06 1.40325e-06 7.71789e-06 0.000227327
19268.9 0.00484684 0 1.16961 0.3471 0 0 0 7.01627e-06 0 7.01627e-06 0.000228029
19319 0.00484613 0 1.16886 0.346514 0 0 0 7.71789e-06 0 7.71789e-06 0.000228029
19369 0.00484543 0 1.16806 0.345863 0 0 1.40325e-06 6.31464e-06 0 9.12115e-06 0.000228029
19419 0.00484543 0 1.1671 0.34516 0 0 0 7.01627e-06 7.01627e-07 9.12115e-06 0.000228029
19469 0.00484543 0 1.16621 0.34453 0 0 0 5.61301e-06 7.01627e-07 1.05244e-05 0.000228029
19519 0.00484403 0 1.16532 0.343864 0 0 0 5.61301e-06 0 1.40325e-05 0.000228029
19569 0.00484263 0 1.16433 0.343149 0 0 0 9.12115e-06 2.10488e-06 1.1226e-05 0.000228029
19619.1 0.00484263 0 1.16333 0.342444 0 0 0 9.12115e-06 7.01627e-07 1.26293e-05 0.000228029
19669.1 0.00484263 0 1.16249 0.341818 0 0 0 8.41952e-06 1.40325e-06 1.26293e-05 0.000228029
19719.1 0.00484263 0 1.16161 0.341181 0 0 0 1.26293e-05 0 9.82277e-06 0.000228029
19769.1 0.00484192 0 1.16074 0.340526 0 0 0 8.41952e-06 7.01627e-07 1.47342e-05 0.000228029
19819.2 0.00484192 0 1.15985 0.339906 0 0 7.01627e-07 9.12115e-06 7.01627e-07 1.33309e-05 0.000228029
19869.2 0.00484122 0 1.15895 0.339223 0 0 7.01627e-07 9.12115e-06 0 1.54358e-05 0.000228029
19919.3 0.00484122 0 1.15806 0.338569 0 0 0 1.26293e-05 7.01627e-07 1.19277e-05 0.000228029
19969.3 0.00484122 0 1.15723 0.337965 0 0 0 1.33309e-05 7.01627e-07 8.41952e-06 0.000230134
20019.3 0.00484122 0 1.15648 0.337442 0 0 7.01627e-07 9.82277e-06 0 1.05244e-05 0.000230835
20069.3 0.00484122 0 1.15556 0.336835 0 0 0 1.1226e-05 1.40325e-06 8.41952e-06 0.000230835
20119.3 0.00484052 0 1.15472 0.336168 0 0 7.01627e-07 8.41952e-06 7.01627e-07 1.26293e-05 0.000230835
20169.4 0.00483982 0 1.15373 0.335456 0 0 0 1.05244e-05 0 1.33309e-05 0.000230835
20219.4 0.00483912 0 1.15287 0.334815 0 0 0 1.26293e-05 0 1.26293e-05 0.000230835
20269.4 0.00483842 0 1.15201 0.33419 0 0 0 1.19277e-05 7.01627e-07 1.26293e-05 0.000232238
20319.4 0.00483772 0 1.15115 0.333577 0 0 0 1.47342e-05 0 1.19277e-05 0.000232238
20369.4 0.00483772 0 1.15023 0.332925 0 0 0 1.33309e-05 7.01627e-07 1.1226e-05 0.000233642
20419.5 0.00483701 0 1.14946 0.332344 0 0 0 1.19277e-05 0 1.19277e-05 0.000236448
20469.5 0.00483561 0 1.14861 0.331705 0 0 0 1.1226e-05 0 1.54358e-05 0.000236448
20519.5 0.00483561 0 1.14768 0.331061 0 0 0 1.1226e-05 7.01627e-07 1.33309e-05 0.00023715
20569.5 0.00483561 0 1.14693 0.33051 0 0 0 8.41952e-06 1.40325e-06 1.40325e-05 0.000238553
20619.5 0.00483561 0 1.14611 0.329938 0 0 2.10488e-06 9.82277e-06 0 1.19277e-05 0.000238553
20669.5 0.00483561 0 1.14523 0.329287 0 0 7.01627e-07 1.19277e-05 0 1.1226e-05 0.000238553
20719.6 0.00483491 0 1.14442 0.328673 0 0 0 9.82277e-06 0 1.40325e-05 0.000239255
20769.7 0.00483421 0 1.14344 0.328 0 0 0 1.40325e-05 0 1.1226e-05 0.000239255
20819.7 0.00483351 0 1.14255 0.327368 0 0 7.01627e-07 1.19277e-05 1.40325e-06 1.26293e-05 0.000239255
20869.7 0.0048321 0 1.14172 0.326732 0 0 0 1.54358e-05 7.01627e-07 1.33309e-05 0.000239255
20919.8 0.0048314 0 1.1409 0.326128 0 0 0 1.54358e-05 7.01627e-07 1.47342e-05 0.000239255
20969.8 0.0048307 0 1.14002 0.325501 0 0 0 1.40325e-05 1.40325e-06 1.40325e-05 0.00024136
21019.8 0.0048307 0 1.13916 0.324906 0 0 7.01627e-07 1.6839e-05 0 1.05244e-05 0.000242763
21069.8 0.0048307 0 1.13836 0.324325 0 0 0 1.19277e-05 0 1.61374e-05 0.000242763
21119.8 0.0048307 0 1.13757 0.323745 0 0 0 1.26293e-05 0 1.54358e-05 0.000242763
21169.9 0.0048307 0 1.13671 0.323109 0 0 0 1.05244e-05 1.40325e-06 1.61374e-05 0.000242763
21219.9 0.0048307 0 1.13587 0.322515 0 0 0 8.41952e-06 1.40325e-06 1.6839e-05 0.000243464
21269.9 0.0048307 0 1.13502 0.321918 0 0 7.01627e-07 1.1226e-05 0 1.33309e-05 0.000244166
21319.9 0.0048307 0 1.13431 0.32141 0 0 0 1.05244e-05 1.40325e-06 9.12115e-06 0.000246973
21369.9 0.0048293 0 1.13353 0.320829 0 0 0 9.82277e-06 1.40325e-06 1.1226e-05 0.000248376
21419.9 0.0048293 0 1.13274 0.320213 0 0 0 1.1226e-05 1.40325e-06 9.82277e-06 0.000248376
21470 0.0048293 0 1.13196 0.319595 0 0 0 9.82277e-06 7.01627e-07 1.19277e-05 0.000248376
21520 0.00482859 0 1.13117 0.319 0 0 0 1.54358e-05 0 8.41952e-06 0.000248376
21570 0.00482859 0 1.13036 0.318402 0 0 7.01627e-07 1.05244e-05 1.40325e-06 9.82277e-06 0.000249779
21620 0.00482859 0 1.12951 0.317814 0 0 1.40325e-06 9.12115e-06 7.01627e-07 1.1226e-05 0.000249779
21670 0.00482859 0 1.12864 0.317203 0 0 0 1.33309e-05 7.01627e-07 8.41952e-06 0.000249779
21720.1 0.00482859 0 1.12785 0.316636 0 0 0 9.12115e-06 0 1.19277e-05 0.000251182
21770.1 0.00482859 0 1.1271 0.316085 0 0 0 1.1226e-05 7.01627e-07 6.31464e-06 0.000253989
21820.1 0.00482859 0 1.12639 0.315564 0 0 0 7.01627e-06 7.01627e-07 9.12115e-06 0.000255392
21870.1 0.00482859 0 1.12551 0.314957 0 0 0 8.41952e-06 0 8.41952e-06 0.000255392
21920.1 0.00482859 0 1.12467 0.314388 0 0 7.01627e-07 7.01627e-06 0 7.71789e-06 0.000256094
21970.2 0.00482859 0 1.12393 0.313847 0 0 7.01627e-07 5.61301e-06 0 7.71789e-06 0.000257497
22020.2 0.00482859 0 1.12317 0.313296 0 0 7.01627e-07 5.61301e-06 7.01627e-07 7.01627e-06 0.000257497
22070.2 0.00482859 0 1.12231 0.312695 0 0 0 6.31464e-06 7.01627e-07 5.61301e-06 0.000258199
22120.2 0.00482859 0 1.12171 0.312237 0 0 0 2.80651e-06 7.01627e-07 6.31464e-06 0.000259602
22170.2 0.00482859 0 1.12089 0.311679 0 0 7.01627e-07 2.80651e-06 1.40325e-06 4.91139e-06 0.000259602
22220.4 0.00482859 0 1.12002 0.311089 0 0 0 3.50813e-06 0 6.31464e-06 0.000259602
22270.4 0.00482789 0 1.11904 0.310437 0 0 7.01627e-07 2.80651e-06 7.01627e-07 7.01627e-06 0.000259602
22320.4 0.00482789 0 1.11808 0.309781 0 0 0 4.91139e-06 7.01627e-07 5.61301e-06 0.000259602
22370.5 0.00482789 0 1.1173 0.309223 0 0 7.01627e-07 4.91139e-06 0 5.61301e-06 0.000259602
22420.5 0.00482789 0 1.11648 0.30866 0 0 0 4.91139e-06 0 6.31464e-06 0.000259602
22470.5 0.00482719 0 1.11561 0.308035 0 0 0 4.91139e-06 1.40325e-06 6.31464e-06 0.000259602
22520.6 0.00482719 0 1.11469 0.307378 0 0 0 6.31464e-06 7.01627e-07 5.61301e-06 0.000259602
22570.6 0.00482649 0 1.11391 0.306799 0 0 0 6.31464e-06 0 7.71789e-06 0.000259602
22620.7 0.00482579 0 1.11312 0.306236 0 0 0 8.41952e-06 1.40325e-06 2.80651e-06 0.000262408
22670.7 0.00482509 0 1.11213 0.305611 0 0 7.01627e-07 4.20976e-06 7.01627e-07 7.01627e-06 0.000263812
22720.7 0.00482509 0 1.11132 0.305036 0 0 0 7.01627e-06 7.01627e-07 4.91139e-06 0.000263812
22770.8 0.00482509 0 1.11057 0.304509 0 0 0 5.61301e-06 0 5.61301e-06 0.000264513
22820.8 0.00482509 0 1.10974 0.303927 0 0 0 5.61301e-06 7.01627e-07 4.91139e-06 0.000264513
22870.9 0.00482438 0 1.10888 0.303353 0 0 0 4.91139e-06 0 6.31464e-06 0.000265215
22920.9 0.00482368 0 1.10809 0.302817 0 0 7.01627e-07 4.20976e-06 0 6.31464e-06 0.000266618
22970.9 0.00482368 0 1.10731 0.30226 0 0 0 3.50813e-06 7.01627e-07 5.61301e-06 0.00026732
23020.9 0.00482368 0 1.10663 0.301797 0 0 7.01627e-07 4.91139e-06 0 1.40325e-06 0.000269425
23071 0.00482228 0 1.10572 0.301175 0 0 0 4.20976e-06 7.01627e-07 3.50813e-06 0.000270828
23121 0.00482228 0 1.10493 0.30064 0 0 0 4.91139e-06 7.01627e-07 2.80651e-06 0.000270828
23171 0.00482228 0 1.10423 0.300147 0 0 0 2.80651e-06 7.01627e-07 2.10488e-06 0.000272231
23221.1 0.00482228 0 1.10345 0.299646 0 0 7.01627e-07 2.80651e-06 0 2.10488e-06 0.000272231
23271.1 0.00482228 0 1.10264 0.299088 0 0 7.01627e-07 1.40325e-06 0 3.50813e-06 0.000272231
23321.1 0.00482228 0 1.10188 0.298573 0 0 0 2.80651e-06 0 1.40325e-06 0.000272933
23371.3 0.00482158 0 1.10094 0.297947 0 0 0 2.10488e-06 0 2.10488e-06 0.000273634
23421.3 0.00482088 0 1.10007 0.297399 0 0 0 1.40325e-06 7.01627e-07 3.50813e-06 0.000273634
23471.3 0.00482088 0 1.09907 0.296702 0 0 0 2.80651e-06 7.01627e-07 2.10488e-06 0.000273634
23521.4 0.00482017 0 1.09806 0.296039 0 0 0 2.80651e-06 7.01627e-07 2.10488e-06 0.000274336
23571.5 0.00481877 0 1.09702 0.295353 0 0 0 4.20976e-06 0 2.80651e-06 0.000275739
23621.5 0.00481807 0 1.09616 0.294751 0 0 0 4.20976e-06 0 4.20976e-06 0.000275739
23671.6 0.00481807 0 1.09521 0.294102 0 0 7.01627e-07 2.10488e-06 0 4.20976e-06 0.000277142
23721.6 0.00481807 0 1.09447 0.293637 0 0 0 2.10488e-06 7.01627e-07 4.20976e-06 0.000277142
23771.6 0.00481807 0 1.09376 0.293179 0 0 0 2.10488e-06 0 3.50813e-06 0.000278546
23821.6 0.00481737 0 1.09308 0.292702 0 0 0 2.80651e-06 7.01627e-07 7.01627e-07 0.000280651
23871.7 0.00481737 0 1.09264 0.292373 0 0 0 1.40325e-06 7.01627e-07 7.01627e-07 0.000282054
23921.7 0.00481667 0 1.09178 0.291823 0 0 0 2.10488e-06 0 2.10488e-06 0.000282054
23971.7 0.00481596 0 1.09058 0.290981 0 0 0 2.80651e-06 7.01627e-07 2.10488e-06 0.000282054
24021.7 0.00481526 0 1.08935 0.290191 0 0 0 2.80651e-06 7.01627e-07 2.10488e-06 0.000283457
24071.7 0.00481526 0 1.08855 0.289706 0 0 0 1.40325e-06 0 2.80651e-06 0.00028486
24121.8 0.00481386 0 1.08777 0.28921 0 0 0 2.80651e-06 7.01627e-07 2.10488e-06 0.000285562
24171.8 0.00481316 0 1.08662 0.288417 0 0 0 2.80651e-06 7.01627e-07 2.10488e-06 0.000286264
24221.8 0.00481316 0 1.08588 0.287929 0 0 0 3.50813e-06 0 2.10488e-06 0.000286264
24271.9 0.00481316 0 1.08518 0.287451 0 0 0 1.40325e-06 7.01627e-07 2.10488e-06 0.000287667
24321.9 0.00481316 0 1.0845 0.286971 0 0 0 2.10488e-06 7.01627e-07 1.40325e-06 0.000287667
24372 0.00481316 0 1.08369 0.286395 0 0 0 7.01627e-07 0 3.50813e-06 0.000287667
24422.1 0.00481316 0 1.08292 0.28585 0 0 0 0 7.01627e-07 3.50813e-06 0.000287667
24472.1 0.00481316 0 1.08231 0.285394 0 0 0 7.01627e-07 0 2.10488e-06 0.00028907
24522.1 0.00481246 0 1.08178 0.285032 0 0 0 1.40325e-06 0 1.40325e-06 0.000289772
24572.2 0.00481175 0 1.08045 0.284123 0 0 0 1.40325e-06 7.01627e-07 7.01627e-07 0.000291175
24622.7 0.00481175 0 1.07982 0.28367 0 0 0 0 7.01627e-07 7.01627e-07 0.000292578
24672.8 0.00480965 0 1.07907 0.283179 0 0 7.01627e-07 1.40325e-06 0 2.10488e-06 0.000293982
24722.8 0.00480965 0 1.07757 0.282191 0 0 0 2.10488e-06 7.01627e-07 1.40325e-06 0.000293982
24772.8 0.00480965 0 1.07688 0.281683 0 0 0 1.40325e-06 7.01627e-07 7.01627e-07 0.000294683
24822.8 0.00480895 0 1.07604 0.28117 0 0 0 1.40325e-06 7.01627e-07 2.10488e-06 0.000294683
24872.8 0.00480895 0 1.07509 0.280486 0 0 0 7.01627e-07 0 3.50813e-06 0.000294683
24922.9 0.00480755 0 1.07406 0.279808 0 0 0 4.91139e-06 7.01627e-07 1.40325e-06 0.000294683
24972.9 0.00480614 0 1.07289 0.279043 0 0 0 6.31464e-06 0 2.10488e-06 0.000296086
25022.9 0.00480614 0 1.07184 0.278396 0 0 0 2.80651e-06 7.01627e-07 4.91139e-06 0.000296086
25073.1 0.00480544 0 1.07106 0.277878 0 0 0 2.80651e-06 7.01627e-07 4.91139e-06 0.00029749
25123.2 0.00480474 0 1.07005 0.277244 0 0 0 4.20976e-06 7.01627e-07 4.91139e-06 0.00029749
25173.2 0.00480474 0 1.06919 0.27666 0 0 0 5.61301e-06 0 4.20976e-06 0.00029749
25223.2 0.00480404 0 1.06828 0.276061 0 0 1.40325e-06 3.50813e-06 0 6.31464e-06 0.00029749
25273.2 0.00480334 0 1.06744 0.275512 0 0 0 4.20976e-06 7.01627e-07 4.91139e-06 0.000299595
25323.3 0.00480334 0 1.06672 0.275028 0 0 0 5.61301e-06 0 2.80651e-06 0.000300998
25373.3 0.00480263 0 1.06585 0.274478 0 0 7.01627e-07 3.50813e-06 7.01627e-07 4.91139e-06 0.000300998
25423.4 0.00480123 0 1.06482 0.273811 0 0 0 7.71789e-06 0 3.50813e-06 0.000302401
25473.4 0.00480053 0 1.06391 0.273201 0 0 0 3.50813e-06 7.01627e-07 8.41952e-06 0.000302401
25523.5 0.00479983 0 1.0629 0.272578 0 0 0 4.20976e-06 0 9.82277e-06 0.000302401
25573.5 0.00479842 0 1.06196 0.271976 0 0 0 7.71789e-06 0 9.12115e-06 0.000302401
25623.6 0.00479772 0 1.06109 0.271366 0 0 7.01627e-07 1.05244e-05 7.01627e-07 6.31464e-06 0.000302401
25673.6 0.00479772 0 1.06025 0.270808 0 0 0 9.12115e-06 0 7.71789e-06 0.000303804
25723.6 0.00479702 0 1.05942 0.27029 0 0 7.01627e-07 9.12115e-06 1.40325e-06 7.01627e-06 0.000303804
25773.7 0.00479632 0 1.05844 0.269658 0 0 0 7.71789e-06 0 1.19277e-05 0.000303804
25823.8 0.00479492 0 1.05748 0.268985 0 0 0 1.1226e-05 7.01627e-07 1.05244e-05 0.000303804
25873.8 0.00479421 0 1.05657 0.268384 0 0 0 1.19277e-05 0 1.05244e-05 0.000305208
25923.8 0.00479421 0 1.05578 0.267886 0 0 7.01627e-07 7.01627e-06 1.40325e-06 1.33309e-05 0.000305208
25973.8 0.00479351 0 1.0549 0.267328 0 0 7.01627e-07 1.1226e-05 0 1.05244e-05 0.000306611
26024 0.00479351 0 1.05406 0.266777 0 0 0 9.12115e-06 7.01627e-07 1.1226e-05 0.000307312
26074.1 0.00479351 0 1.05325 0.266229 0 0 0 8.41952e-06 0 9.82277e-06 0.000309417
26124.1 0.00479281 0 1.0525 0.265727 0 0 7.01627e-07 9.12115e-06 7.01627e-07 9.12115e-06 0.000309417
26174.1 0.00479211 0 1.05156 0.265122 0 0 0 1.19277e-05 0 9.12115e-06 0.000309417
26224.1 0.00479211 0 1.05079 0.264625 0 0 0 9.12115e-06 1.40325e-06 9.12115e-06 0.000310119
26274.2 0.00479141 0 1.04997 0.26409 0 0 0 7.71789e-06 0 1.33309e-05 0.000310119
26324.3 0.00479141 0 1.04912 0.263525 0 0 0 9.12115e-06 7.01627e-07 9.82277e-06 0.000311522
26374.3 0.00479071 0 1.0483 0.262965 0 0 0 1.1226e-05 7.01627e-07 9.12115e-06 0.000311522
26424.4 0.00479 0 1.04746 0.2624 0 0 0 1.1226e-05 0 1.1226e-05 0.000311522
26474.4 0.00479 0 1.04659 0.26186 0 0 0 1.1226e-05 0 1.1226e-05 0.000311522
26524.4 0.0047893 0 1.04568 0.261326 0 0 7.01627e-07 1.05244e-05 0 1.1226e-05 0.000312224
26574.5 0.0047879 0 1.04482 0.260779 0 0 0 1.33309e-05 0 1.19277e-05 0.000312224
26624.5 0.0047872 0 1.04399 0.260249 0 0 7.01627e-07 1.19277e-05 0 1.26293e-05 0.000313627
26674.6 0.0047872 0 1.04304 0.259696 0 0 0 1.26293e-05 7.01627e-07 1.05244e-05 0.00031503
26724.6 0.0047865 0 1.04224 0.259165 0 0 7.01627e-07 1.19277e-05 0 1.26293e-05 0.00031503
26774.6 0.00478509 0 1.04138 0.258594 0 0 7.01627e-07 1.33309e-05 7.01627e-07 1.33309e-05 0.00031503
26824.6 0.00478509 0 1.04048 0.258048 0 0 0 1.6839e-05 7.01627e-07 1.05244e-05 0.00031503
26874.7 0.00478509 0 1.03964 0.257519 0 0 0 1.61374e-05 2.10488e-06 9.82277e-06 0.00031503
26924.8 0.00478439 0 1.03882 0.25696 0 0 0 1.19277e-05 0 1.61374e-05 0.000315732
26974.9 0.00478369 0 1.03795 0.256393 0 0 0 1.54358e-05 7.01627e-07 1.33309e-05 0.000315732
27024.9 0.00478299 0 1.03699 0.255824 0 0 7.01627e-07 1.40325e-05 0 1.61374e-05 0.000315732
27075 0.00478299 0 1.03614 0.255303 0 0 7.01627e-07 1.75407e-05 0 1.26293e-05 0.000315732
27125 0.00478299 0 1.0352 0.254759 0 0 0 1.54358e-05 1.40325e-06 1.40325e-05 0.000315732
27175 0.00478229 0 1.03442 0.25425 0 0 7.01627e-07 1.47342e-05 0 1.6839e-05 0.000315732
27225.1 0.00478229 0 1.03359 0.253714 0 0 0 1.96455e-05 0 1.26293e-05 0.000315732
27275.2 0.00478159 0 1.03279 0.253171 0 0 1.40325e-06 1.54358e-05 2.10488e-06 1.47342e-05 0.000315732
27325.2 0.00478159 0 1.03175 0.252597 0 0 7.01627e-07 1.82423e-05 1.40325e-06 1.33309e-05 0.000315732
27375.3 0.00478088 0 1.03085 0.25204 0 0 0 1.61374e-05 1.40325e-06 1.61374e-05 0.000316434
27425.3 0.00478088 0 1.03007 0.251556 0 0 0 1.6839e-05 7.01627e-07 1.47342e-05 0.000317837
27475.4 0.00478088 0 1.02926 0.251052 0 0 0 1.54358e-05 1.40325e-06 1.54358e-05 0.000317837
27525.4 0.00478088 0 1.02844 0.250537 0 0 0 1.82423e-05 0 1.26293e-05 0.000318538
27575.4 0.00477878 0 1.0275 0.249987 0 0 0 1.96455e-05 0 1.54358e-05 0.000318538
27625.5 0.00477808 0 1.02661 0.249428 0 0 7.01627e-07 2.03472e-05 0 1.54358e-05 0.000318538
27675.5 0.00477808 0 1.02571 0.248889 0 0 0 1.61374e-05 0 1.89439e-05 0.00031924
27725.5 0.00477738 0 1.02487 0.248402 0 0 2.10488e-06 1.33309e-05 2.10488e-06 1.75407e-05 0.000319942
27775.6 0.00477738 0 1.02404 0.247875 0 0 0 2.17504e-05 0 1.33309e-05 0.000319942
27825.6 0.00477667 0 1.02319 0.247377 0 0 2.10488e-06 1.40325e-05 0 1.75407e-05 0.000322047
27875.6 0.00477667 0 1.02235 0.246881 0 0 7.01627e-07 1.19277e-05 0 1.96455e-05 0.00032345
27925.6 0.00477667 0 1.02152 0.246385 0 0 7.01627e-07 1.54358e-05 7.01627e-07 1.26293e-05 0.000326256
27975.6 0.00477667 0 1.02072 0.245889 0 0 0 1.54358e-05 7.01627e-07 1.33309e-05 0.000326256
28025.6 0.00477667 0 1.0199 0.245396 0 0 7.01627e-07 1.40325e-05 7.01627e-07 1.26293e-05 0.00032766
28075.7 0.00477597 0 1.01908 0.244895 0 0 0 1.40325e-05 7.01627e-07 1.47342e-05 0.00032766
28125.8 0.00477597 0 1.01817 0.244363 0 0 0 1.40325e-05 7.01627e-07 1.33309e-05 0.000328361
28175.8 0.00477527 0 1.01729 0.243816 0 0 7.01627e-07 1.82423e-05 0 1.05244e-05 0.000328361
28225.8 0.00477457 0 1.01651 0.243291 0 0 7.01627e-07 1.54358e-05 0 1.33309e-05 0.000329063
28275.8 0.00477457 0 1.01566 0.242773 0 0 0 2.03472e-05 0 9.12115e-06 0.000329063
28325.8 0.00477457 0 1.01491 0.242296 0 0 0 1.19277e-05 7.01627e-07 1.54358e-05 0.000329764
28375.8 0.00477457 0 1.01407 0.24179 0 0 0 1.05244e-05 1.40325e-06 1.47342e-05 0.000331168
28425.8 0.00477387 0 1.01319 0.241252 0 0 7.01627e-07 1.33309e-05 1.40325e-06 1.1226e-05 0.000332571
28475.8 0.00477387 0 1.01245 0.24077 0 0 7.01627e-07 1.19277e-05 0 1.40325e-05 0.000332571
28525.9 0.00477387 0 1.01163 0.240247 0 0 0 1.40325e-05 7.01627e-07 1.19277e-05 0.000332571
28575.9 0.00477387 0 1.0109 0.239769 0 0 0 1.54358e-05 0 9.82277e-06 0.000333273
28625.9 0.00477387 0 1.01009 0.239295 0 0 0 1.40325e-05 7.01627e-07 7.71789e-06 0.000335377
28675.9 0.00477387 0 1.0094 0.238853 0 0 0 1.19277e-05 7.01627e-07 9.82277e-06 0.000335377
28726.1 0.00477387 0 1.00862 0.238356 0 0 7.01627e-07 9.12115e-06 1.40325e-06 9.82277e-06 0.000336781
28776.1 0.00477387 0 1.00785 0.237861 0 0 0 1.1226e-05 0 9.82277e-06 0.000336781
28826.2 0.00477317 0 1.00698 0.23736 0 0 0 1.05244e-05 7.01627e-07 9.82277e-06 0.000338184
28876.2 0.00477317 0 1.00617 0.236887 0 0 7.01627e-07 1.1226e-05 7.01627e-07 7.01627e-06 0.000339587
28926.2 0.00477246 0 1.00528 0.236374 0 0 7.01627e-07 1.26293e-05 1.40325e-06 4.91139e-06 0.000340289
28976.4 0.00477106 0 1.00439 0.235869 0 0 0 9.82277e-06 7.01627e-07 1.05244e-05 0.000341692
29026.5 0.00477036 0 1.00352 0.235332 0 0 0 1.05244e-05 1.40325e-06 1.05244e-05 0.000341692
29076.5 0.00477036 0 1.00277 0.234856 0 0 0 1.1226e-05 0 1.1226e-05 0.000341692
29126.5 0.00477036 0 1.00184 0.234343 0 0 0 9.82277e-06 7.01627e-07 1.05244e-05 0.000343095
29176.5 0.00476966 0 1.00093 0.233816 0 0 0 1.19277e-05 1.40325e-06 9.12115e-06 0.000343095
29226.7 0.00476966 0 1.00009 0.233318 0 0 0 1.47342e-05 7.01627e-07 7.01627e-06 0.000343095
29276.7 0.00476966 0 0.999243 0.232825 0 0 7.01627e-07 9.12115e-06 1.40325e-06 1.1226e-05 0.000343095
29326.8 0.00476825 0 0.998382 0.232324 0 0 0 7.71789e-06 7.01627e-07 1.40325e-05 0.0003452
29376.8 0.00476825 0 0.997498 0.231806 0 0 0 1.19277e-05 7.01627e-07 9.82277e-06 0.0003452
29426.8 0.00476825 0 0.996668 0.23129 0 0 7.01627e-07 9.82277e-06 7.01627e-07 1.1226e-05 0.0003452
29476.8 0.00476825 0 0.995889 0.230797 0 0 1.40325e-06 1.05244e-05 0 1.05244e-05 0.0003452
29526.9 0.00476755 0 0.995016 0.230311 0 0 0 1.47342e-05 0 7.71789e-06 0.000346604
29577 0.00476755 0 0.994154 0.229826 0 0 0 1.33309e-05 0 9.12115e-06 0.000346604
29627 0.00476755 0 0.993246 0.229336 0 0 0 7.71789e-06 7.01627e-07 1.1226e-05 0.000348007
29677 0.00476755 0 0.992409 0.228863 0 0 1.40325e-06 9.82277e-06 7.01627e-07 7.71789e-06 0.000348007
29727.1 0.00476685 0 0.991508 0.228368 0 0 0 1.26293e-05 7.01627e-07 6.31464e-06 0.000348708
29777.1 0.00476615 0 0.99065 0.227874 0 0 0 8.41952e-06 7.01627e-07 1.19277e-05 0.000348708
29827.1 0.00476545 0 0.989788 0.227387 0 0 7.01627e-07 8.41952e-06 0 1.19277e-05 0.00034941
29877.2 0.00476545 0 0.989028 0.226938 0 0 0 7.71789e-06 7.01627e-07 1.26293e-05 0.00034941
29927.2 0.00476545 0 0.988327 0.226512 0 0 7.01627e-07 7.71789e-06 0 1.26293e-05 0.00034941
29977.5 0.00476545 0 0.987551 0.226056 0 0 0 9.82277e-06 0 9.82277e-06 0.000350813
