347.958 0.00499839 1.40325e-06 1.50491 0.644709 0 0 0 0 0 0 2.80651e-06
647.979 0.00499558 0 1.50111 0.640737 0 0 0 0 7.01627e-07 2.10488e-06 5.61301e-06
947.999 0.00499348 0 1.49501 0.634351 0 0 0 0 7.01627e-07 7.01627e-07 1.05244e-05
1248.02 0.00499137 0 1.4923 0.631526 0 0 0 7.01627e-07 7.01627e-07 1.40325e-06 1.33309e-05
1548.04 0.00498927 0 1.48748 0.626547 0 0 0 0 7.01627e-07 7.01627e-07 1.75407e-05
1848.05 0.00498436 0 1.48174 0.620697 0 0 0 1.40325e-06 7.01627e-07 7.01627e-07 2.38553e-05
2148.06 0.00498155 0 1.4744 0.613327 0 0 0 2.10488e-06 7.01627e-07 1.40325e-06 2.66618e-05
2448.07 0.00498015 0 1.46779 0.606678 0 0 0 7.01627e-07 0 2.10488e-06 2.94683e-05
2748.09 0.00497594 0 1.46024 0.599101 0 0 0 1.40325e-06 7.01627e-07 2.10488e-06 3.50813e-05
3048.09 0.00497313 0 1.45481 0.593822 0 0 0 1.40325e-06 0 2.80651e-06 3.99927e-05
3348.09 0.00497032 0 1.44921 0.588298 0 0 0 2.10488e-06 7.01627e-07 2.80651e-06 4.27992e-05
3648.09 0.00496962 0 1.44422 0.583383 0 0 7.01627e-07 2.80651e-06 0 2.10488e-06 4.35008e-05
3948.1 0.00496681 0 1.43874 0.578118 0 0 0 2.80651e-06 0 2.80651e-06 4.84122e-05
4248.12 0.00496541 0 1.43379 0.573248 0 0 0 7.01627e-07 7.01627e-07 1.40325e-06 5.33236e-05
4548.12 0.00496471 0 1.42915 0.568795 0 0 0 7.01627e-07 7.01627e-07 2.80651e-06 5.33236e-05
4848.15 0.00496331 0 1.42413 0.563935 0 0 0 2.10488e-06 7.01627e-07 1.40325e-06 5.54285e-05
5148.17 0.0049619 0 1.42139 0.561324 0 0 0 7.01627e-07 0 2.10488e-06 5.96383e-05
5448.24 0.0049605 0 1.41666 0.556806 0 0 0 0 7.01627e-07 7.01627e-07 6.31464e-05
5748.37 0.0049591 0 1.41116 0.551467 0 0 0 0 7.01627e-07 7.01627e-07 6.52513e-05
6048.41 0.00495629 0 1.40493 0.545797 0 0 0 0 0 2.80651e-06 6.73562e-05
6348.63 0.00495489 0 1.39835 0.539507 0 0 0 0 7.01627e-07 7.01627e-07 7.08643e-05
6648.65 0.00495138 0 1.39355 0.535062 0 0 0 7.01627e-07 0 2.10488e-06 7.57757e-05
6948.73 0.00494787 0 1.38807 0.530002 0 0 0 1.40325e-06 0 1.40325e-06 8.20903e-05
7248.73 0.00494647 0 1.38356 0.525815 0 0 7.01627e-07 1.40325e-06 0 7.01627e-07 8.48968e-05
7548.76 0.00494436 0 1.3786 0.521208 0 0 0 1.40325e-06 0 1.40325e-06 8.77033e-05
7895.12 0.00494226 1.40325e-06 1.37011 0.513285 0 0 0 0 0 0 9.12115e-05
8195.12 0.00494015 0 1.36554 0.509076 0 0 7.01627e-07 7.01627e-07 0 1.40325e-06 9.33163e-05
8495.15 0.00493664 0 1.35739 0.501576 0 0 0 1.40325e-06 7.01627e-07 2.10488e-06 9.75261e-05
8795.18 0.00493384 0 1.35122 0.496019 0 0 0 2.10488e-06 7.01627e-07 2.80651e-06 0.000100333
9095.18 0.00493243 0 1.34758 0.492696 0 0 0 7.01627e-07 0 3.50813e-06 0.000103139
9395.19 0.00492963 0 1.3416 0.487266 0 0 0 2.80651e-06 0 2.80651e-06 0.000106647
9695.21 0.00492752 0 1.33486 0.481353 0 0 0 7.01627e-07 0 2.10488e-06 0.00011226
9995.22 0.00492472 0 1.3304 0.477379 0 0 7.01627e-07 1.40325e-06 7.01627e-07 4.20976e-06 0.000113664
10295.4 0.00492402 0 1.32479 0.47238 0 0 0 7.01627e-07 7.01627e-07 1.40325e-06 0.000118575
10595.4 0.00492191 0 1.31998 0.468241 0 0 7.01627e-07 7.01627e-07 0 1.40325e-06 0.000121381
10895.4 0.00492051 0 1.31585 0.464728 0 0 0 7.01627e-07 7.01627e-07 1.40325e-06 0.000124188
11195.4 0.0049163 0 1.31161 0.461016 0 0 7.01627e-07 7.01627e-07 0 1.40325e-06 0.000130503
11495.4 0.00491489 0 1.3055 0.455822 0 0 0 2.10488e-06 7.01627e-07 1.40325e-06 0.000131204
11795.5 0.00491419 0 1.29859 0.449879 0 0 0 2.10488e-06 7.01627e-07 0 0.000134011
12095.6 0.00491209 0 1.29373 0.445774 0 0 0 0 7.01627e-07 7.01627e-07 0.00013822
12395.8 0.00490998 0 1.29071 0.443262 0 0 0 0 7.01627e-07 7.01627e-07 0.000141729
12695.9 0.00490577 0 1.28343 0.43709 0 0 0 7.01627e-07 7.01627e-07 0 0.000148043
12995.9 0.00490297 0 1.28101 0.435058 0 0 0 7.01627e-07 0 7.01627e-07 0.000152955
13374.2 0.00490156 1.40325e-06 1.2789 0.43332 0 0 0 0 0 0 0.000154358
13674.6 0.00490016 0 1.27578 0.430584 0 0 0 0 0 1.40325e-06 0.000156463
13974.7 0.00489595 0 1.26803 0.424047 0 0 0 0 0 1.40325e-06 0.000162777
14274.8 0.00489385 0 1.26417 0.420844 0 0 0 7.01627e-07 7.01627e-07 0 0.000166285
14574.8 0.00489104 0 1.26103 0.41825 0 0 0 7.01627e-07 0 7.01627e-07 0.000169794
14874.8 0.00488753 0 1.25725 0.415234 0 0 0 7.01627e-07 0 2.10488e-06 0.000173302
15174.9 0.00488543 0 1.24899 0.408666 0 0 0 0 7.01627e-07 7.01627e-07 0.000178213
15474.9 0.00488122 0 1.24296 0.403712 0 0 0 7.01627e-07 0 7.01627e-07 0.000184528
15775 0.00487841 0 1.23934 0.400824 0 0 0 0 0 2.80651e-06 0.000188036
16075 0.0048756 0 1.23209 0.395013 0 0 0 7.01627e-07 0 7.01627e-07 0.000192947
16375 0.0048735 0 1.22638 0.390527 0 0 0 1.40325e-06 0 2.80651e-06 0.000193649
16677.9 0.00487209 1.40325e-06 1.22279 0.387672 0 0 0 0 0 0 0.000197859
17013.1 0.00487069 1.40325e-06 1.22108 0.386339 0 0 0 0 0 0 0.000200665
17426.7 0.00486789 1.40325e-06 1.21538 0.381809 0 0 0 0 0 0 0.000205577
17726.7 0.00486578 0 1.2109 0.378404 0 0 0 7.01627e-07 0 7.01627e-07 0.000208383
18026.8 0.00486157 0 1.20247 0.371822 0 0 0 7.01627e-07 0 7.01627e-07 0.000213294
18326.8 0.00486017 0 1.20159 0.371149 0 0 0 7.01627e-07 7.01627e-07 1.40325e-06 0.000213996
18626.8 0.00485666 0 1.19511 0.366296 0 0 7.01627e-07 7.01627e-07 0 0 0.000221012
18927 0.00485455 0 1.19018 0.362471 0 0 0 0 0 1.40325e-06 0.000223819
19227 0.00485245 0 1.18477 0.358443 0 0 0 0 0 1.40325e-06 0.000227327
19527 0.00484613 0 1.17718 0.352678 0 0 0 1.40325e-06 7.01627e-07 2.10488e-06 0.000235045
19827 0.00484403 0 1.16941 0.346965 0 0 0 7.01627e-07 7.01627e-07 2.80651e-06 0.000239255
20127 0.00483982 0 1.162 0.341585 0 0 0 2.10488e-06 0 4.91139e-06 0.000244166
20427 0.00483912 0 1.15664 0.337639 0 0 0 1.40325e-06 7.01627e-07 2.10488e-06 0.000246973
20727 0.00483631 0 1.15226 0.33447 0 0 0 2.10488e-06 0 3.50813e-06 0.000250481
21027 0.00483421 0 1.14694 0.330564 0 0 0 1.40325e-06 0 2.80651e-06 0.000255392
21327.1 0.0048321 0 1.14313 0.327854 0 0 0 3.50813e-06 7.01627e-07 1.40325e-06 0.000257497
21627.2 0.00483 0 1.13558 0.322378 0 0 0 3.50813e-06 7.01627e-07 2.80651e-06 0.000260303
21927.3 0.00482789 0 1.12993 0.318164 0 0 0 1.40325e-06 7.01627e-07 4.91139e-06 0.000263812
22227.3 0.00482649 0 1.12605 0.315443 0 0 0 2.10488e-06 0 3.50813e-06 0.000268021
22527.4 0.00482579 0 1.1202 0.311345 0 0 0 2.10488e-06 7.01627e-07 2.80651e-06 0.000269425
22827.4 0.00482438 0 1.11423 0.30719 0 0 0 4.20976e-06 7.01627e-07 3.50813e-06 0.000269425
23127.4 0.00481947 0 1.10768 0.302621 0 0 0 5.61301e-06 7.01627e-07 3.50813e-06 0.000275739
23427.4 0.00481877 0 1.10377 0.299957 0 0 0 7.01627e-07 7.01627e-07 2.80651e-06 0.000282054
23727.8 0.00481807 0 1.1013 0.298278 0 0 0 0 7.01627e-07 7.01627e-07 0.00028486
24027.8 0.00481386 0 1.09409 0.293424 0 0 7.01627e-07 1.40325e-06 0 7.01627e-07 0.000291175
24327.9 0.00481175 0 1.09027 0.290767 0 0 0 2.10488e-06 7.01627e-07 2.80651e-06 0.000292578
24628 0.00480965 0 1.08421 0.286739 0 0 0 1.40325e-06 7.01627e-07 7.01627e-07 0.000298191
24928.1 0.00480544 0 1.07937 0.283333 0 0 0 7.01627e-07 7.01627e-07 2.80651e-06 0.000305208
25228.2 0.00480404 0 1.07442 0.279992 0 0 0 3.50813e-06 0 2.10488e-06 0.000305909
25528.2 0.00480053 0 1.06614 0.274617 0 0 7.01627e-07 2.10488e-06 0 1.40325e-06 0.000313627
25828.2 0.00479702 0 1.06059 0.270996 0 0 0 3.50813e-06 0 3.50813e-06 0.000316434
26128.3 0.00479492 0 1.05589 0.267981 0 0 0 2.10488e-06 7.01627e-07 2.80651e-06 0.000322047
26428.3 0.00479071 0 1.05012 0.264215 0 0 0 5.61301e-06 0 5.61301e-06 0.000324151
26728.5 0.0047886 0 1.04414 0.260322 0 0 0 3.50813e-06 7.01627e-07 2.80651e-06 0.000331168
27028.5 0.00478509 0 1.03884 0.256922 0 0 0 2.80651e-06 7.01627e-07 3.50813e-06 0.000337482
27328.6 0.00478299 0 1.0349 0.254493 0 0 7.01627e-07 2.10488e-06 0 5.61301e-06 0.000338886
27628.6 0.00478159 0 1.02858 0.250481 0 0 7.01627e-07 3.50813e-06 0 2.80651e-06 0.000341692
27928.6 0.00477738 0 1.02127 0.246106 0 0 0 5.61301e-06 0 5.61301e-06 0.000344499
28228.6 0.00477667 0 1.01695 0.243458 0 0 0 1.40325e-06 7.01627e-07 6.31464e-06 0.000346604
28528.6 0.00477597 0 1.01284 0.240903 0 0 0 2.80651e-06 0 4.20976e-06 0.000348007
28828.7 0.00477527 0 1.00876 0.238395 0 0 0 4.20976e-06 7.01627e-07 2.10488e-06 0.00034941
29128.7 0.00477317 0 1.00333 0.235091 0 0 0 4.20976e-06 0 2.80651e-06 0.000352918
29428.7 0.00477246 0 0.999906 0.233111 0 0 0 2.80651e-06 0 1.40325e-06 0.000356426
29728.7 0.00476966 0 0.995221 0.230228 0 0 0 1.40325e-06 7.01627e-07 2.10488e-06 0.000361338
