203.07    7125    2    2.14498e+06    918968    0    0    0    0    0    0    2
303.071    7123    0    2.14081e+06    914613    0    0    0    0    1    1    4
403.074    7123    0    2.1392e+06    913017    0    0    0    1    0    1    4
522.113    7122    2    2.13766e+06    911524    0    0    0    0    0    0    6
622.214    7118    0    2.13347e+06    907245    0    0    0    2    1    1    11
722.246    7117    0    2.13043e+06    904106    0    0    0    0    1    1    14
822.25    7115    0    2.12835e+06    901894    0    0    0    2    0    4    14
922.26    7114    0    2.12542e+06    898896    0    0    0    2    0    2    18
1022.3    7113    0    2.1235e+06    896805    0    0    0    0    1    3    19
1122.32    7113    0    2.12138e+06    894570    0    0    0    1    1    0    20
1222.38    7112    0    2.11792e+06    891134    0    0    0    1    0    3    20
1322.38    7111    0    2.11596e+06    889178    0    0    0    0    1    1    24
1422.4    7109    0    2.11276e+06    885857    0    0    0    0    1    3    26
1522.41    7107    0    2.10777e+06    880991    0    0    0    0    0    4    29
1622.53    7107    0    2.10614e+06    879371    0    0    0    1    1    0    31
1722.92    7107    0    2.10476e+06    878048    0    0    0    0    1    1    31
1822.92    7106    0    2.10147e+06    874651    0    0    0    2    1    1    31
1922.94    7105    0    2.0964e+06    869538    0    0    0    1    0    5    31
2023    7104    0    2.09335e+06    866542    0    0    0    1    0    3    34
2123    7102    0    2.09089e+06    864053    0    0    0    4    0    4    34
2223.04    7100    0    2.08664e+06    859705    0    0    0    2    1    7    36
2323.12    7097    0    2.0832e+06    856256    0    0    0    5    0    11    36
2423.12    7095    0    2.08006e+06    853228    0    0    0    8    0    10    38
2523.13    7094    0    2.07724e+06    850359    0    0    0    4    3    11    39
2623.13    7093    0    2.07451e+06    847779    0    0    0    6    1    9    42
2723.13    7093    0    2.0724e+06    845624    0    0    0    3    0    13    42
2823.15    7092    0    2.06987e+06    843026    0    0    0    7    1    8    44
2923.18    7091    0    2.06741e+06    840655    0    0    0    6    1    9    46
3023.19    7088    0    2.06457e+06    837799    0    0    0    10    1    11    46
3123.23    7088    0    2.06168e+06    834840    0    0    0    6    0    14    48
3223.23    7086    0    2.05917e+06    832416    0    0    0    11    1    8    51
3323.24    7085    0    2.05676e+06    830050    0    0    1    7    2    10    53
3423.24    7081    0    2.05432e+06    827563    0    0    0    10    2    10    58
3523.38    7081    0    2.05131e+06    824716    0    0    0    3    1    18    58
3623.4    7080    0    2.04888e+06    822456    0    0    0    8    2    10    62
3723.44    7078    0    2.04624e+06    819889    0    0    0    6    0    14    65
3823.47    7078    0    2.0441e+06    817739    0    0    0    5    1    10    69
3923.47    7077    0    2.04188e+06    815494    0    0    1    4    0    13    69
4023.48    7077    0    2.0391e+06    812836    0    0    1    6    0    11    69
4123.48    7077    0    2.03675e+06    810638    0    0    0    6    1    7    72
4223.5    7075    0    2.03435e+06    808318    0    0    0    6    1    11    72
4323.53    7074    0    2.03162e+06    805646    0    0    0    7    1    10    73
4423.53    7073    0    2.02858e+06    802803    0    0    0    8    0    10    75
4523.54    7072    0    2.02627e+06    800536    0    0    1    11    0    4    79
4623.56    7072    0    2.02431e+06    798617    0    0    0    3    0    11    80
4723.63    7072    0    2.02182e+06    796374    0    0    0    3    1    8    81
4823.64    7070    0    2.01908e+06    793705    0    0    0    8    0    8    81
4923.64    7069    0    2.01626e+06    790975    0    0    0    6    1    11    81
5023.68    7068    0    2.0137e+06    788522    0    0    0    7    0    11    82
5123.72    7067    0    2.01093e+06    785835    0    0    0    4    1    15    82
5223.76    7065    0    2.00807e+06    783178    0    0    1    11    0    10    83
5323.77    7064    0    2.00534e+06    780570    0    0    0    8    1    15    83
5423.81    7064    0    2.00283e+06    778246    0    0    0    10    1    9    87
5523.81    7063    0    2.00071e+06    776188    0    0    0    8    1    9    90
5623.82    7061    0    1.99778e+06    773357    0    0    0    12    1    9    90
5723.91    7060    0    1.99531e+06    770983    0    0    0    8    1    13    91
5824.02    7060    0    1.99279e+06    768575    0    0    0    11    1    10    91
5924.07    7059    0    1.9905e+06    766431    0    0    0    6    1    9    99
6024.15    7056    0    1.98842e+06    764514    0    0    0    6    0    14    100
6124.15    7053    0    1.98495e+06    761332    0    0    1    7    0    14    102
6224.22    7050    0    1.98241e+06    758904    0    0    0    6    1    19    104
6324.25    7049    0    1.97945e+06    756104    0    0    0    9    0    17    106
6424.36    7049    0    1.97673e+06    753622    0    0    0    15    1    10    106
6524.36    7048    0    1.97415e+06    751188    0    0    0    15    1    10    108
6624.39    7047    0    1.97179e+06    748923    0    0    0    16    1    11    108
6724.43    7045    0    1.96873e+06    746154    0    0    0    11    1    20    108
6824.48    7045    0    1.96616e+06    743741    0    0    0    9    2    15    112
6924.66    7044    0    1.96427e+06    741870    0    0    0    10    1    13    116
7024.71    7044    0    1.96185e+06    739658    0    0    0    12    1    9    117
7124.75    7044    0    1.95951e+06    737413    0    0    0    6    0    16    117
7224.75    7044    0    1.95705e+06    735060    0    0    1    11    1    9    117
7324.76    7041    0    1.95466e+06    732847    0    0    3    9    0    10    122
7424.8    7040    0    1.95225e+06    730686    0    0    0    9    0    11    125
7524.81    7038    0    1.94987e+06    728500    0    0    1    9    0    12    126
7624.81    7037    0    1.94711e+06    725954    0    0    1    8    0    13    127
7724.84    7036    0    1.9447e+06    723699    0    0    0    10    0    10    131
7824.93    7034    0    1.94236e+06    721596    0    0    0    10    0    12    133
7924.99    7033    0    1.93996e+06    719416    0    0    0    8    0    14    135
8024.99    7032    0    1.9372e+06    716866    0    0    1    4    0    19    135
8125.02    7032    0    1.93477e+06    714670    0    0    0    11    0    13    135
8225.07    7032    0    1.93213e+06    712381    0    0    0    5    1    18    135
8325.08    7031    0    1.92972e+06    710130    0    0    2    7    0    15    136
8425.13    7030    0    1.92746e+06    708006    0    0    0    8    1    15    138
8525.13    7028    0    1.92483e+06    705720    0    0    0    12    1    11    141
8625.15    7025    0    1.92192e+06    703160    0    0    0    13    0    15    143
8725.22    7023    0    1.91932e+06    700908    0    0    0    7    0    17    148
8825.26    7023    0    1.91735e+06    699105    0    0    0    5    0    15    151
8925.26    7023    0    1.91532e+06    697276    0    0    0    5    0    9    156
9025.32    7022    0    1.91326e+06    695450    0    0    0    4    0    12    156
9125.33    7019    0    1.90988e+06    692418    0    0    0    8    1    11    158
9225.33    7017    0    1.90687e+06    689792    0    0    1    11    0    12    158
9325.4    7016    0    1.90431e+06    687512    0    0    0    8    1    13    160
9425.41    7016    0    1.90199e+06    685501    0    0    0    8    0    14    160
9525.42    7013    0    1.89949e+06    683260    0    0    0    6    0    20    162
9625.42    7012    0    1.89656e+06    680687    0    0    0    7    1    20    162
9725.43    7011    0    1.89406e+06    678436    0    0    0    10    1    17    164
9825.43    7011    0    1.89175e+06    676349    0    0    0    12    1    11    168
9925.45    7011    0    1.88962e+06    674412    0    0    0    8    0    16    168
10025.5    7008    0    1.8871e+06    672216    0    0    0    14    1    11    172
10125.5    7007    0    1.88435e+06    669827    0    0    0    7    1    16    176
10225.5    7007    0    1.88215e+06    667941    0    0    1    10    1    12    176
10325.6    7006    0    1.87941e+06    665614    0    0    0    14    1    11    176
10425.9    7005    0    1.87647e+06    663154    0    0    0    13    1    14    176
10525.9    7004    0    1.87393e+06    660928    0    0    1    12    0    15    177
10625.9    7000    0    1.87119e+06    658517    0    0    0    17    2    15    178
10725.9    6999    0    1.86858e+06    656234    0    0    0    15    0    15    182
10825.9    6998    0    1.8665e+06    654392    0    0    1    10    0    17    185
10926    6997    0    1.86396e+06    652159    0    0    2    8    2    14    187
11026    6996    0    1.8616e+06    650182    0    0    0    9    2    13    190
11126    6994    0    1.85902e+06    647942    0    0    0    8    1    17    192
11226    6993    0    1.85678e+06    645982    0    0    0    11    1    16    192
11326    6992    0    1.85417e+06    643665    0    0    0    8    3    19    192
11426    6992    0    1.85174e+06    641627    0    0    0    14    0    12    195
11526.3    6992    0    1.84927e+06    639558    0    0    0    7    1    18    195
11626.3    6988    0    1.84678e+06    637475    0    0    0    12    0    14    202
11726.3    6988    0    1.84457e+06    635632    0    0    1    7    0    14    205
11826.3    6986    0    1.84193e+06    633366    0    0    0    11    0    11    209
11926.3    6984    0    1.83925e+06    631106    0    0    1    15    0    10    209
12026.3    6984    0    1.83672e+06    628932    0    0    0    11    1    14    209
12126.4    6981    0    1.83408e+06    626715    0    0    1    12    0    17    211
12226.4    6979    0    1.83134e+06    624401    0    0    0    10    0    20    215
12326.5    6979    0    1.82921e+06    622583    0    0    0    8    1    13    223
12426.5    6978    0    1.82701e+06    620792    0    0    1    8    1    12    225
12526.5    6977    0    1.82473e+06    618891    0    0    0    8    0    14    227
12626.6    6975    0    1.82217e+06    616749    0    0    0    8    1    15    229
12726.6    6975    0    1.81934e+06    614332    0    0    0    12    0    12    229
12826.7    6974    0    1.81714e+06    612523    0    0    0    7    0    15    233
12926.7    6972    0    1.81458e+06    610387    0    0    0    9    0    13    236
13026.7    6972    0    1.81228e+06    608404    0    0    1    9    0    12    236
13126.7    6969    0    1.80949e+06    606074    0    0    1    10    0    15    238
13226.8    6967    0    1.80665e+06    603786    0    0    0    11    0    13    243
13326.8    6965    0    1.80446e+06    602007    0    0    0    7    0    19    245
13426.8    6964    0    1.80184e+06    599894    0    0    2    10    1    13    246
13526.8    6962    0    1.79935e+06    597832    0    0    0    20    0    10    246
13626.9    6961    0    1.79673e+06    595683    0    0    0    11    0    17    248
13727    6961    0    1.79445e+06    593815    0    0    0    10    0    14    252
13827    6959    0    1.79196e+06    591832    0    0    0    9    1    14    256
13927.1    6958    0    1.78967e+06    589953    0    0    0    14    0    12    256
14027.2    6956    0    1.7867e+06    587608    0    0    0    15    0    15    256
14127.2    6953    0    1.784e+06    585443    0    0    0    11    1    20    259
14227.3    6953    0    1.78152e+06    583433    0    0    0    12    0    18    260
14327.4    6951    0    1.77913e+06    581535    0    0    0    14    1    17    262
14427.5    6950    0    1.77635e+06    579206    0    0    0    14    0    20    262
14527.5    6949    0    1.774e+06    577282    0    0    0    8    1    25    264
14627.5    6947    0    1.77146e+06    575304    0    0    1    18    1    14    267
14727.5    6947    0    1.76886e+06    573214    0    0    1    18    0    15    267
14827.5    6944    0    1.76622e+06    571031    0    0    0    19    0    19    269
14927.6    6943    0    1.76378e+06    569021    0    0    0    12    2    22    272
15027.6    6942    0    1.7615e+06    567239    0    0    0    18    1    13    276
15127.6    6942    0    1.75928e+06    565448    0    0    0    14    2    14    277
15227.6    6941    0    1.75688e+06    563500    0    0    0    11    1    18    278
15327.6    6938    0    1.75427e+06    561437    0    0    0    17    1    16    280
15427.6    6934    0    1.75134e+06    559115    0    0    1    20    1    18    281
15527.7    6933    0    1.74872e+06    557030    0    0    0    18    1    21    282
15627.7    6933    0    1.74634e+06    555150    0    0    0    14    0    22    284
15727.7    6932    0    1.74397e+06    553288    0    0    0    14    0    22    286
15827.7    6930    0    1.74157e+06    551333    0    0    0    16    0    24    286
15927.8    6929    0    1.73907e+06    549295    0    0    0    24    0    16    287
16027.8    6929    0    1.73665e+06    547369    0    0    0    16    0    22    288
16127.8    6928    0    1.73419e+06    545446    0    0    0    21    1    18    288
16227.8    6927    0    1.73152e+06    543389    0    0    0    19    1    20    289
16327.9    6927    0    1.72918e+06    541605    0    0    0    17    0    19    292
16427.9    6926    0    1.72654e+06    539682    0    0    0    25    0    11    293
16527.9    6924    0    1.72378e+06    537652    0    0    0    20    0    18    295
16627.9    6923    0    1.72127e+06    535717    0    0    1    15    1    23    295
16728    6922    0    1.71875e+06    533780    0    0    0    16    0    24    297
16828    6920    0    1.71606e+06    531746    0    0    1    16    1    24    298
16928.1    6920    0    1.71366e+06    529865    0    0    0    16    1    23    300
17028.2    6919    0    1.71152e+06    528174    0    0    0    20    1    15    305
17128.2    6918    0    1.70899e+06    526271    0    0    1    18    0    17    306
17228.2    6917    0    1.70683e+06    524601    0    0    1    15    1    17    309
17328.3    6917    0    1.70424e+06    522689    0    0    1    16    1    16    309
17428.3    6917    0    1.70161e+06    520775    0    0    0    22    1    9    311
17528.3    6917    0    1.69955e+06    519151    0    0    0    11    0    17    314
17628.3    6915    0    1.69714e+06    517358    0    0    1    10    0    19    316
17728.3    6915    0    1.69478e+06    515520    0    0    0    13    0    13    318
17828.3    6912    0    1.69258e+06    513758    0    0    1    11    0    16    322
17928.4    6911    0    1.69015e+06    511886    0    0    0    9    0    17    325
18028.4    6909    0    1.68774e+06    510103    0    0    1    9    0    18    326
18128.4    6908    0    1.68531e+06    508316    0    0    0    10    1    13    331
18228.4    6907    0    1.68325e+06    506725    0    0    0    7    0    15    335
18328.4    6905    0    1.68064e+06    504807    0    0    0    9    0    15    336
18428.6    6905    0    1.67852e+06    503158    0    0    0    6    1    11    340
18528.6    6905    0    1.6764e+06    501572    0    0    0    10    0    8    340
18628.6    6903    0    1.67388e+06    499655    0    0    1    5    1    13    341
18728.7    6902    0    1.67163e+06    497969    0    0    0    7    0    9    347
18828.8    6899    0    1.66897e+06    495969    0    0    1    11    0    10    347
18928.8    6898    0    1.66617e+06    493932    0    0    0    13    2    7    348
19028.9    6897    0    1.66364e+06    491961    0    0    0    12    1    11    348
19128.9    6895    0    1.66101e+06    490040    0    0    0    10    1    17    348
19229    6893    0    1.65792e+06    487813    0    0    1    13    0    18    348
19329    6892    0    1.65526e+06    485877    0    0    2    12    1    19    348
19429    6891    0    1.65261e+06    483965    0    0    1    13    0    22    348
19529.1    6891    0    1.65008e+06    482037    0    0    0    19    0    17    348
19629.1    6891    0    1.64784e+06    480503    0    0    1    15    0    14    352
19729.1    6889    0    1.64539e+06    478699    0    0    0    18    1    15    352
19829.2    6888    0    1.64255e+06    476648    0    0    0    17    1    16    354
19929.3    6886    0    1.64005e+06    474846    0    0    0    19    1    18    354
20029.3    6884    0    1.63763e+06    473062    0    0    0    18    0    18    360
20129.3    6883    0    1.63514e+06    471247    0    0    0    20    0    14    363
20229.3    6883    0    1.63294e+06    469638    0    0    0    17    2    15    363
20329.4    6881    0    1.63039e+06    467819    0    0    0    15    0    21    364
20429.4    6878    0    1.62776e+06    465914    0    0    1    20    0    21    364
20529.4    6876    0    1.62512e+06    463977    0    0    1    20    2    19    367
20629.4    6876    0    1.62268e+06    462276    0    0    0    18    1    21    369
20729.5    6876    0    1.62043e+06    460585    0    0    0    19    0    21    369
20829.5    6876    0    1.61804e+06    458914    0    0    2    19    1    16    370
20929.5    6874    0    1.61598e+06    457420    0    0    0    14    1    19    375
21029.5    6873    0    1.61349e+06    455496    0    0    1    14    1    20    375
21129.5    6872    0    1.61117e+06    453751    0    0    0    18    1    17    377
21229.6    6872    0    1.60871e+06    452045    0    0    0    19    0    17    377
21329.6    6872    0    1.60651e+06    450462    0    0    1    14    0    15    383
21429.6    6872    0    1.60442e+06    449000    0    0    0    10    1    17    385
21529.6    6871    0    1.60184e+06    447218    0    0    0    12    1    17    385
21629.6    6870    0    1.59924e+06    445379    0    0    0    13    1    18    385
21729.6    6869    0    1.59671e+06    443575    0    0    2    16    1    13    387
21829.7    6868    0    1.59401e+06    441782    0    0    0    17    1    16    387
21929.7    6868    0    1.59163e+06    440097    0    0    0    16    2    16    387
22029.7    6867    0    1.58914e+06    438320    0    0    1    17    0    18    387
22129.7    6866    0    1.58683e+06    436638    0    0    1    21    1    11    390
22229.7    6866    0    1.58445e+06    434996    0    0    1    17    0    16    390
22329.7    6864    0    1.58209e+06    433330    0    0    0    17    1    18    392
22429.8    6863    0    1.57949e+06    431522    0    0    1    17    1    17    393
22529.8    6862    0    1.577e+06    429755    0    0    1    18    1    18    393
22629.8    6860    0    1.57432e+06    427924    0    0    0    27    1    14    393
22729.8    6860    0    1.57181e+06    426223    0    0    1    22    2    15    394
22829.8    6858    0    1.56907e+06    424398    0    0    1    17    1    25    394
22929.8    6858    0    1.56647e+06    422650    0    0    1    20    0    23    394
23029.9    6856    0    1.56378e+06    420895    0    0    1    23    1    21    396
23129.9    6856    0    1.5612e+06    419189    0    0    1    18    1    24    397
23229.9    6855    0    1.55861e+06    417521    0    0    0    24    1    21    397
23329.9    6854    0    1.55607e+06    415832    0    0    2    23    0    21    398
23429.9    6852    0    1.55366e+06    414136    0    0    1    26    1    22    398
23529.9    6851    0    1.55095e+06    412337    0    0    0    24    1    25    400
23629.9    6851    0    1.54868e+06    410764    0    0    0    25    1    22    401
23729.9    6851    0    1.54646e+06    409265    0    0    0    25    1    20    402
23830    6851    0    1.54428e+06    407727    0    0    1    19    0    26    402
23930    6851    0    1.54191e+06    406064    0    0    0    24    0    22    402
24030    6849    0    1.53925e+06    404311    0    0    0    24    0    22    404
24130    6846    0    1.53655e+06    402495    0    0    1    31    1    19    404
24230    6846    0    1.5342e+06    400906    0    0    1    26    0    21    407
24330    6846    0    1.5321e+06    399432    0    0    0    24    0    24    407
24430    6843    0    1.52989e+06    397906    0    0    2    19    1    28    410
24530.1    6843    0    1.52689e+06    396082    0    0    1    28    1    20    410
24630.2    6841    0    1.52441e+06    394457    0    0    0    23    1    28    412
24730.3    6840    0    1.52193e+06    392854    0    0    0    28    1    25    412
24830.3    6838    0    1.5194e+06    391176    0    0    2    26    1    29    412
24930.4    6836    0    1.5169e+06    389557    0    0    1    30    4    23    414
25030.4    6836    0    1.51434e+06    387957    0    0    1    24    1    30    416
25130.4    6833    0    1.51176e+06    386324    0    0    0    30    2    28    418
25230.5    6832    0    1.50924e+06    384670    0    0    0    33    3    26    418
25330.5    6831    0    1.50678e+06    383092    0    0    0    24    2    32    422
25430.5    6831    0    1.50439e+06    381546    0    0    2    33    0    23    422
25530.6    6831    0    1.50206e+06    379982    0    0    0    21    0    35    424
25630.7    6829    0    1.49967e+06    378420    0    0    1    31    0    26    425
25730.7    6828    0    1.4972e+06    376856    0    0    2    34    1    21    427
25830.7    6828    0    1.49507e+06    375433    0    0    1    19    2    32    430
25930.8    6825    0    1.49288e+06    373929    0    0    0    29    2    25    433
26030.8    6824    0    1.4903e+06    372364    0    0    1    31    1    23    435
26130.8    6822    0    1.48796e+06    370890    0    0    2    23    0    31    439
26230.9    6821    0    1.48559e+06    369403    0    0    1    32    1    22    441
26330.9    6819    0    1.48299e+06    367751    0    0    0    36    2    22    441
26430.9    6816    0    1.48041e+06    366090    0    0    0    40    1    25    441
26530.9    6815    0    1.47763e+06    364351    0    0    1    36    0    31    441
26630.9    6815    0    1.47502e+06    362776    0    0    0    36    2    28    442
26731    6814    0    1.47271e+06    361285    0    0    3    31    2    28    445
26831    6813    0    1.47006e+06    359676    0    0    0    37    2    27    445
26931    6812    0    1.46766e+06    358195    0    0    1    33    1    27    450
27031    6809    0    1.46532e+06    356759    0    0    1    37    2    24    454
27131    6808    0    1.46277e+06    355169    0    0    0    33    1    30    455
27231.1    6807    0    1.46032e+06    353728    0    0    1    30    3    26    458
27331.1    6806    0    1.45796e+06    352293    0    0    2    38    1    17    461
27431.1    6806    0    1.45552e+06    350840    0    0    0    25    1    24    467
27531.1    6805    0    1.45335e+06    349559    0    0    4    29    4    11    470
27631.1    6803    0    1.45081e+06    348015    0    0    0    29    2    19    471
27731.1    6802    0    1.44842e+06    346468    0    0    2    22    0    26    472
27831.2    6801    0    1.44601e+06    344987    0    0    1    23    3    23    474
27931.2    6801    0    1.44356e+06    343519    0    0    1    31    0    16    476
28031.2    6801    0    1.44143e+06    342087    0    0    2    22    0    24    476
28131.3    6801    0    1.43918e+06    340711    0    0    0    16    1    25    481
28231.3    6801    0    1.43706e+06    339380    0    0    1    26    2    11    483
28331.3    6800    0    1.43484e+06    338017    0    0    0    14    1    23    487
28431.3    6798    0    1.43238e+06    336611    0    0    2    16    1    19    491
28531.5    6796    0    1.42986e+06    335078    0    0    0    21    2    17    492
28631.5    6796    0    1.42757e+06    333716    0    0    0    20    2    14    496
28731.5    6796    0    1.42538e+06    332418    0    0    1    18    0    15    498
28831.6    6795    0    1.42289e+06    330964    0    0    0    21    2    11    499
28931.7    6795    0    1.42046e+06    329489    0    0    1    15    0    18    499
29031.7    6794    0    1.41806e+06    328073    0    0    0    15    1    18    501
29131.7    6792    0    1.41528e+06    326551    0    0    1    17    3    17    501
29231.8    6789    0    1.41242e+06    324946    0    0    2    17    0    25    501
29331.8    6789    0    1.40985e+06    323488    0    0    0    17    2    21    505
29431.8    6789    0    1.40781e+06    322272    0    0    0    22    0    16    507
29531.9    6788    0    1.40557e+06    320959    0    0    1    22    0    15    509
29631.9    6787    0    1.40337e+06    319612    0    0    1    23    0    14    511
29732    6786    0    1.40097e+06    318232    0    0    0    17    1    18    515
29832.1    6784    0    1.39867e+06    316870    0    0    0    16    0    22    516
29932.2    6782    0    1.39611e+06    315385    0    0    0    23    1    16    517
