347.958    7124    2    2.14489e+06    918878    0    0    0    0    0    0    4
647.979    7120    0    2.13948e+06    913217    0    0    0    0    1    3    8
947.999    7117    0    2.13078e+06    904115    0    0    0    0    1    1    15
1248.02    7114    0    2.12692e+06    900088    0    0    0    1    1    2    19
1548.04    7111    0    2.12005e+06    892992    0    0    0    0    1    1    25
1848.05    7104    0    2.11186e+06    884654    0    0    0    2    1    1    34
2148.06    7100    0    2.1014e+06    874150    0    0    0    3    1    2    38
2448.07    7098    0    2.09199e+06    864673    0    0    0    1    0    3    42
2748.09    7092    0    2.08122e+06    853874    0    0    0    2    1    3    50
3048.09    7088    0    2.07349e+06    846350    0    0    0    2    0    4    57
3348.09    7084    0    2.0655e+06    838478    0    0    0    3    1    4    61
3648.09    7083    0    2.05839e+06    831472    0    0    1    4    0    3    62
3948.1    7079    0    2.05057e+06    823968    0    0    0    4    0    4    69
4248.12    7077    0    2.04352e+06    817027    0    0    0    1    1    2    76
4548.12    7076    0    2.03692e+06    810680    0    0    0    1    1    4    76
4848.15    7074    0    2.02976e+06    803754    0    0    0    3    1    2    79
5148.17    7072    0    2.02585e+06    800033    0    0    0    1    0    3    85
5448.24    7070    0    2.0191e+06    793593    0    0    0    0    1    1    90
5748.37    7068    0    2.01126e+06    785984    0    0    0    0    1    1    93
6048.41    7064    0    2.00239e+06    777903    0    0    0    0    0    4    96
6348.63    7062    0    1.99302e+06    768938    0    0    0    0    1    1    101
6648.65    7057    0    1.98617e+06    762602    0    0    0    1    0    3    108
6948.73    7052    0    1.97836e+06    755391    0    0    0    2    0    2    117
7248.73    7050    0    1.97193e+06    749423    0    0    1    2    0    1    121
7548.76    7047    0    1.96486e+06    742856    0    0    0    2    0    2    125
7895.12    7044    2    1.95276e+06    731564    0    0    0    0    0    0    130
8195.12    7041    0    1.94625e+06    725565    0    0    1    1    0    2    133
8495.15    7036    0    1.93464e+06    714876    0    0    0    2    1    3    139
8795.18    7032    0    1.92584e+06    706956    0    0    0    3    1    4    143
9095.18    7030    0    1.92066e+06    702220    0    0    0    1    0    5    147
9395.19    7026    0    1.91213e+06    694481    0    0    0    4    0    4    152
9695.21    7023    0    1.90252e+06    686053    0    0    0    1    0    3    160
9995.22    7019    0    1.89617e+06    680389    0    0    1    2    1    6    162
10295.4    7018    0    1.88817e+06    673264    0    0    0    1    1    2    169
10595.4    7015    0    1.88132e+06    667365    0    0    1    1    0    2    173
10895.4    7013    0    1.87543e+06    662358    0    0    0    1    1    2    177
11195.4    7007    0    1.86938e+06    657067    0    0    1    1    0    2    186
11495.4    7005    0    1.86068e+06    649664    0    0    0    3    1    2    187
11795.5    7004    0    1.85082e+06    641195    0    0    0    3    1    0    191
12095.6    7001    0    1.8439e+06    635343    0    0    0    0    1    1    197
12395.8    6998    0    1.83959e+06    631763    0    0    0    0    1    1    202
12695.9    6992    0    1.82922e+06    622967    0    0    0    1    1    0    211
12995.9    6988    0    1.82577e+06    620070    0    0    0    1    0    1    218
13374.2    6986    2    1.82276e+06    617593    0    0    0    0    0    0    220
13674.6    6984    0    1.81832e+06    613694    0    0    0    0    0    2    223
13974.7    6978    0    1.80728e+06    604377    0    0    0    0    0    2    232
14274.8    6975    0    1.80177e+06    599812    0    0    0    1    1    0    237
14574.8    6971    0    1.7973e+06    596115    0    0    0    1    0    1    242
14874.8    6966    0    1.79191e+06    591816    0    0    0    1    0    3    247
15174.9    6963    0    1.78014e+06    582455    0    0    0    0    1    1    254
15474.9    6957    0    1.77154e+06    575395    0    0    0    1    0    1    263
15775    6953    0    1.76638e+06    571278    0    0    0    0    0    4    268
16075    6949    0    1.75604e+06    562996    0    0    0    1    0    1    275
16375    6946    0    1.74791e+06    556602    0    0    0    2    0    4    276
16677.9    6944    2    1.7428e+06    552533    0    0    0    0    0    0    282
17013.1    6942    2    1.74036e+06    550633    0    0    0    0    0    0    286
17426.7    6938    2    1.73223e+06    544177    0    0    0    0    0    0    293
17726.7    6935    0    1.72584e+06    539324    0    0    0    1    0    1    297
18026.8    6929    0    1.71383e+06    529943    0    0    0    1    0    1    304
18326.8    6927    0    1.71258e+06    528984    0    0    0    1    1    2    305
18626.8    6922    0    1.70334e+06    522067    0    0    1    1    0    0    315
18927    6919    0    1.69632e+06    516615    0    0    0    0    0    2    319
19227    6916    0    1.68861e+06    510875    0    0    0    0    0    2    324
19527    6907    0    1.67778e+06    502657    0    0    0    2    1    3    335
19827    6904    0    1.66672e+06    494515    0    0    0    1    1    4    341
20127    6898    0    1.65616e+06    486847    0    0    0    3    0    7    348
20427    6897    0    1.64851e+06    481223    0    0    0    2    1    3    352
20727    6893    0    1.64227e+06    476706    0    0    0    3    0    5    357
21027    6890    0    1.63469e+06    471139    0    0    0    2    0    4    364
21327.1    6887    0    1.62926e+06    467277    0    0    0    5    1    2    367
21627.2    6884    0    1.6185e+06    459472    0    0    0    5    1    4    371
21927.3    6881    0    1.61045e+06    453466    0    0    0    2    1    7    376
22227.3    6879    0    1.60492e+06    449588    0    0    0    3    0    5    382
22527.4    6878    0    1.59658e+06    443747    0    0    0    3    1    4    384
22827.4    6876    0    1.58807e+06    437826    0    0    0    6    1    5    384
23127.4    6869    0    1.57873e+06    431314    0    0    0    8    1    5    393
23427.4    6868    0    1.57316e+06    427517    0    0    0    1    1    4    402
23727.8    6867    0    1.56964e+06    425123    0    0    0    0    1    1    406
24027.8    6861    0    1.55937e+06    418205    0    0    1    2    0    1    415
24327.9    6858    0    1.55392e+06    414418    0    0    0    3    1    4    417
24628    6855    0    1.54528e+06    408678    0    0    0    2    1    1    425
24928.1    6849    0    1.53839e+06    403823    0    0    0    1    1    4    435
25228.2    6847    0    1.53132e+06    399061    0    0    0    5    0    3    436
25528.2    6842    0    1.51952e+06    391400    0    0    1    3    0    2    447
25828.2    6837    0    1.51162e+06    386239    0    0    0    5    0    5    451
26128.3    6834    0    1.50492e+06    381943    0    0    0    3    1    4    459
26428.3    6828    0    1.49669e+06    376575    0    0    0    8    0    8    462
26728.5    6825    0    1.48817e+06    371026    0    0    0    5    1    4    472
27028.5    6820    0    1.48061e+06    366181    0    0    0    4    1    5    481
27328.6    6817    0    1.475e+06    362719    0    0    1    3    0    8    483
27628.6    6815    0    1.46599e+06    357001    0    0    1    5    0    4    487
27928.6    6809    0    1.45558e+06    350765    0    0    0    8    0    8    491
28228.6    6808    0    1.44942e+06    346991    0    0    0    2    1    9    494
28528.6    6807    0    1.44356e+06    343350    0    0    0    4    0    6    496
28828.7    6806    0    1.43775e+06    339775    0    0    0    6    1    3    498
29128.7    6803    0    1.43e+06    335066    0    0    0    6    0    4    503
29428.7    6802    0    1.42512e+06    332244    0    0    0    4    0    2    508
29728.7    6798    0    1.41845e+06    328134    0    0    0    2    1    3    515
