203.07 0.00499909 1.40325e-06 1.50497 0.644772 0 0 0 0 0 0 1.40325e-06
303.071 0.00499769 0 1.50205 0.641717 0 0 0 0 7.01627e-07 7.01627e-07 2.80651e-06
403.074 0.00499769 0 1.50092 0.640597 0 0 0 7.01627e-07 0 7.01627e-07 2.80651e-06
522.113 0.00499698 1.40325e-06 1.49984 0.639549 0 0 0 0 0 0 4.20976e-06
622.214 0.00499418 0 1.4969 0.636547 0 0 0 1.40325e-06 7.01627e-07 7.01627e-07 7.71789e-06
722.246 0.00499348 0 1.49476 0.634345 0 0 0 0 7.01627e-07 7.01627e-07 9.82277e-06
822.25 0.00499207 0 1.49331 0.632793 0 0 0 1.40325e-06 0 2.80651e-06 9.82277e-06
922.26 0.00499137 0 1.49125 0.630689 0 0 0 1.40325e-06 0 1.40325e-06 1.26293e-05
1022.3 0.00499067 0 1.48991 0.629222 0 0 0 0 7.01627e-07 2.10488e-06 1.33309e-05
1122.32 0.00499067 0 1.48842 0.627654 0 0 0 7.01627e-07 7.01627e-07 0 1.40325e-05
1222.38 0.00498997 0 1.48599 0.625243 0 0 0 7.01627e-07 0 2.10488e-06 1.40325e-05
1322.38 0.00498927 0 1.48462 0.623871 0 0 0 0 7.01627e-07 7.01627e-07 1.6839e-05
1422.4 0.00498786 0 1.48237 0.621541 0 0 0 0 7.01627e-07 2.10488e-06 1.82423e-05
1522.41 0.00498646 0 1.47887 0.618127 0 0 0 0 0 2.80651e-06 2.03472e-05
1622.53 0.00498646 0 1.47772 0.61699 0 0 0 7.01627e-07 7.01627e-07 0 2.17504e-05
1722.92 0.00498646 0 1.47676 0.616062 0 0 0 0 7.01627e-07 7.01627e-07 2.17504e-05
1822.92 0.00498576 0 1.47445 0.613678 0 0 0 1.40325e-06 7.01627e-07 7.01627e-07 2.17504e-05
1922.94 0.00498506 0 1.47089 0.610091 0 0 0 7.01627e-07 0 3.50813e-06 2.17504e-05
2023 0.00498436 0 1.46875 0.607989 0 0 0 7.01627e-07 0 2.10488e-06 2.38553e-05
2123 0.00498295 0 1.46702 0.606243 0 0 0 2.80651e-06 0 2.80651e-06 2.38553e-05
2223.04 0.00498155 0 1.46405 0.603192 0 0 0 1.40325e-06 7.01627e-07 4.91139e-06 2.52586e-05
2323.12 0.00497944 0 1.46163 0.600772 0 0 0 3.50813e-06 0 7.71789e-06 2.52586e-05
2423.12 0.00497804 0 1.45943 0.598647 0 0 0 5.61301e-06 0 7.01627e-06 2.66618e-05
2523.13 0.00497734 0 1.45744 0.596634 0 0 0 2.80651e-06 2.10488e-06 7.71789e-06 2.73634e-05
2623.13 0.00497664 0 1.45553 0.594824 0 0 0 4.20976e-06 7.01627e-07 6.31464e-06 2.94683e-05
2723.13 0.00497664 0 1.45405 0.593312 0 0 0 2.10488e-06 0 9.12115e-06 2.94683e-05
2823.15 0.00497594 0 1.45228 0.591489 0 0 0 4.91139e-06 7.01627e-07 5.61301e-06 3.08716e-05
2923.18 0.00497523 0 1.45055 0.589826 0 0 0 4.20976e-06 7.01627e-07 6.31464e-06 3.22748e-05
3023.19 0.00497313 0 1.44856 0.587822 0 0 0 7.01627e-06 7.01627e-07 7.71789e-06 3.22748e-05
3123.23 0.00497313 0 1.44653 0.585746 0 0 0 4.20976e-06 0 9.82277e-06 3.36781e-05
3223.23 0.00497173 0 1.44477 0.584045 0 0 0 7.71789e-06 7.01627e-07 5.61301e-06 3.5783e-05
3323.24 0.00497102 0 1.44308 0.582385 0 0 7.01627e-07 4.91139e-06 1.40325e-06 7.01627e-06 3.71862e-05
3423.24 0.00496822 0 1.44136 0.58064 0 0 0 7.01627e-06 1.40325e-06 7.01627e-06 4.06943e-05
3523.38 0.00496822 0 1.43926 0.578643 0 0 0 2.10488e-06 7.01627e-07 1.26293e-05 4.06943e-05
3623.4 0.00496752 0 1.43755 0.577057 0 0 0 5.61301e-06 1.40325e-06 7.01627e-06 4.35008e-05
3723.44 0.00496611 0 1.4357 0.575256 0 0 0 4.20976e-06 0 9.82277e-06 4.56057e-05
3823.47 0.00496611 0 1.4342 0.573747 0 0 0 3.50813e-06 7.01627e-07 7.01627e-06 4.84122e-05
3923.47 0.00496541 0 1.43264 0.572172 0 0 7.01627e-07 2.80651e-06 0 9.12115e-06 4.84122e-05
4023.48 0.00496541 0 1.43069 0.570307 0 0 7.01627e-07 4.20976e-06 0 7.71789e-06 4.84122e-05
4123.48 0.00496541 0 1.42904 0.568765 0 0 0 4.20976e-06 7.01627e-07 4.91139e-06 5.05171e-05
4223.5 0.00496401 0 1.42735 0.567137 0 0 0 4.20976e-06 7.01627e-07 7.71789e-06 5.05171e-05
4323.53 0.00496331 0 1.42544 0.565263 0 0 0 4.91139e-06 7.01627e-07 7.01627e-06 5.12187e-05
4423.53 0.0049626 0 1.42331 0.563268 0 0 0 5.61301e-06 0 7.01627e-06 5.2622e-05
4523.54 0.0049619 0 1.42169 0.561677 0 0 7.01627e-07 7.71789e-06 0 2.80651e-06 5.54285e-05
4623.56 0.0049619 0 1.42031 0.560331 0 0 0 2.10488e-06 0 7.71789e-06 5.61301e-05
4723.63 0.0049619 0 1.41857 0.558757 0 0 0 2.10488e-06 7.01627e-07 5.61301e-06 5.68318e-05
4823.64 0.0049605 0 1.41664 0.556885 0 0 0 5.61301e-06 0 5.61301e-06 5.68318e-05
4923.64 0.0049598 0 1.41466 0.554969 0 0 0 4.20976e-06 7.01627e-07 7.71789e-06 5.68318e-05
5023.68 0.0049591 0 1.41287 0.553248 0 0 0 4.91139e-06 0 7.71789e-06 5.75334e-05
5123.72 0.00495839 0 1.41092 0.551363 0 0 0 2.80651e-06 7.01627e-07 1.05244e-05 5.75334e-05
5223.76 0.00495699 0 1.40892 0.549498 0 0 7.01627e-07 7.71789e-06 0 7.01627e-06 5.8235e-05
5323.77 0.00495629 0 1.407 0.547669 0 0 0 5.61301e-06 7.01627e-07 1.05244e-05 5.8235e-05
5423.81 0.00495629 0 1.40524 0.546038 0 0 0 7.01627e-06 7.01627e-07 6.31464e-06 6.10415e-05
5523.81 0.00495559 0 1.40375 0.544594 0 0 0 5.61301e-06 7.01627e-07 6.31464e-06 6.31464e-05
5623.82 0.00495419 0 1.4017 0.542608 0 0 0 8.41952e-06 7.01627e-07 6.31464e-06 6.31464e-05
5723.91 0.00495348 0 1.39996 0.540942 0 0 0 5.61301e-06 7.01627e-07 9.12115e-06 6.3848e-05
5824.02 0.00495348 0 1.3982 0.539253 0 0 0 7.71789e-06 7.01627e-07 7.01627e-06 6.3848e-05
5924.07 0.00495278 0 1.39659 0.537748 0 0 0 4.20976e-06 7.01627e-07 6.31464e-06 6.9461e-05
6024.15 0.00495068 0 1.39513 0.536403 0 0 0 4.20976e-06 0 9.82277e-06 7.01627e-05
6124.15 0.00494857 0 1.39269 0.534171 0 0 7.01627e-07 4.91139e-06 0 9.82277e-06 7.15659e-05
6224.22 0.00494647 0 1.39091 0.532467 0 0 0 4.20976e-06 7.01627e-07 1.33309e-05 7.29692e-05
6324.25 0.00494577 0 1.38883 0.530503 0 0 0 6.31464e-06 0 1.19277e-05 7.43724e-05
6424.36 0.00494577 0 1.38692 0.528761 0 0 0 1.05244e-05 7.01627e-07 7.01627e-06 7.43724e-05
6524.36 0.00494506 0 1.38512 0.527053 0 0 0 1.05244e-05 7.01627e-07 7.01627e-06 7.57757e-05
6624.39 0.00494436 0 1.38346 0.525464 0 0 0 1.1226e-05 7.01627e-07 7.71789e-06 7.57757e-05
6724.43 0.00494296 0 1.38131 0.523521 0 0 0 7.71789e-06 7.01627e-07 1.40325e-05 7.57757e-05
6824.48 0.00494296 0 1.37951 0.521828 0 0 0 6.31464e-06 1.40325e-06 1.05244e-05 7.85822e-05
6924.66 0.00494226 0 1.37819 0.520516 0 0 0 7.01627e-06 7.01627e-07 9.12115e-06 8.13887e-05
7024.71 0.00494226 0 1.37649 0.518964 0 0 0 8.41952e-06 7.01627e-07 6.31464e-06 8.20903e-05
7124.75 0.00494226 0 1.37484 0.517389 0 0 0 4.20976e-06 0 1.1226e-05 8.20903e-05
7224.75 0.00494226 0 1.37312 0.515738 0 0 7.01627e-07 7.71789e-06 7.01627e-07 6.31464e-06 8.20903e-05
7324.76 0.00494015 0 1.37144 0.514185 0 0 2.10488e-06 6.31464e-06 0 7.01627e-06 8.55984e-05
7424.8 0.00493945 0 1.36975 0.512669 0 0 0 6.31464e-06 0 7.71789e-06 8.77033e-05
7524.81 0.00493805 0 1.36808 0.511135 0 0 7.01627e-07 6.31464e-06 0 8.41952e-06 8.84049e-05
7624.81 0.00493735 0 1.36615 0.509349 0 0 7.01627e-07 5.61301e-06 0 9.12115e-06 8.91066e-05
7724.84 0.00493664 0 1.36445 0.507766 0 0 0 7.01627e-06 0 7.01627e-06 9.19131e-05
7824.93 0.00493524 0 1.36281 0.506291 0 0 0 7.01627e-06 0 8.41952e-06 9.33163e-05
7924.99 0.00493454 0 1.36113 0.504761 0 0 0 5.61301e-06 0 9.82277e-06 9.47196e-05
8024.99 0.00493384 0 1.35919 0.502972 0 0 7.01627e-07 2.80651e-06 0 1.33309e-05 9.47196e-05
8125.02 0.00493384 0 1.35749 0.501431 0 0 0 7.71789e-06 0 9.12115e-06 9.47196e-05
8225.07 0.00493384 0 1.35564 0.499825 0 0 0 3.50813e-06 7.01627e-07 1.26293e-05 9.47196e-05
8325.08 0.00493314 0 1.35395 0.498246 0 0 1.40325e-06 4.91139e-06 0 1.05244e-05 9.54212e-05
8425.13 0.00493243 0 1.35236 0.496756 0 0 0 5.61301e-06 7.01627e-07 1.05244e-05 9.68245e-05
8525.13 0.00493103 0 1.35051 0.495152 0 0 0 8.41952e-06 7.01627e-07 7.71789e-06 9.89293e-05
8625.15 0.00492893 0 1.34847 0.493356 0 0 0 9.12115e-06 0 1.05244e-05 0.000100333
8725.22 0.00492752 0 1.34665 0.491776 0 0 0 4.91139e-06 0 1.19277e-05 0.000103841
8825.26 0.00492752 0 1.34526 0.490511 0 0 0 3.50813e-06 0 1.05244e-05 0.000105946
8925.26 0.00492752 0 1.34384 0.489227 0 0 0 3.50813e-06 0 6.31464e-06 0.000109454
9025.32 0.00492682 0 1.34239 0.487946 0 0 0 2.80651e-06 0 8.41952e-06 0.000109454
9125.33 0.00492472 0 1.34002 0.485819 0 0 0 5.61301e-06 7.01627e-07 7.71789e-06 0.000110857
9225.33 0.00492331 0 1.33791 0.483976 0 0 7.01627e-07 7.71789e-06 0 8.41952e-06 0.000110857
9325.4 0.00492261 0 1.33612 0.482377 0 0 0 5.61301e-06 7.01627e-07 9.12115e-06 0.00011226
9425.41 0.00492261 0 1.33448 0.480966 0 0 0 5.61301e-06 0 9.82277e-06 0.00011226
9525.42 0.00492051 0 1.33273 0.479393 0 0 0 4.20976e-06 0 1.40325e-05 0.000113664
9625.42 0.00491981 0 1.33067 0.477588 0 0 0 4.91139e-06 7.01627e-07 1.40325e-05 0.000113664
9725.43 0.0049191 0 1.32892 0.476009 0 0 0 7.01627e-06 7.01627e-07 1.19277e-05 0.000115067
9825.43 0.0049191 0 1.3273 0.474544 0 0 0 8.41952e-06 7.01627e-07 7.71789e-06 0.000117873
9925.45 0.0049191 0 1.32581 0.473185 0 0 0 5.61301e-06 0 1.1226e-05 0.000117873
10025.5 0.004917 0 1.32404 0.471645 0 0 0 9.82277e-06 7.01627e-07 7.71789e-06 0.00012068
10125.5 0.0049163 0 1.32211 0.469968 0 0 0 4.91139e-06 7.01627e-07 1.1226e-05 0.000123486
10225.5 0.0049163 0 1.32056 0.468645 0 0 7.01627e-07 7.01627e-06 7.01627e-07 8.41952e-06 0.000123486
10325.6 0.0049156 0 1.31865 0.467012 0 0 0 9.82277e-06 7.01627e-07 7.71789e-06 0.000123486
10425.9 0.00491489 0 1.31658 0.465286 0 0 0 9.12115e-06 7.01627e-07 9.82277e-06 0.000123486
10525.9 0.00491419 0 1.3148 0.463725 0 0 7.01627e-07 8.41952e-06 0 1.05244e-05 0.000124188
10625.9 0.00491139 0 1.31287 0.462033 0 0 0 1.19277e-05 1.40325e-06 1.05244e-05 0.00012489
10725.9 0.00491068 0 1.31104 0.460431 0 0 0 1.05244e-05 0 1.05244e-05 0.000127696
10825.9 0.00490998 0 1.30958 0.459139 0 0 7.01627e-07 7.01627e-06 0 1.19277e-05 0.000129801
10926 0.00490928 0 1.3078 0.457572 0 0 1.40325e-06 5.61301e-06 1.40325e-06 9.82277e-06 0.000131204
11026 0.00490858 0 1.30615 0.456185 0 0 0 6.31464e-06 1.40325e-06 9.12115e-06 0.000133309
11126 0.00490718 0 1.30434 0.454613 0 0 0 5.61301e-06 7.01627e-07 1.19277e-05 0.000134712
11226 0.00490647 0 1.30276 0.453238 0 0 0 7.71789e-06 7.01627e-07 1.1226e-05 0.000134712
11326 0.00490577 0 1.30094 0.451612 0 0 0 5.61301e-06 2.10488e-06 1.33309e-05 0.000134712
11426 0.00490577 0 1.29923 0.450183 0 0 0 9.82277e-06 0 8.41952e-06 0.000136817
11526.3 0.00490577 0 1.2975 0.448731 0 0 0 4.91139e-06 7.01627e-07 1.26293e-05 0.000136817
11626.3 0.00490297 0 1.29575 0.447269 0 0 0 8.41952e-06 0 9.82277e-06 0.000141729
11726.3 0.00490297 0 1.2942 0.445976 0 0 7.01627e-07 4.91139e-06 0 9.82277e-06 0.000143833
11826.3 0.00490156 0 1.29235 0.444386 0 0 0 7.71789e-06 0 7.71789e-06 0.00014664
11926.3 0.00490016 0 1.29047 0.442801 0 0 7.01627e-07 1.05244e-05 0 7.01627e-06 0.00014664
12026.3 0.00490016 0 1.2887 0.441275 0 0 0 7.71789e-06 7.01627e-07 9.82277e-06 0.00014664
12126.4 0.00489806 0 1.28684 0.43972 0 0 7.01627e-07 8.41952e-06 0 1.19277e-05 0.000148043
12226.4 0.00489665 0 1.28492 0.438096 0 0 0 7.01627e-06 0 1.40325e-05 0.00015085
12326.5 0.00489665 0 1.28342 0.436821 0 0 0 5.61301e-06 7.01627e-07 9.12115e-06 0.000156463
12426.5 0.00489595 0 1.28188 0.435564 0 0 7.01627e-07 5.61301e-06 7.01627e-07 8.41952e-06 0.000157866
12526.5 0.00489525 0 1.28028 0.43423 0 0 0 5.61301e-06 0 9.82277e-06 0.000159269
12626.6 0.00489385 0 1.27848 0.432727 0 0 0 5.61301e-06 7.01627e-07 1.05244e-05 0.000160672
12726.6 0.00489385 0 1.2765 0.431032 0 0 0 8.41952e-06 0 8.41952e-06 0.000160672
12826.7 0.00489314 0 1.27495 0.429762 0 0 0 4.91139e-06 0 1.05244e-05 0.000163479
12926.7 0.00489174 0 1.27316 0.428264 0 0 0 6.31464e-06 0 9.12115e-06 0.000165584
13026.7 0.00489174 0 1.27154 0.426872 0 0 7.01627e-07 6.31464e-06 0 8.41952e-06 0.000165584
13126.7 0.00488964 0 1.26959 0.425238 0 0 7.01627e-07 7.01627e-06 0 1.05244e-05 0.000166987
13226.8 0.00488823 0 1.2676 0.423632 0 0 0 7.71789e-06 0 9.12115e-06 0.000170495
13326.8 0.00488683 0 1.26606 0.422384 0 0 0 4.91139e-06 0 1.33309e-05 0.000171899
13426.8 0.00488613 0 1.26422 0.420902 0 0 1.40325e-06 7.01627e-06 7.01627e-07 9.12115e-06 0.0001726
13526.8 0.00488472 0 1.26247 0.419455 0 0 0 1.40325e-05 0 7.01627e-06 0.0001726
13626.9 0.00488402 0 1.26063 0.417947 0 0 0 7.71789e-06 0 1.19277e-05 0.000174003
13727 0.00488402 0 1.25903 0.416636 0 0 0 7.01627e-06 0 9.82277e-06 0.00017681
13827 0.00488262 0 1.25728 0.415245 0 0 0 6.31464e-06 7.01627e-07 9.82277e-06 0.000179616
13927.1 0.00488192 0 1.25568 0.413927 0 0 0 9.82277e-06 0 8.41952e-06 0.000179616
14027.2 0.00488051 0 1.2536 0.412281 0 0 0 1.05244e-05 0 1.05244e-05 0.000179616
14127.2 0.00487841 0 1.2517 0.410762 0 0 0 7.71789e-06 7.01627e-07 1.40325e-05 0.000181721
14227.3 0.00487841 0 1.24996 0.409352 0 0 0 8.41952e-06 0 1.26293e-05 0.000182423
14327.4 0.00487701 0 1.24829 0.40802 0 0 0 9.82277e-06 7.01627e-07 1.19277e-05 0.000183826
14427.5 0.0048763 0 1.24633 0.406386 0 0 0 9.82277e-06 0 1.40325e-05 0.000183826
14527.5 0.0048756 0 1.24468 0.405036 0 0 0 5.61301e-06 7.01627e-07 1.75407e-05 0.000185229
14627.5 0.0048742 0 1.2429 0.403649 0 0 7.01627e-07 1.26293e-05 7.01627e-07 9.82277e-06 0.000187334
14727.5 0.0048742 0 1.24108 0.402182 0 0 7.01627e-07 1.26293e-05 0 1.05244e-05 0.000187334
14827.5 0.00487209 0 1.23923 0.400651 0 0 0 1.33309e-05 0 1.33309e-05 0.000188738
14927.6 0.00487139 0 1.23752 0.39924 0 0 0 8.41952e-06 1.40325e-06 1.54358e-05 0.000190842
15027.6 0.00487069 0 1.23591 0.39799 0 0 0 1.26293e-05 7.01627e-07 9.12115e-06 0.000193649
15127.6 0.00487069 0 1.23436 0.396733 0 0 0 9.82277e-06 1.40325e-06 9.82277e-06 0.000194351
15227.6 0.00486999 0 1.23268 0.395367 0 0 0 7.71789e-06 7.01627e-07 1.26293e-05 0.000195052
15327.6 0.00486789 0 1.23085 0.393919 0 0 0 1.19277e-05 7.01627e-07 1.1226e-05 0.000196455
15427.6 0.00486508 0 1.22879 0.39229 0 0 7.01627e-07 1.40325e-05 7.01627e-07 1.26293e-05 0.000197157
15527.7 0.00486438 0 1.22695 0.390827 0 0 0 1.26293e-05 7.01627e-07 1.47342e-05 0.000197859
15627.7 0.00486438 0 1.22528 0.389508 0 0 0 9.82277e-06 0 1.54358e-05 0.000199262
15727.7 0.00486368 0 1.22362 0.388202 0 0 0 9.82277e-06 0 1.54358e-05 0.000200665
15827.7 0.00486227 0 1.22193 0.38683 0 0 0 1.1226e-05 0 1.6839e-05 0.000200665
15927.8 0.00486157 0 1.22018 0.3854 0 0 0 1.6839e-05 0 1.1226e-05 0.000201367
16027.8 0.00486157 0 1.21848 0.384049 0 0 0 1.1226e-05 0 1.54358e-05 0.000202068
16127.8 0.00486087 0 1.21675 0.382699 0 0 0 1.47342e-05 7.01627e-07 1.26293e-05 0.000202068
16227.8 0.00486017 0 1.21488 0.381256 0 0 0 1.33309e-05 7.01627e-07 1.40325e-05 0.00020277
16327.9 0.00486017 0 1.21324 0.380004 0 0 0 1.19277e-05 0 1.33309e-05 0.000204875
16427.9 0.00485947 0 1.21139 0.378655 0 0 0 1.75407e-05 0 7.71789e-06 0.000205577
16527.9 0.00485806 0 1.20945 0.377231 0 0 0 1.40325e-05 0 1.26293e-05 0.00020698
16627.9 0.00485736 0 1.20769 0.375873 0 0 7.01627e-07 1.05244e-05 7.01627e-07 1.61374e-05 0.00020698
16728 0.00485666 0 1.20592 0.374514 0 0 0 1.1226e-05 0 1.6839e-05 0.000208383
16828 0.00485526 0 1.20403 0.373087 0 0 7.01627e-07 1.1226e-05 7.01627e-07 1.6839e-05 0.000209085
16928.1 0.00485526 0 1.20235 0.371767 0 0 0 1.1226e-05 7.01627e-07 1.61374e-05 0.000210488
17028.2 0.00485455 0 1.20085 0.370581 0 0 0 1.40325e-05 7.01627e-07 1.05244e-05 0.000213996
17128.2 0.00485385 0 1.19907 0.369246 0 0 7.01627e-07 1.26293e-05 0 1.19277e-05 0.000214698
17228.2 0.00485315 0 1.19756 0.368074 0 0 7.01627e-07 1.05244e-05 7.01627e-07 1.19277e-05 0.000216803
17328.3 0.00485315 0 1.19574 0.366732 0 0 7.01627e-07 1.1226e-05 7.01627e-07 1.1226e-05 0.000216803
17428.3 0.00485315 0 1.1939 0.36539 0 0 0 1.54358e-05 7.01627e-07 6.31464e-06 0.000218206
17528.3 0.00485315 0 1.19245 0.36425 0 0 0 7.71789e-06 0 1.19277e-05 0.000220311
17628.3 0.00485175 0 1.19076 0.362992 0 0 7.01627e-07 7.01627e-06 0 1.33309e-05 0.000221714
17728.3 0.00485175 0 1.1891 0.361703 0 0 0 9.12115e-06 0 9.12115e-06 0.000223117
17828.3 0.00484964 0 1.18756 0.360466 0 0 7.01627e-07 7.71789e-06 0 1.1226e-05 0.000225924
17928.4 0.00484894 0 1.18585 0.359153 0 0 0 6.31464e-06 0 1.19277e-05 0.000228029
18028.4 0.00484754 0 1.18416 0.357902 0 0 7.01627e-07 6.31464e-06 0 1.26293e-05 0.00022873
18128.4 0.00484684 0 1.18246 0.356648 0 0 0 7.01627e-06 7.01627e-07 9.12115e-06 0.000232238
18228.4 0.00484613 0 1.18101 0.355532 0 0 0 4.91139e-06 0 1.05244e-05 0.000235045
18328.4 0.00484473 0 1.17918 0.354186 0 0 0 6.31464e-06 0 1.05244e-05 0.000235747
18428.6 0.00484473 0 1.1777 0.353029 0 0 0 4.20976e-06 7.01627e-07 7.71789e-06 0.000238553
18528.6 0.00484473 0 1.17621 0.351916 0 0 0 7.01627e-06 0 5.61301e-06 0.000238553
18628.6 0.00484333 0 1.17444 0.350571 0 0 7.01627e-07 3.50813e-06 7.01627e-07 9.12115e-06 0.000239255
18728.7 0.00484263 0 1.17286 0.349388 0 0 0 4.91139e-06 0 6.31464e-06 0.000243464
18828.8 0.00484052 0 1.171 0.347985 0 0 7.01627e-07 7.71789e-06 0 7.01627e-06 0.000243464
18928.8 0.00483982 0 1.16903 0.346556 0 0 0 9.12115e-06 1.40325e-06 4.91139e-06 0.000244166
19028.9 0.00483912 0 1.16726 0.345173 0 0 0 8.41952e-06 7.01627e-07 7.71789e-06 0.000244166
19128.9 0.00483772 0 1.16541 0.343825 0 0 0 7.01627e-06 7.01627e-07 1.19277e-05 0.000244166
19229 0.00483631 0 1.16324 0.342263 0 0 7.01627e-07 9.12115e-06 0 1.26293e-05 0.000244166
19329 0.00483561 0 1.16138 0.340904 0 0 1.40325e-06 8.41952e-06 7.01627e-07 1.33309e-05 0.000244166
19429 0.00483491 0 1.15951 0.339563 0 0 7.01627e-07 9.12115e-06 0 1.54358e-05 0.000244166
19529.1 0.00483491 0 1.15774 0.33821 0 0 0 1.33309e-05 0 1.19277e-05 0.000244166
19629.1 0.00483491 0 1.15617 0.337134 0 0 7.01627e-07 1.05244e-05 0 9.82277e-06 0.000246973
19729.1 0.00483351 0 1.15445 0.335868 0 0 0 1.26293e-05 7.01627e-07 1.05244e-05 0.000246973
19829.2 0.0048328 0 1.15246 0.334429 0 0 0 1.19277e-05 7.01627e-07 1.1226e-05 0.000248376
19929.3 0.0048314 0 1.1507 0.333165 0 0 0 1.33309e-05 7.01627e-07 1.26293e-05 0.000248376
20029.3 0.00483 0 1.14901 0.331913 0 0 0 1.26293e-05 0 1.26293e-05 0.000252586
20129.3 0.0048293 0 1.14725 0.330639 0 0 0 1.40325e-05 0 9.82277e-06 0.00025469
20229.3 0.0048293 0 1.14572 0.32951 0 0 0 1.19277e-05 1.40325e-06 1.05244e-05 0.00025469
20329.4 0.00482789 0 1.14393 0.328234 0 0 0 1.05244e-05 0 1.47342e-05 0.000255392
20429.4 0.00482579 0 1.14208 0.326898 0 0 7.01627e-07 1.40325e-05 0 1.47342e-05 0.000255392
20529.4 0.00482438 0 1.14023 0.325539 0 0 7.01627e-07 1.40325e-05 1.40325e-06 1.33309e-05 0.000257497
20629.4 0.00482438 0 1.13851 0.324345 0 0 0 1.26293e-05 7.01627e-07 1.47342e-05 0.0002589
20729.5 0.00482438 0 1.13694 0.323159 0 0 0 1.33309e-05 0 1.47342e-05 0.0002589
20829.5 0.00482438 0 1.13526 0.321986 0 0 1.40325e-06 1.33309e-05 7.01627e-07 1.1226e-05 0.000259602
20929.5 0.00482298 0 1.13381 0.320938 0 0 0 9.82277e-06 7.01627e-07 1.33309e-05 0.00026311
21029.5 0.00482228 0 1.13207 0.319588 0 0 7.01627e-07 9.82277e-06 7.01627e-07 1.40325e-05 0.00026311
21129.5 0.00482158 0 1.13044 0.318364 0 0 0 1.26293e-05 7.01627e-07 1.19277e-05 0.000264513
21229.6 0.00482158 0 1.12871 0.317167 0 0 0 1.33309e-05 0 1.19277e-05 0.000264513
21329.6 0.00482158 0 1.12717 0.316056 0 0 7.01627e-07 9.82277e-06 0 1.05244e-05 0.000268723
21429.6 0.00482158 0 1.1257 0.31503 0 0 0 7.01627e-06 7.01627e-07 1.19277e-05 0.000270126
21529.6 0.00482088 0 1.12389 0.31378 0 0 0 8.41952e-06 7.01627e-07 1.19277e-05 0.000270126
21629.6 0.00482017 0 1.12207 0.31249 0 0 0 9.12115e-06 7.01627e-07 1.26293e-05 0.000270126
21729.6 0.00481947 0 1.12029 0.311224 0 0 1.40325e-06 1.1226e-05 7.01627e-07 9.12115e-06 0.000271529
21829.7 0.00481877 0 1.1184 0.309966 0 0 0 1.19277e-05 7.01627e-07 1.1226e-05 0.000271529
21929.7 0.00481877 0 1.11673 0.308784 0 0 0 1.1226e-05 1.40325e-06 1.1226e-05 0.000271529
22029.7 0.00481807 0 1.11498 0.307537 0 0 7.01627e-07 1.19277e-05 0 1.26293e-05 0.000271529
22129.7 0.00481737 0 1.11336 0.306357 0 0 7.01627e-07 1.47342e-05 7.01627e-07 7.71789e-06 0.000273634
22229.7 0.00481737 0 1.11169 0.305205 0 0 7.01627e-07 1.19277e-05 0 1.1226e-05 0.000273634
22329.7 0.00481596 0 1.11004 0.304036 0 0 0 1.19277e-05 7.01627e-07 1.26293e-05 0.000275038
22429.8 0.00481526 0 1.10821 0.302767 0 0 7.01627e-07 1.19277e-05 7.01627e-07 1.19277e-05 0.000275739
22529.8 0.00481456 0 1.10647 0.301528 0 0 7.01627e-07 1.26293e-05 7.01627e-07 1.26293e-05 0.000275739
22629.8 0.00481316 0 1.10459 0.300243 0 0 0 1.89439e-05 7.01627e-07 9.82277e-06 0.000275739
22729.8 0.00481316 0 1.10282 0.299049 0 0 7.01627e-07 1.54358e-05 1.40325e-06 1.05244e-05 0.000276441
22829.8 0.00481175 0 1.1009 0.297769 0 0 7.01627e-07 1.19277e-05 7.01627e-07 1.75407e-05 0.000276441
22929.8 0.00481175 0 1.09908 0.296542 0 0 7.01627e-07 1.40325e-05 0 1.61374e-05 0.000276441
23029.9 0.00481035 0 1.09719 0.295311 0 0 7.01627e-07 1.61374e-05 7.01627e-07 1.47342e-05 0.000277844
23129.9 0.00481035 0 1.09538 0.294114 0 0 7.01627e-07 1.26293e-05 7.01627e-07 1.6839e-05 0.000278546
23229.9 0.00480965 0 1.09356 0.292944 0 0 0 1.6839e-05 7.01627e-07 1.47342e-05 0.000278546
23329.9 0.00480895 0 1.09178 0.291759 0 0 1.40325e-06 1.61374e-05 0 1.47342e-05 0.000279247
23429.9 0.00480755 0 1.09009 0.290569 0 0 7.01627e-07 1.82423e-05 7.01627e-07 1.54358e-05 0.000279247
23529.9 0.00480684 0 1.08818 0.289307 0 0 0 1.6839e-05 7.01627e-07 1.75407e-05 0.000280651
23629.9 0.00480684 0 1.0866 0.288203 0 0 0 1.75407e-05 7.01627e-07 1.54358e-05 0.000281352
23729.9 0.00480684 0 1.08504 0.287151 0 0 0 1.75407e-05 7.01627e-07 1.40325e-05 0.000282054
23830 0.00480684 0 1.08351 0.286072 0 0 7.01627e-07 1.33309e-05 0 1.82423e-05 0.000282054
23930 0.00480684 0 1.08185 0.284905 0 0 0 1.6839e-05 0 1.54358e-05 0.000282054
24030 0.00480544 0 1.07998 0.283675 0 0 0 1.6839e-05 0 1.54358e-05 0.000283457
24130 0.00480334 0 1.07808 0.282401 0 0 7.01627e-07 2.17504e-05 7.01627e-07 1.33309e-05 0.000283457
24230 0.00480334 0 1.07644 0.281286 0 0 7.01627e-07 1.82423e-05 0 1.47342e-05 0.000285562
24330 0.00480334 0 1.07496 0.280252 0 0 0 1.6839e-05 0 1.6839e-05 0.000285562
24430 0.00480123 0 1.07341 0.279181 0 0 1.40325e-06 1.33309e-05 7.01627e-07 1.96455e-05 0.000287667
24530.1 0.00480123 0 1.07131 0.277902 0 0 7.01627e-07 1.96455e-05 7.01627e-07 1.40325e-05 0.000287667
24630.2 0.00479983 0 1.06957 0.276762 0 0 0 1.61374e-05 7.01627e-07 1.96455e-05 0.00028907
24730.3 0.00479913 0 1.06783 0.275637 0 0 0 1.96455e-05 7.01627e-07 1.75407e-05 0.00028907
24830.3 0.00479772 0 1.06605 0.274459 0 0 1.40325e-06 1.82423e-05 7.01627e-07 2.03472e-05 0.00028907
24930.4 0.00479632 0 1.0643 0.273324 0 0 7.01627e-07 2.10488e-05 2.80651e-06 1.61374e-05 0.000290473
25030.4 0.00479632 0 1.0625 0.272201 0 0 7.01627e-07 1.6839e-05 7.01627e-07 2.10488e-05 0.000291877
25130.4 0.00479421 0 1.06069 0.271055 0 0 0 2.10488e-05 1.40325e-06 1.96455e-05 0.00029328
25230.5 0.00479351 0 1.05892 0.269895 0 0 0 2.31537e-05 2.10488e-06 1.82423e-05 0.00029328
25330.5 0.00479281 0 1.0572 0.268788 0 0 0 1.6839e-05 1.40325e-06 2.24521e-05 0.000296086
25430.5 0.00479281 0 1.05552 0.267703 0 0 1.40325e-06 2.31537e-05 0 1.61374e-05 0.000296086
25530.6 0.00479281 0 1.05388 0.266605 0 0 0 1.47342e-05 0 2.45569e-05 0.00029749
25630.7 0.00479141 0 1.05221 0.26551 0 0 7.01627e-07 2.17504e-05 0 1.82423e-05 0.000298191
25730.7 0.00479071 0 1.05048 0.264412 0 0 1.40325e-06 2.38553e-05 7.01627e-07 1.47342e-05 0.000299595
25830.7 0.00479071 0 1.04898 0.263414 0 0 7.01627e-07 1.33309e-05 1.40325e-06 2.24521e-05 0.000301699
25930.8 0.0047886 0 1.04744 0.262359 0 0 0 2.03472e-05 1.40325e-06 1.75407e-05 0.000303804
26030.8 0.0047879 0 1.04564 0.26126 0 0 7.01627e-07 2.17504e-05 7.01627e-07 1.61374e-05 0.000305208
26130.8 0.0047865 0 1.04399 0.260226 0 0 1.40325e-06 1.61374e-05 0 2.17504e-05 0.000308014
26230.9 0.00478579 0 1.04233 0.259183 0 0 7.01627e-07 2.24521e-05 7.01627e-07 1.54358e-05 0.000309417
26330.9 0.00478439 0 1.0405 0.258024 0 0 0 2.52586e-05 1.40325e-06 1.54358e-05 0.000309417
26430.9 0.00478229 0 1.03869 0.256858 0 0 0 2.80651e-05 7.01627e-07 1.75407e-05 0.000309417
26530.9 0.00478159 0 1.03674 0.255638 0 0 7.01627e-07 2.52586e-05 0 2.17504e-05 0.000309417
26630.9 0.00478159 0 1.03491 0.254533 0 0 0 2.52586e-05 1.40325e-06 1.96455e-05 0.000310119
26731 0.00478088 0 1.03329 0.253487 0 0 2.10488e-06 2.17504e-05 1.40325e-06 1.96455e-05 0.000312224
26831 0.00478018 0 1.03143 0.252358 0 0 0 2.59602e-05 1.40325e-06 1.89439e-05 0.000312224
26931 0.00477948 0 1.02975 0.251319 0 0 7.01627e-07 2.31537e-05 7.01627e-07 1.89439e-05 0.000315732
27031 0.00477738 0 1.02811 0.250312 0 0 7.01627e-07 2.59602e-05 1.40325e-06 1.6839e-05 0.000318538
27131 0.00477667 0 1.02632 0.249196 0 0 0 2.31537e-05 7.01627e-07 2.10488e-05 0.00031924
27231.1 0.00477597 0 1.0246 0.248185 0 0 7.01627e-07 2.10488e-05 2.10488e-06 1.82423e-05 0.000321345
27331.1 0.00477527 0 1.02294 0.247178 0 0 1.40325e-06 2.66618e-05 7.01627e-07 1.19277e-05 0.00032345
27431.1 0.00477527 0 1.02124 0.246159 0 0 0 1.75407e-05 7.01627e-07 1.6839e-05 0.00032766
27531.1 0.00477457 0 1.01971 0.24526 0 0 2.80651e-06 2.03472e-05 2.80651e-06 7.71789e-06 0.000329764
27631.1 0.00477317 0 1.01793 0.244177 0 0 0 2.03472e-05 1.40325e-06 1.33309e-05 0.000330466
27731.1 0.00477246 0 1.01625 0.243091 0 0 1.40325e-06 1.54358e-05 0 1.82423e-05 0.000331168
27831.2 0.00477176 0 1.01456 0.242052 0 0 7.01627e-07 1.61374e-05 2.10488e-06 1.61374e-05 0.000332571
27931.2 0.00477176 0 1.01284 0.241022 0 0 7.01627e-07 2.17504e-05 0 1.1226e-05 0.000333974
28031.2 0.00477176 0 1.01134 0.240017 0 0 1.40325e-06 1.54358e-05 0 1.6839e-05 0.000333974
28131.3 0.00477176 0 1.00977 0.239052 0 0 0 1.1226e-05 7.01627e-07 1.75407e-05 0.000337482
28231.3 0.00477176 0 1.00828 0.238118 0 0 7.01627e-07 1.82423e-05 1.40325e-06 7.71789e-06 0.000338886
28331.3 0.00477106 0 1.00672 0.237162 0 0 0 9.82277e-06 7.01627e-07 1.61374e-05 0.000341692
28431.3 0.00476966 0 1.00499 0.236175 0 0 1.40325e-06 1.1226e-05 7.01627e-07 1.33309e-05 0.000344499
28531.5 0.00476825 0 1.00323 0.2351 0 0 0 1.47342e-05 1.40325e-06 1.19277e-05 0.0003452
28631.5 0.00476825 0 1.00162 0.234144 0 0 0 1.40325e-05 1.40325e-06 9.82277e-06 0.000348007
28731.5 0.00476825 0 1.00009 0.233233 0 0 7.01627e-07 1.26293e-05 0 1.05244e-05 0.00034941
28831.6 0.00476755 0 0.998338 0.232213 0 0 0 1.47342e-05 1.40325e-06 7.71789e-06 0.000350112
28931.7 0.00476755 0 0.996632 0.231178 0 0 7.01627e-07 1.05244e-05 0 1.26293e-05 0.000350112
29031.7 0.00476685 0 0.994946 0.230185 0 0 0 1.05244e-05 7.01627e-07 1.26293e-05 0.000351515
29131.7 0.00476545 0 0.992999 0.229117 0 0 7.01627e-07 1.19277e-05 2.10488e-06 1.19277e-05 0.000351515
29231.8 0.00476334 0 0.990992 0.227991 0 0 1.40325e-06 1.19277e-05 0 1.75407e-05 0.000351515
29331.8 0.00476334 0 0.989185 0.226968 0 0 0 1.19277e-05 1.40325e-06 1.47342e-05 0.000354321
29431.8 0.00476334 0 0.987758 0.226115 0 0 0 1.54358e-05 0 1.1226e-05 0.000355725
29531.9 0.00476264 0 0.986187 0.225193 0 0 7.01627e-07 1.54358e-05 0 1.05244e-05 0.000357128
29631.9 0.00476194 0 0.98464 0.224248 0 0 7.01627e-07 1.61374e-05 0 9.82277e-06 0.000358531
29732 0.00476124 0 0.982955 0.22328 0 0 0 1.19277e-05 7.01627e-07 1.26293e-05 0.000361338
29832.1 0.00475983 0 0.981342 0.222324 0 0 0 1.1226e-05 0 1.54358e-05 0.000362039
29932.2 0.00475843 0 0.979551 0.221282 0 0 0 1.61374e-05 7.01627e-07 1.1226e-05 0.000362741
