203.07    7125    2    2.14498e+06    918968    0    0    0    0    0    0    2
403.111    7123    0    2.13802e+06    911891    0    0    0    1    1    0    4
603.12    7117    0    2.13186e+06    905611    0    0    0    0    1    3    12
803.144    7115    0    2.12652e+06    900074    0    0    0    0    1    1    17
1003.76    7113    0    2.12194e+06    895249    0    0    0    0    1    1    19
1203.83    7111    0    2.11684e+06    890115    0    0    0    1    1    0    23
1403.83    7110    0    2.11526e+06    888496    0    0    0    0    0    2    25
1648.58    7107    2    2.10973e+06    882936    0    0    0    0    0    0    29
1848.7    7104    0    2.10568e+06    878909    0    0    0    1    1    0    34
2048.73    7102    0    2.09936e+06    872506    0    0    0    1    0    3    35
2248.74    7101    0    2.09349e+06    866685    0    0    0    2    0    2    36
2448.74    7098    0    2.08778e+06    860878    0    0    0    0    1    5    40
2648.85    7098    0    2.083e+06    856143    0    0    0    1    1    0    43
2848.93    7094    0    2.0772e+06    850468    0    0    0    1    0    5    45
3048.98    7093    0    2.07332e+06    846620    0    0    0    0    1    3    49
3249.04    7091    0    2.0677e+06    841151    0    0    0    0    1    3    52
3449.08    7090    0    2.06283e+06    836191    0    0    0    1    0    1    55
3649.08    7089    0    2.05838e+06    831814    0    0    0    1    0    3    55
3849.18    7085    0    2.05207e+06    825631    0    0    0    1    0    3    61
4049.2    7084    0    2.04562e+06    819372    0    0    0    0    1    1    65
4249.25    7084    0    2.04332e+06    817006    0    0    0    0    1    1    65
4449.3    7083    0    2.03546e+06    809470    0    0    0    1    1    0    66
4649.34    7080    0    2.02972e+06    803942    0    0    0    2    1    5    66
4849.34    7078    0    2.02171e+06    796390    0    0    1    1    0    2    72
5049.39    7077    0    2.01909e+06    793875    0    0    0    1    1    0    75
5249.44    7076    0    2.01473e+06    789698    0    0    0    2    0    2    75
5449.46    7074    0    2.01022e+06    785288    0    0    0    0    0    2    80
5649.47    7072    0    2.00421e+06    779603    0    0    0    3    0    1    81
5930.5    7070    2    2.00097e+06    776552    0    0    0    0    0    0    86
6130.66    7068    0    1.99268e+06    768603    0    0    0    1    0    1    89
6330.67    7064    0    1.98795e+06    764197    0    0    0    3    0    1    94
6530.77    7063    0    1.98291e+06    759640    0    0    0    0    0    2    98
6731.06    7059    0    1.97982e+06    756844    0    0    0    0    1    1    105
6931.07    7057    0    1.97506e+06    752346    0    0    0    3    0    1    107
7131.08    7056    0    1.97184e+06    749463    0    0    0    0    0    2    110
7423.22    7054    2    1.96704e+06    745111    0    0    0    0    0    0    113
7623.24    7054    0    1.96246e+06    740785    0    0    0    0    0    2    113
7823.24    7054    0    1.95762e+06    736185    0    0    0    2    0    0    113
8023.29    7051    0    1.95048e+06    729634    0    0    0    0    1    1    117
8223.32    7047    0    1.9434e+06    723113    0    0    0    1    0    1    125
8423.34    7043    0    1.93826e+06    718530    0    0    0    2    1    5    127
8623.35    7043    0    1.92974e+06    710782    0    0    0    2    1    1    130
8823.43    7040    0    1.92509e+06    706578    0    0    0    3    0    3    133
9023.57    7039    0    1.92174e+06    703533    0    0    0    1    1    2    136
9223.62    7037    0    1.91661e+06    698795    0    0    0    2    1    1    139
9423.63    7032    0    1.90842e+06    691486    0    0    0    4    0    4    144
9623.93    7030    0    1.90253e+06    686274    0    0    0    2    1    1    149
9823.95    7026    0    1.899e+06    683159    0    0    0    5    0    7    149
10024    7024    0    1.89235e+06    677198    0    0    0    6    1    3    153
10224    7021    0    1.88667e+06    672162    0    0    0    4    2    6    156
10424    7018    0    1.8807e+06    666976    0    0    1    8    0    5    159
10624    7014    0    1.87385e+06    661156    0    0    1    7    0    10    161
10824    7011    0    1.86847e+06    656441    0    0    0    4    1    11    166
11024    7009    0    1.86286e+06    651615    0    0    0    4    1    11    168
11224.1    7007    0    1.85799e+06    647409    0    0    0    5    1    12    169
11424.1    7006    0    1.8532e+06    643189    0    0    0    7    0    9    173
11624.1    7003    0    1.84832e+06    639105    0    0    0    7    2    11    174
11824.1    6999    0    1.84405e+06    635505    0    0    0    8    1    9    183
12024.1    6995    0    1.83796e+06    630302    0    0    1    11    0    8    189
12224.2    6992    0    1.83194e+06    625216    0    0    0    6    1    13    195
12424.3    6988    0    1.82703e+06    621125    0    0    0    9    1    12    201
12624.3    6985    0    1.82206e+06    617008    0    0    0    13    0    11    205
12824.4    6981    0    1.81678e+06    612611    0    0    0    7    1    18    210
13024.4    6981    0    1.81221e+06    608753    0    0    0    11    1    8    214
13224.4    6976    0    1.8066e+06    604138    0    0    2    7    0    15    220
13424.5    6973    0    1.80189e+06    600284    0    0    0    13    1    12    223
13624.5    6971    0    1.79666e+06    595970    0    0    1    12    0    11    227
13824.5    6971    0    1.7929e+06    592910    0    0    0    6    1    9    234
14024.5    6968    0    1.78808e+06    588982    0    0    0    14    0    8    234
14224.5    6964    0    1.78161e+06    583841    0    0    0    12    0    12    238
14424.5    6962    0    1.77639e+06    579609    0    0    0    11    1    14    240
14624.6    6959    0    1.77151e+06    575689    0    0    0    8    1    19    244
14824.6    6956    0    1.76672e+06    571885    0    0    0    12    0    12    251
15024.6    6954    0    1.76159e+06    567833    0    0    1    11    1    11    254
15224.6    6952    0    1.75678e+06    564001    0    0    0    10    0    14    257
15424.6    6948    0    1.75163e+06    559871    0    0    0    7    2    17    261
15624.6    6945    0    1.74608e+06    555479    0    0    0    12    0    14    264
15824.7    6944    0    1.74213e+06    552320    0    0    0    8    0    14    269
16024.7    6940    0    1.73664e+06    547851    0    0    0    11    0    15    272
16224.7    6938    0    1.73188e+06    544169    0    0    0    15    0    9    277
16424.7    6937    0    1.7277e+06    540955    0    0    0    8    0    12    283
16624.7    6935    0    1.72328e+06    537562    0    0    0    5    1    10    290
16824.8    6933    0    1.7195e+06    534641    0    0    0    5    1    10    292
17024.8    6930    0    1.71316e+06    529768    0    0    0    7    1    8    298
17224.9    6930    0    1.7093e+06    526878    0    0    0    4    1    7    301
17424.9    6926    0    1.70357e+06    522627    0    0    0    7    1    8    304
17624.9    6924    0    1.69894e+06    519137    0    0    1    5    0    8    308
17824.9    6923    0    1.69463e+06    515842    0    0    0    4    1    5    312
18025    6920    0    1.6899e+06    512310    0    0    0    8    1    1    317
18225    6919    0    1.68537e+06    509015    0    0    0    5    0    5    319
18425    6916    0    1.68115e+06    505821    0    0    0    4    0    6    325
18625    6915    0    1.6772e+06    502783    0    0    0    2    1    3    329
18825.1    6913    0    1.67238e+06    499276    0    0    0    3    1    2    333
19025.1    6909    0    1.66629e+06    494740    0    0    0    4    1    1    339
19225.1    6908    0    1.66216e+06    491644    0    0    0    3    1    4    339
19425.1    6903    0    1.65481e+06    486257    0    0    1    5    0    4    345
19625.3    6903    0    1.65124e+06    483560    0    0    0    2    1    3    349
19825.3    6903    0    1.64874e+06    481617    0    0    0    0    0    4    350
20025.4    6900    0    1.64258e+06    477144    0    0    0    1    0    3    353
20225.4    6897    0    1.63703e+06    473077    0    0    0    3    1    0    358
20425.4    6896    0    1.63346e+06    470475    0    0    0    1    1    2    360
20625.4    6893    0    1.63007e+06    468054    0    0    0    3    0    5    362
20825.5    6893    0    1.62519e+06    464555    0    0    0    0    0    2    367
21025.5    6891    0    1.62012e+06    460828    0    0    0    2    0    2    369
21225.5    6887    0    1.61195e+06    454767    0    0    0    3    1    2    374
21425.5    6886    0    1.60806e+06    451945    0    0    0    1    1    0    379
21625.8    6885    0    1.60613e+06    450512    0    0    0    0    1    1    380
21825.9    6882    0    1.59931e+06    445699    0    0    0    0    1    1    384
22025.9    6880    0    1.59378e+06    441920    0    0    1    1    0    4    384
22226    6878    0    1.58501e+06    435748    0    0    0    2    0    2    389
22426    6875    0    1.5813e+06    433146    0    0    0    2    0    4    392
22626    6873    0    1.57657e+06    429906    0    0    0    1    0    3    397
22826    6873    0    1.57394e+06    428101    0    0    1    0    0    1    398
23026.2    6872    0    1.57029e+06    425567    0    0    0    0    1    1    399
23226.2    6868    0    1.56359e+06    421009    0    0    0    1    0    1    407
23426.2    6867    0    1.5593e+06    418072    0    0    0    0    1    1    409
23626.2    6866    0    1.55655e+06    416210    0    0    0    1    0    1    410
23867.4    6861    2    1.55138e+06    412805    0    0    0    0    0    0    418
24067.5    6861    0    1.5471e+06    409930    0    0    0    0    0    2    418
24274.1    6859    2    1.54406e+06    407790    0    0    0    0    0    0    420
24474.2    6855    0    1.53774e+06    403510    0    0    0    0    1    1    427
24674.2    6853    0    1.53253e+06    399980    0    0    0    1    0    3    428
24874.2    6851    0    1.52829e+06    397176    0    0    0    2    1    1    430
25074.5    6846    0    1.5182e+06    390623    0    0    0    0    1    1    439
25274.6    6846    0    1.51641e+06    389427    0    0    0    0    1    1    439
25474.7    6844    0    1.51022e+06    385450    0    0    0    0    1    1    443
25674.8    6841    0    1.50562e+06    382465    0    0    0    1    0    1    448
25874.9    6837    0    1.49988e+06    378720    0    0    0    2    1    1    453
26074.9    6835    0    1.49493e+06    375493    0    0    0    2    1    3    454
26275    6832    0    1.48905e+06    371714    0    0    0    0    1    3    461
26475    6827    0    1.48355e+06    368222    0    0    0    4    2    2    465
26675    6822    0    1.47563e+06    363296    0    0    0    0    1    3    477
26875.2    6821    0    1.47215e+06    360983    0    0    0    1    1    2    478
27075.4    6821    0    1.46945e+06    359340    0    0    0    0    0    2    479
27275.4    6818    0    1.46416e+06    356065    0    0    0    3    0    1    482
27475.5    6812    0    1.45376e+06    349767    0    0    0    3    0    3    489
27675.5    6809    0    1.44874e+06    346669    0    0    1    5    0    4    491
27875.5    6809    0    1.44118e+06    342198    0    0    0    8    0    2    491
28075.5    6809    0    1.43624e+06    339177    0    0    0    6    1    3    491
28275.6    6806    0    1.4313e+06    336220    0    0    0    6    2    4    494
28475.6    6806    0    1.42684e+06    333536    0    0    0    5    0    1    499
28675.8    6804    0    1.42378e+06    331748    0    0    0    4    0    4    501
28875.9    6802    0    1.4186e+06    328539    0    0    0    3    0    3    507
29075.9    6796    0    1.41178e+06    324613    0    0    0    10    0    2    511
29276    6795    0    1.40697e+06    321823    0    0    0    2    1    5    516
29476    6792    0    1.40042e+06    318112    0    0    0    6    0    4    519
29676    6790    0    1.39662e+06    315840    0    0    0    5    1    2    523
29876    6786    0    1.39249e+06    313489    0    0    0    8    0    2    527
