203.07 0.00499909 1.40325e-06 1.50497 0.644772 0 0 0 0 0 0 1.40325e-06
403.111 0.00499769 0 1.50009 0.639807 0 0 0 7.01627e-07 7.01627e-07 0 2.80651e-06
603.12 0.00499348 0 1.49577 0.635401 0 0 0 0 7.01627e-07 2.10488e-06 8.41952e-06
803.144 0.00499207 0 1.49203 0.631516 0 0 0 0 7.01627e-07 7.01627e-07 1.19277e-05
1003.76 0.00499067 0 1.48881 0.62813 0 0 0 0 7.01627e-07 7.01627e-07 1.33309e-05
1203.83 0.00498927 0 1.48523 0.624528 0 0 0 7.01627e-07 7.01627e-07 0 1.61374e-05
1403.83 0.00498856 0 1.48412 0.623392 0 0 0 0 0 1.40325e-06 1.75407e-05
1648.58 0.00498646 1.40325e-06 1.48024 0.619491 0 0 0 0 0 0 2.03472e-05
1848.7 0.00498436 0 1.4774 0.616666 0 0 0 7.01627e-07 7.01627e-07 0 2.38553e-05
2048.73 0.00498295 0 1.47296 0.612173 0 0 0 7.01627e-07 0 2.10488e-06 2.45569e-05
2248.74 0.00498225 0 1.46885 0.608089 0 0 0 1.40325e-06 0 1.40325e-06 2.52586e-05
2448.74 0.00498015 0 1.46484 0.604015 0 0 0 0 7.01627e-07 3.50813e-06 2.80651e-05
2648.85 0.00498015 0 1.46149 0.600693 0 0 0 7.01627e-07 7.01627e-07 0 3.01699e-05
2848.93 0.00497734 0 1.45742 0.596711 0 0 0 7.01627e-07 0 3.50813e-06 3.15732e-05
3048.98 0.00497664 0 1.45469 0.594011 0 0 0 0 7.01627e-07 2.10488e-06 3.43797e-05
3249.04 0.00497523 0 1.45076 0.590174 0 0 0 0 7.01627e-07 2.10488e-06 3.64846e-05
3449.08 0.00497453 0 1.44734 0.586694 0 0 0 7.01627e-07 0 7.01627e-07 3.85895e-05
3649.08 0.00497383 0 1.44422 0.583623 0 0 0 7.01627e-07 0 2.10488e-06 3.85895e-05
3849.18 0.00497102 0 1.43979 0.579285 0 0 0 7.01627e-07 0 2.10488e-06 4.27992e-05
4049.2 0.00497032 0 1.43526 0.574893 0 0 0 0 7.01627e-07 7.01627e-07 4.56057e-05
4249.25 0.00497032 0 1.43365 0.573233 0 0 0 0 7.01627e-07 7.01627e-07 4.56057e-05
4449.3 0.00496962 0 1.42813 0.567946 0 0 0 7.01627e-07 7.01627e-07 0 4.63074e-05
4649.34 0.00496752 0 1.42411 0.564067 0 0 0 1.40325e-06 7.01627e-07 3.50813e-06 4.63074e-05
4849.34 0.00496611 0 1.41848 0.558768 0 0 7.01627e-07 7.01627e-07 0 1.40325e-06 5.05171e-05
5049.39 0.00496541 0 1.41665 0.557004 0 0 0 7.01627e-07 7.01627e-07 0 5.2622e-05
5249.44 0.00496471 0 1.41359 0.554073 0 0 0 1.40325e-06 0 1.40325e-06 5.2622e-05
5449.46 0.00496331 0 1.41043 0.550979 0 0 0 0 0 1.40325e-06 5.61301e-05
5649.47 0.0049619 0 1.40621 0.54699 0 0 0 2.10488e-06 0 7.01627e-07 5.68318e-05
5930.5 0.0049605 1.40325e-06 1.40394 0.54485 0 0 0 0 0 0 6.03399e-05
6130.66 0.0049591 0 1.39811 0.539272 0 0 0 7.01627e-07 0 7.01627e-07 6.24448e-05
6330.67 0.00495629 0 1.3948 0.536181 0 0 0 2.10488e-06 0 7.01627e-07 6.59529e-05
6530.77 0.00495559 0 1.39126 0.532984 0 0 0 0 0 1.40325e-06 6.87594e-05
6731.06 0.00495278 0 1.3891 0.531022 0 0 0 0 7.01627e-07 7.01627e-07 7.36708e-05
6931.07 0.00495138 0 1.38575 0.527866 0 0 0 2.10488e-06 0 7.01627e-07 7.5074e-05
7131.08 0.00495068 0 1.3835 0.525843 0 0 0 0 0 1.40325e-06 7.71789e-05
7423.22 0.00494927 1.40325e-06 1.38013 0.52279 0 0 0 0 0 0 7.92838e-05
7623.24 0.00494927 0 1.37692 0.519754 0 0 0 0 0 1.40325e-06 7.92838e-05
7823.24 0.00494927 0 1.37352 0.516527 0 0 0 1.40325e-06 0 0 7.92838e-05
8023.29 0.00494717 0 1.36851 0.511931 0 0 0 0 7.01627e-07 7.01627e-07 8.20903e-05
8223.32 0.00494436 0 1.36354 0.507355 0 0 0 7.01627e-07 0 7.01627e-07 8.77033e-05
8423.34 0.00494156 0 1.35994 0.50414 0 0 0 1.40325e-06 7.01627e-07 3.50813e-06 8.91066e-05
8623.35 0.00494156 0 1.35396 0.498704 0 0 0 1.40325e-06 7.01627e-07 7.01627e-07 9.12115e-05
8823.43 0.00493945 0 1.35069 0.495754 0 0 0 2.10488e-06 0 2.10488e-06 9.33163e-05
9023.57 0.00493875 0 1.34834 0.493617 0 0 0 7.01627e-07 7.01627e-07 1.40325e-06 9.54212e-05
9223.62 0.00493735 0 1.34474 0.490293 0 0 0 1.40325e-06 7.01627e-07 7.01627e-07 9.75261e-05
9423.63 0.00493384 0 1.339 0.485165 0 0 0 2.80651e-06 0 2.80651e-06 0.000101034
9623.93 0.00493243 0 1.33487 0.481508 0 0 0 1.40325e-06 7.01627e-07 7.01627e-07 0.000104542
9823.95 0.00492963 0 1.33239 0.479323 0 0 0 3.50813e-06 0 4.91139e-06 0.000104542
10024 0.00492822 0 1.32773 0.47514 0 0 0 4.20976e-06 7.01627e-07 2.10488e-06 0.000107349
10224 0.00492612 0 1.32374 0.471607 0 0 0 2.80651e-06 1.40325e-06 4.20976e-06 0.000109454
10424 0.00492402 0 1.31955 0.467968 0 0 7.01627e-07 5.61301e-06 0 3.50813e-06 0.000111559
10624 0.00492121 0 1.31474 0.463885 0 0 7.01627e-07 4.91139e-06 0 7.01627e-06 0.000112962
10824 0.0049191 0 1.31097 0.460576 0 0 0 2.80651e-06 7.01627e-07 7.71789e-06 0.00011647
11024 0.0049177 0 1.30703 0.45719 0 0 0 2.80651e-06 7.01627e-07 7.71789e-06 0.000117873
11224.1 0.0049163 0 1.30361 0.454239 0 0 0 3.50813e-06 7.01627e-07 8.41952e-06 0.000118575
11424.1 0.0049156 0 1.30025 0.451278 0 0 0 4.91139e-06 0 6.31464e-06 0.000121381
11624.1 0.00491349 0 1.29683 0.448413 0 0 0 4.91139e-06 1.40325e-06 7.71789e-06 0.000122083
11824.1 0.00491068 0 1.29384 0.445887 0 0 0 5.61301e-06 7.01627e-07 6.31464e-06 0.000128398
12024.1 0.00490788 0 1.28956 0.442237 0 0 7.01627e-07 7.71789e-06 0 5.61301e-06 0.000132607
12224.2 0.00490577 0 1.28534 0.438668 0 0 0 4.20976e-06 7.01627e-07 9.12115e-06 0.000136817
12424.3 0.00490297 0 1.28189 0.435798 0 0 0 6.31464e-06 7.01627e-07 8.41952e-06 0.000141027
12624.3 0.00490086 0 1.27841 0.432909 0 0 0 9.12115e-06 0 7.71789e-06 0.000143833
12824.4 0.00489806 0 1.2747 0.429824 0 0 0 4.91139e-06 7.01627e-07 1.26293e-05 0.000147342
13024.4 0.00489806 0 1.27149 0.427117 0 0 0 7.71789e-06 7.01627e-07 5.61301e-06 0.000150148
13224.4 0.00489455 0 1.26756 0.423879 0 0 1.40325e-06 4.91139e-06 0 1.05244e-05 0.000154358
13424.5 0.00489244 0 1.26426 0.421175 0 0 0 9.12115e-06 7.01627e-07 8.41952e-06 0.000156463
13624.5 0.00489104 0 1.26058 0.418148 0 0 7.01627e-07 8.41952e-06 0 7.71789e-06 0.000159269
13824.5 0.00489104 0 1.25795 0.416001 0 0 0 4.20976e-06 7.01627e-07 6.31464e-06 0.000164181
14024.5 0.00488893 0 1.25456 0.413245 0 0 0 9.82277e-06 0 5.61301e-06 0.000164181
14224.5 0.00488613 0 1.25002 0.409638 0 0 0 8.41952e-06 0 8.41952e-06 0.000166987
14424.5 0.00488472 0 1.24636 0.406669 0 0 0 7.71789e-06 7.01627e-07 9.82277e-06 0.00016839
14624.6 0.00488262 0 1.24294 0.403919 0 0 0 5.61301e-06 7.01627e-07 1.33309e-05 0.000171197
14824.6 0.00488051 0 1.23958 0.40125 0 0 0 8.41952e-06 0 8.41952e-06 0.000176108
15024.6 0.00487911 0 1.23598 0.398407 0 0 7.01627e-07 7.71789e-06 7.01627e-07 7.71789e-06 0.000178213
15224.6 0.00487771 0 1.2326 0.395718 0 0 0 7.01627e-06 0 9.82277e-06 0.000180318
15424.6 0.0048749 0 1.22899 0.39282 0 0 0 4.91139e-06 1.40325e-06 1.19277e-05 0.000183125
15624.6 0.0048728 0 1.2251 0.389739 0 0 0 8.41952e-06 0 9.82277e-06 0.000185229
15824.7 0.00487209 0 1.22232 0.387522 0 0 0 5.61301e-06 0 9.82277e-06 0.000188738
16024.7 0.00486929 0 1.21847 0.384387 0 0 0 7.71789e-06 0 1.05244e-05 0.000190842
16224.7 0.00486789 0 1.21513 0.381803 0 0 0 1.05244e-05 0 6.31464e-06 0.000194351
16424.7 0.00486718 0 1.2122 0.379548 0 0 0 5.61301e-06 0 8.41952e-06 0.00019856
16624.7 0.00486578 0 1.2091 0.377168 0 0 0 3.50813e-06 7.01627e-07 7.01627e-06 0.000203472
16824.8 0.00486438 0 1.20645 0.375118 0 0 0 3.50813e-06 7.01627e-07 7.01627e-06 0.000204875
17024.8 0.00486227 0 1.202 0.371699 0 0 0 4.91139e-06 7.01627e-07 5.61301e-06 0.000209085
17224.9 0.00486227 0 1.19929 0.369672 0 0 0 2.80651e-06 7.01627e-07 4.91139e-06 0.00021119
17424.9 0.00485947 0 1.19527 0.366689 0 0 0 4.91139e-06 7.01627e-07 5.61301e-06 0.000213294
17624.9 0.00485806 0 1.19202 0.36424 0 0 7.01627e-07 3.50813e-06 0 5.61301e-06 0.000216101
17824.9 0.00485736 0 1.189 0.361928 0 0 0 2.80651e-06 7.01627e-07 3.50813e-06 0.000218907
18025 0.00485526 0 1.18568 0.35945 0 0 0 5.61301e-06 7.01627e-07 7.01627e-07 0.000222416
18225 0.00485455 0 1.1825 0.357138 0 0 0 3.50813e-06 0 3.50813e-06 0.000223819
18425 0.00485245 0 1.17954 0.354897 0 0 0 2.80651e-06 0 4.20976e-06 0.000228029
18625 0.00485175 0 1.17677 0.352766 0 0 0 1.40325e-06 7.01627e-07 2.10488e-06 0.000230835
18825.1 0.00485034 0 1.17339 0.350305 0 0 0 2.10488e-06 7.01627e-07 1.40325e-06 0.000233642
19025.1 0.00484754 0 1.16911 0.347123 0 0 0 2.80651e-06 7.01627e-07 7.01627e-07 0.000237851
19225.1 0.00484684 0 1.16621 0.34495 0 0 0 2.10488e-06 7.01627e-07 2.80651e-06 0.000237851
19425.1 0.00484333 0 1.16106 0.341171 0 0 7.01627e-07 3.50813e-06 0 2.80651e-06 0.000242061
19625.3 0.00484333 0 1.15856 0.339279 0 0 0 1.40325e-06 7.01627e-07 2.10488e-06 0.000244868
19825.3 0.00484333 0 1.1568 0.337915 0 0 0 0 0 2.80651e-06 0.000245569
20025.4 0.00484122 0 1.15247 0.334777 0 0 0 7.01627e-07 0 2.10488e-06 0.000247674
20225.4 0.00483912 0 1.14858 0.331923 0 0 0 2.10488e-06 7.01627e-07 0 0.000251182
20425.4 0.00483842 0 1.14608 0.330098 0 0 0 7.01627e-07 7.01627e-07 1.40325e-06 0.000252586
20625.4 0.00483631 0 1.1437 0.328399 0 0 0 2.10488e-06 0 3.50813e-06 0.000253989
20825.5 0.00483631 0 1.14028 0.325944 0 0 0 0 0 1.40325e-06 0.000257497
21025.5 0.00483491 0 1.13672 0.323329 0 0 0 1.40325e-06 0 1.40325e-06 0.0002589
21225.5 0.0048321 0 1.13099 0.319077 0 0 0 2.10488e-06 7.01627e-07 1.40325e-06 0.000262408
21425.5 0.0048314 0 1.12826 0.317097 0 0 0 7.01627e-07 7.01627e-07 0 0.000265916
21625.8 0.0048307 0 1.1269 0.316091 0 0 0 0 7.01627e-07 7.01627e-07 0.000266618
21825.9 0.00482859 0 1.12212 0.312714 0 0 0 0 7.01627e-07 7.01627e-07 0.000269425
22025.9 0.00482719 0 1.11824 0.310063 0 0 7.01627e-07 7.01627e-07 0 2.80651e-06 0.000269425
22226 0.00482579 0 1.11209 0.305732 0 0 0 1.40325e-06 0 1.40325e-06 0.000272933
22426 0.00482368 0 1.10948 0.303907 0 0 0 1.40325e-06 0 2.80651e-06 0.000275038
22626 0.00482228 0 1.10616 0.301633 0 0 0 7.01627e-07 0 2.10488e-06 0.000278546
22826 0.00482228 0 1.10432 0.300367 0 0 7.01627e-07 0 0 7.01627e-07 0.000279247
23026.2 0.00482158 0 1.10176 0.298589 0 0 0 0 7.01627e-07 7.01627e-07 0.000279949
23226.2 0.00481877 0 1.09705 0.295391 0 0 0 7.01627e-07 0 7.01627e-07 0.000285562
23426.2 0.00481807 0 1.09405 0.29333 0 0 0 0 7.01627e-07 7.01627e-07 0.000286965
23626.2 0.00481737 0 1.09211 0.292024 0 0 0 7.01627e-07 0 7.01627e-07 0.000287667
23867.4 0.00481386 1.40325e-06 1.08849 0.289635 0 0 0 0 0 0 0.00029328
24067.5 0.00481386 0 1.08549 0.287618 0 0 0 0 0 1.40325e-06 0.00029328
24274.1 0.00481246 1.40325e-06 1.08335 0.286116 0 0 0 0 0 0 0.000294683
24474.2 0.00480965 0 1.07892 0.283113 0 0 0 0 7.01627e-07 7.01627e-07 0.000299595
24674.2 0.00480825 0 1.07526 0.280637 0 0 0 7.01627e-07 0 2.10488e-06 0.000300296
24874.2 0.00480684 0 1.07229 0.278669 0 0 0 1.40325e-06 7.01627e-07 7.01627e-07 0.000301699
25074.5 0.00480334 0 1.06521 0.274071 0 0 0 0 7.01627e-07 7.01627e-07 0.000308014
25274.6 0.00480334 0 1.06396 0.273232 0 0 0 0 7.01627e-07 7.01627e-07 0.000308014
25474.7 0.00480193 0 1.05961 0.270442 0 0 0 0 7.01627e-07 7.01627e-07 0.000310821
25674.8 0.00479983 0 1.05638 0.268348 0 0 0 7.01627e-07 0 7.01627e-07 0.000314329
25874.9 0.00479702 0 1.05235 0.26572 0 0 0 1.40325e-06 7.01627e-07 7.01627e-07 0.000317837
26074.9 0.00479562 0 1.04888 0.263456 0 0 0 1.40325e-06 7.01627e-07 2.10488e-06 0.000318538
26275 0.00479351 0 1.04476 0.260804 0 0 0 0 7.01627e-07 2.10488e-06 0.00032345
26475 0.00479 0 1.0409 0.258354 0 0 0 2.80651e-06 1.40325e-06 1.40325e-06 0.000326256
26675 0.0047865 0 1.03534 0.254898 0 0 0 0 7.01627e-07 2.10488e-06 0.000334676
26875.2 0.00478579 0 1.0329 0.253275 0 0 0 7.01627e-07 7.01627e-07 1.40325e-06 0.000335377
27075.4 0.00478579 0 1.031 0.252122 0 0 0 0 0 1.40325e-06 0.000336079
27275.4 0.00478369 0 1.02729 0.249825 0 0 0 2.10488e-06 0 7.01627e-07 0.000338184
27475.5 0.00477948 0 1.01999 0.245406 0 0 0 2.10488e-06 0 2.10488e-06 0.000343095
27675.5 0.00477738 0 1.01647 0.243232 0 0 7.01627e-07 3.50813e-06 0 2.80651e-06 0.000344499
27875.5 0.00477738 0 1.01117 0.240095 0 0 0 5.61301e-06 0 1.40325e-06 0.000344499
28075.5 0.00477738 0 1.0077 0.237976 0 0 0 4.20976e-06 7.01627e-07 2.10488e-06 0.000344499
28275.6 0.00477527 0 1.00424 0.235901 0 0 0 4.20976e-06 1.40325e-06 2.80651e-06 0.000346604
28475.6 0.00477527 0 1.00111 0.234018 0 0 0 3.50813e-06 0 7.01627e-07 0.000350112
28675.8 0.00477387 0 0.998965 0.232763 0 0 0 2.80651e-06 0 2.80651e-06 0.000351515
28875.9 0.00477246 0 0.995325 0.230512 0 0 0 2.10488e-06 0 2.10488e-06 0.000355725
29075.9 0.00476825 0 0.990544 0.227757 0 0 0 7.01627e-06 0 1.40325e-06 0.000358531
29276 0.00476755 0 0.987167 0.2258 0 0 0 1.40325e-06 7.01627e-07 3.50813e-06 0.000362039
29476 0.00476545 0 0.98257 0.223196 0 0 0 4.20976e-06 0 2.80651e-06 0.000364144
29676 0.00476404 0 0.979904 0.221602 0 0 0 3.50813e-06 7.01627e-07 1.40325e-06 0.000366951
29876 0.00476124 0 0.977011 0.219952 0 0 0 5.61301e-06 0 1.40325e-06 0.000369757
