203.07    7125    2    2.14498e+06    918968    0    0    0    0    0    0    2
253.073    7124    0    2.14296e+06    916866    0    0    0    2    1    1    2
303.1    7123    0    2.14116e+06    915007    0    0    0    2    1    3    2
353.138    7122    0    2.14004e+06    913788    0    0    0    0    0    6    4
403.143    7122    0    2.13841e+06    912251    0    0    0    3    0    1    5
453.199    7122    0    2.13738e+06    911231    0    0    0    1    1    2    5
503.253    7122    0    2.13645e+06    910295    0    0    0    0    0    2    6
553.254    7119    0    2.13471e+06    908512    0    0    0    1    0    3    9
603.267    7117    0    2.13273e+06    906488    0    0    0    4    0    2    10
653.281    7117    0    2.1316e+06    905346    0    0    0    3    1    0    12
704.045    7117    0    2.13075e+06    904437    0    0    0    0    0    2    13
754.064    7117    0    2.13006e+06    903764    0    0    0    0    0    2    13
890.956    7116    2    2.12993e+06    903612    0    0    0    0    0    0    15
940.961    7116    0    2.12872e+06    902292    0    0    0    0    0    2    15
990.965    7114    0    2.12683e+06    900331    0    0    0    1    0    3    17
1041.11    7114    0    2.12516e+06    898679    0    0    0    0    1    1    19
1091.12    7113    0    2.12385e+06    897385    0    0    0    1    0    3    19
1141.12    7113    0    2.12239e+06    895924    0    0    0    2    0    2    19
1191.25    7113    0    2.12161e+06    895093    0    0    0    0    0    2    20
1241.25    7113    0    2.1207e+06    894141    0    0    0    0    2    0    20
1291.25    7112    0    2.11924e+06    892601    0    0    0    1    1    2    20
1341.26    7111    0    2.11711e+06    890383    0    0    0    0    1    1    23
1391.28    7110    0    2.11615e+06    889340    0    0    0    1    0    3    23
1507.49    7109    2    2.11591e+06    889096    0    0    0    0    0    0    26
1557.53    7109    0    2.11466e+06    887785    0    0    0    0    1    1    26
1607.54    7108    0    2.11308e+06    886193    0    0    0    1    0    3    26
1657.63    7107    0    2.1109e+06    883994    0    0    0    0    1    3    27
1707.63    7106    0    2.10926e+06    882467    0    0    0    2    1    3    27
1757.68    7105    0    2.10741e+06    880630    0    0    0    3    0    3    29
1807.73    7105    0    2.10617e+06    879413    0    0    0    1    0    3    30
1857.74    7105    0    2.10524e+06    878546    0    0    0    1    0    3    30
1907.76    7105    0    2.10403e+06    877310    0    0    0    0    1    3    30
1957.77    7104    0    2.10264e+06    875880    0    0    0    1    0    5    30
2007.78    7104    0    2.10098e+06    874172    0    0    0    0    0    6    30
2057.84    7103    0    2.09957e+06    872785    0    0    0    3    0    5    30
2107.85    7103    0    2.09796e+06    871157    0    0    0    2    1    5    30
2157.88    7103    0    2.09672e+06    869890    0    0    1    3    0    4    30
2207.88    7102    0    2.0953e+06    868477    0    0    1    7    0    2    30
2257.91    7101    0    2.0936e+06    866792    0    0    0    2    1    7    31
2308    7101    0    2.09255e+06    865733    0    0    0    4    1    3    33
2358.03    7100    0    2.09142e+06    864570    0    0    0    4    1    5    33
2408.06    7099    0    2.0898e+06    862971    0    0    0    6    0    6    33
2458.07    7098    0    2.08824e+06    861342    0    0    0    6    1    7    33
2508.07    7097    0    2.08704e+06    860135    0    0    0    4    0    8    37
2558.09    7096    0    2.08576e+06    858819    0    0    0    3    0    11    37
2608.1    7094    0    2.08435e+06    857355    0    0    0    6    0    12    37
2658.1    7094    0    2.08274e+06    855842    0    0    1    9    0    8    37
2708.11    7094    0    2.08147e+06    854588    0    0    1    7    0    10    37
2758.16    7093    0    2.08021e+06    853360    0    0    0    6    0    10    40
2808.17    7092    0    2.0789e+06    852063    0    0    0    8    0    10    40
2858.2    7091    0    2.07754e+06    850695    0    0    0    8    1    11    40
2908.2    7091    0    2.07616e+06    849415    0    0    0    4    1    13    42
2958.27    7090    0    2.07493e+06    848237    0    0    0    5    0    13    44
3008.27    7090    0    2.07368e+06    846935    0    0    0    11    1    6    44
3058.29    7090    0    2.07231e+06    845659    0    0    1    8    0    9    44
3108.3    7090    0    2.0711e+06    844395    0    0    0    6    1    11    44
3158.31    7090    0    2.06983e+06    843087    0    0    0    7    3    8    44
3208.31    7090    0    2.06851e+06    841840    0    0    0    8    1    7    45
3258.35    7090    0    2.06752e+06    840880    0    0    0    5    0    9    47
3308.38    7090    0    2.0663e+06    839629    0    0    0    4    1    9    47
3358.46    7089    0    2.06497e+06    838292    0    0    0    7    1    6    48
3408.48    7088    0    2.06363e+06    836931    0    0    0    5    0    11    48
3458.49    7088    0    2.06243e+06    835693    0    0    0    5    1    8    49
3508.5    7088    0    2.06127e+06    834581    0    0    0    6    0    8    49
3558.51    7087    0    2.05983e+06    833186    0    0    0    5    0    11    49
3608.52    7087    0    2.05854e+06    831910    0    0    0    3    1    12    49
3658.53    7087    0    2.05729e+06    830702    0    0    1    3    0    12    49
3708.57    7087    0    2.05614e+06    829491    0    0    0    5    1    10    49
3758.6    7085    0    2.055e+06    828319    0    0    0    5    0    11    52
3808.6    7083    0    2.05357e+06    826931    0    0    0    10    1    5    54
3858.65    7083    0    2.05221e+06    825660    0    0    0    5    1    10    54
3908.66    7083    0    2.05086e+06    824432    0    0    0    5    1    10    54
3958.83    7083    0    2.04969e+06    823316    0    0    0    4    0    10    55
4008.85    7082    0    2.04844e+06    822121    0    0    0    7    0    7    57
4058.88    7081    0    2.04702e+06    820753    0    0    0    4    1    11    57
4108.88    7081    0    2.04572e+06    819446    0    0    0    4    1    11    57
4158.9    7081    0    2.04475e+06    818505    0    0    1    8    0    3    59
4208.9    7081    0    2.04377e+06    817489    0    0    0    5    0    5    61
4258.95    7081    0    2.04262e+06    816275    0    0    0    4    0    6    61
4308.97    7080    0    2.04121e+06    814897    0    0    0    2    0    10    61
4359.03    7080    0    2.03983e+06    813636    0    0    0    6    1    5    61
4409.05    7080    0    2.03848e+06    812390    0    0    0    9    1    2    61
4459.1    7080    0    2.0374e+06    811317    0    0    0    2    0    6    64
4509.13    7080    0    2.03637e+06    810372    0    0    0    4    1    3    64
4559.14    7079    0    2.03497e+06    809032    0    0    0    5    0    5    64
4609.14    7078    0    2.03337e+06    807436    0    0    1    6    0    5    64
4659.16    7078    0    2.03216e+06    806197    0    0    0    4    0    6    66
4709.18    7078    0    2.03118e+06    805302    0    0    0    4    1    3    67
4759.18    7078    0    2.03001e+06    804186    0    0    0    2    1    5    67
4809.26    7078    0    2.02866e+06    802952    0    0    0    2    1    3    69
4859.28    7077    0    2.02783e+06    802149    0    0    0    3    0    3    71
4909.35    7077    0    2.02634e+06    800711    0    0    0    3    0    3    71
4959.4    7077    0    2.02515e+06    799487    0    0    0    0    1    5    71
5009.41    7076    0    2.02406e+06    798481    0    0    0    3    1    2    73
5059.42    7076    0    2.02241e+06    797061    0    0    0    1    0    3    74
5109.51    7076    0    2.02154e+06    796200    0    0    0    0    0    4    74
5159.52    7075    0    2.02022e+06    794889    0    0    0    2    1    3    74
5209.56    7075    0    2.01859e+06    793318    0    0    0    2    0    4    74
5259.57    7075    0    2.01728e+06    792035    0    0    0    3    0    3    74
5309.58    7074    0    2.01589e+06    790670    0    0    0    5    0    3    74
5359.61    7074    0    2.01439e+06    789246    0    0    0    2    0    6    74
5409.67    7073    0    2.01328e+06    788150    0    0    0    5    0    3    75
5459.68    7073    0    2.01197e+06    786875    0    0    0    3    1    4    75
5509.68    7071    0    2.01036e+06    785357    0    0    0    5    1    6    75
5559.7    7071    0    2.00907e+06    784174    0    0    0    3    0    7    76
5609.72    7070    0    2.0077e+06    782893    0    0    0    5    1    6    76
5659.73    7070    0    2.00635e+06    781587    0    0    0    2    1    7    78
5709.74    7070    0    2.00531e+06    780588    0    0    0    4    0    6    78
5759.76    7070    0    2.00403e+06    779393    0    0    0    3    0    7    78
5809.76    7069    0    2.00269e+06    778184    0    0    1    2    0    7    80
5859.83    7069    0    2.00144e+06    776958    0    0    0    5    1    4    80
5909.87    7067    0    1.99995e+06    775594    0    0    0    3    0    11    80
5959.96    7067    0    1.9984e+06    774077    0    0    0    6    0    8    80
6009.96    7067    0    1.99723e+06    772908    0    0    0    3    0    11    80
6059.98    7065    0    1.99593e+06    771675    0    0    0    8    0    10    80
6109.98    7065    0    1.99428e+06    770117    0    0    1    8    0    9    80
6160.11    7065    0    1.99302e+06    768929    0    0    0    6    1    9    82
6210.12    7064    0    1.99178e+06    767780    0    0    0    8    0    10    82
6260.28    7064    0    1.99052e+06    766576    0    0    0    7    1    6    85
6310.37    7064    0    1.98943e+06    765591    0    0    0    5    0    9    85
6360.44    7063    0    1.98836e+06    764592    0    0    0    2    0    8    90
6410.47    7062    0    1.98708e+06    763430    0    0    0    5    1    6    90
6460.59    7062    0    1.98592e+06    762368    0    0    0    5    0    5    91
6510.65    7061    0    1.98461e+06    761165    0    0    0    7    1    4    91
6560.66    7060    0    1.9833e+06    759931    0    0    0    4    0    8    92
6610.68    7057    0    1.98135e+06    758156    0    0    1    8    0    7    94
6660.68    7056    0    1.98001e+06    756878    0    0    0    6    0    8    97
6710.69    7054    0    1.97866e+06    755605    0    0    0    6    1    11    97
6760.83    7054    0    1.97734e+06    754359    0    0    0    10    1    7    97
6810.84    7054    0    1.97622e+06    753275    0    0    0    7    1    8    98
6860.93    7054    0    1.97505e+06    752171    0    0    0    7    0    9    98
6910.97    7053    0    1.97361e+06    750852    0    0    0    8    0    10    98
6961.03    7053    0    1.97238e+06    749658    0    0    0    4    1    11    99
7011.11    7052    0    1.97108e+06    748517    0    0    0    5    1    12    99
7061.11    7052    0    1.96978e+06    747339    0    0    0    7    0    9    101
7111.12    7052    0    1.96852e+06    746228    0    0    0    9    1    6    101
7161.12    7052    0    1.96728e+06    745089    0    0    1    5    1    9    101
7211.13    7051    0    1.96632e+06    744136    0    0    0    9    0    5    103
7261.17    7051    0    1.96518e+06    742972    0    0    0    5    1    8    103
7311.23    7051    0    1.96407e+06    741947    0    0    0    4    0    8    105
7361.25    7051    0    1.9629e+06    740825    0    0    0    5    1    6    105
7411.45    7051    0    1.96157e+06    739631    0    0    0    4    1    7    105
7461.45    7051    0    1.96035e+06    738464    0    0    1    3    0    8    105
7511.49    7051    0    1.95917e+06    737329    0    0    0    4    1    7    105
7561.57    7051    0    1.95803e+06    736189    0    0    0    3    1    8    105
7611.61    7050    0    1.95666e+06    734936    0    0    0    4    1    9    105
7661.72    7049    0    1.95562e+06    733939    0    0    0    2    1    7    109
7711.72    7048    0    1.95438e+06    732817    0    0    0    5    0    7    109
7761.73    7048    0    1.95318e+06    731755    0    0    0    2    1    7    111
7811.74    7048    0    1.95212e+06    730790    0    0    0    3    0    5    112
7861.74    7048    0    1.95091e+06    729705    0    0    0    2    0    6    112
7911.76    7046    0    1.94939e+06    728262    0    0    0    3    1    8    112
7961.77    7045    0    1.94781e+06    726853    0    0    1    5    0    8    112
8011.78    7045    0    1.94657e+06    725661    0    0    0    2    1    9    113
8061.78    7043    0    1.94524e+06    724485    0    0    1    6    0    9    113
8111.8    7042    0    1.94381e+06    723144    0    0    0    3    0    13    115
8161.81    7042    0    1.94264e+06    722091    0    0    0    9    0    7    115
8211.82    7041    0    1.94145e+06    721048    0    0    0    7    0    7    119
8261.83    7040    0    1.9403e+06    719956    0    0    0    6    0    10    119
8311.84    7039    0    1.93876e+06    718548    0    0    1    9    0    8    119
8361.98    7039    0    1.93758e+06    717445    0    0    0    8    1    9    119
8411.98    7039    0    1.93634e+06    716324    0    0    1    8    0    9    119
8462.16    7039    0    1.93516e+06    715240    0    0    0    7    1    10    119
8512.17    7039    0    1.93385e+06    714127    0    0    0    7    1    10    119
8562.18    7039    0    1.93254e+06    712984    0    0    1    5    0    12    119
8612.2    7039    0    1.93127e+06    711850    0    0    0    7    1    10    119
8662.24    7038    0    1.93001e+06    710670    0    0    0    10    1    9    119
8712.32    7038    0    1.92885e+06    709599    0    0    0    9    0    9    120
8762.39    7037    0    1.9278e+06    708571    0    0    0    3    1    14    122
8812.42    7036    0    1.92646e+06    707407    0    0    0    11    1    8    122
8862.43    7035    0    1.92512e+06    706298    0    0    1    9    1    7    124
8912.44    7034    0    1.92392e+06    705164    0    0    0    10    2    8    124
8962.46    7032    0    1.92243e+06    703835    0    0    0    5    0    19    124
9012.48    7031    0    1.92117e+06    702686    0    0    0    8    1    13    127
9062.5    7031    0    1.92e+06    701691    0    0    0    7    1    12    129
9112.52    7031    0    1.91872e+06    700621    0    0    1    11    0    6    130
9162.58    7031    0    1.91772e+06    699682    0    0    0    4    1    9    132
9212.6    7031    0    1.91662e+06    698653    0    0    0    5    0    9    132
9262.68    7031    0    1.9154e+06    697586    0    0    0    7    1    6    132
9312.68    7031    0    1.91406e+06    696403    0    0    0    5    1    8    132
9362.71    7030    0    1.91269e+06    695185    0    0    0    7    1    8    132
9412.72    7028    0    1.91114e+06    693760    0    0    0    5    1    12    134
9462.75    7027    0    1.90979e+06    692562    0    0    0    9    3    8    134
9512.76    7025    0    1.90846e+06    691456    0    0    0    8    1    15    134
9562.8    7025    0    1.90698e+06    690121    0    0    0    9    1    14    134
9612.84    7024    0    1.90582e+06    689044    0    0    0    15    1    8    135
9662.87    7024    0    1.90458e+06    687975    0    0    1    6    0    15    136
9712.9    7024    0    1.90345e+06    686961    0    0    1    10    0    11    136
9762.94    7024    0    1.9022e+06    685914    0    0    0    9    1    12    136
9812.94    7023    0    1.90097e+06    684820    0    0    1    6    0    15    138
9862.95    7022    0    1.89976e+06    683728    0    0    0    7    1    16    138
9912.96    7021    0    1.89836e+06    682466    0    0    0    11    1    14    138
9962.97    7020    0    1.89706e+06    681333    0    0    0    13    1    14    138
10013    7020    0    1.8957e+06    680132    0    0    0    9    1    16    140
10063.2    7020    0    1.89454e+06    679123    0    0    0    11    0    15    140
10113.2    7019    0    1.89326e+06    677959    0    0    1    11    1    15    140
10163.2    7019    0    1.89216e+06    676974    0    0    0    10    0    16    142
10213.2    7019    0    1.89109e+06    675980    0    0    1    13    0    10    144
10263.2    7019    0    1.88994e+06    674946    0    0    1    6    0    17    144
10313.3    7019    0    1.88881e+06    673918    0    0    0    8    1    13    146
10363.3    7016    0    1.88753e+06    672804    0    0    0    17    1    10    146
10413.3    7015    0    1.88609e+06    671584    0    0    0    11    1    16    148
10463.3    7015    0    1.88477e+06    670443    0    0    1    14    1    12    148
10513.3    7015    0    1.88376e+06    669517    0    0    0    11    1    12    152
10563.4    7015    0    1.88246e+06    668451    0    0    0    9    1    12    153
10613.4    7015    0    1.88139e+06    667472    0    0    0    11    2    9    153
10663.4    7014    0    1.87999e+06    666274    0    0    0    15    0    9    153
10713.4    7014    0    1.8786e+06    665111    0    0    0    8    1    15    153
10763.4    7013    0    1.87711e+06    663857    0    0    0    17    1    8    153
10813.5    7013    0    1.87579e+06    662759    0    0    0    13    1    12    153
10863.5    7013    0    1.87451e+06    661651    0    0    0    13    1    12    153
10913.5    7012    0    1.87335e+06    660594    0    0    0    9    0    17    154
10963.5    7009    0    1.87207e+06    659431    0    0    0    9    1    22    154
11013.5    7008    0    1.8706e+06    658144    0    0    0    14    1    17    155
11063.6    7008    0    1.86947e+06    657181    0    0    0    10    1    17    157
11113.6    7008    0    1.86836e+06    656197    0    0    0    5    1    16    161
11163.6    7006    0    1.86727e+06    655197    0    0    0    8    1    17    161
11213.8    7006    0    1.86587e+06    654020    0    0    0    9    1    16    161
11263.9    7006    0    1.86479e+06    653005    0    0    0    13    1    10    162
11313.9    7006    0    1.86361e+06    651967    0    0    0    8    2    12    163
11363.9    7005    0    1.86238e+06    650925    0    0    0    10    2    10    164
11414    7004    0    1.86116e+06    649842    0    0    0    9    1    12    165
11464    7003    0    1.85987e+06    648693    0    0    0    4    1    17    166
11514    7003    0    1.85869e+06    647684    0    0    0    11    1    10    166
11564.1    7003    0    1.8576e+06    646701    0    0    0    8    0    14    166
11614.1    7002    0    1.85635e+06    645618    0    0    0    10    0    14    166
11664.2    7002    0    1.85511e+06    644498    0    0    0    13    0    11    166
11714.2    7001    0    1.85392e+06    643444    0    0    1    11    0    12    168
11764.2    7001    0    1.85273e+06    642457    0    0    0    7    0    15    169
11814.3    7001    0    1.85147e+06    641411    0    0    0    14    1    7    169
11864.3    7001    0    1.85028e+06    640361    0    0    0    8    0    14    169
11914.3    7001    0    1.84904e+06    639329    0    0    0    7    1    14    169
11964.3    6997    0    1.84768e+06    638236    0    0    0    10    1    11    176
12014.3    6997    0    1.84646e+06    637231    0    0    0    6    1    11    179
12064.4    6997    0    1.84546e+06    636337    0    0    0    10    0    8    179
12114.4    6995    0    1.84401e+06    635116    0    0    0    10    0    12    179
12164.5    6994    0    1.84268e+06    633927    0    0    0    11    1    10    181
12214.5    6993    0    1.84146e+06    632905    0    0    0    8    1    13    183
12264.5    6992    0    1.84017e+06    631826    0    0    0    7    0    15    185
12314.5    6991    0    1.83887e+06    630719    0    0    0    11    1    12    185
12364.5    6990    0    1.83762e+06    629639    0    0    0    14    0    12    185
12414.6    6990    0    1.83629e+06    628483    0    0    0    9    0    17    185
12464.6    6989    0    1.835e+06    627436    0    0    0    13    0    15    185
12514.6    6987    0    1.83356e+06    626252    0    0    0    15    1    14    187
12564.8    6986    0    1.8323e+06    625156    0    0    0    12    0    18    189
12614.8    6985    0    1.83113e+06    624144    0    0    1    8    0    21    191
12664.8    6985    0    1.83003e+06    623204    0    0    1    13    0    10    197
12714.8    6984    0    1.82887e+06    622265    0    0    0    11    0    11    201
12764.9    6984    0    1.82774e+06    621301    0    0    0    10    1    11    201
12814.9    6984    0    1.82651e+06    620346    0    0    1    5    1    13    203
12864.9    6984    0    1.82543e+06    619391    0    0    0    7    0    13    203
12914.9    6983    0    1.82404e+06    618262    0    0    0    7    1    12    205
12964.9    6982    0    1.82289e+06    617259    0    0    1    7    1    13    205
13015    6981    0    1.82146e+06    616076    0    0    0    12    0    12    205
13065    6981    0    1.82013e+06    614974    0    0    0    12    1    11    205
13115    6980    2    1.81887e+06    613920    0    0    0    12    0    12    205
13165    6978    0    1.81741e+06    612756    0    0    0    9    0    17    209
13215    6977    0    1.81629e+06    611825    0    0    0    14    1    11    210
13265    6977    0    1.81502e+06    610778    0    0    1    10    0    15    210
13315    6976    0    1.8138e+06    609708    0    0    0    11    1    14    212
13365.1    6976    0    1.81261e+06    608719    0    0    0    14    2    10    212
13415.1    6973    0    1.81128e+06    607601    0    0    2    12    1    17    212
13465.1    6973    0    1.81e+06    606535    0    0    0    10    0    20    214
13515.1    6972    0    1.80877e+06    605499    0    0    0    12    0    20    214
13565.2    6971    0    1.80742e+06    604437    0    0    1    12    1    18    216
13615.2    6971    0    1.80625e+06    603467    0    0    1    13    1    15    218
13665.4    6968    0    1.80491e+06    602388    0    0    0    13    0    23    218
13715.6    6968    0    1.80364e+06    601336    0    0    0    17    0    17    220
13765.6    6967    0    1.80238e+06    600310    0    0    0    17    1    18    220
13815.6    6967    0    1.80109e+06    599296    0    0    1    16    0    17    221
13865.7    6966    0    1.79994e+06    598305    0    0    0    15    0    21    221
13915.7    6965    0    1.79853e+06    597168    0    0    0    11    1    26    221
13965.7    6965    0    1.79727e+06    596162    0    0    0    21    1    16    221
14015.8    6964    0    1.7959e+06    595071    0    0    0    16    0    24    221
14065.8    6964    0    1.79463e+06    594019    0    0    1    18    0    21    221
14115.8    6962    0    1.79324e+06    592969    0    0    1    22    1    20    221
14165.8    6962    0    1.79197e+06    591921    0    0    0    22    0    20    223
14215.9    6961    0    1.79062e+06    590905    0    0    0    24    0    20    223
14265.9    6959    0    1.78929e+06    589811    0    0    1    20    1    26    223
14315.9    6959    0    1.78794e+06    588765    0    0    1    18    0    29    223
14365.9    6958    0    1.78662e+06    587706    0    0    0    23    2    23    224
14415.9    6958    0    1.7854e+06    586689    0    0    0    23    1    22    226
14465.9    6956    0    1.78412e+06    585680    0    0    1    25    1    21    228
14515.9    6956    0    1.78286e+06    584690    0    0    0    17    0    31    228
14565.9    6956    0    1.78162e+06    583673    0    0    0    15    2    31    228
14615.9    6955    0    1.78042e+06    582715    0    0    1    20    1    26    229
14665.9    6954    0    1.77915e+06    581679    0    0    1    16    0    33    229
14716    6953    0    1.77781e+06    580608    0    0    0    25    1    26    229
14766    6953    0    1.77665e+06    579585    0    0    0    25    1    26    229
14816.2    6953    0    1.77545e+06    578581    0    0    0    23    1    26    231
14866.3    6953    0    1.77427e+06    577623    0    0    0    15    1    34    231
14916.3    6952    0    1.77307e+06    576647    0    0    1    17    0    32    233
14966.4    6950    0    1.77177e+06    575663    0    0    0    25    1    28    233
15016.4    6950    0    1.77052e+06    574668    0    0    1    23    1    25    236
15066.4    6950    0    1.7695e+06    573804    0    0    0    19    0    29    237
15116.4    6949    0    1.76819e+06    572771    0    0    0    18    1    29    239
15166.4    6948    0    1.76692e+06    571737    0    0    0    21    1    28    239
15216.4    6948    0    1.76558e+06    570711    0    0    2    20    1    27    239
15266.5    6947    0    1.76438e+06    569681    0    0    0    24    0    28    239
15316.5    6947    0    1.76309e+06    568650    0    0    0    22    2    28    239
15366.5    6947    0    1.76199e+06    567726    0    0    0    25    1    22    242
15416.6    6947    0    1.76069e+06    566764    0    0    0    22    2    22    243
15466.6    6947    0    1.75949e+06    565812    0    0    0    15    0    31    243
15516.7    6947    0    1.7583e+06    564806    0    0    1    17    0    28    243
15566.7    6946    0    1.75713e+06    563879    0    0    2    18    2    24    245
15616.7    6945    0    1.75585e+06    562869    0    0    0    19    1    26    247
15666.7    6945    0    1.75469e+06    561955    0    0    0    14    0    32    247
15716.8    6943    0    1.75351e+06    560970    0    0    0    20    1    27    248
15766.8    6941    0    1.75221e+06    559952    0    0    1    20    2    29    248
15816.8    6939    0    1.75086e+06    558896    0    0    0    20    2    30    250
15866.8    6939    0    1.74953e+06    557935    0    0    0    24    3    25    250
15916.9    6939    0    1.74824e+06    556972    0    0    0    24    2    26    250
15967    6939    0    1.74707e+06    556035    0    0    0    21    0    29    251
16017    6939    0    1.74588e+06    555062    0    0    0    19    1    28    252
16067    6939    0    1.7447e+06    554107    0    0    0    18    2    28    252
16117.1    6938    0    1.74341e+06    553126    0    0    0    18    0    30    254
16167.1    6938    0    1.74227e+06    552197    0    0    0    18    2    28    254
16217.2    6937    0    1.74093e+06    551125    0    0    0    20    1    29    254
16267.2    6937    0    1.73982e+06    550234    0    0    1    17    0    32    254
16317.2    6937    0    1.73868e+06    549261    0    0    0    21    1    26    256
16367.3    6937    0    1.73747e+06    548270    0    0    0    20    1    27    256
16417.4    6937    0    1.7362e+06    547286    0    0    0    24    0    24    256
16467.4    6937    0    1.73508e+06    546364    0    0    2    16    1    25    259
16517.4    6937    0    1.73404e+06    545516    0    0    2    22    0    16    263
16567.4    6936    0    1.73282e+06    544616    0    0    0    16    2    22    264
16617.5    6936    0    1.73151e+06    543561    0    0    0    22    1    17    264
16667.5    6936    0    1.73036e+06    542678    0    0    0    16    0    22    265
16717.5    6936    0    1.72916e+06    541765    0    0    0    15    1    20    267
16767.6    6936    0    1.72787e+06    540805    0    0    1    20    1    14    267
16817.6    6935    0    1.72652e+06    539821    0    0    2    17    1    16    268
16867.6    6934    0    1.72527e+06    538860    0    0    0    15    1    22    268
16917.6    6933    0    1.72373e+06    537798    0    0    3    15    0    20    270
16967.6    6933    0    1.72257e+06    536869    0    0    0    19    0    19    270
17017.6    6932    0    1.72135e+06    535933    0    0    0    12    2    26    270
17067.6    6932    0    1.72013e+06    534985    0    0    1    16    1    20    272
17117.6    6931    0    1.71882e+06    534012    0    0    0    19    2    19    272
17167.7    6930    0    1.71753e+06    533026    0    0    0    21    2    19    272
17217.7    6929    0    1.71618e+06    532021    0    0    1    20    1    20    273
17267.7    6929    0    1.71502e+06    531094    0    0    0    19    0    21    275
17317.7    6929    0    1.71383e+06    530166    0    0    1    18    0    21    275
17367.8    6929    0    1.71271e+06    529263    0    0    0    20    2    14    279
17417.8    6929    0    1.7116e+06    528395    0    0    0    18    0    16    280
17467.9    6928    0    1.71033e+06    527403    0    0    0    20    1    15    280
17517.9    6927    0    1.70908e+06    526471    0    0    1    15    1    19    281
17568    6927    0    1.70793e+06    525671    0    0    0    16    1    15    284
17618    6926    0    1.70682e+06    524762    0    0    0    15    1    18    284
17668    6926    0    1.70558e+06    523795    0    0    1    17    0    16    284
17718    6926    0    1.70428e+06    522862    0    0    1    13    0    20    284
17768    6926    0    1.70291e+06    521882    0    0    1    16    1    16    284
17818    6926    0    1.70165e+06    520953    0    0    0    15    0    17    286
17868    6925    0    1.70042e+06    520013    0    0    0    13    1    20    286
17918    6924    0    1.69928e+06    519095    0    0    0    18    3    13    288
17968    6923    0    1.69801e+06    518121    0    0    0    22    1    11    290
18018.1    6922    0    1.69687e+06    517223    0    0    0    14    1    17    293
18068.1    6922    0    1.69582e+06    516388    0    0    0    19    1    12    293
18118.1    6922    0    1.69462e+06    515497    0    0    0    18    1    11    294
18168.1    6920    0    1.69354e+06    514600    0    0    0    6    1    25    296
18218.1    6919    0    1.69234e+06    513684    0    0    1    17    1    13    298
18268.1    6919    0    1.69124e+06    512758    0    0    1    5    1    25    298
18318.2    6918    0    1.68998e+06    511850    0    0    1    14    0    15    302
18368.3    6918    0    1.68874e+06    510949    0    0    0    12    0    18    302
18418.4    6917    0    1.68755e+06    510075    0    0    0    12    1    15    305
18468.4    6917    0    1.68624e+06    509152    0    0    0    10    0    16    306
18518.5    6917    0    1.68515e+06    508342    0    0    0    6    1    17    308
18568.6    6917    0    1.68404e+06    507483    0    0    0    10    2    10    310
18618.6    6916    0    1.6829e+06    506636    0    0    1    12    0    9    312
18668.6    6914    0    1.68164e+06    505679    0    0    1    13    1    11    312
18718.6    6914    0    1.68024e+06    504656    0    0    0    10    1    13    313
18768.6    6914    0    1.67921e+06    503840    0    0    1    4    1    14    316
18818.7    6914    0    1.67823e+06    503088    0    0    0    8    1    9    317
18868.7    6914    0    1.67705e+06    502196    0    0    0    7    0    11    317
18918.7    6914    0    1.67578e+06    501259    0    0    0    5    0    13    317
18968.7    6913    0    1.67461e+06    500364    0    0    0    9    1    10    317
19018.7    6912    0    1.67333e+06    499393    0    0    0    10    0    8    320
19068.9    6911    0    1.67227e+06    498578    0    0    0    6    1    11    322
19118.9    6910    0    1.6711e+06    497706    0    0    1    6    0    11    324
19168.9    6910    0    1.6698e+06    496721    0    0    1    10    0    7    324
19218.9    6908    0    1.66828e+06    495618    0    0    0    9    2    11    324
19268.9    6908    0    1.66699e+06    494707    0    0    0    10    0    10    325
19319    6907    0    1.66592e+06    493872    0    0    0    11    0    11    325
19369    6906    0    1.66478e+06    492944    0    0    2    9    0    13    325
19419    6906    0    1.66342e+06    491943    0    0    0    10    1    13    325
19469    6906    0    1.66215e+06    491045    0    0    0    8    1    15    325
19519    6904    0    1.66089e+06    490095    0    0    0    8    0    20    325
19569    6902    0    1.65947e+06    489077    0    0    0    13    3    16    325
19619.1    6902    0    1.65805e+06    488072    0    0    0    13    1    18    325
19669.1    6902    0    1.65685e+06    487179    0    0    0    12    2    18    325
19719.1    6902    0    1.65559e+06    486271    0    0    0    18    0    14    325
19769.1    6901    0    1.65436e+06    485338    0    0    0    12    1    21    325
19819.2    6901    0    1.65308e+06    484454    0    0    1    13    1    19    325
19869.2    6900    0    1.6518e+06    483481    0    0    1    13    0    22    325
19919.3    6900    0    1.65054e+06    482549    0    0    0    18    1    17    325
19969.3    6900    0    1.64935e+06    481688    0    0    0    19    1    12    328
20019.3    6900    0    1.64829e+06    480942    0    0    1    14    0    15    329
20069.3    6900    0    1.64697e+06    480077    0    0    0    16    2    12    329
20119.3    6899    0    1.64577e+06    479127    0    0    1    12    1    18    329
20169.4    6898    0    1.64436e+06    478112    0    0    0    15    0    19    329
20219.4    6897    0    1.64314e+06    477199    0    0    0    18    0    18    329
20269.4    6896    0    1.64192e+06    476308    0    0    0    17    1    18    331
20319.4    6895    0    1.64069e+06    475434    0    0    0    21    0    17    331
20369.4    6895    0    1.63937e+06    474504    0    0    0    19    1    16    333
20419.5    6894    0    1.63828e+06    473676    0    0    0    17    0    17    337
20469.5    6892    0    1.63707e+06    472766    0    0    0    16    0    22    337
20519.5    6892    0    1.63574e+06    471848    0    0    0    16    1    19    338
20569.5    6892    0    1.63468e+06    471062    0    0    0    12    2    20    340
20619.5    6892    0    1.63351e+06    470247    0    0    3    14    0    17    340
20669.5    6892    0    1.63226e+06    469320    0    0    1    17    0    16    340
20719.6    6891    0    1.63109e+06    468444    0    0    0    14    0    20    341
20769.7    6890    0    1.62969e+06    467485    0    0    0    20    0    16    341
20819.7    6889    0    1.62844e+06    466584    0    0    1    17    2    18    341
20869.7    6887    0    1.62725e+06    465678    0    0    0    22    1    19    341
20919.8    6886    0    1.62608e+06    464817    0    0    0    22    1    21    341
20969.8    6885    0    1.62482e+06    463924    0    0    0    20    2    20    344
21019.8    6885    0    1.62359e+06    463075    0    0    1    24    0    15    346
21069.8    6885    0    1.62246e+06    462248    0    0    0    17    0    23    346
21119.8    6885    0    1.62133e+06    461420    0    0    0    18    0    22    346
21169.9    6885    0    1.62011e+06    460514    0    0    0    15    2    23    346
21219.9    6885    0    1.61891e+06    459667    0    0    0    12    2    24    347
21269.9    6885    0    1.61769e+06    458817    0    0    1    16    0    19    348
21319.9    6885    0    1.61668e+06    458093    0    0    0    15    2    13    352
21369.9    6883    0    1.61557e+06    457265    0    0    0    14    2    16    354
21419.9    6883    0    1.61445e+06    456386    0    0    0    16    2    14    354
21470    6883    0    1.61334e+06    455506    0    0    0    14    1    17    354
21520    6882    0    1.6122e+06    454658    0    0    0    22    0    12    354
21570    6882    0    1.61106e+06    453805    0    0    1    15    2    14    356
21620    6882    0    1.60985e+06    452967    0    0    2    13    1    16    356
21670    6882    0    1.6086e+06    452097    0    0    0    19    1    12    356
21720.1    6882    0    1.60748e+06    451288    0    0    0    13    0    17    358
21770.1    6882    0    1.6064e+06    450503    0    0    0    16    1    9    362
21820.1    6882    0    1.6054e+06    449761    0    0    0    10    1    13    364
21870.1    6882    0    1.60414e+06    448896    0    0    0    12    0    12    364
21920.1    6882    0    1.60295e+06    448084    0    0    1    10    0    11    365
21970.2    6882    0    1.60189e+06    447314    0    0    1    8    0    11    367
22020.2    6882    0    1.6008e+06    446528    0    0    1    8    1    10    367
22070.2    6882    0    1.59958e+06    445672    0    0    0    9    1    8    368
22120.2    6882    0    1.59873e+06    445019    0    0    0    4    1    9    370
22170.2    6882    0    1.59756e+06    444224    0    0    1    4    2    7    370
22220.4    6882    0    1.59632e+06    443382    0    0    0    5    0    9    370
22270.4    6881    0    1.59492e+06    442454    0    0    1    4    1    10    370
22320.4    6881    0    1.59356e+06    441518    0    0    0    7    1    8    370
22370.5    6881    0    1.59244e+06    440723    0    0    1    7    0    8    370
22420.5    6881    0    1.59128e+06    439921    0    0    0    7    0    9    370
22470.5    6880    0    1.59004e+06    439030    0    0    0    7    2    9    370
22520.6    6880    0    1.58872e+06    438094    0    0    0    9    1    8    370
22570.6    6879    0    1.5876e+06    437268    0    0    0    9    0    11    370
22620.7    6878    0    1.58648e+06    436466    0    0    0    12    2    4    374
22670.7    6877    0    1.58508e+06    435575    0    0    1    6    1    10    376
22720.7    6877    0    1.58392e+06    434755    0    0    0    10    1    7    376
22770.8    6877    0    1.58285e+06    434005    0    0    0    8    0    8    377
22820.8    6877    0    1.58166e+06    433175    0    0    0    8    1    7    377
22870.9    6876    0    1.58044e+06    432357    0    0    0    7    0    9    378
22920.9    6875    0    1.57931e+06    431593    0    0    1    6    0    9    380
22970.9    6875    0    1.5782e+06    430799    0    0    0    5    1    8    381
23020.9    6875    0    1.57724e+06    430139    0    0    1    7    0    2    384
23071    6873    0    1.57593e+06    429252    0    0    0    6    1    5    386
23121    6873    0    1.57481e+06    428490    0    0    0    7    1    4    386
23171    6873    0    1.57382e+06    427787    0    0    0    4    1    3    388
23221.1    6873    0    1.5727e+06    427074    0    0    1    4    0    3    388
23271.1    6873    0    1.57154e+06    426278    0    0    1    2    0    5    388
23321.1    6873    0    1.57046e+06    425544    0    0    0    4    0    2    389
23371.3    6872    0    1.56912e+06    424652    0    0    0    3    0    3    390
23421.3    6871    0    1.56789e+06    423871    0    0    0    2    1    5    390
23471.3    6871    0    1.56646e+06    422877    0    0    0    4    1    3    390
23521.4    6870    0    1.56501e+06    421933    0    0    0    4    1    3    391
23571.5    6868    0    1.56354e+06    420955    0    0    0    6    0    4    393
23621.5    6867    0    1.56231e+06    420096    0    0    0    6    0    6    393
23671.6    6867    0    1.56096e+06    419172    0    0    1    3    0    6    395
23721.6    6867    0    1.55991e+06    418509    0    0    0    3    1    6    395
23771.6    6867    0    1.55889e+06    417856    0    0    0    3    0    5    397
23821.6    6866    0    1.55792e+06    417177    0    0    0    4    1    1    400
23871.7    6866    0    1.55729e+06    416707    0    0    0    2    1    1    402
23921.7    6865    0    1.55608e+06    415924    0    0    0    3    0    3    402
23971.7    6864    0    1.55436e+06    414723    0    0    0    4    1    3    402
24021.7    6863    0    1.55261e+06    413598    0    0    0    4    1    3    404
24071.7    6863    0    1.55147e+06    412906    0    0    0    2    0    4    406
24121.8    6861    0    1.55035e+06    412200    0    0    0    4    1    3    407
24171.8    6860    0    1.54872e+06    411069    0    0    0    4    1    3    408
24221.8    6860    0    1.54766e+06    410373    0    0    0    5    0    3    408
24271.9    6860    0    1.54667e+06    409692    0    0    0    2    1    3    410
24321.9    6860    0    1.5457e+06    409008    0    0    0    3    1    2    410
24372    6860    0    1.54454e+06    408187    0    0    0    1    0    5    410
24422.1    6860    0    1.54345e+06    407410    0    0    0    0    1    5    410
24472.1    6860    0    1.54257e+06    406760    0    0    0    1    0    3    412
24522.1    6859    0    1.54182e+06    406244    0    0    0    2    0    2    413
24572.2    6858    0    1.53993e+06    404949    0    0    0    2    1    1    415
24622.7    6858    0    1.53902e+06    404304    0    0    0    0    1    1    417
24672.8    6855    0    1.53796e+06    403603    0    0    1    2    0    3    419
24722.8    6855    0    1.53581e+06    402196    0    0    0    3    1    2    419
24772.8    6855    0    1.53483e+06    401471    0    0    0    2    1    1    420
24822.8    6854    0    1.53363e+06    400740    0    0    0    2    1    3    420
24872.8    6854    0    1.53228e+06    399766    0    0    0    1    0    5    420
24922.9    6852    0    1.53081e+06    398799    0    0    0    7    1    2    420
24972.9    6850    0    1.52914e+06    397709    0    0    0    9    0    3    422
25022.9    6850    0    1.52765e+06    396787    0    0    0    4    1    7    422
25073.1    6849    0    1.52654e+06    396048    0    0    0    4    1    7    424
25123.2    6848    0    1.52509e+06    395144    0    0    0    6    1    7    424
25173.2    6848    0    1.52388e+06    394313    0    0    0    8    0    6    424
25223.2    6847    0    1.52258e+06    393458    0    0    2    5    0    9    424
25273.2    6846    0    1.52137e+06    392676    0    0    0    6    1    7    427
25323.3    6846    0    1.52035e+06    391987    0    0    0    8    0    4    429
25373.3    6845    0    1.51912e+06    391202    0    0    1    5    1    7    429
25423.4    6843    0    1.51764e+06    390252    0    0    0    11    0    5    431
25473.4    6842    0    1.51634e+06    389382    0    0    0    5    1    12    431
25523.5    6841    0    1.5149e+06    388494    0    0    0    6    0    14    431
25573.5    6839    0    1.51356e+06    387636    0    0    0    11    0    13    431
25623.6    6838    0    1.51233e+06    386767    0    0    1    15    1    9    431
25673.6    6838    0    1.51114e+06    385972    0    0    0    13    0    11    433
25723.6    6837    0    1.50995e+06    385233    0    0    1    13    2    10    433
25773.7    6836    0    1.50856e+06    384333    0    0    0    11    0    17    433
25823.8    6834    0    1.50718e+06    383373    0    0    0    16    1    15    433
25873.8    6833    0    1.50589e+06    382517    0    0    0    17    0    15    435
25923.8    6833    0    1.50476e+06    381807    0    0    1    10    2    19    435
25973.8    6832    0    1.50351e+06    381012    0    0    1    16    0    15    437
26024    6832    0    1.50231e+06    380227    0    0    0    13    1    16    438
26074.1    6832    0    1.50115e+06    379446    0    0    0    12    0    14    441
26124.1    6831    0    1.50008e+06    378730    0    0    1    13    1    13    441
26174.1    6830    0    1.49875e+06    377868    0    0    0    17    0    13    441
26224.1    6830    0    1.49764e+06    377160    0    0    0    13    2    13    442
26274.2    6829    0    1.49648e+06    376397    0    0    0    11    0    19    442
26324.3    6829    0    1.49527e+06    375591    0    0    0    13    1    14    444
26374.3    6828    0    1.49409e+06    374793    0    0    0    16    1    13    444
26424.4    6827    0    1.4929e+06    373988    0    0    0    16    0    16    444
26474.4    6827    0    1.49166e+06    373218    0    0    0    16    0    16    444
26524.4    6826    0    1.49037e+06    372457    0    0    1    15    0    16    445
26574.5    6824    0    1.48914e+06    371678    0    0    0    19    0    17    445
26624.5    6823    0    1.48796e+06    370922    0    0    1    17    0    18    447
26674.6    6823    0    1.48661e+06    370134    0    0    0    18    1    15    449
26724.6    6822    0    1.48546e+06    369378    0    0    1    17    0    18    449
26774.6    6820    0    1.48423e+06    368564    0    0    1    19    1    19    449
26824.6    6820    0    1.48296e+06    367786    0    0    0    24    1    15    449
26874.7    6820    0    1.48176e+06    367032    0    0    0    23    3    14    449
26924.8    6819    0    1.48059e+06    366234    0    0    0    17    0    23    450
26974.9    6818    0    1.47934e+06    365427    0    0    0    22    1    19    450
27024.9    6817    0    1.47798e+06    364616    0    0    1    20    0    23    450
27075    6817    0    1.47677e+06    363873    0    0    1    25    0    18    450
27125    6817    0    1.47543e+06    363097    0    0    0    22    2    20    450
27175    6816    0    1.47432e+06    362372    0    0    1    21    0    24    450
27225.1    6816    0    1.47313e+06    361609    0    0    0    28    0    18    450
27275.2    6815    0    1.472e+06    360835    0    0    2    22    3    21    450
27325.2    6815    0    1.47051e+06    360016    0    0    1    26    2    19    450
27375.3    6814    0    1.46923e+06    359223    0    0    0    23    2    23    451
27425.3    6814    0    1.46811e+06    358533    0    0    0    24    1    21    453
27475.4    6814    0    1.46696e+06    357814    0    0    0    22    2    22    453
27525.4    6814    0    1.46579e+06    357080    0    0    0    26    0    18    454
27575.4    6811    0    1.46446e+06    356296    0    0    0    28    0    22    454
27625.5    6810    0    1.46319e+06    355499    0    0    1    29    0    22    454
27675.5    6810    0    1.46191e+06    354732    0    0    0    23    0    27    455
27725.5    6809    0    1.4607e+06    354038    0    0    3    19    3    25    456
27775.6    6809    0    1.45952e+06    353286    0    0    0    31    0    19    456
27825.6    6808    0    1.45831e+06    352576    0    0    3    20    0    25    459
27875.6    6808    0    1.45712e+06    351869    0    0    1    17    0    28    461
27925.6    6808    0    1.45593e+06    351162    0    0    1    22    1    18    465
27975.6    6808    0    1.45479e+06    350455    0    0    0    22    1    19    465
28025.6    6808    0    1.45362e+06    349753    0    0    1    20    1    18    467
28075.7    6807    0    1.45245e+06    349039    0    0    0    20    1    21    467
28125.8    6807    0    1.45115e+06    348281    0    0    0    20    1    19    468
28175.8    6806    0    1.44991e+06    347501    0    0    1    26    0    15    468
28225.8    6805    0    1.4488e+06    346753    0    0    1    22    0    19    469
28275.8    6805    0    1.44758e+06    346015    0    0    0    29    0    13    469
28325.8    6805    0    1.44652e+06    345335    0    0    0    17    1    22    470
28375.8    6805    0    1.44532e+06    344614    0    0    0    15    2    21    472
28425.8    6804    0    1.44406e+06    343847    0    0    1    19    2    16    474
28475.8    6804    0    1.443e+06    343160    0    0    1    17    0    20    474
28525.9    6804    0    1.44184e+06    342415    0    0    0    20    1    17    474
28575.9    6804    0    1.44079e+06    341733    0    0    0    22    0    14    475
28625.9    6804    0    1.43965e+06    341058    0    0    0    20    1    11    478
28675.9    6804    0    1.43865e+06    340428    0    0    0    17    1    14    478
28726.1    6804    0    1.43754e+06    339719    0    0    1    13    2    14    480
28776.1    6804    0    1.43645e+06    339013    0    0    0    16    0    14    480
28826.2    6803    0    1.43522e+06    338300    0    0    0    15    1    14    482
28876.2    6803    0    1.43405e+06    337626    0    0    1    16    1    10    484
28926.2    6802    0    1.43278e+06    336894    0    0    1    18    2    7    485
28976.4    6800    0    1.43151e+06    336175    0    0    0    14    1    15    487
29026.5    6799    0    1.43028e+06    335409    0    0    0    15    2    15    487
29076.5    6799    0    1.42921e+06    334731    0    0    0    16    0    16    487
29126.5    6799    0    1.42788e+06    333999    0    0    0    14    1    15    489
29176.5    6798    0    1.42659e+06    333249    0    0    0    17    2    13    489
29226.7    6798    0    1.42539e+06    332539    0    0    0    21    1    10    489
29276.7    6798    0    1.42418e+06    331836    0    0    1    13    2    16    489
29326.8    6796    0    1.42295e+06    331122    0    0    0    11    1    20    492
29376.8    6796    0    1.42169e+06    330384    0    0    0    17    1    14    492
29426.8    6796    0    1.42051e+06    329648    0    0    1    14    1    16    492
29476.8    6796    0    1.4194e+06    328945    0    0    2    15    0    15    492
29526.9    6795    0    1.41816e+06    328253    0    0    0    21    0    11    494
29577    6795    0    1.41693e+06    327562    0    0    0    19    0    13    494
29627    6795    0    1.41563e+06    326864    0    0    0    11    1    16    496
29677    6795    0    1.41444e+06    326189    0    0    2    14    1    11    496
29727.1    6794    0    1.41316e+06    325483    0    0    0    18    1    9    497
29777.1    6793    0    1.41193e+06    324780    0    0    0    12    1    17    497
29827.1    6792    0    1.4107e+06    324086    0    0    1    12    0    17    498
29877.2    6792    0    1.40962e+06    323446    0    0    0    11    1    18    498
29927.2    6792    0    1.40862e+06    322839    0    0    1    11    0    18    498
29977.5    6792    0    1.40752e+06    322188    0    0    0    14    0    14    500
