203.07 0.00499909 1.40325e-06 1.50497 0.644772 0 0 0 0 0 0 1.40325e-06
263.072 0.00499839 0 1.50321 0.642919 0 0 0 7.01627e-07 7.01627e-07 1.40325e-06 1.40325e-06
323.074 0.00499769 0 1.50175 0.641424 0 0 0 7.01627e-07 0 2.10488e-06 2.80651e-06
383.114 0.00499698 0 1.50051 0.640204 0 0 0 7.01627e-07 0 2.10488e-06 3.50813e-06
443.138 0.00499698 0 1.49965 0.639352 0 0 0 7.01627e-07 0 2.10488e-06 3.50813e-06
503.203 0.00499628 0 1.49886 0.63855 0 0 0 7.01627e-07 0 2.10488e-06 4.20976e-06
563.204 0.00499418 0 1.49727 0.636942 0 0 0 2.10488e-06 0 2.10488e-06 6.31464e-06
623.376 0.00499348 0 1.49573 0.635345 0 0 0 7.01627e-07 0 2.10488e-06 8.41952e-06
683.525 0.00499348 0 1.49509 0.634679 0 0 0 7.01627e-07 0 2.10488e-06 8.41952e-06
743.559 0.00499348 0 1.49451 0.634106 0 0 0 0 7.01627e-07 7.01627e-07 9.12115e-06
880.825 0.00499277 1.40325e-06 1.49442 0.633999 0 0 0 0 0 0 1.05244e-05
940.827 0.00499207 0 1.49334 0.632835 0 0 0 1.40325e-06 0 1.40325e-06 1.05244e-05
1000.85 0.00499137 0 1.49169 0.631132 0 0 0 0 0 1.40325e-06 1.26293e-05
1060.89 0.00499137 0 1.49108 0.630484 0 0 0 7.01627e-07 7.01627e-07 0 1.26293e-05
1133.45 0.00498997 1.40325e-06 1.49061 0.630007 0 0 0 0 0 0 1.47342e-05
1193.49 0.00498927 0 1.48879 0.628179 0 0 0 0 7.01627e-07 7.01627e-07 1.54358e-05
1253.5 0.00498927 0 1.48815 0.627534 0 0 0 7.01627e-07 0 7.01627e-07 1.54358e-05
1313.5 0.00498856 0 1.48713 0.626411 0 0 0 0 0 2.80651e-06 1.54358e-05
1373.55 0.00498786 0 1.4854 0.624625 0 0 0 7.01627e-07 0 7.01627e-07 1.82423e-05
1433.63 0.00498786 0 1.48478 0.623989 0 0 0 0 7.01627e-07 7.01627e-07 1.82423e-05
1493.63 0.00498716 0 1.48322 0.622355 0 0 0 7.01627e-07 0 2.10488e-06 1.82423e-05
1553.71 0.00498576 0 1.48153 0.620679 0 0 0 1.40325e-06 7.01627e-07 2.10488e-06 1.96455e-05
1613.72 0.00498506 0 1.47992 0.619117 0 0 0 7.01627e-07 0 4.91139e-06 1.96455e-05
1673.79 0.00498436 0 1.47848 0.617658 0 0 0 2.10488e-06 7.01627e-07 2.80651e-06 2.10488e-05
1733.83 0.00498436 0 1.4774 0.616601 0 0 0 2.80651e-06 7.01627e-07 2.10488e-06 2.10488e-05
1793.83 0.00498365 0 1.47618 0.615419 0 0 0 4.20976e-06 7.01627e-07 2.10488e-06 2.10488e-05
1853.85 0.00498295 0 1.47488 0.614063 0 0 0 1.40325e-06 0 7.01627e-06 2.10488e-05
1913.91 0.00498295 0 1.47371 0.612879 0 0 0 3.50813e-06 7.01627e-07 4.20976e-06 2.10488e-05
1973.95 0.00498225 0 1.47249 0.611649 0 0 0 3.50813e-06 7.01627e-07 5.61301e-06 2.10488e-05
2033.96 0.00498225 0 1.47134 0.610494 0 0 7.01627e-07 2.80651e-06 0 6.31464e-06 2.10488e-05
2093.97 0.00498225 0 1.4705 0.609601 0 0 0 3.50813e-06 7.01627e-07 4.20976e-06 2.24521e-05
2153.99 0.00498155 0 1.46928 0.608427 0 0 0 4.20976e-06 7.01627e-07 4.91139e-06 2.24521e-05
2214.06 0.00498085 0 1.46812 0.607207 0 0 0 7.01627e-07 7.01627e-07 8.41952e-06 2.38553e-05
2274.1 0.00498015 0 1.46696 0.606064 0 0 0 4.20976e-06 0 7.01627e-06 2.38553e-05
2334.11 0.00497944 0 1.46579 0.604838 0 0 0 8.41952e-06 0 4.20976e-06 2.38553e-05
2394.11 0.00497874 0 1.46472 0.603787 0 0 0 4.20976e-06 0 7.01627e-06 2.66618e-05
2454.12 0.00497734 0 1.46353 0.602592 0 0 0 2.80651e-06 7.01627e-07 1.05244e-05 2.66618e-05
2514.13 0.00497594 0 1.46235 0.601359 0 0 1.40325e-06 4.91139e-06 0 1.05244e-05 2.66618e-05
2574.13 0.00497594 0 1.46109 0.600173 0 0 7.01627e-07 7.71789e-06 7.01627e-07 7.71789e-06 2.66618e-05
2634.15 0.00497594 0 1.46004 0.599111 0 0 0 7.01627e-06 0 9.82277e-06 2.66618e-05
2694.16 0.00497453 0 1.45897 0.598062 0 0 0 2.80651e-06 0 1.40325e-05 2.94683e-05
2754.17 0.00497383 0 1.45776 0.59691 0 0 0 9.12115e-06 0 7.71789e-06 3.01699e-05
2814.2 0.00497383 0 1.45675 0.595941 0 0 0 4.20976e-06 0 1.1226e-05 3.15732e-05
2874.27 0.00497383 0 1.45575 0.594944 0 0 0 6.31464e-06 0 7.71789e-06 3.29764e-05
2934.28 0.00497383 0 1.45479 0.593965 0 0 7.01627e-07 3.50813e-06 0 9.82277e-06 3.29764e-05
2994.31 0.00497383 0 1.45369 0.592907 0 0 0 5.61301e-06 0 8.41952e-06 3.29764e-05
3054.35 0.00497383 0 1.45277 0.591995 0 0 0 4.91139e-06 7.01627e-07 5.61301e-06 3.50813e-05
3114.37 0.00497313 0 1.45159 0.590859 0 0 7.01627e-07 7.71789e-06 0 4.20976e-06 3.50813e-05
3174.4 0.00497313 0 1.45072 0.590016 0 0 0 2.80651e-06 7.01627e-07 6.31464e-06 3.71862e-05
3234.41 0.00497313 0 1.44973 0.589014 0 0 0 3.50813e-06 7.01627e-07 5.61301e-06 3.71862e-05
3294.42 0.00497173 0 1.44861 0.587884 0 0 7.01627e-07 5.61301e-06 0 4.91139e-06 3.78878e-05
3354.46 0.00497173 0 1.44746 0.586699 0 0 0 6.31464e-06 0 4.91139e-06 3.78878e-05
3414.5 0.00497173 0 1.44656 0.585789 0 0 7.01627e-07 3.50813e-06 0 5.61301e-06 3.92911e-05
3474.53 0.00497032 0 1.44545 0.584726 0 0 0 6.31464e-06 0 4.91139e-06 4.06943e-05
3534.57 0.00497032 0 1.44429 0.583549 0 0 0 4.20976e-06 0 7.01627e-06 4.06943e-05
3594.58 0.00497032 0 1.44326 0.582539 0 0 0 4.20976e-06 7.01627e-07 6.31464e-06 4.06943e-05
3654.58 0.00497032 0 1.44228 0.581544 0 0 0 4.20976e-06 7.01627e-07 4.91139e-06 4.1396e-05
3714.63 0.00496822 0 1.44146 0.580679 0 0 0 7.01627e-07 7.01627e-07 8.41952e-06 4.49041e-05
3774.63 0.00496822 0 1.44013 0.579461 0 0 0 3.50813e-06 1.40325e-06 4.91139e-06 4.49041e-05
3834.69 0.00496822 0 1.43901 0.578413 0 0 0 3.50813e-06 0 6.31464e-06 4.49041e-05
3894.76 0.00496752 0 1.43785 0.577323 0 0 0 2.10488e-06 0 6.31464e-06 4.77106e-05
3954.77 0.00496752 0 1.43697 0.576475 0 0 0 2.10488e-06 0 6.31464e-06 4.77106e-05
4014.77 0.00496681 0 1.43573 0.575271 0 0 7.01627e-07 2.10488e-06 7.01627e-07 6.31464e-06 4.77106e-05
4074.9 0.00496681 0 1.43479 0.574315 0 0 0 2.80651e-06 7.01627e-07 4.91139e-06 4.84122e-05
4134.95 0.00496681 0 1.43396 0.573468 0 0 0 1.40325e-06 7.01627e-07 4.91139e-06 4.98155e-05
4194.97 0.00496681 0 1.43296 0.572459 0 0 0 2.80651e-06 0 4.20976e-06 4.98155e-05
4254.97 0.00496611 0 1.43172 0.571263 0 0 0 4.20976e-06 0 4.20976e-06 4.98155e-05
4314.98 0.00496611 0 1.43065 0.570233 0 0 0 2.80651e-06 7.01627e-07 4.91139e-06 4.98155e-05
4375.03 0.00496611 0 1.42959 0.569249 0 0 0 7.01627e-07 7.01627e-07 4.20976e-06 5.19204e-05
4435.14 0.00496611 0 1.42877 0.568501 0 0 0 2.10488e-06 7.01627e-07 2.80651e-06 5.19204e-05
4495.14 0.00496541 0 1.42757 0.567328 0 0 0 3.50813e-06 0 3.50813e-06 5.19204e-05
4555.23 0.00496471 0 1.42628 0.566051 0 0 0 2.80651e-06 0 4.20976e-06 5.2622e-05
4615.26 0.00496471 0 1.42543 0.565217 0 0 0 1.40325e-06 0 4.20976e-06 5.33236e-05
4675.3 0.00496471 0 1.42452 0.564358 0 0 0 3.50813e-06 7.01627e-07 1.40325e-06 5.33236e-05
4735.42 0.00496471 0 1.4234 0.563332 0 0 0 1.40325e-06 7.01627e-07 2.10488e-06 5.47269e-05
4795.46 0.00496401 0 1.42265 0.562627 0 0 0 1.40325e-06 7.01627e-07 2.10488e-06 5.61301e-05
4855.53 0.00496401 0 1.42147 0.56146 0 0 0 2.10488e-06 0 2.10488e-06 5.61301e-05
4915.55 0.00496401 0 1.42053 0.560536 0 0 0 7.01627e-07 0 2.10488e-06 5.75334e-05
4975.56 0.00496331 0 1.41937 0.559491 0 0 0 1.40325e-06 0 2.80651e-06 5.75334e-05
5035.6 0.00496331 0 1.41846 0.558669 0 0 0 7.01627e-07 0 2.10488e-06 5.8235e-05
5095.62 0.0049626 0 1.41746 0.557696 0 0 0 0 7.01627e-07 7.01627e-07 6.03399e-05
5155.75 0.0049626 0 1.41698 0.557226 0 0 0 7.01627e-07 7.01627e-07 0 6.03399e-05
5215.8 0.0049626 0 1.41592 0.556204 0 0 0 7.01627e-07 0 7.01627e-07 6.03399e-05
5275.83 0.0049619 0 1.41477 0.555067 0 0 0 7.01627e-07 0 2.10488e-06 6.03399e-05
5335.88 0.0049612 0 1.41298 0.553362 0 0 0 0 0 2.80651e-06 6.17431e-05
5395.88 0.0049612 0 1.41184 0.552252 0 0 0 7.01627e-07 7.01627e-07 1.40325e-06 6.17431e-05
5455.89 0.0049612 0 1.41112 0.551567 0 0 0 7.01627e-07 0 7.01627e-07 6.24448e-05
5515.98 0.0049598 0 1.41001 0.550531 0 0 0 7.01627e-07 7.01627e-07 0 6.3848e-05
5575.98 0.0049591 0 1.40892 0.549537 0 0 0 7.01627e-07 7.01627e-07 1.40325e-06 6.3848e-05
5636.07 0.0049591 0 1.40758 0.548332 0 0 0 0 0 1.40325e-06 6.45496e-05
5696.07 0.00495839 0 1.40675 0.547586 0 0 7.01627e-07 7.01627e-07 0 1.40325e-06 6.45496e-05
5756.09 0.00495839 0 1.40499 0.545975 0 0 0 7.01627e-07 0 2.10488e-06 6.45496e-05
5816.12 0.00495839 0 1.40395 0.544944 0 0 0 1.40325e-06 7.01627e-07 7.01627e-07 6.45496e-05
5876.19 0.00495769 0 1.40283 0.54393 0 0 0 0 7.01627e-07 2.10488e-06 6.59529e-05
5936.2 0.00495769 0 1.40179 0.542896 0 0 0 7.01627e-07 0 2.10488e-06 6.59529e-05
5996.2 0.00495769 0 1.40081 0.541929 0 0 7.01627e-07 0 0 2.10488e-06 6.59529e-05
6056.21 0.00495769 0 1.40017 0.541297 0 0 0 7.01627e-07 0 7.01627e-07 6.73562e-05
6116.24 0.00495769 0 1.39931 0.540487 0 0 0 7.01627e-07 7.01627e-07 0 6.73562e-05
6176.24 0.00495699 0 1.39826 0.539493 0 0 0 0 0 1.40325e-06 6.80578e-05
6236.25 0.00495699 0 1.39726 0.538534 0 0 0 1.40325e-06 0 0 6.80578e-05
6296.33 0.00495629 0 1.39637 0.537709 0 0 0 0 7.01627e-07 7.01627e-07 6.9461e-05
6356.35 0.00495559 0 1.39561 0.536977 0 0 0 0 7.01627e-07 7.01627e-07 7.01627e-05
6462.4 0.00495489 1.40325e-06 1.39536 0.536736 0 0 0 0 0 0 7.08643e-05
6522.41 0.00495419 0 1.39393 0.53543 0 0 0 0 0 1.40325e-06 7.22675e-05
6582.47 0.00495419 0 1.39309 0.534675 0 0 0 7.01627e-07 7.01627e-07 0 7.22675e-05
6803.13 0.00495348 1.40325e-06 1.39249 0.534131 0 0 0 0 0 0 7.36708e-05
6863.14 0.00495278 0 1.39132 0.533038 0 0 0 7.01627e-07 7.01627e-07 0 7.43724e-05
6923.2 0.00495138 0 1.38966 0.531495 0 0 0 0 7.01627e-07 2.10488e-06 7.57757e-05
6983.23 0.00495068 0 1.38839 0.530256 0 0 0 0 0 2.80651e-06 7.71789e-05
7043.36 0.00495068 0 1.38748 0.529388 0 0 0 0 0 1.40325e-06 7.85822e-05
7103.45 0.00495068 0 1.3869 0.528859 0 0 0 0 0 1.40325e-06 7.85822e-05
7163.51 0.00494998 0 1.38527 0.527394 0 0 0 0 0 1.40325e-06 7.99854e-05
7236.49 0.00494927 1.40325e-06 1.38495 0.527086 0 0 0 0 0 0 8.13887e-05
7296.51 0.00494927 0 1.38384 0.526069 0 0 0 7.01627e-07 0 7.01627e-07 8.13887e-05
7356.57 0.00494857 0 1.38226 0.524679 0 0 0 0 0 1.40325e-06 8.20903e-05
7416.59 0.00494857 0 1.38146 0.523977 0 0 0 7.01627e-07 7.01627e-07 0 8.20903e-05
7476.65 0.00494857 0 1.38042 0.523014 0 0 0 7.01627e-07 0 7.01627e-07 8.20903e-05
7610.17 0.00494787 1.40325e-06 1.38016 0.522764 0 0 0 0 0 0 8.34936e-05
7670.33 0.00494787 0 1.37919 0.521824 0 0 0 7.01627e-07 7.01627e-07 0 8.34936e-05
7730.49 0.00494787 0 1.37807 0.520792 0 0 0 0 0 1.40325e-06 8.34936e-05
7790.56 0.00494787 0 1.37701 0.519787 0 0 0 7.01627e-07 7.01627e-07 0 8.34936e-05
7850.58 0.00494787 0 1.37589 0.518792 0 0 0 0 0 1.40325e-06 8.34936e-05
7910.59 0.00494787 0 1.37493 0.517843 0 0 0 0 0 1.40325e-06 8.34936e-05
7970.59 0.00494787 0 1.37397 0.516892 0 0 0 7.01627e-07 0 7.01627e-07 8.34936e-05
8030.61 0.00494717 0 1.37284 0.515842 0 0 0 7.01627e-07 0 2.10488e-06 8.34936e-05
8090.61 0.00494647 0 1.37051 0.513721 0 0 0 2.10488e-06 0 7.01627e-07 8.48968e-05
8150.7 0.00494577 0 1.36978 0.513057 0 0 0 7.01627e-07 0 7.01627e-07 8.63001e-05
8210.73 0.00494577 0 1.36912 0.512439 0 0 0 0 0 1.40325e-06 8.63001e-05
8270.78 0.00494506 0 1.36776 0.511192 0 0 0 0 7.01627e-07 7.01627e-07 8.77033e-05
8330.81 0.00494506 0 1.36699 0.510443 0 0 0 0 7.01627e-07 7.01627e-07 8.77033e-05
8390.82 0.00494366 0 1.36524 0.508815 0 0 0 0 7.01627e-07 2.10488e-06 8.84049e-05
8450.83 0.00494226 0 1.36349 0.507233 0 0 0 7.01627e-07 0 2.10488e-06 9.05098e-05
8510.97 0.00494156 0 1.3627 0.506496 0 0 0 7.01627e-07 7.01627e-07 2.80651e-06 9.05098e-05
8570.99 0.00494156 0 1.36156 0.505502 0 0 0 0 0 2.80651e-06 9.19131e-05
8630.99 0.00494015 0 1.36008 0.504131 0 0 0 2.10488e-06 7.01627e-07 2.80651e-06 9.19131e-05
8690.99 0.00494015 0 1.35884 0.50296 0 0 0 1.40325e-06 0 4.20976e-06 9.19131e-05
8751.24 0.00494015 0 1.35782 0.502044 0 0 0 7.01627e-07 0 4.91139e-06 9.19131e-05
8811.26 0.00494015 0 1.35674 0.501109 0 0 0 2.80651e-06 0 2.80651e-06 9.19131e-05
8871.27 0.00494015 0 1.35563 0.500147 0 0 0 2.80651e-06 0 2.80651e-06 9.19131e-05
8931.29 0.00494015 0 1.35458 0.499197 0 0 0 2.10488e-06 7.01627e-07 2.80651e-06 9.19131e-05
8991.29 0.00493945 0 1.35354 0.498193 0 0 0 2.80651e-06 0 2.80651e-06 9.26147e-05
9051.37 0.00493875 0 1.35262 0.497326 0 0 0 1.40325e-06 0 4.20976e-06 9.4018e-05
9111.4 0.00493805 0 1.3515 0.496331 0 0 0 4.20976e-06 7.01627e-07 2.10488e-06 9.4018e-05
9171.48 0.00493805 0 1.35044 0.495392 0 0 0 1.40325e-06 7.01627e-07 3.50813e-06 9.47196e-05
9231.67 0.00493805 0 1.34947 0.494507 0 0 0 1.40325e-06 7.01627e-07 3.50813e-06 9.47196e-05
9291.69 0.00493735 0 1.34845 0.493589 0 0 0 7.01627e-07 7.01627e-07 2.80651e-06 9.68245e-05
9351.73 0.00493664 0 1.34759 0.492769 0 0 0 1.40325e-06 0 4.20976e-06 9.68245e-05
9411.83 0.00493594 0 1.34642 0.49173 0 0 0 7.01627e-07 7.01627e-07 2.80651e-06 9.89293e-05
9471.98 0.00493594 0 1.34561 0.490995 0 0 0 1.40325e-06 7.01627e-07 2.10488e-06 9.89293e-05
9532.32 0.00493594 0 1.34462 0.490074 0 0 0 7.01627e-07 7.01627e-07 1.40325e-06 0.000100333
9592.33 0.00493524 0 1.34386 0.489384 0 0 0 1.40325e-06 7.01627e-07 2.10488e-06 0.000100333
9652.34 0.00493524 0 1.34256 0.488241 0 0 0 0 7.01627e-07 2.10488e-06 0.000101736
9712.45 0.00493454 0 1.34174 0.487477 0 0 0 2.10488e-06 0 2.10488e-06 0.000101736
9772.45 0.00493314 0 1.33964 0.485587 0 0 0 1.40325e-06 0 5.61301e-06 0.000101736
9832.52 0.00493173 0 1.33799 0.48414 0 0 0 2.80651e-06 7.01627e-07 6.31464e-06 0.000101736
9892.59 0.00493173 0 1.33709 0.483313 0 0 0 2.10488e-06 7.01627e-07 4.20976e-06 0.000103139
9952.65 0.00493173 0 1.3363 0.482619 0 0 0 1.40325e-06 0 4.20976e-06 0.000103841
10012.7 0.00493103 0 1.33531 0.48173 0 0 0 7.01627e-07 0 4.91139e-06 0.000105244
10072.7 0.00493103 0 1.33446 0.481014 0 0 0 2.10488e-06 7.01627e-07 1.40325e-06 0.000106647
10132.7 0.00493033 0 1.33346 0.480103 0 0 7.01627e-07 2.10488e-06 7.01627e-07 7.01627e-07 0.00010805
10192.8 0.00493033 0 1.33242 0.479199 0 0 0 7.01627e-07 0 3.50813e-06 0.00010805
10252.9 0.00493033 0 1.33141 0.478269 0 0 0 1.40325e-06 0 2.80651e-06 0.00010805
10312.9 0.00492963 0 1.33011 0.477126 0 0 0 7.01627e-07 7.01627e-07 2.80651e-06 0.000108752
10373 0.00492893 0 1.32919 0.476322 0 0 0 2.80651e-06 0 2.80651e-06 0.000108752
10433 0.00492893 0 1.32784 0.475116 0 0 0 2.10488e-06 0 3.50813e-06 0.000108752
10493 0.00492822 0 1.3266 0.474008 0 0 0 2.10488e-06 7.01627e-07 4.20976e-06 0.000108752
10553 0.00492822 0 1.3256 0.473082 0 0 0 1.40325e-06 7.01627e-07 4.91139e-06 0.000108752
10613 0.00492682 0 1.32472 0.472325 0 0 7.01627e-07 3.50813e-06 0 4.20976e-06 0.000110155
10673 0.00492612 0 1.32335 0.471169 0 0 0 1.40325e-06 7.01627e-07 4.91139e-06 0.000112962
10733 0.00492472 0 1.32224 0.470185 0 0 7.01627e-07 1.40325e-06 0 6.31464e-06 0.000113664
10793 0.00492472 0 1.32114 0.469247 0 0 0 2.80651e-06 7.01627e-07 4.91139e-06 0.000113664
10853 0.00492472 0 1.32013 0.468352 0 0 0 3.50813e-06 0 4.91139e-06 0.000113664
10913 0.00492402 0 1.31886 0.467283 0 0 0 2.80651e-06 7.01627e-07 6.31464e-06 0.000113664
10973 0.00492331 0 1.31759 0.466239 0 0 0 7.01627e-06 0 4.20976e-06 0.000113664
11033.1 0.00492331 0 1.31642 0.465228 0 0 0 2.10488e-06 7.01627e-07 8.41952e-06 0.000113664
11093.1 0.00492261 0 1.31535 0.464332 0 0 7.01627e-07 3.50813e-06 0 7.01627e-06 0.000114365
11153.2 0.00492121 0 1.31413 0.463266 0 0 0 4.91139e-06 7.01627e-07 8.41952e-06 0.000114365
11213.2 0.00492051 0 1.31306 0.462354 0 0 0 7.01627e-06 1.40325e-06 5.61301e-06 0.000115067
11273.2 0.00492051 0 1.31203 0.461465 0 0 0 3.50813e-06 0 7.71789e-06 0.00011647
11333.2 0.00491981 0 1.31103 0.460572 0 0 0 3.50813e-06 7.01627e-07 8.41952e-06 0.00011647
11393.3 0.0049184 0 1.30984 0.45954 0 0 7.01627e-07 7.71789e-06 0 7.01627e-06 0.00011647
11453.3 0.0049177 0 1.3089 0.458705 0 0 7.01627e-07 5.61301e-06 7.01627e-07 7.01627e-06 0.000117873
11513.3 0.0049177 0 1.30784 0.45779 0 0 0 4.91139e-06 0 7.71789e-06 0.000118575
11573.4 0.004917 0 1.30687 0.456959 0 0 0 4.91139e-06 0 7.71789e-06 0.000119277
11633.4 0.004917 0 1.30579 0.456049 0 0 7.01627e-07 5.61301e-06 0 6.31464e-06 0.000119277
11693.4 0.0049163 0 1.30466 0.455061 0 0 7.01627e-07 5.61301e-06 0 6.31464e-06 0.000119978
11753.5 0.0049163 0 1.30369 0.454223 0 0 0 4.20976e-06 7.01627e-07 7.71789e-06 0.000119978
11813.5 0.0049156 0 1.30276 0.453393 0 0 7.01627e-07 7.71789e-06 0 5.61301e-06 0.000119978
11873.5 0.0049156 0 1.30163 0.452408 0 0 0 4.20976e-06 1.40325e-06 8.41952e-06 0.000119978
11933.7 0.0049156 0 1.3007 0.451565 0 0 0 4.91139e-06 7.01627e-07 5.61301e-06 0.000122785
11993.7 0.00491489 0 1.29977 0.450784 0 0 0 5.61301e-06 7.01627e-07 6.31464e-06 0.000122785
12053.8 0.00491489 0 1.29861 0.449815 0 0 0 5.61301e-06 0 7.01627e-06 0.000122785
12113.8 0.00491489 0 1.29752 0.44891 0 0 7.01627e-07 4.91139e-06 0 7.01627e-06 0.000122785
12173.8 0.00491279 0 1.29646 0.448009 0 0 7.01627e-07 5.61301e-06 0 6.31464e-06 0.000126293
12233.9 0.00491139 0 1.2954 0.447142 0 0 0 4.20976e-06 7.01627e-07 7.71789e-06 0.000128398
12294 0.00491068 0 1.29434 0.446207 0 0 0 4.20976e-06 0 9.82277e-06 0.000128398
12354.1 0.00490928 0 1.29315 0.445155 0 0 0 6.31464e-06 7.01627e-07 9.82277e-06 0.000128398
12414.2 0.00490858 0 1.29204 0.444236 0 0 0 7.71789e-06 7.01627e-07 7.01627e-06 0.000131204
12474.2 0.00490788 0 1.29097 0.443335 0 0 0 6.31464e-06 0 9.12115e-06 0.000132607
12534.2 0.00490718 0 1.2899 0.44241 0 0 0 5.61301e-06 7.01627e-07 1.05244e-05 0.000132607
12594.3 0.00490647 0 1.28879 0.441454 0 0 7.01627e-07 1.05244e-05 0 7.01627e-06 0.000132607
12654.3 0.00490647 0 1.28772 0.440544 0 0 0 9.12115e-06 7.01627e-07 8.41952e-06 0.000132607
12714.3 0.00490437 0 1.28649 0.439553 0 0 7.01627e-07 7.71789e-06 7.01627e-07 1.19277e-05 0.000134011
12774.3 0.00490367 0 1.28539 0.438609 0 0 0 7.71789e-06 0 1.33309e-05 0.000135414
12834.3 0.00490297 0 1.28446 0.437774 0 0 7.01627e-07 7.71789e-06 7.01627e-07 1.05244e-05 0.00013822
12894.5 0.00490297 0 1.28351 0.436995 0 0 0 7.01627e-06 0 9.82277e-06 0.000141027
12954.5 0.00490226 0 1.2826 0.436217 0 0 0 5.61301e-06 7.01627e-07 9.12115e-06 0.000143833
13014.5 0.00490226 0 1.28157 0.435408 0 0 0 6.31464e-06 7.01627e-07 7.01627e-06 0.000145237
13074.5 0.00490226 0 1.28064 0.434607 0 0 0 2.80651e-06 0 1.1226e-05 0.000145237
13134.6 0.00490156 0 1.27953 0.433689 0 0 0 2.80651e-06 0 1.1226e-05 0.00014664
13194.6 0.00490016 0 1.27842 0.432775 0 0 0 7.71789e-06 7.01627e-07 8.41952e-06 0.00014664
13254.7 0.00490016 0 1.27724 0.431783 0 0 0 1.05244e-05 0 6.31464e-06 0.00014664
13314.7 0.00490016 0 1.27618 0.430887 0 0 7.01627e-07 7.01627e-06 0 9.12115e-06 0.00014664
13374.7 0.00490016 0 1.27524 0.430124 0 0 0 5.61301e-06 0 8.41952e-06 0.000149446
13434.7 0.00489876 0 1.27421 0.429247 0 0 0 9.12115e-06 7.01627e-07 5.61301e-06 0.000150148
13494.7 0.00489806 0 1.2732 0.428395 0 0 0 9.12115e-06 7.01627e-07 5.61301e-06 0.000151551
13554.8 0.00489806 0 1.27219 0.427525 0 0 0 4.91139e-06 7.01627e-07 9.82277e-06 0.000151551
13614.8 0.00489735 0 1.27119 0.426679 0 0 0 8.41952e-06 7.01627e-07 7.71789e-06 0.000151551
13674.8 0.00489595 0 1.26997 0.425663 0 0 0 8.41952e-06 0 9.82277e-06 0.000152955
13734.9 0.00489455 0 1.26895 0.424801 0 0 1.40325e-06 8.41952e-06 2.10488e-06 9.12115e-06 0.000152955
13794.9 0.00489455 0 1.26776 0.42387 0 0 7.01627e-07 9.12115e-06 7.01627e-07 9.12115e-06 0.000154358
13854.9 0.00489455 0 1.26691 0.423179 0 0 0 7.01627e-06 0 9.82277e-06 0.000156463
13914.9 0.00489314 0 1.26578 0.422267 0 0 0 7.01627e-06 0 1.1226e-05 0.000157866
13975.1 0.00489244 0 1.26475 0.421405 0 0 0 6.31464e-06 0 1.33309e-05 0.000157866
14035.1 0.00489244 0 1.26365 0.420537 0 0 0 7.71789e-06 2.80651e-06 7.71789e-06 0.000158568
14095.1 0.00489104 0 1.26265 0.41969 0 0 0 8.41952e-06 0 1.26293e-05 0.000158568
14155.1 0.00489104 0 1.26149 0.418759 0 0 0 6.31464e-06 0 1.33309e-05 0.000159269
14215.2 0.00489034 0 1.26051 0.41794 0 0 0 9.12115e-06 0 1.05244e-05 0.000159971
14275.3 0.00489034 0 1.25948 0.417105 0 0 0 6.31464e-06 0 1.05244e-05 0.000162777
14335.3 0.00488964 0 1.2585 0.41634 0 0 7.01627e-07 5.61301e-06 0 1.19277e-05 0.000162777
14395.3 0.00488893 0 1.2574 0.415449 0 0 0 6.31464e-06 0 1.05244e-05 0.000165584
14455.6 0.00488893 0 1.25648 0.414691 0 0 0 7.71789e-06 0 9.12115e-06 0.000165584
14515.6 0.00488753 0 1.25537 0.413791 0 0 0 8.41952e-06 0 1.1226e-05 0.000165584
14575.6 0.00488753 0 1.25419 0.412862 0 0 0 9.12115e-06 7.01627e-07 9.82277e-06 0.000165584
14635.7 0.00488613 0 1.25302 0.41191 0 0 0 9.82277e-06 7.01627e-07 1.05244e-05 0.000166987
14695.7 0.00488472 0 1.25199 0.411097 0 0 0 1.1226e-05 1.40325e-06 9.82277e-06 0.000167689
14755.7 0.00488472 0 1.25089 0.410226 0 0 0 7.01627e-06 7.01627e-07 1.47342e-05 0.000167689
14815.7 0.00488472 0 1.24992 0.409412 0 0 0 7.01627e-06 7.01627e-07 1.33309e-05 0.00016839
14875.8 0.00488402 0 1.24893 0.408625 0 0 7.01627e-07 1.40325e-05 0 6.31464e-06 0.000169794
14935.8 0.00488262 0 1.24779 0.407698 0 0 0 1.26293e-05 7.01627e-07 1.05244e-05 0.000169794
14995.8 0.00488262 0 1.24669 0.406798 0 0 0 1.05244e-05 7.01627e-07 1.26293e-05 0.000169794
15055.8 0.00488262 0 1.24569 0.405948 0 0 0 1.19277e-05 0 1.05244e-05 0.000171197
15115.8 0.00488192 0 1.24467 0.405125 0 0 0 8.41952e-06 7.01627e-07 1.47342e-05 0.000171197
15175.9 0.00488122 0 1.24365 0.404312 0 0 2.10488e-06 1.05244e-05 7.01627e-07 1.05244e-05 0.0001726
15235.9 0.00488051 0 1.24258 0.403451 0 0 0 7.71789e-06 7.01627e-07 1.54358e-05 0.000173302
15295.9 0.00488051 0 1.24155 0.402608 0 0 7.01627e-07 1.19277e-05 7.01627e-07 1.05244e-05 0.000173302
15355.9 0.00487981 0 1.2404 0.401703 0 0 0 7.71789e-06 2.10488e-06 1.54358e-05 0.000173302
15416 0.00487911 0 1.23931 0.400808 0 0 0 9.12115e-06 1.40325e-06 1.47342e-05 0.000174705
15476 0.00487771 0 1.23831 0.399987 0 0 0 1.40325e-05 7.01627e-07 1.19277e-05 0.000176108
15536.1 0.00487701 0 1.23725 0.399129 0 0 1.40325e-06 9.82277e-06 0 1.40325e-05 0.000177512
15596.1 0.00487701 0 1.23634 0.398363 0 0 7.01627e-07 1.05244e-05 0 1.1226e-05 0.000179616
15656.1 0.00487701 0 1.2353 0.397582 0 0 7.01627e-07 1.1226e-05 0 9.12115e-06 0.000180318
15716.1 0.00487701 0 1.23434 0.396806 0 0 0 7.01627e-06 7.01627e-07 1.33309e-05 0.000180318
15776.1 0.00487701 0 1.2333 0.395945 0 0 0 9.82277e-06 7.01627e-07 9.12115e-06 0.00018102
15836.3 0.0048756 0 1.23225 0.395128 0 0 0 7.71789e-06 7.01627e-07 1.40325e-05 0.00018102
15896.3 0.0048756 0 1.2312 0.394311 0 0 7.01627e-07 1.05244e-05 0 9.82277e-06 0.000182423
15956.3 0.0048728 0 1.23005 0.39337 0 0 7.01627e-07 1.33309e-05 7.01627e-07 1.19277e-05 0.000182423
16016.3 0.00487139 0 1.22893 0.39247 0 0 0 1.54358e-05 0 1.26293e-05 0.000183125
16076.4 0.00487139 0 1.22781 0.391607 0 0 0 1.1226e-05 7.01627e-07 1.47342e-05 0.000183826
16136.4 0.00487069 0 1.22683 0.390813 0 0 0 1.26293e-05 7.01627e-07 1.47342e-05 0.000183826
16196.5 0.00487069 0 1.22581 0.390008 0 0 0 9.82277e-06 7.01627e-07 1.61374e-05 0.000184528
16256.5 0.00487069 0 1.22482 0.38922 0 0 7.01627e-07 8.41952e-06 7.01627e-07 1.54358e-05 0.000185229
16316.5 0.00486999 0 1.2238 0.388416 0 0 7.01627e-07 1.26293e-05 0 1.33309e-05 0.000185229
16376.5 0.00486999 0 1.22278 0.387595 0 0 7.01627e-07 1.1226e-05 7.01627e-07 1.26293e-05 0.000186633
16436.5 0.00486859 0 1.2217 0.386749 0 0 0 1.54358e-05 7.01627e-07 1.19277e-05 0.000186633
16496.5 0.00486789 0 1.2207 0.385944 0 0 0 7.71789e-06 7.01627e-07 1.96455e-05 0.000187334
16556.5 0.00486789 0 1.21971 0.385094 0 0 1.40325e-06 1.05244e-05 7.01627e-07 1.40325e-05 0.000188036
16616.5 0.00486789 0 1.21869 0.384283 0 0 7.01627e-07 1.40325e-05 0 1.19277e-05 0.000188036
16676.6 0.00486789 0 1.2176 0.383463 0 0 0 1.26293e-05 0 1.40325e-05 0.000188036
16736.7 0.00486718 0 1.21658 0.382648 0 0 0 1.40325e-05 7.01627e-07 1.19277e-05 0.000188738
16796.7 0.00486648 0 1.21549 0.381816 0 0 7.01627e-07 1.96455e-05 7.01627e-07 7.01627e-06 0.000188738
16856.7 0.00486648 0 1.2144 0.380976 0 0 7.01627e-07 1.1226e-05 0 1.47342e-05 0.000189439
16916.8 0.00486648 0 1.21341 0.380226 0 0 0 1.40325e-05 0 1.1226e-05 0.000190842
16976.8 0.00486648 0 1.21238 0.379435 0 0 7.01627e-07 1.26293e-05 0 1.19277e-05 0.000190842
17036.8 0.00486578 0 1.21122 0.378603 0 0 1.40325e-06 1.05244e-05 0 1.33309e-05 0.000191544
17096.8 0.00486438 0 1.21011 0.377787 0 0 0 1.33309e-05 7.01627e-07 1.40325e-05 0.000191544
17157 0.00486438 0 1.20893 0.376909 0 0 0 1.1226e-05 0 1.54358e-05 0.000192947
17217 0.00486368 0 1.20798 0.376161 0 0 0 1.6839e-05 7.01627e-07 1.05244e-05 0.000192947
17277.1 0.00486368 0 1.20691 0.375327 0 0 0 1.40325e-05 1.40325e-06 1.1226e-05 0.000194351
17337.1 0.00486297 0 1.20582 0.374504 0 0 7.01627e-07 1.1226e-05 1.40325e-06 1.47342e-05 0.000194351
17397.1 0.00486227 0 1.20471 0.373667 0 0 0 1.40325e-05 7.01627e-07 1.47342e-05 0.000194351
17457.2 0.00486157 0 1.20366 0.372851 0 0 0 1.40325e-05 0 1.40325e-05 0.000196455
17517.2 0.00486157 0 1.20263 0.372056 0 0 0 1.05244e-05 7.01627e-07 1.6839e-05 0.000196455
17577.2 0.00486157 0 1.20167 0.371296 0 0 7.01627e-07 1.40325e-05 1.40325e-06 9.12115e-06 0.000199262
17637.2 0.00486087 0 1.20077 0.370581 0 0 7.01627e-07 1.19277e-05 0 1.26293e-05 0.000199964
17697.2 0.00486017 0 1.19964 0.369721 0 0 7.01627e-07 9.82277e-06 7.01627e-07 1.54358e-05 0.000199964
17757.3 0.00486017 0 1.19863 0.369005 0 0 0 7.01627e-06 1.40325e-06 1.54358e-05 0.000202068
17817.3 0.00485947 0 1.19775 0.368308 0 0 0 9.12115e-06 1.40325e-06 1.33309e-05 0.00020277
17877.3 0.00485947 0 1.19668 0.367476 0 0 7.01627e-07 1.1226e-05 0 1.19277e-05 0.00020277
17937.3 0.00485947 0 1.19558 0.366683 0 0 0 9.82277e-06 7.01627e-07 1.33309e-05 0.00020277
17997.3 0.00485947 0 1.19447 0.365864 0 0 1.40325e-06 1.19277e-05 0 1.05244e-05 0.00020277
18057.4 0.00485947 0 1.19341 0.365087 0 0 0 9.82277e-06 0 1.26293e-05 0.000204173
18117.5 0.00485947 0 1.19253 0.364409 0 0 0 1.05244e-05 7.01627e-07 8.41952e-06 0.000206278
18177.6 0.00485876 0 1.19162 0.363687 0 0 0 5.61301e-06 0 1.40325e-05 0.000207681
18237.6 0.00485806 0 1.19043 0.362815 0 0 0 1.1226e-05 7.01627e-07 7.71789e-06 0.000208383
18297.6 0.00485806 0 1.18952 0.362075 0 0 0 7.01627e-06 0 1.26293e-05 0.000208383
18357.7 0.00485666 0 1.18859 0.36136 0 0 0 9.12115e-06 0 1.05244e-05 0.000210488
18417.7 0.00485596 0 1.18758 0.360554 0 0 0 8.41952e-06 7.01627e-07 1.05244e-05 0.000211891
18477.7 0.00485596 0 1.18663 0.359788 0 0 7.01627e-07 6.31464e-06 0 1.26293e-05 0.000211891
18537.7 0.00485526 0 1.18558 0.359021 0 0 7.01627e-07 9.12115e-06 0 8.41952e-06 0.000213996
18597.7 0.00485385 0 1.18455 0.358291 0 0 7.01627e-07 9.12115e-06 2.10488e-06 9.12115e-06 0.000213996
18657.7 0.00485315 0 1.18351 0.357479 0 0 7.01627e-07 1.19277e-05 7.01627e-07 6.31464e-06 0.000216101
18717.7 0.00485315 0 1.1825 0.356756 0 0 0 4.91139e-06 0 1.19277e-05 0.000218206
18777.8 0.00485315 0 1.18161 0.356052 0 0 0 5.61301e-06 7.01627e-07 9.12115e-06 0.000219609
18837.8 0.00485245 0 1.18062 0.35532 0 0 7.01627e-07 8.41952e-06 7.01627e-07 5.61301e-06 0.000221012
18897.9 0.00485105 0 1.17953 0.354498 0 0 7.01627e-07 7.01627e-06 7.01627e-07 8.41952e-06 0.000221714
18957.9 0.00485105 0 1.17847 0.353712 0 0 7.01627e-07 7.71789e-06 0 7.01627e-06 0.000223117
19017.9 0.00485105 0 1.17766 0.353076 0 0 0 4.91139e-06 7.01627e-07 7.01627e-06 0.000224521
19078 0.00485105 0 1.17671 0.352351 0 0 0 4.20976e-06 7.01627e-07 7.71789e-06 0.000224521
19138 0.00485105 0 1.17566 0.351579 0 0 0 7.01627e-06 0 5.61301e-06 0.000224521
19198.1 0.00484964 0 1.1746 0.350776 0 0 7.01627e-07 9.12115e-06 0 5.61301e-06 0.000224521
19258.1 0.00484894 0 1.17365 0.350034 0 0 7.01627e-07 4.91139e-06 0 7.01627e-06 0.000228029
19318.2 0.00484824 0 1.17268 0.349315 0 0 0 4.91139e-06 0 7.71789e-06 0.000229432
19378.2 0.00484824 0 1.17161 0.348499 0 0 7.01627e-07 4.20976e-06 7.01627e-07 7.01627e-06 0.000229432
19438.3 0.00484684 0 1.17034 0.347575 0 0 0 8.41952e-06 7.01627e-07 6.31464e-06 0.000229432
19498.3 0.00484613 0 1.1693 0.346832 0 0 0 6.31464e-06 0 9.12115e-06 0.000230134
19558.4 0.00484613 0 1.16839 0.346089 0 0 0 5.61301e-06 7.01627e-07 9.12115e-06 0.000230134
19618.5 0.00484543 0 1.16723 0.345221 0 0 0 7.01627e-06 7.01627e-07 9.12115e-06 0.000230134
19678.5 0.00484543 0 1.16616 0.344471 0 0 0 9.12115e-06 0 7.71789e-06 0.000230134
19738.5 0.00484403 0 1.16506 0.34365 0 0 0 9.12115e-06 7.01627e-07 9.82277e-06 0.000230134
19798.5 0.00484263 0 1.16383 0.342752 0 0 0 1.19277e-05 7.01627e-07 9.82277e-06 0.000230134
19858.6 0.00484263 0 1.16273 0.34195 0 0 0 7.01627e-06 0 1.54358e-05 0.000230134
19918.6 0.00484263 0 1.16167 0.341185 0 0 7.01627e-07 1.33309e-05 0 8.41952e-06 0.000230134
19978.6 0.00484192 0 1.16058 0.340379 0 0 0 7.01627e-06 7.01627e-07 1.61374e-05 0.000230134
20038.6 0.00484122 0 1.15949 0.339615 0 0 0 1.1226e-05 0 1.40325e-05 0.000230134
20098.6 0.00484122 0 1.15842 0.338807 0 0 0 9.82277e-06 0 1.54358e-05 0.000230134
20158.6 0.00484122 0 1.15743 0.338065 0 0 7.01627e-07 1.1226e-05 1.40325e-06 1.05244e-05 0.000231537
20218.7 0.00484122 0 1.1565 0.337423 0 0 7.01627e-07 9.82277e-06 0 1.05244e-05 0.00023294
20278.7 0.00484122 0 1.15542 0.336685 0 0 0 7.71789e-06 7.01627e-07 1.26293e-05 0.00023294
20338.8 0.00483982 0 1.15437 0.335876 0 0 0 1.47342e-05 0 9.12115e-06 0.00023294
20398.8 0.00483912 0 1.15321 0.335041 0 0 0 9.12115e-06 7.01627e-07 1.54358e-05 0.00023294
20458.8 0.00483842 0 1.15216 0.334264 0 0 0 1.1226e-05 0 1.40325e-05 0.000234343
20518.8 0.00483772 0 1.15113 0.333522 0 0 7.01627e-07 1.33309e-05 0 1.26293e-05 0.000234343
20578.8 0.00483701 0 1.15007 0.332758 0 0 0 1.05244e-05 1.40325e-06 1.33309e-05 0.00023715
20638.8 0.00483631 0 1.14909 0.332045 0 0 7.01627e-07 1.1226e-05 0 1.33309e-05 0.000238553
20698.9 0.00483561 0 1.14801 0.33125 0 0 0 1.26293e-05 7.01627e-07 1.33309e-05 0.000238553
20758.9 0.00483561 0 1.14705 0.330554 0 0 0 1.1226e-05 0 1.26293e-05 0.000240658
20818.9 0.00483561 0 1.14609 0.329877 0 0 0 1.33309e-05 7.01627e-07 9.82277e-06 0.000240658
20879 0.00483561 0 1.14503 0.329098 0 0 0 1.19277e-05 7.01627e-07 1.1226e-05 0.000240658
20939 0.00483421 0 1.14398 0.328339 0 0 0 1.19277e-05 7.01627e-07 1.26293e-05 0.00024136
20999.1 0.00483351 0 1.14283 0.327536 0 0 7.01627e-07 7.01627e-06 1.40325e-06 1.75407e-05 0.00024136
21059.1 0.0048321 0 1.14182 0.326771 0 0 0 1.33309e-05 0 1.61374e-05 0.00024136
21119.1 0.0048314 0 1.1408 0.326014 0 0 7.01627e-07 1.54358e-05 7.01627e-07 1.40325e-05 0.00024136
21179.1 0.0048307 0 1.13976 0.325261 0 0 0 1.05244e-05 0 1.89439e-05 0.000243464
21239.2 0.0048307 0 1.13871 0.324553 0 0 0 1.47342e-05 7.01627e-07 1.26293e-05 0.000244868
21299.2 0.0048307 0 1.13775 0.323866 0 0 1.40325e-06 1.05244e-05 1.40325e-06 1.47342e-05 0.000244868
21359.2 0.0048307 0 1.13676 0.32311 0 0 7.01627e-07 1.54358e-05 7.01627e-07 1.1226e-05 0.000244868
21419.2 0.0048307 0 1.13577 0.322408 0 0 7.01627e-07 9.12115e-06 7.01627e-07 1.61374e-05 0.000245569
21479.3 0.0048307 0 1.13477 0.321713 0 0 0 5.61301e-06 7.01627e-07 1.75407e-05 0.000246973
21539.3 0.0048293 0 1.1339 0.321079 0 0 0 1.19277e-05 7.01627e-07 1.1226e-05 0.000249077
21599.3 0.00482859 0 1.13283 0.32026 0 0 0 1.1226e-05 0 1.40325e-05 0.000249077
21659.3 0.00482859 0 1.13189 0.319507 0 0 0 1.05244e-05 0 1.47342e-05 0.000249077
21719.4 0.00482789 0 1.13092 0.318783 0 0 0 1.54358e-05 7.01627e-07 1.05244e-05 0.000249077
21779.5 0.00482789 0 1.12991 0.318063 0 0 0 1.26293e-05 0 1.26293e-05 0.000250481
21839.5 0.00482789 0 1.12885 0.31734 0 0 7.01627e-07 1.1226e-05 0 1.33309e-05 0.000250481
21899.5 0.00482789 0 1.12789 0.316644 0 0 0 1.19277e-05 0 1.19277e-05 0.000251884
21959.6 0.00482789 0 1.12701 0.315987 0 0 0 9.12115e-06 7.01627e-07 1.1226e-05 0.00025469
22019.6 0.00482789 0 1.12607 0.315348 0 0 0 1.1226e-05 0 8.41952e-06 0.000256094
22079.6 0.00482789 0 1.12498 0.314607 0 0 0 6.31464e-06 7.01627e-07 1.26293e-05 0.000256094
22139.6 0.00482719 0 1.12389 0.313849 0 0 7.01627e-07 7.01627e-06 7.01627e-07 1.26293e-05 0.000256094
22199.6 0.00482719 0 1.12286 0.313115 0 0 7.01627e-07 9.82277e-06 7.01627e-07 9.82277e-06 0.000256094
22259.7 0.00482649 0 1.12179 0.312347 0 0 0 1.1226e-05 7.01627e-07 1.05244e-05 0.000256094
22319.8 0.00482579 0 1.12078 0.311625 0 0 0 7.71789e-06 7.01627e-07 1.40325e-05 0.000257497
22379.8 0.00482579 0 1.11973 0.310901 0 0 0 1.26293e-05 7.01627e-07 9.12115e-06 0.000257497
22439.8 0.00482509 0 1.11851 0.310117 0 0 7.01627e-07 1.26293e-05 0 1.05244e-05 0.000257497
22499.8 0.00482509 0 1.11751 0.30942 0 0 1.40325e-06 1.26293e-05 0 9.82277e-06 0.000257497
22559.8 0.00482509 0 1.11652 0.308727 0 0 0 1.19277e-05 3.50813e-06 8.41952e-06 0.000257497
22619.8 0.00482438 0 1.11554 0.308004 0 0 0 1.05244e-05 7.01627e-07 1.40325e-05 0.000257497
22679.8 0.00482438 0 1.11448 0.307253 0 0 0 1.1226e-05 1.40325e-06 1.26293e-05 0.000257497
22740 0.00482368 0 1.11356 0.306559 0 0 0 1.1226e-05 0 1.26293e-05 0.000259602
22800 0.00482368 0 1.11263 0.305912 0 0 0 1.33309e-05 0 1.05244e-05 0.000259602
22860.1 0.00482368 0 1.11155 0.305161 0 0 0 9.12115e-06 7.01627e-07 1.40325e-05 0.000259602
22920.1 0.00482298 0 1.11061 0.304485 0 0 0 9.82277e-06 7.01627e-07 1.33309e-05 0.000261005
22980.1 0.00482158 0 1.10948 0.303713 0 0 7.01627e-07 1.26293e-05 2.10488e-06 9.82277e-06 0.000261707
23040.1 0.00482158 0 1.10845 0.303003 0 0 0 1.05244e-05 7.01627e-07 1.40325e-05 0.000261707
23100.2 0.00482088 0 1.10736 0.302231 0 0 0 1.26293e-05 0 1.40325e-05 0.000261707
23160.3 0.00482088 0 1.1064 0.301533 0 0 0 1.05244e-05 0 1.61374e-05 0.000261707
23220.3 0.00482017 0 1.1053 0.300798 0 0 7.01627e-07 1.1226e-05 0 1.61374e-05 0.000261707
23280.3 0.00481947 0 1.10419 0.300014 0 0 0 1.1226e-05 7.01627e-07 1.61374e-05 0.000262408
23340.3 0.00481947 0 1.10314 0.299331 0 0 7.01627e-07 1.33309e-05 7.01627e-07 1.33309e-05 0.000262408
23400.3 0.00481877 0 1.10209 0.298609 0 0 7.01627e-07 1.26293e-05 1.40325e-06 1.47342e-05 0.000262408
23460.4 0.00481807 0 1.10091 0.297847 0 0 0 1.47342e-05 2.10488e-06 1.40325e-05 0.000262408
23520.4 0.00481807 0 1.09983 0.29713 0 0 0 1.61374e-05 0 1.47342e-05 0.000262408
23580.4 0.00481807 0 1.09877 0.296422 0 0 0 1.89439e-05 7.01627e-07 1.1226e-05 0.000262408
23640.4 0.00481667 0 1.09765 0.295678 0 0 2.10488e-06 1.75407e-05 7.01627e-07 1.19277e-05 0.000263812
23700.4 0.00481667 0 1.09654 0.294943 0 0 0 1.96455e-05 1.40325e-06 1.1226e-05 0.000263812
23760.4 0.00481667 0 1.09549 0.294245 0 0 2.80651e-06 1.47342e-05 7.01627e-07 1.26293e-05 0.000264513
23820.4 0.00481596 0 1.0944 0.293551 0 0 7.01627e-07 1.6839e-05 7.01627e-07 1.40325e-05 0.000264513
23880.5 0.00481596 0 1.09324 0.292818 0 0 0 2.10488e-05 1.40325e-06 9.82277e-06 0.000264513
23940.5 0.00481596 0 1.09221 0.292143 0 0 0 1.6839e-05 0 1.54358e-05 0.000264513
24000.5 0.00481526 0 1.09123 0.291432 0 0 0 1.40325e-05 0 1.82423e-05 0.000265215
24060.5 0.00481456 0 1.09025 0.29073 0 0 0 1.19277e-05 0 2.17504e-05 0.000265215
24120.5 0.00481316 0 1.08901 0.289956 0 0 0 2.10488e-05 7.01627e-07 1.33309e-05 0.000266618
24180.5 0.00481316 0 1.08805 0.289281 0 0 0 1.6839e-05 1.40325e-06 1.6839e-05 0.000266618
24240.5 0.00481316 0 1.0871 0.288623 0 0 0 1.82423e-05 7.01627e-07 1.61374e-05 0.000266618
24300.5 0.00481316 0 1.08614 0.287966 0 0 7.01627e-07 1.54358e-05 1.40325e-06 1.61374e-05 0.00026732
24360.5 0.00481316 0 1.08521 0.287336 0 0 0 1.40325e-05 0 1.82423e-05 0.000268021
24420.5 0.00481316 0 1.08425 0.286671 0 0 0 1.61374e-05 7.01627e-07 1.54358e-05 0.000268021
24480.6 0.00481316 0 1.08335 0.286024 0 0 7.01627e-07 1.6839e-05 7.01627e-07 1.40325e-05 0.000268021
24540.7 0.00481316 0 1.08239 0.285335 0 0 0 1.6839e-05 7.01627e-07 1.47342e-05 0.000268021
24600.8 0.00481246 0 1.08128 0.284601 0 0 0 1.47342e-05 0 1.89439e-05 0.000268021
24660.9 0.00481175 0 1.08023 0.283885 0 0 0 1.96455e-05 0 1.26293e-05 0.000269425
24720.9 0.00480965 0 1.07916 0.283158 0 0 0 1.54358e-05 1.40325e-06 1.96455e-05 0.000269425
24780.9 0.00480965 0 1.07799 0.282404 0 0 0 1.89439e-05 4.20976e-06 1.33309e-05 0.000269425
24841 0.00480965 0 1.07702 0.281717 0 0 0 1.75407e-05 0 1.75407e-05 0.000270126
24901 0.00480965 0 1.07604 0.281102 0 0 0 1.40325e-05 0 1.96455e-05 0.000271529
24961.1 0.00480965 0 1.07517 0.280475 0 0 7.01627e-07 1.33309e-05 7.01627e-07 1.89439e-05 0.000271529
25021.2 0.00480895 0 1.07422 0.279826 0 0 0 1.26293e-05 1.40325e-06 1.82423e-05 0.000273634
25081.2 0.00480755 0 1.07331 0.279182 0 0 7.01627e-07 1.33309e-05 2.10488e-06 1.89439e-05 0.000273634
25141.3 0.00480755 0 1.072 0.278396 0 0 0 1.96455e-05 0 1.54358e-05 0.000273634
25201.4 0.00480755 0 1.07089 0.277712 0 0 7.01627e-07 1.54358e-05 0 1.89439e-05 0.000273634
25261.4 0.00480614 0 1.06983 0.277011 0 0 0 1.40325e-05 7.01627e-07 2.17504e-05 0.000275038
25321.4 0.00480614 0 1.06892 0.276392 0 0 2.10488e-06 1.89439e-05 0 1.54358e-05 0.000275038
25381.4 0.00480544 0 1.06783 0.275705 0 0 0 2.45569e-05 0 1.33309e-05 0.000275038
25441.4 0.00480474 0 1.06683 0.275026 0 0 7.01627e-07 1.75407e-05 2.80651e-06 1.82423e-05 0.000275038
25501.4 0.00480404 0 1.0657 0.274331 0 0 2.10488e-06 2.17504e-05 0 1.6839e-05 0.000275038
25561.4 0.00480334 0 1.06471 0.273663 0 0 0 1.96455e-05 2.10488e-06 1.75407e-05 0.000276441
25621.5 0.00480193 0 1.06368 0.272996 0 0 0 2.45569e-05 1.40325e-06 1.61374e-05 0.000276441
25681.5 0.00480193 0 1.06252 0.27227 0 0 7.01627e-07 1.82423e-05 7.01627e-07 2.24521e-05 0.000276441
25741.5 0.00480123 0 1.0614 0.271587 0 0 0 1.96455e-05 0 2.24521e-05 0.000277844
25801.5 0.00479983 0 1.06035 0.270879 0 0 0 2.10488e-05 7.01627e-07 2.31537e-05 0.000277844
25861.5 0.00479913 0 1.05933 0.270238 0 0 0 2.10488e-05 7.01627e-07 2.45569e-05 0.000277844
25921.6 0.00479842 0 1.05823 0.269514 0 0 1.40325e-06 2.31537e-05 0 2.17504e-05 0.000278546
25981.6 0.00479702 0 1.05718 0.268809 0 0 0 2.24521e-05 0 2.52586e-05 0.000279247
26041.6 0.00479702 0 1.05623 0.268176 0 0 7.01627e-07 2.03472e-05 0 2.66618e-05 0.000279247
26101.6 0.00479702 0 1.05523 0.267541 0 0 0 2.45569e-05 1.40325e-06 2.17504e-05 0.000279247
26161.6 0.00479702 0 1.05418 0.266848 0 0 7.01627e-07 2.24521e-05 2.10488e-06 2.10488e-05 0.000280651
26221.6 0.00479702 0 1.05324 0.266192 0 0 0 2.17504e-05 7.01627e-07 2.38553e-05 0.000280651
26281.7 0.00479492 0 1.05217 0.265477 0 0 0 2.52586e-05 2.10488e-06 2.31537e-05 0.000280651
26341.7 0.00479421 0 1.05112 0.264792 0 0 7.01627e-07 2.45569e-05 1.40325e-06 2.52586e-05 0.000280651
26401.7 0.00479421 0 1.05013 0.264165 0 0 0 2.17504e-05 1.40325e-06 2.59602e-05 0.000283457
26461.8 0.00479421 0 1.0492 0.263541 0 0 0 2.45569e-05 2.10488e-06 2.10488e-05 0.00028486
26521.8 0.00479351 0 1.04831 0.262941 0 0 0 2.45569e-05 1.40325e-06 1.89439e-05 0.000287667
26581.8 0.00479281 0 1.04742 0.262335 0 0 7.01627e-07 2.03472e-05 7.01627e-07 2.45569e-05 0.000287667
26641.9 0.00479281 0 1.04636 0.261682 0 0 0 2.24521e-05 7.01627e-07 2.31537e-05 0.000287667
26701.9 0.00479211 0 1.04527 0.261031 0 0 7.01627e-07 2.31537e-05 0 2.24521e-05 0.00028907
26761.9 0.00479141 0 1.04426 0.260392 0 0 7.01627e-07 2.59602e-05 2.10488e-06 1.75407e-05 0.000290473
26821.9 0.00479141 0 1.04326 0.259746 0 0 1.40325e-06 1.96455e-05 1.40325e-06 2.10488e-05 0.000291877
26882 0.00479141 0 1.04222 0.259123 0 0 0 2.38553e-05 7.01627e-07 1.75407e-05 0.00029328
26942 0.00479141 0 1.04117 0.258486 0 0 7.01627e-07 2.38553e-05 1.40325e-06 1.61374e-05 0.00029328
27002 0.00479141 0 1.04009 0.257814 0 0 7.01627e-07 2.31537e-05 0 1.82423e-05 0.00029328
27062 0.00479071 0 1.03908 0.257143 0 0 0 2.17504e-05 7.01627e-07 2.10488e-05 0.00029328
27122 0.0047893 0 1.03796 0.256419 0 0 1.40325e-06 2.45569e-05 1.40325e-06 1.89439e-05 0.00029328
27182 0.0047886 0 1.03684 0.255735 0 0 7.01627e-07 2.03472e-05 2.10488e-06 2.45569e-05 0.00029328
27242.1 0.0047886 0 1.03571 0.255075 0 0 7.01627e-07 2.17504e-05 2.80651e-06 2.10488e-05 0.000293982
27302.1 0.0047886 0 1.03468 0.254422 0 0 2.10488e-06 2.31537e-05 0 2.10488e-05 0.000293982
27362.2 0.0047886 0 1.03374 0.253813 0 0 0 2.17504e-05 1.40325e-06 2.03472e-05 0.000296086
27422.2 0.0047872 0 1.03275 0.253159 0 0 0 2.45569e-05 7.01627e-07 2.10488e-05 0.000296086
27482.2 0.0047872 0 1.03154 0.252479 0 0 7.01627e-07 2.66618e-05 2.10488e-06 1.6839e-05 0.000296086
27542.2 0.0047865 0 1.03051 0.251835 0 0 1.40325e-06 2.45569e-05 7.01627e-07 1.96455e-05 0.00029749
27602.3 0.00478579 0 1.02956 0.251246 0 0 0 2.03472e-05 2.10488e-06 2.24521e-05 0.000299595
27662.4 0.00478579 0 1.02861 0.250634 0 0 0 2.31537e-05 0 2.03472e-05 0.000300998
27722.6 0.00478369 0 1.02749 0.249987 0 0 0 2.59602e-05 0 2.03472e-05 0.000302401
27782.6 0.00478369 0 1.02646 0.249338 0 0 7.01627e-07 2.31537e-05 2.10488e-06 1.89439e-05 0.000303103
27842.7 0.00478369 0 1.02541 0.248714 0 0 0 2.10488e-05 7.01627e-07 2.03472e-05 0.000304506
27902.7 0.00478369 0 1.02441 0.248138 0 0 1.40325e-06 1.89439e-05 1.40325e-06 1.75407e-05 0.000307312
27962.8 0.00478229 0 1.02341 0.247514 0 0 0 1.89439e-05 0 2.03472e-05 0.000309417
28022.8 0.00478088 0 1.02231 0.246864 0 0 2.10488e-06 1.89439e-05 2.10488e-06 1.89439e-05 0.000309417
28082.8 0.00478088 0 1.02125 0.246226 0 0 7.01627e-07 2.10488e-05 7.01627e-07 1.6839e-05 0.000311522
28142.9 0.00478088 0 1.02028 0.245643 0 0 0 1.96455e-05 1.40325e-06 1.6839e-05 0.000312224
28202.9 0.00478088 0 1.01925 0.245019 0 0 7.01627e-07 2.31537e-05 1.40325e-06 1.26293e-05 0.000312224
28262.9 0.00478018 0 1.01816 0.244382 0 0 7.01627e-07 1.89439e-05 0 1.82423e-05 0.000313627
28323 0.00477948 0 1.01716 0.243744 0 0 7.01627e-07 1.82423e-05 1.40325e-06 1.89439e-05 0.000313627
28383 0.00477948 0 1.01621 0.243123 0 0 0 2.03472e-05 1.40325e-06 1.75407e-05 0.000313627
28443 0.00477878 0 1.01527 0.242507 0 0 0 1.61374e-05 0 2.03472e-05 0.000316434
28503.1 0.00477878 0 1.01428 0.241918 0 0 0 1.75407e-05 7.01627e-07 1.82423e-05 0.000316434
28563.1 0.00477878 0 1.01328 0.241313 0 0 1.40325e-06 2.10488e-05 0 1.40325e-05 0.000316434
28623.1 0.00477878 0 1.01235 0.24072 0 0 0 1.6839e-05 0 1.82423e-05 0.000317837
28683.2 0.00477878 0 1.01139 0.240075 0 0 0 1.61374e-05 7.01627e-07 1.82423e-05 0.000317837
28743.2 0.00477878 0 1.01039 0.239486 0 0 7.01627e-07 1.96455e-05 0 1.19277e-05 0.000319942
28803.2 0.00477878 0 1.00947 0.238909 0 0 7.01627e-07 1.61374e-05 0 1.40325e-05 0.000321345
28863.2 0.00477878 0 1.00855 0.238321 0 0 7.01627e-07 1.40325e-05 0 1.47342e-05 0.000322748
28923.3 0.00477878 0 1.00761 0.237735 0 0 0 1.47342e-05 0 1.47342e-05 0.000322748
28983.3 0.00477808 0 1.00668 0.237168 0 0 7.01627e-07 1.40325e-05 1.40325e-06 1.19277e-05 0.000325555
29043.4 0.00477738 0 1.00563 0.23657 0 0 0 1.54358e-05 0 1.1226e-05 0.00032766
29103.4 0.00477597 0 1.0046 0.235967 0 0 0 1.54358e-05 7.01627e-07 1.05244e-05 0.000330466
29163.4 0.00477457 0 1.00347 0.235296 0 0 7.01627e-07 1.61374e-05 0 1.26293e-05 0.000330466
29223.4 0.00477457 0 1.0025 0.234719 0 0 7.01627e-07 1.19277e-05 7.01627e-07 1.47342e-05 0.000331168
29283.4 0.00477457 0 1.00161 0.234175 0 0 1.40325e-06 1.19277e-05 0 1.19277e-05 0.000333974
29343.5 0.00477457 0 1.00065 0.233607 0 0 0 9.12115e-06 0 1.47342e-05 0.000335377
29403.6 0.00477457 0 0.999698 0.233045 0 0 0 1.33309e-05 1.40325e-06 9.12115e-06 0.000335377
29463.6 0.00477387 0 0.998615 0.23241 0 0 0 7.71789e-06 7.01627e-07 1.54358e-05 0.000336079
29523.6 0.00477387 0 0.99755 0.231788 0 0 7.01627e-07 1.05244e-05 7.01627e-07 1.19277e-05 0.000336079
29583.6 0.00477387 0 0.996545 0.231165 0 0 0 1.26293e-05 7.01627e-07 1.05244e-05 0.000336079
29643.6 0.00477387 0 0.995569 0.230583 0 0 0 1.40325e-05 1.40325e-06 8.41952e-06 0.000336079
29703.6 0.00477317 0 0.994508 0.229983 0 0 7.01627e-07 1.26293e-05 1.40325e-06 9.12115e-06 0.000337482
29763.6 0.00477176 0 0.993324 0.229346 0 0 7.01627e-07 1.75407e-05 0 8.41952e-06 0.000337482
29823.7 0.00477176 0 0.992167 0.228682 0 0 0 1.40325e-05 0 1.26293e-05 0.000337482
29883.8 0.00476966 0 0.991031 0.228052 0 0 0 1.82423e-05 0 1.26293e-05 0.000337482
29943.8 0.00476966 0 0.989914 0.227428 0 0 0 1.54358e-05 1.40325e-06 1.40325e-05 0.000337482
