459.248 0.00499839 2.80651e-06 1.50496 0.644751 0 0 0 0 0 0 2.80651e-06
659.264 0.00499558 0 1.49911 0.638649 0 0 0 0 0 2.80651e-06 5.61301e-06
859.373 0.00499558 0 1.49684 0.63641 0 0 0 1.40325e-06 0 1.40325e-06 5.61301e-06
1098.05 0.00499418 2.80651e-06 1.49467 0.63432 0 0 0 0 0 0 8.41952e-06
1298.14 0.00498856 0 1.48885 0.628377 0 0 0 2.80651e-06 0 2.80651e-06 1.54358e-05
1498.14 0.00498576 0 1.4841 0.623519 0 0 0 1.40325e-06 1.40325e-06 2.80651e-06 2.10488e-05
1698.41 0.00498576 0 1.48247 0.621742 0 0 0 0 0 2.80651e-06 2.24521e-05
1898.61 0.00498295 0 1.47789 0.617069 0 0 0 0 1.40325e-06 1.40325e-06 2.66618e-05
2098.63 0.00498155 0 1.47515 0.614128 0 0 0 0 0 2.80651e-06 2.94683e-05
2298.64 0.00498155 0 1.47202 0.610997 0 0 0 0 1.40325e-06 1.40325e-06 2.94683e-05
2498.73 0.00498015 0 1.46783 0.606675 0 0 0 1.40325e-06 0 4.20976e-06 2.94683e-05
2760.43 0.00497594 2.80651e-06 1.46516 0.60395 0 0 0 0 0 0 3.78878e-05
2960.49 0.00497453 0 1.46132 0.600066 0 0 0 1.40325e-06 1.40325e-06 2.80651e-06 3.78878e-05
3160.55 0.00497032 0 1.45377 0.592821 0 0 0 7.01627e-06 0 4.20976e-06 4.06943e-05
3360.6 0.00496892 0 1.44839 0.587584 0 0 0 4.20976e-06 0 7.01627e-06 4.35008e-05
3560.67 0.00496611 0 1.4438 0.582983 0 0 0 7.01627e-06 0 9.82277e-06 4.35008e-05
3760.76 0.00496471 0 1.43952 0.578804 0 0 0 5.61301e-06 0 1.40325e-05 4.35008e-05
3960.8 0.00496471 0 1.43591 0.575184 0 0 0 7.01627e-06 0 9.82277e-06 4.63074e-05
4160.91 0.00496331 0 1.43226 0.571719 0 0 0 7.01627e-06 0 9.82277e-06 4.77106e-05
4361.03 0.0049619 0 1.42937 0.568838 0 0 0 7.01627e-06 1.40325e-06 8.41952e-06 5.05171e-05
4561.04 0.0049591 0 1.42495 0.564495 0 0 0 4.20976e-06 0 1.82423e-05 5.05171e-05
4761.04 0.00495629 0 1.42117 0.560807 0 0 0 1.40325e-05 2.80651e-06 5.61301e-06 5.61301e-05
4961.26 0.00495348 0 1.41662 0.556497 0 0 0 8.41952e-06 0 1.96455e-05 5.61301e-05
5161.27 0.00495068 0 1.41285 0.552917 0 0 1.40325e-06 1.26293e-05 1.40325e-06 1.26293e-05 6.03399e-05
5361.48 0.00495068 0 1.40966 0.549825 0 0 0 7.01627e-06 1.40325e-06 1.6839e-05 6.17431e-05
5561.49 0.00494927 0 1.40587 0.546382 0 0 0 7.01627e-06 1.40325e-06 1.6839e-05 6.45496e-05
5761.55 0.00494927 0 1.40273 0.543445 0 0 1.40325e-06 1.40325e-05 0 7.01627e-06 6.73562e-05
5961.58 0.00494927 0 1.39953 0.540368 0 0 0 5.61301e-06 0 1.1226e-05 7.15659e-05
6161.61 0.00494647 0 1.3961 0.537254 0 0 0 5.61301e-06 1.40325e-06 1.26293e-05 7.43724e-05
6361.63 0.00494506 0 1.39256 0.533788 0 0 0 7.01627e-06 0 1.54358e-05 7.43724e-05
6561.64 0.00494226 0 1.38787 0.529348 0 0 1.40325e-06 9.82277e-06 0 1.40325e-05 7.71789e-05
6761.72 0.00493945 0 1.38452 0.526272 0 0 0 1.54358e-05 1.40325e-06 1.1226e-05 7.99854e-05
6961.76 0.00493805 0 1.38096 0.523029 0 0 0 9.82277e-06 0 1.54358e-05 8.41952e-05
7161.76 0.00493805 0 1.37776 0.519925 0 0 0 8.41952e-06 2.80651e-06 1.1226e-05 8.55984e-05
7361.8 0.00493524 0 1.37423 0.516592 0 0 1.40325e-06 1.26293e-05 0 1.1226e-05 8.84049e-05
7561.85 0.00493524 0 1.37044 0.513309 0 0 0 1.26293e-05 0 1.26293e-05 8.84049e-05
7761.92 0.00493384 0 1.36725 0.510446 0 0 0 1.1226e-05 0 1.1226e-05 9.26147e-05
7961.96 0.00493243 0 1.36339 0.506863 0 0 0 7.01627e-06 1.40325e-06 1.40325e-05 9.54212e-05
8162.03 0.00493243 0 1.36063 0.504217 0 0 0 5.61301e-06 1.40325e-06 1.26293e-05 9.82277e-05
8362.08 0.00493103 0 1.35725 0.501067 0 0 0 8.41952e-06 0 1.40325e-05 9.82277e-05
8562.15 0.00493103 0 1.35341 0.497675 0 0 0 1.26293e-05 1.40325e-06 8.41952e-06 9.82277e-05
8762.36 0.00493103 0 1.35019 0.494808 0 0 0 5.61301e-06 1.40325e-06 1.26293e-05 9.9631e-05
8962.37 0.00493103 0 1.34687 0.491818 0 0 0 5.61301e-06 1.40325e-06 9.82277e-06 0.000101034
9162.65 0.00493103 0 1.34385 0.489069 0 0 0 9.82277e-06 1.40325e-06 5.61301e-06 0.000101034
9362.71 0.00492963 0 1.3406 0.486307 0 0 0 4.20976e-06 1.40325e-06 1.1226e-05 0.000102437
9562.81 0.00492963 0 1.33684 0.483105 0 0 0 7.01627e-06 0 7.01627e-06 0.000105244
9763.05 0.00492822 0 1.33374 0.480308 0 0 0 5.61301e-06 1.40325e-06 7.01627e-06 0.00010805
9963.15 0.00492542 0 1.32953 0.476813 0 0 0 5.61301e-06 1.40325e-06 7.01627e-06 0.000113664
10163.2 0.00492261 0 1.32585 0.473658 0 0 0 1.40325e-06 0 1.26293e-05 0.000117873
10363.3 0.00492121 0 1.3223 0.470462 0 0 0 4.20976e-06 0 1.26293e-05 0.000117873
10563.3 0.00491981 0 1.31856 0.467175 0 0 0 2.80651e-06 0 1.40325e-05 0.000119277
10763.4 0.0049184 0 1.31505 0.464004 0 0 0 5.61301e-06 1.40325e-06 1.26293e-05 0.000119277
10963.4 0.0049156 0 1.31096 0.46047 0 0 0 5.61301e-06 0 1.40325e-05 0.000122083
11163.5 0.00491419 0 1.3075 0.457599 0 0 0 1.54358e-05 1.40325e-06 5.61301e-06 0.000122083
11363.5 0.00491139 0 1.30368 0.454302 0 0 0 1.26293e-05 1.40325e-06 1.1226e-05 0.00012489
11563.6 0.00491139 0 1.30079 0.45185 0 0 1.40325e-06 9.82277e-06 1.40325e-06 4.20976e-06 0.000130503
11764 0.00490718 0 1.29753 0.44907 0 0 0 8.41952e-06 1.40325e-06 1.26293e-05 0.000131906
11964.1 0.00490718 0 1.29331 0.445447 0 0 0 7.01627e-06 1.40325e-06 1.40325e-05 0.000131906
12164.1 0.00490437 0 1.2896 0.442206 0 0 0 9.82277e-06 1.40325e-06 1.6839e-05 0.000131906
12364.1 0.00490297 0 1.28556 0.438801 0 0 0 1.26293e-05 0 1.54358e-05 0.000134712
12564.1 0.00490297 0 1.28198 0.435818 0 0 0 1.6839e-05 1.40325e-06 9.82277e-06 0.000134712
12764.1 0.00489876 0 1.27815 0.432652 0 0 1.40325e-06 2.10488e-05 1.40325e-06 9.82277e-06 0.000137519
12964.2 0.00489735 0 1.27401 0.429322 0 0 0 1.40325e-05 1.40325e-06 1.82423e-05 0.000140325
13164.2 0.00489314 0 1.2702 0.426067 0 0 0 2.24521e-05 1.40325e-06 1.82423e-05 0.000140325
13364.3 0.00489034 0 1.2661 0.422734 0 0 0 1.26293e-05 1.40325e-06 2.52586e-05 0.000147342
13564.3 0.00488893 0 1.26233 0.419695 0 0 0 1.96455e-05 1.40325e-06 2.10488e-05 0.000147342
13764.6 0.00488613 0 1.2586 0.416678 0 0 0 1.54358e-05 0 2.38553e-05 0.000151551
13964.6 0.00488613 0 1.25553 0.414108 0 0 0 2.10488e-05 1.40325e-06 1.6839e-05 0.000151551
14164.6 0.00488472 0 1.25206 0.41127 0 0 0 2.24521e-05 1.40325e-06 1.54358e-05 0.000154358
14364.8 0.00488332 0 1.24818 0.408195 0 0 0 1.26293e-05 0 2.94683e-05 0.000154358
14564.8 0.00488192 0 1.24511 0.405526 0 0 0 1.6839e-05 4.20976e-06 1.82423e-05 0.000158568
14764.8 0.00488051 0 1.2418 0.402854 0 0 0 2.10488e-05 1.40325e-06 1.40325e-05 0.000162777
14964.9 0.00488051 0 1.23863 0.400227 0 0 0 1.40325e-05 1.40325e-06 2.10488e-05 0.000162777
15164.9 0.00487911 0 1.23504 0.397253 0 0 2.80651e-06 1.40325e-05 0 2.24521e-05 0.000162777
15364.9 0.00487771 0 1.23182 0.394635 0 0 0 9.82277e-06 2.80651e-06 2.66618e-05 0.000164181
15565 0.0048763 0 1.22855 0.392061 0 0 0 1.26293e-05 1.40325e-06 2.24521e-05 0.000169794
15765 0.0048763 0 1.22542 0.389546 0 0 1.40325e-06 1.26293e-05 0 1.40325e-05 0.000178213
15965.1 0.0048763 0 1.22268 0.387383 0 0 0 1.1226e-05 0 1.1226e-05 0.000182423
16165.1 0.0048735 0 1.21935 0.384816 0 0 1.40325e-06 1.54358e-05 1.40325e-06 9.82277e-06 0.000182423
16365.1 0.00487209 0 1.21568 0.381905 0 0 0 1.54358e-05 1.40325e-06 1.1226e-05 0.000183826
16565.1 0.00486929 0 1.21186 0.378892 0 0 1.40325e-06 1.40325e-05 2.80651e-06 1.26293e-05 0.000186633
16765.1 0.00486648 0 1.20811 0.376026 0 0 1.40325e-06 1.54358e-05 0 1.40325e-05 0.000190842
16965.2 0.00486648 0 1.20497 0.373641 0 0 0 1.40325e-05 1.40325e-06 1.26293e-05 0.000192246
17165.6 0.00486648 0 1.20162 0.371027 0 0 0 5.61301e-06 1.40325e-06 2.10488e-05 0.000192246
17365.6 0.00486648 0 1.19798 0.368365 0 0 0 1.96455e-05 0 8.41952e-06 0.000192246
17565.6 0.00486508 0 1.19466 0.365862 0 0 1.40325e-06 1.26293e-05 1.40325e-06 1.26293e-05 0.000193649
17765.6 0.00486227 0 1.19095 0.36297 0 0 0 9.82277e-06 0 2.10488e-05 0.000195052
17965.7 0.00485947 0 1.1875 0.360292 0 0 0 1.54358e-05 0 1.82423e-05 0.000197859
18165.7 0.00485947 0 1.18397 0.357637 0 0 1.40325e-06 1.54358e-05 1.40325e-06 1.54358e-05 0.000197859
18365.7 0.00485526 0 1.18026 0.354867 0 0 4.20976e-06 1.6839e-05 1.40325e-06 1.6839e-05 0.000199262
18565.8 0.00485385 0 1.17631 0.351992 0 0 0 1.6839e-05 1.40325e-06 2.10488e-05 0.000202068
18765.9 0.00485385 0 1.17341 0.349818 0 0 1.40325e-06 1.26293e-05 0 1.6839e-05 0.000207681
18966 0.00485385 0 1.17049 0.347593 0 0 0 1.40325e-05 0 1.40325e-05 0.000209085
19166 0.00485385 0 1.16767 0.345513 0 0 0 1.26293e-05 1.40325e-06 8.41952e-06 0.000211891
19366.1 0.00485385 0 1.16445 0.34298 0 0 0 7.01627e-06 1.40325e-06 1.40325e-05 0.000211891
19566.2 0.00485245 0 1.16105 0.340527 0 0 0 7.01627e-06 0 1.54358e-05 0.000214698
19766.2 0.00484964 0 1.15676 0.337452 0 0 1.40325e-06 1.1226e-05 0 1.54358e-05 0.000214698
19966.4 0.00484824 0 1.1533 0.334973 0 0 0 9.82277e-06 1.40325e-06 1.40325e-05 0.000218907
20166.4 0.00484684 0 1.15023 0.332652 0 0 0 1.1226e-05 0 1.1226e-05 0.000224521
20366.9 0.00484543 0 1.14702 0.330397 0 0 0 9.82277e-06 0 1.26293e-05 0.000227327
20566.9 0.00484403 0 1.1438 0.328068 0 0 1.40325e-06 1.26293e-05 1.40325e-06 7.01627e-06 0.000230134
20767 0.00484263 0 1.1401 0.325515 0 0 0 8.41952e-06 0 1.40325e-05 0.000231537
20967.1 0.00484122 0 1.13663 0.32304 0 0 0 1.40325e-05 1.40325e-06 9.82277e-06 0.000231537
21167.2 0.00484122 0 1.13338 0.320662 0 0 0 1.26293e-05 1.40325e-06 5.61301e-06 0.00023715
21367.2 0.00484122 0 1.13038 0.318495 0 0 0 4.20976e-06 0 1.54358e-05 0.00023715
21567.4 0.00483982 0 1.12775 0.316446 0 0 0 1.1226e-05 1.40325e-06 7.01627e-06 0.000239956
21767.5 0.00483701 0 1.12329 0.313346 0 0 0 5.61301e-06 1.40325e-06 1.54358e-05 0.00024136
21967.5 0.00483701 0 1.1205 0.311376 0 0 0 4.20976e-06 0 1.26293e-05 0.000245569
22167.5 0.00483701 0 1.11748 0.309259 0 0 0 8.41952e-06 0 8.41952e-06 0.000245569
22367.6 0.00483561 0 1.1134 0.306541 0 0 0 8.41952e-06 1.40325e-06 7.01627e-06 0.000248376
22567.8 0.00483421 0 1.10963 0.303998 0 0 0 7.01627e-06 1.40325e-06 1.1226e-05 0.000248376
22768.2 0.0048314 0 1.10639 0.301729 0 0 0 5.61301e-06 1.40325e-06 1.26293e-05 0.000253989
22968.2 0.00482859 0 1.10342 0.299596 0 0 0 4.20976e-06 1.40325e-06 1.1226e-05 0.000258199
23168.2 0.00482579 0 1.10042 0.297565 0 0 0 7.01627e-06 1.40325e-06 5.61301e-06 0.000263812
23368.4 0.00482579 0 1.09741 0.295484 0 0 0 2.80651e-06 0 8.41952e-06 0.000265215
23568.4 0.00482298 0 1.09399 0.293102 0 0 1.40325e-06 5.61301e-06 0 4.20976e-06 0.000269425
23768.4 0.00482158 0 1.0915 0.291342 0 0 0 5.61301e-06 0 5.61301e-06 0.000272231
23968.4 0.00481877 0 1.08744 0.28859 0 0 0 4.20976e-06 2.80651e-06 7.01627e-06 0.000273634
24168.5 0.00481737 0 1.08407 0.286223 0 0 0 4.20976e-06 0 9.82277e-06 0.000276441
24368.6 0.00481737 0 1.08175 0.284684 0 0 0 1.40325e-06 1.40325e-06 5.61301e-06 0.000282054
24568.7 0.00481596 0 1.07913 0.282927 0 0 0 7.01627e-06 0 4.20976e-06 0.000282054
24768.7 0.00481596 0 1.07576 0.280721 0 0 0 0 0 5.61301e-06 0.00028486
24968.7 0.00481456 0 1.0733 0.279122 0 0 1.40325e-06 4.20976e-06 0 2.80651e-06 0.00028486
25168.7 0.00481456 0 1.07012 0.276971 0 0 1.40325e-06 2.80651e-06 0 1.40325e-06 0.000286264
25368.8 0.00481175 0 1.06613 0.274517 0 0 0 5.61301e-06 1.40325e-06 4.20976e-06 0.000286264
25568.9 0.00480755 0 1.06176 0.271595 0 0 0 4.20976e-06 1.40325e-06 2.80651e-06 0.000294683
25769 0.00480334 0 1.05646 0.268117 0 0 1.40325e-06 2.80651e-06 0 9.82277e-06 0.00029749
25969.2 0.00479913 0 1.05064 0.264412 0 0 0 7.01627e-06 1.40325e-06 1.40325e-05 0.00029749
26169.3 0.00479913 0 1.04721 0.262264 0 0 1.40325e-06 7.01627e-06 0 5.61301e-06 0.000301699
26369.5 0.00479772 0 1.04475 0.260713 0 0 0 9.82277e-06 0 7.01627e-06 0.000301699
26570.1 0.00479632 0 1.04115 0.258443 0 0 0 5.61301e-06 1.40325e-06 7.01627e-06 0.000304506
26770.2 0.00479492 0 1.03862 0.256784 0 0 0 7.01627e-06 1.40325e-06 2.80651e-06 0.000308716
26970.6 0.00479351 0 1.0354 0.254831 0 0 0 1.40325e-06 0 7.01627e-06 0.000314329
27170.7 0.00479071 0 1.03188 0.252691 0 0 0 2.80651e-06 1.40325e-06 9.82277e-06 0.000314329
27370.7 0.0047893 0 1.02824 0.250419 0 0 1.40325e-06 4.20976e-06 0 5.61301e-06 0.000318538
27570.8 0.0047879 0 1.02467 0.248163 0 0 0 2.80651e-06 1.40325e-06 7.01627e-06 0.000321345
27770.8 0.00478509 2.80651e-06 1.02217 0.246566 0 0 0 4.20976e-06 0 4.20976e-06 0.000324151
27971.1 0.00478229 0 1.01812 0.244118 0 0 0 2.80651e-06 1.40325e-06 9.82277e-06 0.000325555
28171.1 0.00477948 0 1.01468 0.242068 0 0 0 4.20976e-06 0 7.01627e-06 0.000331168
28371.1 0.00477808 0 1.01019 0.239276 0 0 0 9.82277e-06 0 4.20976e-06 0.000331168
28571.2 0.00477527 0 1.0067 0.237144 0 0 0 4.20976e-06 1.40325e-06 8.41952e-06 0.000335377
28771.2 0.00477246 0 1.00322 0.23508 0 0 0 9.82277e-06 1.40325e-06 2.80651e-06 0.000340991
28971.3 0.00476966 0 0.999007 0.232637 0 0 0 7.01627e-06 0 9.82277e-06 0.000343797
29171.4 0.00476966 0 0.995636 0.230723 0 0 0 9.82277e-06 1.40325e-06 2.80651e-06 0.000346604
29371.9 0.00476685 0 0.992581 0.22889 0 0 0 5.61301e-06 1.40325e-06 1.26293e-05 0.000346604
29571.9 0.00476545 0 0.988345 0.226395 0 0 0 1.1226e-05 0 8.41952e-06 0.000348007
29772 0.00476404 0 0.984991 0.2244 0 0 4.20976e-06 9.82277e-06 0 8.41952e-06 0.000348007
29972 0.00476124 0 0.980473 0.22183 0 0 0 8.41952e-06 0 1.6839e-05 0.00034941
