459.248 0.00499839 2.80651e-06 1.50496 0.644751 0 0 0 0 0 0 2.80651e-06
509.314 0.00499698 0 1.50384 0.643615 0 0 0 1.40325e-06 0 4.20976e-06 2.80651e-06
559.414 0.00499698 0 1.50252 0.642218 0 0 0 1.40325e-06 0 4.20976e-06 2.80651e-06
609.605 0.00499698 0 1.50162 0.64124 0 0 0 0 1.40325e-06 4.20976e-06 2.80651e-06
659.655 0.00499558 0 1.50064 0.640307 0 0 0 2.80651e-06 0 5.61301e-06 2.80651e-06
709.722 0.00499558 0 1.49953 0.639105 0 0 0 0 0 5.61301e-06 5.61301e-06
759.74 0.00499558 0 1.49892 0.638486 0 0 0 0 1.40325e-06 4.20976e-06 5.61301e-06
809.794 0.00499558 0 1.49818 0.637683 0 0 0 1.40325e-06 1.40325e-06 0 8.41952e-06
859.913 0.00499558 0 1.49761 0.637115 0 0 0 0 0 2.80651e-06 8.41952e-06
910.028 0.00499558 0 1.49665 0.636215 0 0 0 1.40325e-06 0 1.40325e-06 8.41952e-06
960.059 0.00499558 0 1.49565 0.63525 0 0 0 0 1.40325e-06 1.40325e-06 8.41952e-06
1010.48 0.00499558 0 1.49482 0.634432 0 0 0 0 0 2.80651e-06 8.41952e-06
1139.55 0.00499418 2.80651e-06 1.49468 0.634308 0 0 0 0 0 0 1.1226e-05
1189.58 0.00499418 0 1.49389 0.633435 0 0 0 1.40325e-06 0 1.40325e-06 1.1226e-05
1239.64 0.00499277 0 1.49294 0.63247 0 0 0 0 0 5.61301e-06 1.1226e-05
1289.66 0.00498997 0 1.49142 0.630904 0 0 0 2.80651e-06 0 5.61301e-06 1.40325e-05
1339.73 0.00498997 0 1.48993 0.629405 0 0 0 5.61301e-06 0 2.80651e-06 1.40325e-05
1389.77 0.00498997 0 1.48933 0.628789 0 0 0 2.80651e-06 1.40325e-06 1.40325e-06 1.54358e-05
1440.56 0.00498997 0 1.48843 0.627846 0 0 0 0 0 2.80651e-06 1.6839e-05
1490.73 0.00498997 0 1.48805 0.627392 0 0 0 1.40325e-06 0 1.40325e-06 1.6839e-05
1540.75 0.00498997 0 1.48713 0.626456 0 0 0 1.40325e-06 0 1.40325e-06 1.6839e-05
1619.25 0.00498856 2.80651e-06 1.48681 0.626129 0 0 0 0 0 0 1.82423e-05
1669.47 0.00498856 0 1.48594 0.625225 0 0 0 0 1.40325e-06 1.40325e-06 1.82423e-05
1719.49 0.00498856 0 1.48502 0.624275 0 0 0 0 0 2.80651e-06 1.82423e-05
1769.57 0.00498856 0 1.48408 0.623384 0 0 0 0 0 2.80651e-06 1.82423e-05
2044.54 0.00498716 2.80651e-06 1.4839 0.623152 0 0 0 0 0 0 2.10488e-05
2094.62 0.00498716 0 1.48302 0.622207 0 0 0 0 0 2.80651e-06 2.10488e-05
2144.67 0.00498716 0 1.48217 0.621314 0 0 0 0 0 2.80651e-06 2.10488e-05
2194.67 0.00498576 0 1.48067 0.619714 0 0 0 0 1.40325e-06 4.20976e-06 2.10488e-05
2244.73 0.00498436 0 1.47914 0.618216 0 0 0 4.20976e-06 1.40325e-06 0 2.38553e-05
2294.87 0.00498436 0 1.47858 0.617621 0 0 0 1.40325e-06 0 1.40325e-06 2.52586e-05
2344.92 0.00498436 0 1.47806 0.617092 0 0 0 1.40325e-06 1.40325e-06 0 2.52586e-05
2395.02 0.00498436 0 1.47732 0.61631 0 0 0 1.40325e-06 1.40325e-06 0 2.52586e-05
2448.29 0.00498295 2.80651e-06 1.47703 0.615993 0 0 0 0 0 0 2.80651e-05
2549.56 0.00498155 2.80651e-06 1.47625 0.6152 0 0 0 0 0 0 3.08716e-05
2599.56 0.00498015 0 1.47498 0.613941 0 0 1.40325e-06 1.40325e-06 0 2.80651e-06 3.08716e-05
2649.57 0.00498015 0 1.47359 0.612629 0 0 0 0 1.40325e-06 4.20976e-06 3.08716e-05
2699.7 0.00498015 0 1.47281 0.611792 0 0 0 1.40325e-06 0 1.40325e-06 3.22748e-05
2750.18 0.00498015 0 1.47235 0.611316 0 0 0 0 0 2.80651e-06 3.22748e-05
2800.18 0.00498015 0 1.47149 0.61047 0 0 0 1.40325e-06 0 1.40325e-06 3.22748e-05
2850.22 0.00498015 0 1.47073 0.609645 0 0 0 1.40325e-06 1.40325e-06 0 3.22748e-05
2900.27 0.00498015 0 1.46993 0.608758 0 0 0 0 0 2.80651e-06 3.22748e-05
2950.37 0.00497874 0 1.46851 0.607308 0 0 0 2.80651e-06 0 2.80651e-06 3.22748e-05
3000.56 0.00497874 0 1.46736 0.606142 0 0 0 4.20976e-06 0 1.40325e-06 3.22748e-05
3050.7 0.00497874 0 1.46651 0.605281 0 0 0 2.80651e-06 0 2.80651e-06 3.22748e-05
3100.84 0.00497594 0 1.46552 0.604289 0 0 0 0 0 2.80651e-06 3.92911e-05
3151.04 0.00497594 0 1.46522 0.603905 0 0 0 0 0 2.80651e-06 3.92911e-05
3614.19 0.00497453 2.80651e-06 1.46446 0.603113 0 0 0 0 0 0 4.20976e-05
3664.24 0.00497313 0 1.46314 0.601782 0 0 0 2.80651e-06 1.40325e-06 1.40325e-06 4.20976e-05
3714.33 0.00497313 0 1.4618 0.600491 0 0 0 1.40325e-06 0 4.20976e-06 4.20976e-05
3764.34 0.00497173 0 1.46093 0.599554 0 0 0 2.80651e-06 0 5.61301e-06 4.20976e-05
3814.35 0.00497173 0 1.45973 0.598372 0 0 0 5.61301e-06 1.40325e-06 1.40325e-06 4.20976e-05
3864.36 0.00497032 0 1.45855 0.59725 0 0 0 4.20976e-06 0 7.01627e-06 4.20976e-05
3914.37 0.00497032 0 1.45753 0.596239 0 0 0 1.40325e-06 1.40325e-06 8.41952e-06 4.20976e-05
3964.47 0.00497032 0 1.45655 0.595326 0 0 0 4.20976e-06 0 7.01627e-06 4.20976e-05
4014.48 0.00496892 0 1.45545 0.594327 0 0 0 7.01627e-06 1.40325e-06 5.61301e-06 4.20976e-05
4064.54 0.00496892 0 1.45444 0.59338 0 0 0 4.20976e-06 0 9.82277e-06 4.20976e-05
4114.7 0.00496752 0 1.45354 0.592432 0 0 0 7.01627e-06 0 9.82277e-06 4.20976e-05
4165.01 0.00496752 0 1.45245 0.591394 0 0 0 2.80651e-06 0 1.1226e-05 4.49041e-05
4215.19 0.00496752 0 1.45167 0.590614 0 0 0 4.20976e-06 1.40325e-06 8.41952e-06 4.49041e-05
4265.35 0.00496611 0 1.45093 0.589877 0 0 0 5.61301e-06 1.40325e-06 7.01627e-06 4.63074e-05
4315.37 0.00496611 0 1.45004 0.589023 0 0 0 1.40325e-06 0 9.82277e-06 4.91139e-05
4365.43 0.00496611 0 1.44928 0.588276 0 0 0 2.80651e-06 0 8.41952e-06 4.91139e-05
4415.49 0.00496611 0 1.44832 0.587414 0 0 0 2.80651e-06 0 8.41952e-06 4.91139e-05
4465.52 0.00496471 0 1.44723 0.58632 0 0 0 4.20976e-06 0 9.82277e-06 4.91139e-05
4515.64 0.00496471 0 1.4462 0.585385 0 0 0 4.20976e-06 1.40325e-06 8.41952e-06 4.91139e-05
4565.67 0.00496331 0 1.44533 0.584399 0 0 0 5.61301e-06 0 1.1226e-05 4.91139e-05
4616.2 0.00496331 0 1.44436 0.583435 0 0 0 7.01627e-06 1.40325e-06 8.41952e-06 4.91139e-05
4666.21 0.00496331 0 1.44351 0.582576 0 0 0 4.20976e-06 1.40325e-06 1.1226e-05 4.91139e-05
4716.3 0.00496331 0 1.44266 0.581716 0 0 0 5.61301e-06 0 1.1226e-05 4.91139e-05
4766.38 0.00496331 0 1.44166 0.580798 0 0 0 4.20976e-06 1.40325e-06 1.1226e-05 4.91139e-05
4816.46 0.0049619 0 1.44064 0.579769 0 0 0 7.01627e-06 1.40325e-06 1.1226e-05 4.91139e-05
4866.73 0.0049619 0 1.43976 0.578926 0 0 0 8.41952e-06 0 1.1226e-05 4.91139e-05
4916.75 0.0049619 0 1.43883 0.578 0 0 0 5.61301e-06 0 1.40325e-05 4.91139e-05
4966.77 0.0049619 0 1.43789 0.577084 0 0 1.40325e-06 5.61301e-06 0 1.26293e-05 4.91139e-05
5016.79 0.0049619 0 1.4371 0.576285 0 0 0 5.61301e-06 1.40325e-06 9.82277e-06 5.19204e-05
5066.8 0.0049619 0 1.43635 0.575539 0 0 0 9.82277e-06 0 7.01627e-06 5.19204e-05
5116.81 0.0049619 0 1.43552 0.574685 0 0 0 8.41952e-06 0 8.41952e-06 5.19204e-05
5166.82 0.0049619 0 1.43457 0.573806 0 0 0 8.41952e-06 0 8.41952e-06 5.19204e-05
5216.83 0.0049605 0 1.43348 0.572798 0 0 0 9.82277e-06 0 9.82277e-06 5.19204e-05
5267 0.0049605 0 1.4326 0.57188 0 0 0 4.20976e-06 0 1.54358e-05 5.19204e-05
5317.05 0.0049605 0 1.43176 0.571069 0 0 0 5.61301e-06 0 1.1226e-05 5.33236e-05
5367.06 0.0049605 0 1.43103 0.570354 0 0 0 4.20976e-06 1.40325e-06 8.41952e-06 5.61301e-05
5417.07 0.0049605 0 1.43021 0.569492 0 0 0 2.80651e-06 1.40325e-06 9.82277e-06 5.61301e-05
5467.11 0.0049591 0 1.42919 0.56856 0 0 0 9.82277e-06 1.40325e-06 5.61301e-06 5.61301e-05
5517.18 0.0049591 0 1.42817 0.567592 0 0 0 5.61301e-06 1.40325e-06 9.82277e-06 5.61301e-05
5567.18 0.0049591 0 1.42733 0.566743 0 0 0 4.20976e-06 0 1.26293e-05 5.61301e-05
5617.22 0.00495769 0 1.42631 0.565721 0 0 0 5.61301e-06 1.40325e-06 1.26293e-05 5.61301e-05
5667.27 0.00495629 0 1.4253 0.564749 0 0 0 9.82277e-06 1.40325e-06 1.1226e-05 5.61301e-05
5717.32 0.00495629 0 1.4244 0.563833 0 0 0 9.82277e-06 1.40325e-06 1.1226e-05 5.61301e-05
5767.36 0.00495489 0 1.42363 0.563144 0 0 0 8.41952e-06 0 1.1226e-05 6.17431e-05
5817.37 0.00495489 0 1.42278 0.562272 0 0 0 4.20976e-06 2.80651e-06 1.26293e-05 6.17431e-05
5867.38 0.00495348 0 1.42186 0.561369 0 0 0 5.61301e-06 2.80651e-06 1.40325e-05 6.17431e-05
5917.41 0.00495348 0 1.42102 0.560506 0 0 0 7.01627e-06 1.40325e-06 1.40325e-05 6.17431e-05
5967.51 0.00495348 0 1.42017 0.559654 0 0 0 1.1226e-05 0 1.1226e-05 6.17431e-05
6017.51 0.00495068 0 1.41906 0.558593 0 0 0 7.01627e-06 1.40325e-06 1.96455e-05 6.17431e-05
6067.51 0.00495068 0 1.41812 0.557738 0 0 1.40325e-06 7.01627e-06 0 1.96455e-05 6.17431e-05
6117.53 0.00495068 0 1.41724 0.556919 0 0 0 1.26293e-05 1.40325e-06 1.40325e-05 6.17431e-05
6167.54 0.00495068 0 1.41631 0.556076 0 0 1.40325e-06 8.41952e-06 0 1.82423e-05 6.17431e-05
6217.55 0.00495068 0 1.4154 0.555204 0 0 1.40325e-06 1.26293e-05 0 1.40325e-05 6.17431e-05
6267.82 0.00495068 0 1.41453 0.554379 0 0 0 1.40325e-05 0 1.40325e-05 6.17431e-05
6317.85 0.00494927 0 1.41367 0.553576 0 0 0 1.1226e-05 2.80651e-06 1.1226e-05 6.73562e-05
6367.87 0.00494787 0 1.41273 0.552701 0 0 0 1.1226e-05 0 1.6839e-05 6.73562e-05
6417.89 0.00494787 0 1.41184 0.551871 0 0 1.40325e-06 1.1226e-05 0 1.26293e-05 6.87594e-05
6467.92 0.00494787 0 1.41105 0.551095 0 0 0 1.26293e-05 1.40325e-06 1.1226e-05 6.87594e-05
6517.95 0.00494787 0 1.41023 0.55028 0 0 0 1.26293e-05 1.40325e-06 1.1226e-05 6.87594e-05
6567.97 0.00494787 0 1.40945 0.549493 0 0 0 7.01627e-06 2.80651e-06 1.54358e-05 6.87594e-05
6617.98 0.00494787 0 1.40848 0.54864 0 0 0 8.41952e-06 0 1.6839e-05 6.87594e-05
6668.05 0.00494647 0 1.40749 0.547763 0 0 0 8.41952e-06 0 1.96455e-05 6.87594e-05
6718.24 0.00494647 0 1.40651 0.54686 0 0 0 8.41952e-06 1.40325e-06 1.54358e-05 7.15659e-05
6768.27 0.00494647 0 1.40572 0.546103 0 0 0 9.82277e-06 1.40325e-06 1.1226e-05 7.43724e-05
6818.34 0.00494647 0 1.40488 0.545289 0 0 0 5.61301e-06 0 1.6839e-05 7.43724e-05
6868.35 0.00494647 0 1.40402 0.544465 0 0 0 8.41952e-06 1.40325e-06 1.26293e-05 7.43724e-05
6918.59 0.00494647 0 1.40329 0.543731 0 0 0 2.80651e-06 1.40325e-06 1.54358e-05 7.57757e-05
6968.63 0.00494647 0 1.40248 0.542948 0 0 0 8.41952e-06 0 1.1226e-05 7.57757e-05
7018.64 0.00494647 0 1.40168 0.542202 0 0 0 9.82277e-06 1.40325e-06 5.61301e-06 7.85822e-05
7068.78 0.00494506 0 1.40108 0.541584 0 0 0 2.80651e-06 1.40325e-06 1.26293e-05 7.99854e-05
7118.78 0.00494506 0 1.4002 0.540724 0 0 0 2.80651e-06 0 8.41952e-06 8.41952e-05
7168.8 0.00494506 0 1.39953 0.540122 0 0 1.40325e-06 5.61301e-06 0 4.20976e-06 8.41952e-05
7218.93 0.00494366 0 1.39836 0.539013 0 0 0 8.41952e-06 0 5.61301e-06 8.41952e-05
7269.06 0.00494366 0 1.39751 0.538253 0 0 0 4.20976e-06 1.40325e-06 5.61301e-06 8.70017e-05
7319.12 0.00494085 0 1.39651 0.537303 0 0 0 7.01627e-06 0 9.82277e-06 8.70017e-05
7369.42 0.00494085 0 1.39559 0.536431 0 0 0 5.61301e-06 0 1.1226e-05 8.70017e-05
7419.44 0.00493945 0 1.39474 0.535626 0 0 0 7.01627e-06 1.40325e-06 8.41952e-06 8.98082e-05
7469.45 0.00493945 0 1.3939 0.534774 0 0 0 1.1226e-05 0 5.61301e-06 8.98082e-05
7519.45 0.00493805 0 1.39302 0.533889 0 0 1.40325e-06 8.41952e-06 1.40325e-06 8.41952e-06 8.98082e-05
7570 0.00493664 0 1.39194 0.532894 0 0 0 9.82277e-06 0 1.26293e-05 8.98082e-05
7620.01 0.00493524 0 1.39093 0.531969 0 0 0 8.41952e-06 0 1.6839e-05 8.98082e-05
7670.06 0.00493524 0 1.38993 0.531037 0 0 0 8.41952e-06 0 1.6839e-05 8.98082e-05
7720.09 0.00493524 0 1.38917 0.530216 0 0 0 1.1226e-05 1.40325e-06 1.26293e-05 8.98082e-05
7770.1 0.00493524 0 1.38826 0.529398 0 0 1.40325e-06 8.41952e-06 1.40325e-06 1.1226e-05 9.26147e-05
7820.32 0.00493524 0 1.38748 0.528615 0 0 0 5.61301e-06 0 1.6839e-05 9.26147e-05
7870.33 0.00493524 0 1.38659 0.527824 0 0 0 7.01627e-06 0 1.26293e-05 9.54212e-05
7920.37 0.00493384 0 1.38585 0.527111 0 0 0 4.20976e-06 2.80651e-06 1.54358e-05 9.54212e-05
7970.49 0.00493243 0 1.38466 0.526075 0 0 0 1.40325e-05 0 1.1226e-05 9.54212e-05
8020.49 0.00493243 0 1.38375 0.525233 0 0 1.40325e-06 1.26293e-05 1.40325e-06 9.82277e-06 9.54212e-05
8070.51 0.00493243 0 1.38303 0.524486 0 0 0 7.01627e-06 1.40325e-06 1.6839e-05 9.54212e-05
8120.58 0.00493243 0 1.38216 0.523677 0 0 0 9.82277e-06 1.40325e-06 1.40325e-05 9.54212e-05
8170.68 0.00493243 0 1.38133 0.522915 0 0 0 8.41952e-06 1.40325e-06 1.54358e-05 9.54212e-05
8220.79 0.00493243 0 1.38046 0.522131 0 0 0 9.82277e-06 0 1.54358e-05 9.54212e-05
8270.79 0.00493243 0 1.37973 0.52137 0 0 0 1.54358e-05 1.40325e-06 8.41952e-06 9.54212e-05
8320.82 0.00493243 0 1.37891 0.520562 0 0 0 9.82277e-06 2.80651e-06 1.26293e-05 9.54212e-05
8370.97 0.00493243 0 1.37812 0.519818 0 0 0 1.1226e-05 0 1.1226e-05 9.68245e-05
8421.02 0.00492963 0 1.37725 0.518933 0 0 0 7.01627e-06 0 1.82423e-05 9.9631e-05
8471.02 0.00492963 0 1.37626 0.518045 0 0 0 1.54358e-05 0 9.82277e-06 9.9631e-05
8521.21 0.00492963 0 1.37535 0.517197 0 0 0 7.01627e-06 1.40325e-06 1.6839e-05 9.9631e-05
8571.24 0.00492963 0 1.37451 0.516434 0 0 0 1.1226e-05 0 1.40325e-05 9.9631e-05
8621.45 0.00492963 0 1.37356 0.51563 0 0 0 1.1226e-05 0 1.40325e-05 9.9631e-05
8671.51 0.00492963 0 1.37255 0.514789 0 0 0 1.6839e-05 0 8.41952e-06 9.9631e-05
8721.76 0.00492963 0 1.3717 0.513974 0 0 0 1.26293e-05 1.40325e-06 1.1226e-05 9.9631e-05
8771.77 0.00492963 0 1.37079 0.513203 0 0 0 7.01627e-06 0 1.82423e-05 9.9631e-05
8821.87 0.00492963 0 1.36991 0.51246 0 0 0 8.41952e-06 1.40325e-06 1.26293e-05 0.000101034
8871.95 0.00492822 0 1.36911 0.511703 0 0 0 8.41952e-06 0 1.40325e-05 0.000103841
8921.95 0.00492822 0 1.36823 0.510888 0 0 0 4.20976e-06 0 1.82423e-05 0.000103841
8971.96 0.00492822 0 1.36729 0.510071 0 0 1.40325e-06 8.41952e-06 0 1.26293e-05 0.000103841
9021.96 0.00492682 0 1.36634 0.509196 0 0 0 9.82277e-06 0 1.54358e-05 0.000103841
9071.98 0.00492682 0 1.36533 0.508274 0 0 0 8.41952e-06 0 1.6839e-05 0.000103841
9122 0.00492682 0 1.36455 0.507526 0 0 0 5.61301e-06 1.40325e-06 1.82423e-05 0.000103841
9172.02 0.00492682 0 1.36364 0.506681 0 0 1.40325e-06 8.41952e-06 0 1.26293e-05 0.000106647
9222.15 0.00492682 0 1.36299 0.506062 0 0 0 7.01627e-06 1.40325e-06 1.40325e-05 0.000106647
9272.15 0.00492682 0 1.36214 0.505265 0 0 1.40325e-06 8.41952e-06 1.40325e-06 8.41952e-06 0.000109454
9322.31 0.00492682 0 1.36134 0.504514 0 0 0 9.82277e-06 1.40325e-06 8.41952e-06 0.000109454
9372.32 0.00492682 0 1.36052 0.503708 0 0 1.40325e-06 7.01627e-06 0 1.1226e-05 0.000109454
9422.45 0.00492682 0 1.35968 0.502929 0 0 0 8.41952e-06 1.40325e-06 9.82277e-06 0.000109454
9472.45 0.00492682 0 1.35886 0.502147 0 0 0 1.1226e-05 1.40325e-06 7.01627e-06 0.000109454
9522.46 0.00492542 0 1.3579 0.501267 0 0 0 9.82277e-06 0 1.26293e-05 0.000109454
9572.47 0.00492542 0 1.35706 0.500487 0 0 1.40325e-06 1.26293e-05 0 8.41952e-06 0.000109454
9622.47 0.00492542 0 1.35613 0.499714 0 0 0 1.40325e-05 0 8.41952e-06 0.000109454
9672.49 0.00492542 0 1.35532 0.49897 0 0 0 8.41952e-06 0 1.40325e-05 0.000109454
9722.5 0.00492542 0 1.35443 0.498169 0 0 0 1.26293e-05 1.40325e-06 8.41952e-06 0.000109454
9772.54 0.00492542 0 1.3535 0.497363 0 0 0 8.41952e-06 1.40325e-06 1.26293e-05 0.000109454
9822.69 0.00492542 0 1.35259 0.496572 0 0 0 9.82277e-06 1.40325e-06 8.41952e-06 0.000110857
9872.78 0.00492542 0 1.35176 0.495824 0 0 0 7.01627e-06 1.40325e-06 1.1226e-05 0.000110857
9922.87 0.00492542 0 1.35091 0.495075 0 0 0 1.26293e-05 1.40325e-06 5.61301e-06 0.000110857
9972.89 0.00492542 0 1.35003 0.494273 0 0 1.40325e-06 7.01627e-06 0 1.1226e-05 0.000110857
10022.9 0.00492542 0 1.34913 0.493497 0 0 0 8.41952e-06 0 1.1226e-05 0.000110857
10072.9 0.00492542 0 1.34829 0.492719 0 0 0 1.1226e-05 0 8.41952e-06 0.000110857
10123.1 0.00492542 0 1.34747 0.491982 0 0 0 7.01627e-06 1.40325e-06 8.41952e-06 0.00011226
10173.2 0.00492542 0 1.34666 0.491249 0 0 1.40325e-06 7.01627e-06 0 8.41952e-06 0.00011226
10223.2 0.00492542 0 1.34583 0.490469 0 0 0 7.01627e-06 0 9.82277e-06 0.00011226
10273.4 0.00492542 0 1.34498 0.489711 0 0 0 1.26293e-05 0 4.20976e-06 0.00011226
10323.4 0.00492542 0 1.34416 0.488926 0 0 0 1.40325e-06 1.40325e-06 1.40325e-05 0.00011226
10373.4 0.00492542 0 1.34329 0.488251 0 0 0 7.01627e-06 1.40325e-06 5.61301e-06 0.000113664
10423.5 0.00492542 0 1.34239 0.487485 0 0 0 5.61301e-06 0 8.41952e-06 0.000113664
10473.5 0.00492402 0 1.34147 0.486634 0 0 0 5.61301e-06 0 1.1226e-05 0.000113664
10523.6 0.00492402 0 1.34053 0.48585 0 0 0 8.41952e-06 0 8.41952e-06 0.000113664
10573.6 0.00492402 0 1.3396 0.485053 0 0 0 8.41952e-06 0 8.41952e-06 0.000113664
10623.7 0.00492402 0 1.33872 0.484319 0 0 0 4.20976e-06 0 9.82277e-06 0.00011647
10673.8 0.00492402 0 1.33788 0.483599 0 0 0 7.01627e-06 0 7.01627e-06 0.00011647
10723.8 0.00492402 0 1.33691 0.482767 0 0 0 5.61301e-06 1.40325e-06 7.01627e-06 0.00011647
10773.8 0.00492402 0 1.33613 0.48203 0 0 0 2.80651e-06 1.40325e-06 9.82277e-06 0.00011647
10823.8 0.00492402 0 1.33536 0.48135 0 0 2.80651e-06 4.20976e-06 0 4.20976e-06 0.000117873
10873.9 0.00492402 0 1.33457 0.480652 0 0 0 5.61301e-06 0 5.61301e-06 0.000117873
10923.9 0.00492402 0 1.33375 0.479882 0 0 0 5.61301e-06 0 5.61301e-06 0.000117873
10974 0.00492402 0 1.33297 0.479254 0 0 0 5.61301e-06 1.40325e-06 1.40325e-06 0.00012068
11024 0.00492261 0 1.33192 0.478321 0 0 0 2.80651e-06 0 8.41952e-06 0.00012068
11074 0.00492261 0 1.33088 0.477519 0 0 0 7.01627e-06 0 4.20976e-06 0.00012068
11124 0.00492261 0 1.33002 0.476835 0 0 0 4.20976e-06 1.40325e-06 2.80651e-06 0.000123486
11174.1 0.00492261 0 1.32934 0.476226 0 0 0 2.80651e-06 0 5.61301e-06 0.000123486
11224.1 0.00492121 0 1.32833 0.475383 0 0 0 4.20976e-06 1.40325e-06 5.61301e-06 0.000123486
11274.1 0.00492121 0 1.32745 0.474597 0 0 0 4.20976e-06 1.40325e-06 2.80651e-06 0.000126293
11324.1 0.00492121 0 1.32673 0.473963 0 0 0 2.80651e-06 0 5.61301e-06 0.000126293
11374.1 0.00491981 0 1.32588 0.473226 0 0 1.40325e-06 0 0 7.01627e-06 0.000129099
11424.2 0.0049184 0 1.3248 0.472293 0 0 0 1.40325e-06 1.40325e-06 8.41952e-06 0.000129099
11474.2 0.0049184 0 1.32401 0.47149 0 0 0 2.80651e-06 1.40325e-06 7.01627e-06 0.000129099
11524.2 0.0049184 0 1.32306 0.470671 0 0 0 5.61301e-06 1.40325e-06 4.20976e-06 0.000129099
11574.3 0.0049184 0 1.32213 0.469836 0 0 0 5.61301e-06 0 5.61301e-06 0.000129099
11624.3 0.004917 0 1.32122 0.469014 0 0 0 7.01627e-06 1.40325e-06 5.61301e-06 0.000129099
11674.3 0.004917 0 1.3201 0.468085 0 0 0 7.01627e-06 0 7.01627e-06 0.000129099
11724.5 0.004917 0 1.31946 0.467501 0 0 0 2.80651e-06 0 8.41952e-06 0.000130503
11774.5 0.004917 0 1.31862 0.466775 0 0 0 1.40325e-06 0 9.82277e-06 0.000130503
11824.8 0.004917 0 1.31773 0.465988 0 0 0 4.20976e-06 0 7.01627e-06 0.000130503
11875 0.0049156 0 1.31681 0.465135 0 0 0 4.20976e-06 1.40325e-06 8.41952e-06 0.000130503
11925 0.0049156 0 1.3159 0.464321 0 0 1.40325e-06 7.01627e-06 0 5.61301e-06 0.000130503
11975 0.0049156 0 1.31504 0.463572 0 0 0 5.61301e-06 0 8.41952e-06 0.000130503
12025 0.0049156 0 1.31431 0.462867 0 0 0 5.61301e-06 1.40325e-06 7.01627e-06 0.000130503
12075 0.00491419 0 1.31322 0.461951 0 0 0 7.01627e-06 1.40325e-06 8.41952e-06 0.000130503
12125.1 0.00491279 0 1.31227 0.461119 0 0 0 7.01627e-06 0 1.26293e-05 0.000130503
12175.2 0.00491279 0 1.31149 0.460493 0 0 0 1.1226e-05 0 2.80651e-06 0.000133309
12225.3 0.00491279 0 1.31084 0.459927 0 0 0 4.20976e-06 1.40325e-06 5.61301e-06 0.000134712
12275.3 0.00491139 0 1.31004 0.459283 0 0 0 7.01627e-06 0 7.01627e-06 0.000134712
12325.3 0.00490998 0 1.30915 0.458538 0 0 0 1.40325e-06 0 9.82277e-06 0.000137519
12375.5 0.00490998 0 1.30828 0.457828 0 0 0 5.61301e-06 1.40325e-06 4.20976e-06 0.000137519
12425.7 0.00490998 0 1.30732 0.457069 0 0 0 7.01627e-06 1.40325e-06 2.80651e-06 0.000137519
12475.7 0.00490998 0 1.30646 0.456348 0 0 0 4.20976e-06 0 4.20976e-06 0.000140325
12525.7 0.00490718 0 1.30555 0.455492 0 0 0 5.61301e-06 1.40325e-06 7.01627e-06 0.000140325
12575.7 0.00490718 0 1.30468 0.454747 0 0 0 8.41952e-06 1.40325e-06 4.20976e-06 0.000140325
12625.9 0.00490718 0 1.30375 0.453997 0 0 0 5.61301e-06 1.40325e-06 4.20976e-06 0.000141729
12675.9 0.00490577 0 1.30302 0.453349 0 0 0 5.61301e-06 1.40325e-06 7.01627e-06 0.000141729
12725.9 0.00490577 0 1.30185 0.452417 0 0 0 9.82277e-06 0 4.20976e-06 0.000141729
12776 0.00490577 0 1.30088 0.451657 0 0 0 7.01627e-06 0 7.01627e-06 0.000141729
12826.1 0.00490437 0 1.3001 0.450979 0 0 0 5.61301e-06 1.40325e-06 7.01627e-06 0.000143132
12876.1 0.00490437 0 1.29915 0.450148 0 0 0 4.20976e-06 0 9.82277e-06 0.000143132
12926.2 0.00490437 0 1.29829 0.449456 0 0 0 2.80651e-06 1.40325e-06 7.01627e-06 0.000144535
12976.3 0.00490156 0 1.29752 0.448781 0 0 0 8.41952e-06 1.40325e-06 7.01627e-06 0.000144535
13026.3 0.00490156 0 1.29627 0.447758 0 0 0 1.1226e-05 0 5.61301e-06 0.000144535
13076.3 0.00490156 0 1.29543 0.447002 0 0 0 7.01627e-06 0 9.82277e-06 0.000144535
13126.4 0.00490156 0 1.29448 0.446209 0 0 0 5.61301e-06 1.40325e-06 9.82277e-06 0.000144535
13176.5 0.00490156 0 1.29365 0.445451 0 0 0 9.82277e-06 1.40325e-06 5.61301e-06 0.000144535
13226.6 0.00490156 0 1.29284 0.444737 0 0 0 2.80651e-06 1.40325e-06 1.26293e-05 0.000144535
13276.6 0.00490156 0 1.29201 0.44401 0 0 0 8.41952e-06 2.80651e-06 5.61301e-06 0.000144535
13326.6 0.00489876 0 1.29107 0.443227 0 0 0 9.82277e-06 0 1.26293e-05 0.000144535
13376.6 0.00489876 0 1.29 0.442282 0 0 0 8.41952e-06 1.40325e-06 1.26293e-05 0.000144535
13426.7 0.00489876 0 1.28909 0.441542 0 0 1.40325e-06 8.41952e-06 1.40325e-06 1.1226e-05 0.000144535
13476.8 0.00489876 0 1.28823 0.440772 0 0 0 9.82277e-06 1.40325e-06 1.1226e-05 0.000144535
13526.9 0.00489876 0 1.28738 0.440069 0 0 0 9.82277e-06 1.40325e-06 1.1226e-05 0.000144535
13577.1 0.00489876 0 1.28647 0.439323 0 0 0 1.1226e-05 0 8.41952e-06 0.000147342
13627.1 0.00489735 0 1.28561 0.438584 0 0 0 7.01627e-06 0 1.26293e-05 0.000148745
13677.1 0.00489735 0 1.28474 0.437875 0 0 2.80651e-06 9.82277e-06 0 7.01627e-06 0.000148745
13727.2 0.00489735 0 1.28387 0.437129 0 0 0 8.41952e-06 1.40325e-06 9.82277e-06 0.000148745
13777.3 0.00489735 0 1.28307 0.436462 0 0 0 2.80651e-06 1.40325e-06 7.01627e-06 0.000155761
13827.3 0.00489735 0 1.28245 0.435957 0 0 1.40325e-06 8.41952e-06 0 1.40325e-06 0.000155761
13877.4 0.00489735 0 1.28151 0.435213 0 0 0 2.80651e-06 1.40325e-06 7.01627e-06 0.000155761
13927.7 0.00489735 0 1.28084 0.434609 0 0 0 7.01627e-06 1.40325e-06 0 0.000158568
13977.7 0.00489595 0 1.2803 0.434126 0 0 0 1.40325e-06 1.40325e-06 5.61301e-06 0.000159971
14027.8 0.00489455 0 1.2796 0.433514 0 0 0 2.80651e-06 0 2.80651e-06 0.000165584
14077.8 0.00489314 0 1.2782 0.432415 0 0 0 5.61301e-06 1.40325e-06 1.40325e-06 0.000165584
14127.9 0.00489314 0 1.27731 0.431683 0 0 0 4.20976e-06 0 1.40325e-06 0.00016839
14178 0.00489174 0 1.27632 0.4309 0 0 0 5.61301e-06 1.40325e-06 1.40325e-06 0.00016839
14228.1 0.00489174 0 1.27541 0.430156 0 0 0 2.80651e-06 1.40325e-06 4.20976e-06 0.00016839
14278.2 0.00489174 0 1.27447 0.429397 0 0 0 0 1.40325e-06 7.01627e-06 0.00016839
14328.2 0.00489034 0 1.27348 0.428493 0 0 0 2.80651e-06 1.40325e-06 7.01627e-06 0.00016839
14378.2 0.00489034 0 1.27254 0.427679 0 0 0 4.20976e-06 1.40325e-06 5.61301e-06 0.00016839
14428.4 0.00489034 0 1.2717 0.426979 0 0 0 7.01627e-06 1.40325e-06 2.80651e-06 0.00016839
14478.5 0.00488893 0 1.27092 0.42628 0 0 0 7.01627e-06 0 7.01627e-06 0.00016839
14528.5 0.00488753 0 1.26967 0.425292 0 0 0 7.01627e-06 0 7.01627e-06 0.000171197
14578.5 0.00488753 0 1.26883 0.424584 0 0 1.40325e-06 2.80651e-06 0 9.82277e-06 0.000171197
14628.6 0.00488613 0 1.26782 0.423785 0 0 1.40325e-06 5.61301e-06 0 4.20976e-06 0.00017681
14678.7 0.00488613 0 1.26716 0.42323 0 0 0 4.20976e-06 0 7.01627e-06 0.00017681
14728.7 0.00488472 0 1.26616 0.422402 0 0 0 4.20976e-06 0 9.82277e-06 0.00017681
14779 0.00488472 0 1.26528 0.421703 0 0 0 2.80651e-06 1.40325e-06 7.01627e-06 0.000178213
14829 0.00488472 0 1.26452 0.421073 0 0 0 5.61301e-06 1.40325e-06 4.20976e-06 0.000178213
14879 0.00488472 0 1.26362 0.420298 0 0 0 7.01627e-06 0 4.20976e-06 0.000178213
14929.1 0.00488472 0 1.26279 0.419665 0 0 0 5.61301e-06 1.40325e-06 1.40325e-06 0.00018102
14979.3 0.00488472 0 1.26204 0.419049 0 0 0 4.20976e-06 0 4.20976e-06 0.00018102
15029.6 0.00488472 0 1.26114 0.41835 0 0 0 1.40325e-06 1.40325e-06 2.80651e-06 0.000183826
15080 0.00488472 0 1.26067 0.417946 0 0 0 0 1.40325e-06 1.40325e-06 0.000186633
15130.1 0.00488472 0 1.26011 0.417485 0 0 0 0 1.40325e-06 1.40325e-06 0.000186633
15180.1 0.00488332 0 1.25906 0.41673 0 0 0 1.40325e-06 0 1.40325e-06 0.000188036
15230.2 0.00488332 0 1.25839 0.416112 0 0 0 0 1.40325e-06 1.40325e-06 0.000188036
15280.4 0.00488332 0 1.25747 0.415399 0 0 0 0 1.40325e-06 1.40325e-06 0.000188036
15330.4 0.00488332 0 1.25664 0.414688 0 0 0 0 0 2.80651e-06 0.000188036
15536.9 0.00488192 2.80651e-06 1.25589 0.414072 0 0 0 0 0 0 0.000190842
15586.9 0.00488192 0 1.25502 0.413345 0 0 0 1.40325e-06 1.40325e-06 0 0.000190842
15637 0.00488192 0 1.25409 0.412635 0 0 0 0 0 2.80651e-06 0.000190842
15687.1 0.00488192 0 1.25326 0.411952 0 0 0 1.40325e-06 1.40325e-06 0 0.000190842
15737.1 0.00488051 0 1.25182 0.410787 0 0 1.40325e-06 1.40325e-06 0 2.80651e-06 0.000190842
15787.1 0.00488051 0 1.25069 0.409917 0 0 0 1.40325e-06 1.40325e-06 2.80651e-06 0.000190842
15837.1 0.00488051 0 1.24986 0.409231 0 0 0 1.40325e-06 1.40325e-06 2.80651e-06 0.000190842
15887.2 0.00488051 0 1.24906 0.408582 0 0 0 0 1.40325e-06 4.20976e-06 0.000190842
15937.2 0.00488051 0 1.24819 0.407877 0 0 1.40325e-06 0 0 1.40325e-06 0.000193649
15987.3 0.00488051 0 1.2477 0.407489 0 0 0 0 1.40325e-06 1.40325e-06 0.000193649
16037.5 0.00488051 0 1.24686 0.406776 0 0 0 0 0 2.80651e-06 0.000193649
16087.5 0.00488051 0 1.24612 0.406144 0 0 1.40325e-06 0 0 1.40325e-06 0.000193649
16137.6 0.00488051 0 1.24535 0.40547 0 0 0 1.40325e-06 0 1.40325e-06 0.000193649
16589.7 0.00487911 2.80651e-06 1.24463 0.404889 0 0 0 0 0 0 0.000196455
16640 0.00487911 0 1.24375 0.404207 0 0 0 0 1.40325e-06 1.40325e-06 0.000196455
16690.1 0.00487911 0 1.24297 0.403542 0 0 0 0 0 2.80651e-06 0.000196455
16740.2 0.00487911 0 1.24207 0.402804 0 0 0 0 0 2.80651e-06 0.000196455
16790.3 0.00487771 0 1.24056 0.401542 0 0 0 0 0 5.61301e-06 0.000196455
16840.3 0.00487771 0 1.23979 0.400862 0 0 0 2.80651e-06 1.40325e-06 1.40325e-06 0.000196455
16890.4 0.00487771 0 1.23893 0.400174 0 0 0 2.80651e-06 1.40325e-06 1.40325e-06 0.000196455
16940.7 0.00487771 0 1.23837 0.399762 0 0 0 0 1.40325e-06 1.40325e-06 0.000199262
16990.8 0.00487771 0 1.23775 0.399207 0 0 0 1.40325e-06 1.40325e-06 0 0.000199262
17040.8 0.00487771 0 1.23685 0.398504 0 0 0 1.40325e-06 1.40325e-06 0 0.000199262
17091 0.00487771 0 1.2361 0.397871 0 0 0 0 1.40325e-06 1.40325e-06 0.000199262
17141 0.00487771 0 1.23536 0.397188 0 0 0 1.40325e-06 1.40325e-06 0 0.000199262
17191.1 0.00487771 0 1.23456 0.396492 0 0 0 0 0 2.80651e-06 0.000199262
17241.1 0.00487771 0 1.23368 0.395797 0 0 0 0 1.40325e-06 1.40325e-06 0.000199262
17291.1 0.00487771 0 1.23276 0.395045 0 0 0 1.40325e-06 1.40325e-06 0 0.000199262
17341.1 0.00487771 0 1.23191 0.394389 0 0 0 1.40325e-06 0 1.40325e-06 0.000199262
17458.8 0.0048763 2.80651e-06 1.23175 0.394252 0 0 0 0 0 0 0.000202068
17508.8 0.0048763 0 1.2309 0.393568 0 0 0 0 1.40325e-06 1.40325e-06 0.000202068
17558.8 0.0048749 0 1.22982 0.392742 0 0 0 0 1.40325e-06 4.20976e-06 0.000202068
17608.8 0.0048749 0 1.22826 0.391575 0 0 1.40325e-06 1.40325e-06 0 0 0.000203472
17659.3 0.0048749 0 1.22781 0.391205 0 0 0 0 1.40325e-06 1.40325e-06 0.000203472
17709.3 0.0048749 0 1.22699 0.39053 0 0 0 0 1.40325e-06 1.40325e-06 0.000203472
17760.3 0.0048735 2.80651e-06 1.2267 0.390313 0 0 0 0 0 0 0.000204875
17913.9 0.00487209 2.80651e-06 1.2261 0.389832 0 0 0 0 0 0 0.000207681
17963.9 0.00487209 0 1.22524 0.389153 0 0 0 0 0 2.80651e-06 0.000207681
18014 0.00487209 0 1.22447 0.388541 0 0 0 1.40325e-06 0 1.40325e-06 0.000207681
18064.1 0.00487209 0 1.22364 0.38789 0 0 0 1.40325e-06 0 1.40325e-06 0.000207681
18114.3 0.00487209 0 1.2228 0.387207 0 0 0 0 0 2.80651e-06 0.000207681
18557.4 0.00487069 2.80651e-06 1.2222 0.386692 0 0 0 0 0 0 0.000210488
18607.9 0.00487069 0 1.22125 0.386027 0 0 0 0 0 2.80651e-06 0.000210488
18658 0.00487069 0 1.22039 0.385382 0 0 0 0 0 2.80651e-06 0.000210488
18708.1 0.00487069 0 1.21958 0.38474 0 0 0 1.40325e-06 1.40325e-06 0 0.000210488
18758.1 0.00487069 0 1.21881 0.384121 0 0 1.40325e-06 0 0 1.40325e-06 0.000210488
18808.5 0.00487069 0 1.21796 0.383495 0 0 0 0 0 2.80651e-06 0.000210488
18858.5 0.00487069 0 1.21716 0.382816 0 0 0 0 1.40325e-06 1.40325e-06 0.000210488
18908.8 0.00486929 0 1.21585 0.381762 0 0 0 0 0 2.80651e-06 0.000213294
18958.8 0.00486929 0 1.21529 0.381358 0 0 0 0 1.40325e-06 1.40325e-06 0.000213294
19008.9 0.00486789 0 1.21433 0.380585 0 0 0 1.40325e-06 0 4.20976e-06 0.000213294
19058.9 0.00486789 0 1.21326 0.37975 0 0 0 0 0 2.80651e-06 0.000214698
19108.9 0.00486648 0 1.21211 0.378835 0 0 1.40325e-06 0 0 4.20976e-06 0.000214698
19159.6 0.00486648 0 1.21114 0.378115 0 0 0 1.40325e-06 1.40325e-06 0 0.000217504
19209.6 0.00486508 0 1.21035 0.377499 0 0 0 1.40325e-06 1.40325e-06 2.80651e-06 0.000217504
19259.8 0.00486508 0 1.20983 0.377103 0 0 0 1.40325e-06 0 1.40325e-06 0.000220311
19309.9 0.00486508 0 1.20897 0.376472 0 0 0 1.40325e-06 0 1.40325e-06 0.000220311
19359.9 0.00486508 0 1.20807 0.375783 0 0 0 1.40325e-06 0 1.40325e-06 0.000220311
19409.9 0.00486227 0 1.2066 0.374558 0 0 1.40325e-06 2.80651e-06 0 4.20976e-06 0.000220311
19459.9 0.00486227 0 1.205 0.373452 0 0 0 5.61301e-06 0 2.80651e-06 0.000220311
19510 0.00486227 0 1.20425 0.372844 0 0 0 1.40325e-06 1.40325e-06 5.61301e-06 0.000220311
19560 0.00486227 0 1.20358 0.372258 0 0 0 4.20976e-06 0 4.20976e-06 0.000220311
19610.1 0.00486227 0 1.20266 0.371542 0 0 0 5.61301e-06 0 2.80651e-06 0.000220311
19660.1 0.00486227 0 1.20178 0.370885 0 0 0 1.40325e-06 1.40325e-06 5.61301e-06 0.000220311
19710.1 0.00486227 0 1.20094 0.370253 0 0 0 1.40325e-06 0 7.01627e-06 0.000220311
19760.2 0.00486227 0 1.20011 0.369617 0 0 0 4.20976e-06 0 4.20976e-06 0.000220311
19810.3 0.00486227 0 1.19919 0.368948 0 0 0 1.40325e-06 1.40325e-06 5.61301e-06 0.000220311
19860.4 0.00486227 0 1.19828 0.368275 0 0 0 4.20976e-06 0 4.20976e-06 0.000220311
19910.5 0.00486227 0 1.19736 0.367588 0 0 0 2.80651e-06 1.40325e-06 4.20976e-06 0.000220311
19960.6 0.00486227 0 1.19642 0.366924 0 0 0 4.20976e-06 0 4.20976e-06 0.000220311
20010.6 0.00486227 0 1.19553 0.36629 0 0 0 4.20976e-06 0 4.20976e-06 0.000220311
20060.8 0.00486227 0 1.19472 0.365622 0 0 0 4.20976e-06 0 4.20976e-06 0.000220311
20110.9 0.00486227 0 1.19391 0.365016 0 0 0 0 1.40325e-06 7.01627e-06 0.000220311
20160.9 0.00486227 0 1.19301 0.364321 0 0 0 4.20976e-06 1.40325e-06 2.80651e-06 0.000220311
20210.9 0.00486087 0 1.19207 0.363541 0 0 1.40325e-06 7.01627e-06 0 2.80651e-06 0.000220311
20260.9 0.00486087 0 1.19146 0.363013 0 0 0 4.20976e-06 0 4.20976e-06 0.000221714
20310.9 0.00486087 0 1.19066 0.362386 0 0 0 1.40325e-06 1.40325e-06 5.61301e-06 0.000221714
20361.1 0.00485947 0 1.18972 0.361665 0 0 0 5.61301e-06 0 5.61301e-06 0.000221714
20411.2 0.00485947 0 1.18873 0.360854 0 0 0 4.20976e-06 1.40325e-06 5.61301e-06 0.000221714
20461.4 0.00485947 0 1.1878 0.360205 0 0 0 1.40325e-06 0 7.01627e-06 0.000224521
20511.4 0.00485947 0 1.18713 0.359673 0 0 0 4.20976e-06 1.40325e-06 2.80651e-06 0.000224521
20561.5 0.00485947 0 1.18627 0.359035 0 0 0 4.20976e-06 1.40325e-06 2.80651e-06 0.000224521
20611.6 0.00485947 0 1.18547 0.358497 0 0 0 0 0 5.61301e-06 0.000227327
20661.8 0.00485947 0 1.1848 0.357959 0 0 0 0 0 5.61301e-06 0.000227327
20712.2 0.00485947 0 1.18389 0.357281 0 0 0 2.80651e-06 1.40325e-06 1.40325e-06 0.000227327
20762.2 0.00485947 0 1.1831 0.356655 0 0 0 2.80651e-06 0 2.80651e-06 0.000227327
20812.3 0.00485947 0 1.18256 0.356241 0 0 0 0 0 2.80651e-06 0.00022873
20862.3 0.00485947 0 1.18189 0.355712 0 0 0 0 0 2.80651e-06 0.00022873
20912.4 0.00485947 0 1.18101 0.355051 0 0 0 0 0 2.80651e-06 0.00022873
21005.8 0.00485806 2.80651e-06 1.18101 0.355051 0 0 0 0 0 0 0.000231537
21055.8 0.00485666 0 1.17963 0.354087 0 0 0 1.40325e-06 0 4.20976e-06 0.000231537
21106 0.00485526 0 1.17842 0.353133 0 0 0 1.40325e-06 1.40325e-06 2.80651e-06 0.00023294
21156 0.00485526 0 1.17775 0.352614 0 0 1.40325e-06 0 0 4.20976e-06 0.00023294
21206 0.00485526 0 1.17695 0.352023 0 0 0 2.80651e-06 1.40325e-06 1.40325e-06 0.00023294
21256 0.00485526 0 1.17615 0.351384 0 0 0 1.40325e-06 1.40325e-06 2.80651e-06 0.00023294
21306.1 0.00485526 0 1.1753 0.350763 0 0 0 4.20976e-06 1.40325e-06 0 0.00023294
21356.7 0.00485526 0 1.17453 0.350154 0 0 0 0 1.40325e-06 1.40325e-06 0.000234343
21406.8 0.00485526 0 1.17406 0.349785 0 0 0 1.40325e-06 1.40325e-06 0 0.000234343
21456.8 0.00485526 0 1.17316 0.349113 0 0 0 0 0 2.80651e-06 0.000234343
21507 0.00485526 0 1.17235 0.34846 0 0 0 1.40325e-06 0 1.40325e-06 0.000234343
21557 0.00485385 0 1.17117 0.347489 0 0 0 4.20976e-06 1.40325e-06 0 0.000234343
21607.2 0.00485385 0 1.1702 0.346789 0 0 0 0 1.40325e-06 1.40325e-06 0.00023715
21657.3 0.00485245 0 1.16933 0.346192 0 0 0 1.40325e-06 1.40325e-06 2.80651e-06 0.00023715
21707.3 0.00485245 0 1.16831 0.345475 0 0 0 2.80651e-06 0 2.80651e-06 0.00023715
21758.2 0.00485245 0 1.16785 0.345077 0 0 0 0 0 2.80651e-06 0.000239956
21808.2 0.00485245 0 1.16715 0.344583 0 0 0 2.80651e-06 0 0 0.000239956
21858.3 0.00485245 0 1.16637 0.343975 0 0 0 1.40325e-06 0 1.40325e-06 0.000239956
21908.5 0.00485105 0 1.16541 0.343268 0 0 0 2.80651e-06 0 2.80651e-06 0.000239956
21958.5 0.00484964 0 1.16366 0.341929 0 0 1.40325e-06 1.40325e-06 1.40325e-06 4.20976e-06 0.000239956
22008.5 0.00484824 0 1.16205 0.34078 0 0 0 7.01627e-06 0 4.20976e-06 0.000239956
22058.6 0.00484824 0 1.16117 0.340142 0 0 0 0 1.40325e-06 9.82277e-06 0.000239956
22108.7 0.00484824 0 1.16028 0.33953 0 0 0 4.20976e-06 1.40325e-06 5.61301e-06 0.000239956
22158.7 0.00484403 0 1.15907 0.338721 0 0 0 9.82277e-06 1.40325e-06 8.41952e-06 0.000239956
22208.8 0.00484403 0 1.15783 0.337832 0 0 0 9.82277e-06 0 9.82277e-06 0.000239956
22258.8 0.00484403 0 1.15695 0.337181 0 0 0 5.61301e-06 1.40325e-06 1.26293e-05 0.000239956
22308.9 0.00484403 0 1.15615 0.336587 0 0 2.80651e-06 8.41952e-06 2.80651e-06 2.80651e-06 0.00024136
22359 0.00484403 0 1.15537 0.336009 0 0 0 5.61301e-06 1.40325e-06 9.82277e-06 0.00024136
22409 0.00484403 0 1.15451 0.335435 0 0 0 4.20976e-06 1.40325e-06 8.41952e-06 0.000244166
22459 0.00484403 0 1.1537 0.334853 0 0 0 4.20976e-06 0 9.82277e-06 0.000244166
22509.1 0.00484403 0 1.15289 0.334253 0 0 0 5.61301e-06 1.40325e-06 7.01627e-06 0.000244166
22559.1 0.00484263 0 1.15214 0.333678 0 0 0 8.41952e-06 1.40325e-06 7.01627e-06 0.000244166
22609.2 0.00484263 0 1.15131 0.333055 0 0 0 8.41952e-06 0 5.61301e-06 0.000245569
22659.4 0.00484263 0 1.15061 0.332536 0 0 0 8.41952e-06 1.40325e-06 1.40325e-06 0.000248376
22709.8 0.00484263 0 1.14978 0.331975 0 0 0 4.20976e-06 0 7.01627e-06 0.000248376
22759.8 0.00484263 0 1.14892 0.331374 0 0 1.40325e-06 8.41952e-06 0 1.40325e-06 0.000248376
22810 0.00484122 0 1.14792 0.330664 0 0 0 2.80651e-06 0 8.41952e-06 0.000251182
22860 0.00484122 0 1.14708 0.330076 0 0 0 5.61301e-06 1.40325e-06 4.20976e-06 0.000251182
22910 0.00483982 0 1.14622 0.329439 0 0 0 5.61301e-06 1.40325e-06 7.01627e-06 0.000251182
22960 0.00483842 0 1.14501 0.328589 0 0 0 8.41952e-06 1.40325e-06 7.01627e-06 0.000251182
23010.3 0.00483842 0 1.14411 0.327909 0 0 0 8.41952e-06 1.40325e-06 7.01627e-06 0.000251182
23060.3 0.00483842 0 1.14336 0.327359 0 0 1.40325e-06 4.20976e-06 0 1.1226e-05 0.000251182
23110.5 0.00483842 0 1.14242 0.326687 0 0 0 8.41952e-06 1.40325e-06 7.01627e-06 0.000251182
23160.6 0.00483701 0 1.14149 0.326077 0 0 0 2.80651e-06 1.40325e-06 1.26293e-05 0.000252586
23210.6 0.00483701 0 1.14068 0.325539 0 0 0 8.41952e-06 0 8.41952e-06 0.000252586
23260.6 0.00483701 0 1.13982 0.324912 0 0 0 8.41952e-06 1.40325e-06 7.01627e-06 0.000252586
23311 0.00483701 0 1.13899 0.324299 0 0 0 8.41952e-06 1.40325e-06 7.01627e-06 0.000252586
23361 0.00483701 0 1.13801 0.323662 0 0 0 7.01627e-06 1.40325e-06 8.41952e-06 0.000252586
23411.2 0.00483561 0 1.13721 0.323079 0 0 0 7.01627e-06 0 1.26293e-05 0.000252586
23461.5 0.00483561 0 1.13622 0.322404 0 0 0 7.01627e-06 1.40325e-06 1.1226e-05 0.000252586
23511.6 0.00483561 0 1.13543 0.321864 0 0 0 5.61301e-06 0 1.1226e-05 0.000255392
23561.7 0.00483561 0 1.13478 0.321317 0 0 1.40325e-06 4.20976e-06 0 1.1226e-05 0.000255392
23611.7 0.00483561 0 1.13401 0.320779 0 0 0 8.41952e-06 2.80651e-06 5.61301e-06 0.000255392
23661.7 0.00483561 0 1.1332 0.320215 0 0 0 8.41952e-06 1.40325e-06 4.20976e-06 0.000258199
23711.8 0.00483561 0 1.13231 0.319613 0 0 0 5.61301e-06 0 8.41952e-06 0.000258199
23762 0.00483561 0 1.1315 0.318995 0 0 0 5.61301e-06 1.40325e-06 7.01627e-06 0.000258199
23812 0.00483561 0 1.13065 0.318369 0 0 0 9.82277e-06 0 4.20976e-06 0.000258199
23862.2 0.00483421 0 1.1298 0.31772 0 0 0 8.41952e-06 0 8.41952e-06 0.000258199
23912.2 0.00483421 0 1.12905 0.3171 0 0 1.40325e-06 4.20976e-06 1.40325e-06 9.82277e-06 0.000258199
23962.3 0.00483421 0 1.12834 0.316528 0 0 0 9.82277e-06 1.40325e-06 5.61301e-06 0.000258199
24012.3 0.0048314 0 1.12722 0.315756 0 0 0 1.1226e-05 1.40325e-06 9.82277e-06 0.000258199
24062.3 0.0048314 0 1.12621 0.315085 0 0 1.40325e-06 1.1226e-05 1.40325e-06 8.41952e-06 0.000258199
24112.4 0.0048314 0 1.12542 0.314528 0 0 0 8.41952e-06 0 1.40325e-05 0.000258199
24162.4 0.00483 0 1.12469 0.314013 0 0 1.40325e-06 1.1226e-05 0 9.82277e-06 0.000259602
24212.4 0.00483 0 1.12378 0.313353 0 0 1.40325e-06 9.82277e-06 0 1.1226e-05 0.000259602
24262.4 0.00483 0 1.1229 0.312725 0 0 1.40325e-06 8.41952e-06 0 1.26293e-05 0.000259602
24312.4 0.00482859 0 1.12215 0.312207 0 0 1.40325e-06 8.41952e-06 2.80651e-06 9.82277e-06 0.000261005
24362.4 0.00482859 0 1.12125 0.311584 0 0 1.40325e-06 1.1226e-05 1.40325e-06 8.41952e-06 0.000261005
24412.4 0.00482859 0 1.12037 0.31099 0 0 0 9.82277e-06 1.40325e-06 1.1226e-05 0.000261005
24462.5 0.00482859 0 1.11949 0.310421 0 0 0 1.40325e-05 1.40325e-06 7.01627e-06 0.000261005
24512.5 0.00482859 0 1.11881 0.309894 0 0 0 1.1226e-05 0 1.1226e-05 0.000261005
24562.6 0.00482859 0 1.118 0.309299 0 0 0 1.40325e-05 1.40325e-06 7.01627e-06 0.000261005
24612.6 0.00482719 0 1.11706 0.308665 0 0 1.40325e-06 9.82277e-06 0 1.40325e-05 0.000261005
24662.6 0.00482719 0 1.11614 0.308041 0 0 0 1.40325e-05 0 1.1226e-05 0.000261005
24712.6 0.00482719 0 1.11523 0.307411 0 0 0 1.1226e-05 0 1.40325e-05 0.000261005
24762.7 0.00482579 0 1.11425 0.306762 0 0 0 1.1226e-05 2.80651e-06 1.40325e-05 0.000261005
24812.8 0.00482579 0 1.11332 0.306156 0 0 1.40325e-06 9.82277e-06 0 1.6839e-05 0.000261005
24862.8 0.00482579 0 1.11236 0.305527 0 0 1.40325e-06 1.54358e-05 0 1.1226e-05 0.000261005
24912.8 0.00482579 0 1.11154 0.304942 0 0 0 1.54358e-05 0 1.26293e-05 0.000261005
24962.9 0.00482579 0 1.11061 0.304347 0 0 0 1.6839e-05 1.40325e-06 9.82277e-06 0.000261005
25013 0.00482579 0 1.10979 0.303762 0 0 1.40325e-06 9.82277e-06 1.40325e-06 1.54358e-05 0.000261005
25063 0.00482579 0 1.10892 0.303184 0 0 0 7.01627e-06 4.20976e-06 1.6839e-05 0.000261005
25113 0.00482438 0 1.10813 0.302616 0 0 1.40325e-06 8.41952e-06 1.40325e-06 1.6839e-05 0.000263812
25163 0.00482438 0 1.10738 0.302075 0 0 0 9.82277e-06 1.40325e-06 1.6839e-05 0.000263812
25213.1 0.00482438 0 1.10641 0.301464 0 0 0 1.26293e-05 1.40325e-06 1.40325e-05 0.000263812
25263.1 0.00482438 0 1.10558 0.300869 0 0 0 1.96455e-05 0 8.41952e-06 0.000263812
25313.2 0.00482298 0 1.10471 0.300275 0 0 0 1.6839e-05 1.40325e-06 1.26293e-05 0.000263812
25363.3 0.00482158 0 1.10389 0.29968 0 0 0 1.40325e-05 0 1.6839e-05 0.000266618
25413.4 0.00482017 0 1.10307 0.299088 0 0 0 1.6839e-05 0 1.6839e-05 0.000266618
25463.4 0.00482017 0 1.10218 0.298501 0 0 0 1.82423e-05 1.40325e-06 1.40325e-05 0.000266618
25513.5 0.00482017 0 1.10134 0.297911 0 0 1.40325e-06 9.82277e-06 1.40325e-06 1.82423e-05 0.000269425
25563.5 0.00482017 0 1.10053 0.297356 0 0 0 1.40325e-05 0 1.40325e-05 0.000272231
25613.6 0.00482017 0 1.09971 0.296839 0 0 0 1.40325e-05 1.40325e-06 9.82277e-06 0.000273634
25663.6 0.00482017 0 1.09894 0.296324 0 0 1.40325e-06 1.54358e-05 0 8.41952e-06 0.000273634
25713.6 0.00481877 0 1.09799 0.295672 0 0 1.40325e-06 1.40325e-05 0 1.26293e-05 0.000273634
25763.9 0.00481737 0 1.09729 0.29517 0 0 0 1.1226e-05 0 1.40325e-05 0.000279247
25813.9 0.00481737 0 1.09657 0.294627 0 0 0 1.82423e-05 0 7.01627e-06 0.000279247
25864 0.00481737 0 1.09582 0.294156 0 0 0 1.26293e-05 1.40325e-06 8.41952e-06 0.000280651
25914 0.00481737 0 1.09496 0.293598 0 0 1.40325e-06 8.41952e-06 0 1.26293e-05 0.000280651
25964.1 0.00481737 0 1.0942 0.293072 0 0 0 4.20976e-06 0 1.26293e-05 0.00028486
26014.2 0.00481737 0 1.09357 0.292618 0 0 0 5.61301e-06 1.40325e-06 9.82277e-06 0.00028486
26064.3 0.00481596 0 1.09262 0.291997 0 0 0 1.40325e-05 2.80651e-06 2.80651e-06 0.00028486
26114.3 0.00481596 0 1.0917 0.291419 0 0 0 1.1226e-05 1.40325e-06 4.20976e-06 0.000287667
26164.3 0.00481596 0 1.09103 0.290929 0 0 0 1.26293e-05 0 4.20976e-06 0.000287667
26214.4 0.00481456 0 1.09012 0.290304 0 0 0 7.01627e-06 1.40325e-06 1.1226e-05 0.000287667
26264.6 0.00481316 0 1.08924 0.289669 0 0 0 1.1226e-05 0 1.1226e-05 0.000287667
26314.8 0.00481316 0 1.0883 0.289073 0 0 0 4.20976e-06 1.40325e-06 1.40325e-05 0.000290473
26364.8 0.00481316 0 1.08744 0.288536 0 0 1.40325e-06 9.82277e-06 0 8.41952e-06 0.000290473
26414.9 0.00481316 0 1.0866 0.287924 0 0 0 7.01627e-06 0 1.26293e-05 0.000290473
26464.9 0.00481035 0 1.08569 0.287303 0 0 0 1.26293e-05 1.40325e-06 8.41952e-06 0.000291877
26515 0.00481035 0 1.08497 0.286822 0 0 0 5.61301e-06 1.40325e-06 9.82277e-06 0.000296086
26565.1 0.00481035 0 1.08438 0.286403 0 0 0 5.61301e-06 0 1.1226e-05 0.000296086
26615.1 0.00481035 0 1.08366 0.285895 0 0 0 9.82277e-06 1.40325e-06 5.61301e-06 0.000296086
26665.1 0.00481035 0 1.08303 0.285464 0 0 0 9.82277e-06 0 4.20976e-06 0.000298893
26715.2 0.00481035 0 1.08211 0.284933 0 0 0 1.1226e-05 0 0 0.000300296
26765.4 0.00481035 0 1.08146 0.284459 0 0 0 4.20976e-06 1.40325e-06 5.61301e-06 0.000300296
26815.7 0.00481035 0 1.08067 0.283913 0 0 0 5.61301e-06 1.40325e-06 4.20976e-06 0.000300296
26865.7 0.00481035 0 1.07988 0.283369 0 0 0 4.20976e-06 0 7.01627e-06 0.000300296
26915.8 0.00480895 0 1.07895 0.282774 0 0 0 5.61301e-06 0 8.41952e-06 0.000300296
26965.8 0.00480895 0 1.07797 0.282148 0 0 0 7.01627e-06 1.40325e-06 5.61301e-06 0.000300296
27015.9 0.00480895 0 1.07729 0.281678 0 0 0 5.61301e-06 1.40325e-06 4.20976e-06 0.000301699
27066 0.00480895 0 1.07645 0.281149 0 0 0 2.80651e-06 1.40325e-06 4.20976e-06 0.000303103
27116 0.00480895 0 1.07582 0.280749 0 0 0 4.20976e-06 1.40325e-06 2.80651e-06 0.000303103
27166 0.00480895 0 1.07499 0.280158 0 0 0 4.20976e-06 1.40325e-06 2.80651e-06 0.000303103
27216.1 0.00480895 0 1.07415 0.279597 0 0 0 5.61301e-06 0 2.80651e-06 0.000303103
27266.2 0.00480755 0 1.07313 0.278961 0 0 0 1.40325e-06 0 7.01627e-06 0.000304506
27316.6 0.00480755 0 1.07237 0.27847 0 0 0 4.20976e-06 0 4.20976e-06 0.000304506
27366.7 0.00480755 0 1.07162 0.277928 0 0 0 5.61301e-06 1.40325e-06 1.40325e-06 0.000304506
27416.7 0.00480755 0 1.07073 0.277361 0 0 1.40325e-06 1.40325e-06 0 5.61301e-06 0.000304506
27466.7 0.00480755 0 1.0699 0.276814 0 0 0 5.61301e-06 2.80651e-06 0 0.000304506
27516.7 0.00480755 0 1.06907 0.276268 0 0 0 4.20976e-06 0 4.20976e-06 0.000304506
27566.8 0.00480755 0 1.06815 0.275701 0 0 0 2.80651e-06 1.40325e-06 4.20976e-06 0.000304506
27617.2 0.00480755 0 1.06725 0.275161 0 0 0 2.80651e-06 1.40325e-06 4.20976e-06 0.000304506
27667.2 0.00480474 0 1.06594 0.274356 0 0 0 5.61301e-06 0 8.41952e-06 0.000304506
27717.2 0.00480193 0 1.06484 0.27364 0 0 0 8.41952e-06 0 5.61301e-06 0.000310119
27768 0.00480193 0 1.06411 0.273211 0 0 0 2.80651e-06 1.40325e-06 7.01627e-06 0.000311522
27818 0.00480193 0 1.06332 0.272726 0 0 0 7.01627e-06 0 4.20976e-06 0.000311522
27868.1 0.00480193 0 1.06245 0.272141 0 0 0 5.61301e-06 1.40325e-06 4.20976e-06 0.000311522
27918.1 0.00480193 0 1.06157 0.271593 0 0 0 2.80651e-06 1.40325e-06 7.01627e-06 0.000311522
27968.2 0.00480053 0 1.06063 0.270988 0 0 0 4.20976e-06 1.40325e-06 8.41952e-06 0.000311522
28018.2 0.00479913 0 1.05948 0.270265 0 0 0 8.41952e-06 1.40325e-06 7.01627e-06 0.000311522
28068.2 0.00479913 0 1.05869 0.269674 0 0 0 8.41952e-06 0 8.41952e-06 0.000311522
28118.3 0.00479772 0 1.05786 0.269095 0 0 0 5.61301e-06 0 1.40325e-05 0.000311522
28168.5 0.00479772 0 1.05703 0.268555 0 0 0 8.41952e-06 1.40325e-06 9.82277e-06 0.000311522
28218.7 0.00479772 0 1.05632 0.268031 0 0 0 8.41952e-06 1.40325e-06 9.82277e-06 0.000311522
28268.7 0.00479772 0 1.05542 0.267464 0 0 0 5.61301e-06 1.40325e-06 1.26293e-05 0.000311522
28318.8 0.00479632 0 1.05458 0.266903 0 0 0 1.1226e-05 2.80651e-06 8.41952e-06 0.000311522
28368.9 0.00479632 0 1.05358 0.266295 0 0 0 9.82277e-06 1.40325e-06 1.1226e-05 0.000311522
28419 0.00479632 0 1.05263 0.265717 0 0 0 1.26293e-05 1.40325e-06 8.41952e-06 0.000311522
28469 0.00479632 0 1.05177 0.265171 0 0 0 1.40325e-05 1.40325e-06 7.01627e-06 0.000311522
28519.2 0.00479632 0 1.05092 0.264604 0 0 0 8.41952e-06 0 1.40325e-05 0.000311522
28569.2 0.00479632 0 1.05001 0.264053 0 0 0 1.26293e-05 0 9.82277e-06 0.000311522
28619.2 0.00479632 0 1.04916 0.263514 0 0 0 9.82277e-06 0 9.82277e-06 0.000312925
28669.4 0.00479632 0 1.04844 0.263017 0 0 0 1.1226e-05 0 8.41952e-06 0.000312925
28719.4 0.00479632 0 1.04758 0.262498 0 0 1.40325e-06 8.41952e-06 2.80651e-06 7.01627e-06 0.000312925
28769.4 0.00479632 0 1.04694 0.262074 0 0 0 8.41952e-06 0 5.61301e-06 0.000315732
28819.5 0.00479632 0 1.04623 0.261587 0 0 0 4.20976e-06 0 9.82277e-06 0.000315732
28870 0.00479632 0 1.04527 0.261051 0 0 0 5.61301e-06 1.40325e-06 7.01627e-06 0.000315732
28920 0.00479492 0 1.04454 0.260574 0 0 0 2.80651e-06 0 1.1226e-05 0.000318538
28970 0.00479351 0 1.04348 0.259929 0 0 1.40325e-06 8.41952e-06 0 7.01627e-06 0.000318538
29020.3 0.00479351 0 1.04248 0.259331 0 0 0 9.82277e-06 0 4.20976e-06 0.000319942
29070.3 0.00479351 0 1.04179 0.258881 0 0 0 7.01627e-06 0 7.01627e-06 0.000319942
29120.4 0.00479351 0 1.04109 0.25841 0 0 0 8.41952e-06 1.40325e-06 4.20976e-06 0.000319942
29170.6 0.00479351 0 1.04041 0.257936 0 0 0 0 0 1.1226e-05 0.000322748
29220.6 0.00479351 0 1.0396 0.257462 0 0 0 7.01627e-06 0 4.20976e-06 0.000322748
29270.6 0.00479071 0 1.03858 0.256797 0 0 1.40325e-06 5.61301e-06 1.40325e-06 5.61301e-06 0.000324151
29320.8 0.00479071 0 1.0378 0.256269 0 0 0 8.41952e-06 1.40325e-06 4.20976e-06 0.000324151
29370.8 0.0047893 0 1.03688 0.255732 0 0 0 7.01627e-06 1.40325e-06 5.61301e-06 0.000326958
29420.9 0.0047893 0 1.03595 0.255183 0 0 0 7.01627e-06 1.40325e-06 5.61301e-06 0.000326958
29470.9 0.0047893 0 1.03506 0.254658 0 0 0 8.41952e-06 1.40325e-06 4.20976e-06 0.000326958
29521.4 0.0047893 0 1.03425 0.254122 0 0 0 1.40325e-06 1.40325e-06 1.1226e-05 0.000326958
29571.4 0.0047879 0 1.03337 0.253583 0 0 0 7.01627e-06 1.40325e-06 5.61301e-06 0.000329764
29621.5 0.0047879 0 1.03246 0.253054 0 0 0 1.26293e-05 1.40325e-06 0 0.000329764
29671.5 0.0047879 0 1.0315 0.252497 0 0 0 8.41952e-06 1.40325e-06 4.20976e-06 0.000329764
29721.5 0.0047865 0 1.03061 0.251943 0 0 0 9.82277e-06 1.40325e-06 5.61301e-06 0.000329764
29771.6 0.0047865 0 1.02974 0.251401 0 0 0 7.01627e-06 0 9.82277e-06 0.000329764
29821.9 0.0047865 0 1.02903 0.25092 0 0 0 5.61301e-06 0 8.41952e-06 0.000332571
29872 0.00478509 0 1.02818 0.250399 0 0 0 8.41952e-06 0 8.41952e-06 0.000332571
29922 0.00478369 0 1.02721 0.249786 0 0 0 9.82277e-06 0 9.82277e-06 0.000332571
29972.1 0.00478369 0 1.0264 0.249247 0 0 1.40325e-06 1.26293e-05 0 5.61301e-06 0.000332571
