0 0.00477829 5.25292e-13 0.997697 0.232365 3.15088e-13 1.70619e-13 2.19498e-10 8.39531e-09 3.62017e-10 7.19422e-09 0.000349336
10 0.00477822 5.25375e-13 0.997525 0.232263 3.15171e-13 1.70622e-13 2.19582e-10 8.39615e-09 3.6206e-10 7.19302e-09 0.000349452
20 0.00477814 5.25458e-13 0.997353 0.232161 3.15255e-13 1.70837e-13 2.19663e-10 8.39683e-09 3.62097e-10 7.19169e-09 0.000349569
30 0.00477807 5.25541e-13 0.997182 0.232059 3.15338e-13 1.708e-13 2.19749e-10 8.39771e-09 3.62143e-10 7.19053e-09 0.000349685
40 0.004778 5.25624e-13 0.99701 0.231958 3.15421e-13 1.70633e-13 2.19838e-10 8.39869e-09 3.62192e-10 7.18946e-09 0.000349802
50 0.00477792 5.25707e-13 0.996838 0.231856 3.15505e-13 1.70461e-13 2.19926e-10 8.39967e-09 3.62242e-10 7.18839e-09 0.000349918
60 0.00477785 5.2579e-13 0.996666 0.231755 3.15588e-13 1.70409e-13 2.20013e-10 8.40055e-09 3.62287e-10 7.18723e-09 0.000350034
70 0.00477777 5.25873e-13 0.996495 0.231653 3.15672e-13 1.70599e-13 2.20094e-10 8.40124e-09 3.62324e-10 7.1859e-09 0.000350151
80 0.0047777 5.25956e-13 0.996323 0.231552 3.15755e-13 1.70932e-13 2.20172e-10 8.40184e-09 3.62358e-10 7.18449e-09 0.000350267
90 0.00477762 5.26039e-13 0.996151 0.23145 3.15839e-13 1.71167e-13 2.20253e-10 8.40251e-09 3.62394e-10 7.18316e-09 0.000350384
100 0.00477755 5.26123e-13 0.99598 0.231349 3.15922e-13 1.71315e-13 2.20336e-10 8.40325e-09 3.62433e-10 7.18187e-09 0.0003505
110 0.00477748 5.26206e-13 0.995808 0.231247 3.16006e-13 1.71386e-13 2.2042e-10 8.40406e-09 3.62475e-10 7.18065e-09 0.000350617
120 0.0047774 5.26289e-13 0.995636 0.231146 3.1609e-13 1.7139e-13 2.20506e-10 8.40491e-09 3.62519e-10 7.17946e-09 0.000350733
130 0.00477733 5.26373e-13 0.995464 0.231044 3.16173e-13 1.71337e-13 2.20592e-10 8.4058e-09 3.62565e-10 7.17831e-09 0.000350849
140 0.00477725 5.26456e-13 0.995293 0.230943 3.16257e-13 1.71236e-13 2.2068e-10 8.40674e-09 3.62613e-10 7.1772e-09 0.000350966
150 0.00477718 5.26539e-13 0.995121 0.230842 3.16341e-13 1.71099e-13 2.20769e-10 8.4077e-09 3.62662e-10 7.17611e-09 0.000351082
160 0.0047771 5.26623e-13 0.994949 0.23074 3.16424e-13 1.70934e-13 2.20858e-10 8.40868e-09 3.62712e-10 7.17503e-09 0.000351199
170 0.00477703 5.26706e-13 0.994778 0.230639 3.16508e-13 1.70752e-13 2.20947e-10 8.40967e-09 3.62762e-10 7.17397e-09 0.000351315
180 0.00477696 5.2679e-13 0.994606 0.230538 3.16592e-13 1.70564e-13 2.21037e-10 8.41067e-09 3.62812e-10 7.1729e-09 0.000351432
190 0.00477688 5.26873e-13 0.994434 0.230436 3.16676e-13 1.70378e-13 2.21127e-10 8.41166e-09 3.62862e-10 7.17184e-09 0.000351548
200 0.00477681 5.26957e-13 0.994262 0.230335 3.1676e-13 1.70205e-13 2.21216e-10 8.41264e-09 3.62912e-10 7.17076e-09 0.000351664
210 0.00477673 5.2704e-13 0.994091 0.230234 3.16844e-13 1.70055e-13 2.21305e-10 8.41361e-09 3.62961e-10 7.16967e-09 0.000351781
220 0.00477666 5.27124e-13 0.993919 0.230133 3.16928e-13 1.69938e-13 2.21393e-10 8.41454e-09 3.63009e-10 7.16855e-09 0.000351897
230 0.00477658 5.27208e-13 0.993747 0.230032 3.17012e-13 1.69863e-13 2.2148e-10 8.41544e-09 3.63055e-10 7.1674e-09 0.000352014
240 0.00477651 5.27291e-13 0.993575 0.22993 3.17096e-13 1.69842e-13 2.21567e-10 8.41629e-09 3.63099e-10 7.16621e-09 0.00035213
250 0.00477644 5.27375e-13 0.993404 0.229829 3.1718e-13 1.69884e-13 2.21651e-10 8.4171e-09 3.63141e-10 7.16498e-09 0.000352246
260 0.00477636 5.27459e-13 0.993232 0.229728 3.17264e-13 1.69998e-13 2.21735e-10 8.41784e-09 3.63181e-10 7.1637e-09 0.000352363
270 0.00477629 5.27542e-13 0.99306 0.229627 3.17348e-13 1.70196e-13 2.21817e-10 8.41852e-09 3.63218e-10 7.16235e-09 0.000352479
280 0.00477621 5.27626e-13 0.992889 0.229526 3.17432e-13 1.70486e-13 2.21896e-10 8.41912e-09 3.63251e-10 7.16094e-09 0.000352595
290 0.00477614 5.2771e-13 0.992717 0.229425 3.17516e-13 1.70827e-13 2.21976e-10 8.41971e-09 3.63283e-10 7.15952e-09 0.000352712
300 0.00477606 5.27794e-13 0.992545 0.229324 3.17601e-13 1.71077e-13 2.22057e-10 8.42036e-09 3.63319e-10 7.15816e-09 0.000352828
310 0.00477599 5.27878e-13 0.992374 0.229223 3.17685e-13 1.71241e-13 2.2214e-10 8.42109e-09 3.63358e-10 7.15686e-09 0.000352944
320 0.00477592 5.27962e-13 0.992202 0.229122 3.17769e-13 1.71329e-13 2.22225e-10 8.42188e-09 3.63399e-10 7.15562e-09 0.000353061
330 0.00477584 5.28045e-13 0.99203 0.229021 3.17854e-13 1.71349e-13 2.22311e-10 8.42272e-09 3.63443e-10 7.15442e-09 0.000353177
340 0.00477577 5.28129e-13 0.991858 0.228921 3.17938e-13 1.71311e-13 2.22399e-10 8.4236e-09 3.63489e-10 7.15325e-09 0.000353294
350 0.00477569 5.28213e-13 0.991687 0.22882 3.18022e-13 1.71225e-13 2.22487e-10 8.42453e-09 3.63536e-10 7.15212e-09 0.00035341
360 0.00477562 5.28297e-13 0.991515 0.228719 3.18107e-13 1.711e-13 2.22576e-10 8.42548e-09 3.63585e-10 7.15102e-09 0.000353526
370 0.00477554 5.28381e-13 0.991343 0.228618 3.18191e-13 1.70945e-13 2.22666e-10 8.42646e-09 3.63634e-10 7.14994e-09 0.000353643
380 0.00477547 5.28466e-13 0.991171 0.228517 3.18276e-13 1.70769e-13 2.22757e-10 8.42745e-09 3.63684e-10 7.14886e-09 0.000353759
390 0.0047754 5.2855e-13 0.991 0.228416 3.1836e-13 1.70581e-13 2.22847e-10 8.42845e-09 3.63735e-10 7.1478e-09 0.000353876
400 0.00477532 5.28634e-13 0.990828 0.228316 3.18445e-13 1.70392e-13 2.22938e-10 8.42945e-09 3.63786e-10 7.14673e-09 0.000353992
410 0.00477525 5.28718e-13 0.990656 0.228215 3.1853e-13 1.7021e-13 2.23029e-10 8.43045e-09 3.63836e-10 7.14566e-09 0.000354108
420 0.00477517 5.28802e-13 0.990484 0.228114 3.18614e-13 1.70044e-13 2.23119e-10 8.43143e-09 3.63886e-10 7.14458e-09 0.000354225
430 0.0047751 5.28886e-13 0.990313 0.228014 3.18699e-13 1.69905e-13 2.23209e-10 8.43238e-09 3.63935e-10 7.14347e-09 0.000354341
440 0.00477503 5.28971e-13 0.990141 0.227913 3.18784e-13 1.698e-13 2.23298e-10 8.43331e-09 3.63982e-10 7.14234e-09 0.000354457
450 0.00477495 5.29055e-13 0.989969 0.227812 3.18868e-13 1.69741e-13 2.23386e-10 8.4342e-09 3.64028e-10 7.14118e-09 0.000354574
460 0.00477488 5.29139e-13 0.989797 0.227712 3.18953e-13 1.69735e-13 2.23473e-10 8.43504e-09 3.64072e-10 7.13997e-09 0.00035469
470 0.0047748 5.29223e-13 0.989626 0.227611 3.19038e-13 1.69792e-13 2.23558e-10 8.43583e-09 3.64113e-10 7.13872e-09 0.000354806
480 0.00477473 5.29308e-13 0.989454 0.227511 3.19123e-13 1.69922e-13 2.23642e-10 8.43657e-09 3.64152e-10 7.13742e-09 0.000354923
490 0.00477465 5.29392e-13 0.989282 0.22741 3.19208e-13 1.70133e-13 2.23725e-10 8.43723e-09 3.64188e-10 7.13606e-09 0.000355039
500 0.00477458 5.29477e-13 0.989111 0.22731 3.19293e-13 1.70436e-13 2.23805e-10 8.43782e-09 3.64221e-10 7.13463e-09 0.000355155
