459.248 0.00499839 2.80651e-06 1.50496 0.644751 0 0 0 0 0 0 2.80651e-06
539.343 0.00499698 0 1.50277 0.642513 0 0 0 1.40325e-06 0 4.20976e-06 2.80651e-06
619.407 0.00499698 0 1.50093 0.6406 0 0 0 1.40325e-06 0 4.20976e-06 2.80651e-06
699.411 0.00499558 0 1.4992 0.638787 0 0 0 1.40325e-06 0 4.20976e-06 5.61301e-06
779.516 0.00499418 0 1.49806 0.637527 0 0 0 4.20976e-06 0 4.20976e-06 5.61301e-06
859.709 0.00499418 0 1.49611 0.635726 0 0 0 0 0 5.61301e-06 7.01627e-06
939.795 0.00499418 0 1.495 0.634613 0 0 0 2.80651e-06 1.40325e-06 1.40325e-06 7.01627e-06
1019.82 0.00499418 0 1.49365 0.633231 0 0 0 2.80651e-06 0 2.80651e-06 7.01627e-06
1099.98 0.00499277 0 1.49272 0.632307 0 0 0 0 0 5.61301e-06 8.41952e-06
1180.04 0.00498997 0 1.49039 0.629925 0 0 0 2.80651e-06 0 2.80651e-06 1.26293e-05
1260.24 0.00498716 0 1.48807 0.627618 0 0 0 1.40325e-06 0 7.01627e-06 1.40325e-05
1340.29 0.00498716 0 1.48674 0.626226 0 0 0 1.40325e-06 0 7.01627e-06 1.40325e-05
1420.33 0.00498716 0 1.48572 0.6252 0 0 0 2.80651e-06 0 2.80651e-06 1.6839e-05
1500.44 0.00498576 0 1.48444 0.623893 0 0 0 1.40325e-06 0 4.20976e-06 1.96455e-05
1580.53 0.00498576 0 1.48348 0.622845 0 0 0 1.40325e-06 0 1.40325e-06 2.10488e-05
1660.53 0.00498576 0 1.48256 0.621871 0 0 0 0 0 2.80651e-06 2.10488e-05
1740.54 0.00498436 0 1.48037 0.619587 0 0 0 1.40325e-06 1.40325e-06 2.80651e-06 2.10488e-05
1820.62 0.00498295 0 1.47801 0.617212 0 0 0 1.40325e-06 1.40325e-06 2.80651e-06 2.38553e-05
1900.63 0.00498155 0 1.47667 0.615868 0 0 1.40325e-06 1.40325e-06 0 2.80651e-06 2.66618e-05
1980.71 0.00498155 0 1.47575 0.614953 0 0 0 0 1.40325e-06 1.40325e-06 2.94683e-05
2060.78 0.00498155 0 1.47484 0.613947 0 0 0 0 1.40325e-06 1.40325e-06 2.94683e-05
2140.96 0.00498155 0 1.47333 0.612495 0 0 0 0 0 2.80651e-06 2.94683e-05
2220.98 0.00498155 0 1.47191 0.61103 0 0 0 1.40325e-06 1.40325e-06 0 2.94683e-05
2301.06 0.00498155 0 1.47061 0.609712 0 0 0 0 1.40325e-06 1.40325e-06 2.94683e-05
2381.11 0.00498015 0 1.46915 0.608112 0 0 0 1.40325e-06 0 4.20976e-06 2.94683e-05
2461.11 0.00498015 0 1.46659 0.605525 0 0 0 1.40325e-06 0 4.20976e-06 2.94683e-05
2541.61 0.00497734 0 1.46524 0.604158 0 0 0 1.40325e-06 1.40325e-06 0 3.64846e-05
2621.63 0.00497734 0 1.46462 0.603452 0 0 0 1.40325e-06 0 1.40325e-06 3.64846e-05
3053.11 0.00497594 2.80651e-06 1.46436 0.603195 0 0 0 0 0 0 3.92911e-05
3133.13 0.00497453 0 1.46189 0.600738 0 0 0 0 1.40325e-06 4.20976e-06 3.92911e-05
3213.15 0.00497313 0 1.45983 0.598663 0 0 0 0 0 8.41952e-06 3.92911e-05
3293.15 0.00497173 0 1.45759 0.596474 0 0 0 1.40325e-06 1.40325e-06 8.41952e-06 3.92911e-05
3373.2 0.00497032 0 1.45588 0.594873 0 0 0 7.01627e-06 0 7.01627e-06 3.92911e-05
3453.21 0.00497032 0 1.45406 0.59318 0 0 0 8.41952e-06 0 5.61301e-06 3.92911e-05
3533.21 0.00496892 0 1.4524 0.591519 0 0 0 7.01627e-06 0 7.01627e-06 4.20976e-05
3613.32 0.00496892 0 1.45118 0.590315 0 0 0 2.80651e-06 0 8.41952e-06 4.35008e-05
3693.35 0.00496752 0 1.44991 0.589069 0 0 0 4.20976e-06 1.40325e-06 5.61301e-06 4.63074e-05
3773.35 0.00496752 0 1.44862 0.587838 0 0 0 5.61301e-06 0 5.61301e-06 4.63074e-05
3853.38 0.00496611 0 1.44687 0.586191 0 0 1.40325e-06 5.61301e-06 0 7.01627e-06 4.63074e-05
3933.42 0.00496471 0 1.44529 0.584577 0 0 0 8.41952e-06 1.40325e-06 7.01627e-06 4.63074e-05
4013.42 0.00496471 0 1.44373 0.58296 0 0 0 8.41952e-06 1.40325e-06 7.01627e-06 4.63074e-05
4093.68 0.00496471 0 1.4423 0.58157 0 0 0 7.01627e-06 0 9.82277e-06 4.63074e-05
4173.69 0.00496331 0 1.44069 0.58003 0 0 0 7.01627e-06 0 1.26293e-05 4.63074e-05
4253.7 0.00496331 0 1.4392 0.578536 0 0 0 9.82277e-06 0 9.82277e-06 4.63074e-05
4333.73 0.00496331 0 1.43769 0.577078 0 0 0 5.61301e-06 0 1.40325e-05 4.63074e-05
4414.07 0.00496331 0 1.43652 0.575863 0 0 0 7.01627e-06 1.40325e-06 8.41952e-06 4.91139e-05
4494.17 0.00496331 0 1.43518 0.574534 0 0 0 8.41952e-06 1.40325e-06 7.01627e-06 4.91139e-05
4574.19 0.0049619 0 1.43355 0.573044 0 0 0 1.26293e-05 1.40325e-06 5.61301e-06 4.91139e-05
4654.21 0.0049619 0 1.43205 0.571538 0 0 1.40325e-06 1.40325e-06 0 1.40325e-05 5.05171e-05
4734.28 0.0049619 0 1.43092 0.570414 0 0 0 7.01627e-06 1.40325e-06 5.61301e-06 5.33236e-05
4814.31 0.0049619 0 1.42959 0.569079 0 0 0 5.61301e-06 1.40325e-06 7.01627e-06 5.33236e-05
4894.34 0.0049605 0 1.42786 0.56747 0 0 0 8.41952e-06 0 8.41952e-06 5.33236e-05
4974.54 0.0049591 0 1.42635 0.565946 0 0 0 4.20976e-06 0 1.54358e-05 5.33236e-05
5054.68 0.00495769 0 1.42467 0.564276 0 0 0 8.41952e-06 1.40325e-06 1.26293e-05 5.33236e-05
5135.08 0.00495629 0 1.42334 0.56302 0 0 0 8.41952e-06 0 1.1226e-05 5.89366e-05
5215.53 0.00495489 0 1.42197 0.561649 0 0 0 7.01627e-06 0 1.54358e-05 5.89366e-05
5295.57 0.00495489 0 1.42058 0.560205 0 0 0 1.26293e-05 1.40325e-06 8.41952e-06 5.89366e-05
5375.6 0.00495208 0 1.41889 0.558607 0 0 0 8.41952e-06 0 1.96455e-05 5.89366e-05
5455.75 0.00495208 0 1.41733 0.557181 0 0 0 1.40325e-05 0 1.40325e-05 5.89366e-05
5535.77 0.00495208 0 1.41587 0.555805 0 0 0 5.61301e-06 1.40325e-06 2.10488e-05 5.89366e-05
5615.89 0.00495208 0 1.41444 0.554458 0 0 0 1.40325e-05 0 1.40325e-05 5.89366e-05
5695.91 0.00494927 0 1.41308 0.553182 0 0 0 9.82277e-06 0 1.82423e-05 6.45496e-05
5775.92 0.00494927 0 1.41162 0.5518 0 0 0 8.41952e-06 0 1.6839e-05 6.59529e-05
5855.93 0.00494927 0 1.41033 0.550575 0 0 0 1.54358e-05 0 9.82277e-06 6.59529e-05
5936 0.00494927 0 1.40905 0.54928 0 0 0 1.1226e-05 0 1.40325e-05 6.59529e-05
6016.02 0.00494787 0 1.40744 0.547885 0 0 0 8.41952e-06 2.80651e-06 1.6839e-05 6.59529e-05
6096.04 0.00494787 0 1.40592 0.546465 0 0 0 8.41952e-06 1.40325e-06 1.54358e-05 6.87594e-05
6176.06 0.00494787 0 1.40473 0.545293 0 0 0 7.01627e-06 0 1.54358e-05 7.15659e-05
6256.13 0.00494787 0 1.40329 0.54397 0 0 1.40325e-06 4.20976e-06 0 1.6839e-05 7.15659e-05
6336.16 0.00494787 0 1.40174 0.542585 0 0 0 9.82277e-06 0 1.26293e-05 7.15659e-05
6416.22 0.00494787 0 1.40045 0.541264 0 0 0 1.1226e-05 0 1.1226e-05 7.15659e-05
6496.64 0.00494787 0 1.39936 0.540261 0 0 0 9.82277e-06 1.40325e-06 5.61301e-06 7.57757e-05
6576.67 0.00494647 0 1.3977 0.538678 0 0 0 9.82277e-06 1.40325e-06 5.61301e-06 7.85822e-05
6656.7 0.00494506 0 1.39621 0.537393 0 0 1.40325e-06 5.61301e-06 1.40325e-06 1.1226e-05 7.85822e-05
6736.76 0.00494506 0 1.39478 0.536036 0 0 1.40325e-06 5.61301e-06 0 1.26293e-05 7.85822e-05
6816.76 0.00494506 0 1.39339 0.534711 0 0 0 8.41952e-06 1.40325e-06 9.82277e-06 7.85822e-05
6896.8 0.00494226 0 1.39185 0.533204 0 0 0 1.26293e-05 1.40325e-06 1.1226e-05 7.85822e-05
6976.82 0.00494085 0 1.39008 0.531613 0 0 0 7.01627e-06 2.80651e-06 1.82423e-05 7.85822e-05
7056.83 0.00494085 0 1.38874 0.530207 0 0 0 9.82277e-06 1.40325e-06 1.6839e-05 7.85822e-05
7136.84 0.00494085 0 1.38746 0.528969 0 0 0 7.01627e-06 1.40325e-06 1.6839e-05 8.13887e-05
7216.91 0.00494085 0 1.38614 0.527762 0 0 0 9.82277e-06 2.80651e-06 9.82277e-06 8.41952e-05
7296.98 0.00493805 0 1.38464 0.526402 0 0 0 7.01627e-06 0 2.10488e-05 8.41952e-05
7377.17 0.00493805 0 1.38323 0.525062 0 0 0 8.41952e-06 1.40325e-06 1.54358e-05 8.55984e-05
7457.22 0.00493805 0 1.38184 0.523782 0 0 0 8.41952e-06 1.40325e-06 1.54358e-05 8.55984e-05
7537.34 0.00493664 0 1.3804 0.522534 0 0 0 1.1226e-05 0 1.40325e-05 8.84049e-05
7617.41 0.00493664 0 1.37913 0.521265 0 0 0 1.1226e-05 0 1.40325e-05 8.84049e-05
7697.42 0.00493664 0 1.37787 0.520053 0 0 0 1.1226e-05 0 1.1226e-05 8.98082e-05
7777.49 0.00493384 0 1.37647 0.518673 0 0 0 4.20976e-06 0 2.10488e-05 9.26147e-05
7857.59 0.00493384 0 1.37493 0.517271 0 0 0 9.82277e-06 0 1.54358e-05 9.26147e-05
7937.62 0.00493384 0 1.37349 0.51601 0 0 0 8.41952e-06 0 1.6839e-05 9.26147e-05
8017.67 0.00493384 0 1.37195 0.514677 0 0 0 1.26293e-05 1.40325e-06 1.1226e-05 9.26147e-05
8097.76 0.00493384 0 1.37055 0.513433 0 0 0 7.01627e-06 0 1.82423e-05 9.26147e-05
8177.93 0.00493384 0 1.36928 0.512307 0 0 0 8.41952e-06 1.40325e-06 1.26293e-05 9.4018e-05
8257.95 0.00493243 0 1.36789 0.511007 0 0 0 1.1226e-05 1.40325e-06 9.82277e-06 9.68245e-05
8338.01 0.00493243 0 1.36639 0.509676 0 0 0 2.80651e-06 1.40325e-06 1.82423e-05 9.68245e-05
8418.02 0.00493103 0 1.36478 0.508206 0 0 0 1.1226e-05 1.40325e-06 1.26293e-05 9.68245e-05
8498.05 0.00493103 0 1.3634 0.506901 0 0 0 5.61301e-06 1.40325e-06 1.54358e-05 9.9631e-05
8578.09 0.00493103 0 1.36225 0.505853 0 0 0 1.40325e-05 1.40325e-06 7.01627e-06 9.9631e-05
8658.26 0.00493103 0 1.36101 0.504677 0 0 0 8.41952e-06 0 1.1226e-05 0.000102437
8738.27 0.00493103 0 1.3597 0.503376 0 0 0 7.01627e-06 0 1.26293e-05 0.000102437
8818.47 0.00492963 0 1.35834 0.502132 0 0 0 4.20976e-06 0 1.82423e-05 0.000102437
8898.52 0.00492963 0 1.35683 0.500723 0 0 0 1.1226e-05 1.40325e-06 9.82277e-06 0.000102437
8978.57 0.00492963 0 1.35538 0.499498 0 0 1.40325e-06 5.61301e-06 0 1.54358e-05 0.000102437
9058.58 0.00492963 0 1.35403 0.498249 0 0 0 4.20976e-06 1.40325e-06 1.6839e-05 0.000102437
9138.63 0.00492963 0 1.35256 0.496941 0 0 0 7.01627e-06 0 1.26293e-05 0.000103841
9218.65 0.00492963 0 1.35126 0.495816 0 0 0 7.01627e-06 1.40325e-06 1.1226e-05 0.000103841
9298.8 0.00492963 0 1.34987 0.494568 0 0 0 8.41952e-06 1.40325e-06 9.82277e-06 0.000103841
9379.03 0.00492963 0 1.34848 0.493314 0 0 0 8.41952e-06 0 1.1226e-05 0.000103841
9459.03 0.00492963 0 1.34715 0.492131 0 0 0 2.80651e-06 2.80651e-06 1.1226e-05 0.000105244
9539.05 0.00492963 0 1.34589 0.490973 0 0 0 4.20976e-06 0 1.26293e-05 0.000105244
9619.08 0.00492963 0 1.34452 0.489734 0 0 0 7.01627e-06 0 9.82277e-06 0.000105244
9699.12 0.00492963 0 1.34319 0.488586 0 0 0 1.40325e-06 1.40325e-06 1.1226e-05 0.000106647
9779.16 0.00492822 0 1.34183 0.487426 0 0 1.40325e-06 7.01627e-06 0 8.41952e-06 0.000106647
9859.19 0.00492822 0 1.34024 0.486038 0 0 1.40325e-06 8.41952e-06 0 7.01627e-06 0.000106647
9939.26 0.00492822 0 1.33875 0.484785 0 0 0 7.01627e-06 1.40325e-06 5.61301e-06 0.000109454
10019.3 0.00492822 0 1.33745 0.483663 0 0 0 7.01627e-06 0 7.01627e-06 0.000109454
10099.4 0.00492822 0 1.33604 0.482412 0 0 0 2.80651e-06 0 1.1226e-05 0.000109454
10179.7 0.00492822 0 1.33483 0.481321 0 0 0 1.40325e-06 1.40325e-06 8.41952e-06 0.000110857
10259.8 0.00492822 0 1.33366 0.480223 0 0 0 2.80651e-06 1.40325e-06 7.01627e-06 0.000110857
10339.8 0.00492822 0 1.33235 0.479156 0 0 0 7.01627e-06 0 1.40325e-06 0.000113664
10419.9 0.00492682 0 1.33054 0.477659 0 0 0 2.80651e-06 1.40325e-06 7.01627e-06 0.000113664
10499.9 0.00492682 0 1.32937 0.476664 0 0 0 1.40325e-06 1.40325e-06 5.61301e-06 0.00011647
10579.9 0.00492542 0 1.32797 0.475482 0 0 0 2.80651e-06 0 8.41952e-06 0.00011647
10659.9 0.00492542 0 1.32661 0.474294 0 0 0 2.80651e-06 1.40325e-06 4.20976e-06 0.000119277
10740.1 0.00492542 0 1.3257 0.473484 0 0 0 1.40325e-06 1.40325e-06 2.80651e-06 0.000122083
10820.1 0.00492542 0 1.32444 0.472397 0 0 0 2.80651e-06 0 2.80651e-06 0.000122083
10900.1 0.00492542 0 1.32303 0.471071 0 0 0 2.80651e-06 1.40325e-06 1.40325e-06 0.000122083
10980.3 0.00492542 0 1.32154 0.469729 0 0 0 0 1.40325e-06 4.20976e-06 0.000122083
11060.3 0.00492402 0 1.31973 0.468188 0 0 0 1.40325e-06 0 4.20976e-06 0.000123486
11140.4 0.00492402 0 1.31866 0.467259 0 0 0 1.40325e-06 1.40325e-06 2.80651e-06 0.000123486
11220.5 0.00492402 0 1.3173 0.466022 0 0 0 1.40325e-06 0 4.20976e-06 0.000123486
11300.6 0.00492261 0 1.31538 0.464299 0 0 0 4.20976e-06 1.40325e-06 2.80651e-06 0.000123486
11380.7 0.00492261 0 1.31405 0.463074 0 0 0 1.40325e-06 0 7.01627e-06 0.000123486
11460.8 0.00492261 0 1.31313 0.46226 0 0 0 1.40325e-06 1.40325e-06 2.80651e-06 0.000126293
11540.9 0.00492261 0 1.31182 0.46107 0 0 0 1.40325e-06 1.40325e-06 2.80651e-06 0.000126293
11621.1 0.00492261 0 1.3104 0.459901 0 0 0 0 0 5.61301e-06 0.000126293
11701.1 0.00492121 0 1.30898 0.458716 0 0 0 1.40325e-06 0 7.01627e-06 0.000126293
11781.1 0.00492121 0 1.30747 0.457521 0 0 0 4.20976e-06 0 1.40325e-06 0.000127696
12057.8 0.00491981 2.80651e-06 1.30626 0.456506 0 0 0 0 0 0 0.000130503
12137.9 0.00491981 0 1.30524 0.455568 0 0 0 1.40325e-06 1.40325e-06 0 0.000130503
12218 0.00491981 0 1.30373 0.454335 0 0 0 1.40325e-06 1.40325e-06 0 0.000130503
12298.1 0.0049184 0 1.30241 0.453178 0 0 0 0 1.40325e-06 1.40325e-06 0.000133309
12378.1 0.0049184 0 1.30088 0.45196 0 0 0 0 0 2.80651e-06 0.000133309
12458.2 0.0049184 0 1.29946 0.450735 0 0 0 0 0 2.80651e-06 0.000133309
12538.2 0.0049184 0 1.298 0.449493 0 0 0 0 1.40325e-06 1.40325e-06 0.000133309
12618.3 0.004917 0 1.29655 0.448294 0 0 0 0 0 2.80651e-06 0.000136116
12698.3 0.004917 0 1.29518 0.44709 0 0 0 1.40325e-06 1.40325e-06 0 0.000136116
12778.4 0.004917 0 1.29379 0.445857 0 0 0 0 0 2.80651e-06 0.000136116
12858.4 0.004917 0 1.29249 0.444695 0 0 1.40325e-06 0 0 1.40325e-06 0.000136116
12938.4 0.004917 0 1.29109 0.443483 0 0 0 0 1.40325e-06 1.40325e-06 0.000136116
13018.5 0.004917 0 1.28973 0.442277 0 0 0 0 0 2.80651e-06 0.000136116
13098.7 0.004917 0 1.28841 0.441152 0 0 0 1.40325e-06 1.40325e-06 0 0.000136116
13678.9 0.0049156 2.80651e-06 1.288 0.440795 0 0 0 0 0 0 0.000138922
13758.9 0.0049156 0 1.28662 0.439614 0 0 0 0 0 2.80651e-06 0.000138922
13839 0.0049156 0 1.2853 0.438458 0 0 0 1.40325e-06 1.40325e-06 0 0.000138922
13919.2 0.0049156 0 1.28402 0.437365 0 0 0 1.40325e-06 1.40325e-06 0 0.000138922
13999.2 0.00491419 0 1.28301 0.436562 0 0 0 0 1.40325e-06 1.40325e-06 0.000141729
14079.2 0.00491419 0 1.2815 0.435348 0 0 0 1.40325e-06 0 1.40325e-06 0.000141729
14159.2 0.00491279 0 1.28079 0.434651 0 0 0 1.40325e-06 1.40325e-06 0 0.000144535
14375.3 0.00491139 2.80651e-06 1.28022 0.434172 0 0 0 0 0 0 0.000145938
14455.4 0.00490998 0 1.27847 0.432731 0 0 0 2.80651e-06 0 2.80651e-06 0.000145938
14535.7 0.00490998 0 1.27671 0.431339 0 0 0 0 0 2.80651e-06 0.000148745
14615.7 0.00490998 0 1.27574 0.430541 0 0 0 1.40325e-06 0 1.40325e-06 0.000148745
14695.7 0.00490998 0 1.27425 0.429341 0 0 0 1.40325e-06 0 1.40325e-06 0.000148745
14775.8 0.00490858 0 1.27165 0.427083 0 0 0 1.40325e-06 1.40325e-06 2.80651e-06 0.000148745
14855.8 0.00490577 0 1.26977 0.425535 0 0 0 2.80651e-06 2.80651e-06 2.80651e-06 0.000151551
14935.8 0.00490577 0 1.26806 0.424123 0 0 0 2.80651e-06 1.40325e-06 1.40325e-06 0.000154358
15015.8 0.00490437 0 1.26701 0.423274 0 0 0 4.20976e-06 1.40325e-06 0 0.000157164
15096.1 0.00490297 0 1.2657 0.422136 0 0 0 1.40325e-06 0 4.20976e-06 0.000159971
15176.1 0.00490297 0 1.26437 0.421046 0 0 0 4.20976e-06 0 1.40325e-06 0.000159971
15256.2 0.00490297 0 1.26299 0.419923 0 0 0 0 1.40325e-06 1.40325e-06 0.000162777
15336.3 0.00490297 0 1.26221 0.419281 0 0 0 0 1.40325e-06 1.40325e-06 0.000162777
15416.3 0.00490156 0 1.26012 0.417618 0 0 0 1.40325e-06 1.40325e-06 2.80651e-06 0.000162777
15496.4 0.00490156 0 1.25864 0.416473 0 0 0 0 1.40325e-06 1.40325e-06 0.000165584
15646 0.00490016 2.80651e-06 1.25817 0.416101 0 0 0 0 0 0 0.000166987
15726.1 0.00490016 0 1.25677 0.414963 0 0 0 0 1.40325e-06 1.40325e-06 0.000166987
15946.1 0.00489876 2.80651e-06 1.2558 0.414142 0 0 0 0 0 0 0.000169794
16026.2 0.00489876 0 1.25437 0.412994 0 0 0 1.40325e-06 1.40325e-06 0 0.000169794
16106.2 0.00489876 0 1.25297 0.411848 0 0 0 0 0 2.80651e-06 0.000169794
16186.2 0.00489735 0 1.25031 0.409747 0 0 1.40325e-06 0 0 4.20976e-06 0.000169794
16266.3 0.00489735 0 1.24891 0.408596 0 0 0 1.40325e-06 1.40325e-06 2.80651e-06 0.000169794
16346.6 0.00489735 0 1.24776 0.407677 0 0 0 0 1.40325e-06 1.40325e-06 0.0001726
16426.6 0.00489735 0 1.24692 0.406948 0 0 0 1.40325e-06 1.40325e-06 0 0.0001726
16506.6 0.00489735 0 1.24567 0.405908 0 0 1.40325e-06 1.40325e-06 0 0 0.0001726
16983.8 0.00489595 2.80651e-06 1.24454 0.404956 0 0 0 0 0 0 0.000175407
17063.8 0.00489595 0 1.24315 0.403872 0 0 0 0 1.40325e-06 1.40325e-06 0.000175407
17143.8 0.00489455 0 1.24178 0.402685 0 0 0 0 1.40325e-06 4.20976e-06 0.000175407
17223.8 0.00489455 0 1.23934 0.400653 0 0 0 2.80651e-06 1.40325e-06 1.40325e-06 0.000175407
17304.2 0.00489455 0 1.23827 0.39982 0 0 0 1.40325e-06 0 1.40325e-06 0.000178213
17384.6 0.00489455 0 1.23743 0.399087 0 0 0 1.40325e-06 0 1.40325e-06 0.000178213
17464.7 0.00489455 0 1.23611 0.398024 0 0 0 0 1.40325e-06 1.40325e-06 0.000178213
17544.9 0.00489455 0 1.2349 0.396926 0 0 0 1.40325e-06 0 1.40325e-06 0.000178213
17624.9 0.00489455 0 1.23351 0.395804 0 0 0 1.40325e-06 0 1.40325e-06 0.000178213
17705 0.00489455 0 1.23207 0.394668 0 0 0 1.40325e-06 1.40325e-06 0 0.000178213
17837.7 0.00489314 2.80651e-06 1.23166 0.394318 0 0 0 0 0 0 0.00018102
17917.8 0.00489314 0 1.23022 0.393166 0 0 0 1.40325e-06 1.40325e-06 0 0.00018102
17998 0.00489174 0 1.22789 0.391426 0 0 0 0 0 2.80651e-06 0.000182423
18078.1 0.00489174 0 1.22705 0.390748 0 0 0 1.40325e-06 1.40325e-06 0 0.000182423
18158.1 0.00489034 0 1.22625 0.390093 0 0 0 0 1.40325e-06 1.40325e-06 0.000183826
18291.8 0.00488893 2.80651e-06 1.22601 0.389898 0 0 0 0 0 0 0.000186633
18371.8 0.00488893 0 1.22466 0.388829 0 0 0 0 0 2.80651e-06 0.000186633
18452 0.00488893 0 1.22334 0.387786 0 0 0 0 0 2.80651e-06 0.000186633
18932.7 0.00488753 2.80651e-06 1.2221 0.386758 0 0 0 0 0 0 0.000189439
19012.8 0.00488753 0 1.22064 0.385712 0 0 0 0 1.40325e-06 1.40325e-06 0.000189439
19092.9 0.00488753 0 1.21934 0.384685 0 0 0 0 1.40325e-06 1.40325e-06 0.000189439
19173 0.00488753 0 1.21802 0.383684 0 0 0 0 1.40325e-06 1.40325e-06 0.000189439
19253.1 0.00488613 0 1.2165 0.382412 0 0 0 2.80651e-06 0 2.80651e-06 0.000189439
19333.1 0.00488613 0 1.21502 0.381285 0 0 0 1.40325e-06 0 1.40325e-06 0.000192246
19413.3 0.00488472 0 1.21356 0.380123 0 0 0 1.40325e-06 1.40325e-06 0 0.000193649
19493.3 0.00488332 0 1.21195 0.37885 0 0 0 1.40325e-06 1.40325e-06 2.80651e-06 0.000193649
19573.4 0.00488192 0 1.21028 0.377586 0 0 0 0 0 5.61301e-06 0.000196455
19653.8 0.00488192 0 1.20941 0.376956 0 0 0 0 1.40325e-06 1.40325e-06 0.000199262
19734 0.00488192 0 1.20808 0.375933 0 0 0 0 1.40325e-06 1.40325e-06 0.000199262
19814.1 0.00487911 0 1.20552 0.373858 0 0 0 2.80651e-06 1.40325e-06 1.40325e-06 0.000200665
19894.1 0.00487771 0 1.2035 0.372342 0 0 1.40325e-06 4.20976e-06 0 2.80651e-06 0.000200665
19974.4 0.00487771 0 1.2019 0.37118 0 0 0 1.40325e-06 1.40325e-06 5.61301e-06 0.000200665
20054.4 0.00487771 0 1.20045 0.370081 0 0 1.40325e-06 1.40325e-06 0 5.61301e-06 0.000200665
20134.5 0.00487771 0 1.19902 0.368995 0 0 0 2.80651e-06 0 5.61301e-06 0.000200665
20214.7 0.00487771 0 1.19767 0.368024 0 0 0 1.40325e-06 1.40325e-06 2.80651e-06 0.000203472
20295.3 0.00487771 0 1.19672 0.367276 0 0 0 1.40325e-06 0 4.20976e-06 0.000203472
20375.4 0.0048763 0 1.19492 0.365921 0 0 0 1.40325e-06 0 7.01627e-06 0.000203472
20455.4 0.0048763 0 1.19336 0.364722 0 0 0 2.80651e-06 1.40325e-06 4.20976e-06 0.000203472
20535.4 0.0048749 0 1.19193 0.363537 0 0 0 4.20976e-06 0 4.20976e-06 0.000204875
20615.5 0.0048749 0 1.19081 0.362622 0 0 0 1.40325e-06 0 7.01627e-06 0.000204875
20695.5 0.0048735 0 1.18922 0.361411 0 0 2.80651e-06 7.01627e-06 0 1.40325e-06 0.000204875
20775.6 0.0048735 0 1.18766 0.360221 0 0 0 4.20976e-06 1.40325e-06 2.80651e-06 0.000207681
20855.7 0.0048735 0 1.18659 0.359405 0 0 0 2.80651e-06 0 5.61301e-06 0.000207681
20935.7 0.0048735 0 1.18529 0.358474 0 0 0 2.80651e-06 0 2.80651e-06 0.000210488
21015.7 0.0048735 0 1.18423 0.357651 0 0 0 1.40325e-06 1.40325e-06 2.80651e-06 0.000210488
21095.9 0.0048735 0 1.18288 0.356616 0 0 0 2.80651e-06 0 2.80651e-06 0.000210488
21175.9 0.0048735 0 1.18214 0.356053 0 0 1.40325e-06 1.40325e-06 0 0 0.000211891
21344.7 0.00487209 2.80651e-06 1.18093 0.355103 0 0 0 0 0 0 0.000214698
21424.8 0.00486929 0 1.17842 0.353231 0 0 0 2.80651e-06 0 2.80651e-06 0.000217504
21505.3 0.00486929 0 1.17685 0.35211 0 0 0 1.40325e-06 0 4.20976e-06 0.000217504
21585.4 0.00486789 0 1.17523 0.350969 0 0 0 0 0 5.61301e-06 0.000220311
21666.2 0.00486789 0 1.17426 0.350283 0 0 0 1.40325e-06 1.40325e-06 0 0.000223117
21746.3 0.00486648 0 1.17298 0.349337 0 0 0 1.40325e-06 0 1.40325e-06 0.000224521
21826.3 0.00486508 0 1.17142 0.348151 0 0 0 1.40325e-06 0 4.20976e-06 0.000224521
21906.4 0.00486368 0 1.16975 0.346898 0 0 0 2.80651e-06 0 2.80651e-06 0.000227327
21986.5 0.00486368 0 1.16805 0.345732 0 0 1.40325e-06 2.80651e-06 0 1.40325e-06 0.000227327
22066.6 0.00486368 0 1.1674 0.345171 0 0 0 0 0 2.80651e-06 0.000230134
22146.6 0.00486368 0 1.16618 0.344301 0 0 0 1.40325e-06 1.40325e-06 0 0.000230134
22226.7 0.00486227 0 1.16436 0.342885 0 0 0 4.20976e-06 1.40325e-06 0 0.000230134
22306.7 0.00485947 0 1.16084 0.340355 0 0 0 4.20976e-06 1.40325e-06 5.61301e-06 0.000230134
22386.7 0.00485666 0 1.15886 0.339002 0 0 0 9.82277e-06 0 4.20976e-06 0.00023294
22466.8 0.00485666 0 1.15713 0.337767 0 0 0 4.20976e-06 1.40325e-06 8.41952e-06 0.00023294
22546.9 0.00485666 0 1.15582 0.336778 0 0 0 2.80651e-06 0 8.41952e-06 0.000234343
22627.3 0.00485666 0 1.15469 0.33596 0 0 0 5.61301e-06 0 5.61301e-06 0.000234343
22707.4 0.00485666 0 1.15355 0.335171 0 0 0 4.20976e-06 1.40325e-06 2.80651e-06 0.000235747
22787.4 0.00485666 0 1.15229 0.334221 0 0 0 2.80651e-06 0 5.61301e-06 0.000235747
22867.6 0.00485526 0 1.15098 0.333221 0 0 0 1.40325e-06 0 7.01627e-06 0.000238553
22947.6 0.00485526 0 1.14994 0.332508 0 0 0 0 1.40325e-06 4.20976e-06 0.00024136
23027.6 0.00485526 0 1.14869 0.331627 0 0 1.40325e-06 2.80651e-06 0 1.40325e-06 0.00024136
23107.6 0.00485385 0 1.14703 0.330449 0 0 0 2.80651e-06 1.40325e-06 1.40325e-06 0.000244166
23187.7 0.00485245 0 1.14571 0.329502 0 0 0 5.61301e-06 0 2.80651e-06 0.000244166
23267.7 0.00485245 0 1.14441 0.328518 0 0 1.40325e-06 2.80651e-06 0 1.40325e-06 0.000246973
23348.1 0.00485245 0 1.14319 0.327639 0 0 0 2.80651e-06 0 2.80651e-06 0.000246973
23428.3 0.00485105 0 1.1416 0.326557 0 0 0 5.61301e-06 1.40325e-06 1.40325e-06 0.000246973
23508.3 0.00485105 0 1.14023 0.325631 0 0 0 1.40325e-06 1.40325e-06 2.80651e-06 0.000248376
23588.3 0.00485105 0 1.13889 0.324634 0 0 0 0 0 5.61301e-06 0.000248376
23668.3 0.00485105 0 1.1375 0.323645 0 0 1.40325e-06 1.40325e-06 0 2.80651e-06 0.000248376
23748.3 0.00484964 0 1.13547 0.322264 0 0 0 2.80651e-06 1.40325e-06 4.20976e-06 0.000248376
23828.4 0.00484824 0 1.13387 0.321139 0 0 0 1.40325e-06 1.40325e-06 8.41952e-06 0.000248376
23908.5 0.00484824 0 1.1323 0.319971 0 0 0 4.20976e-06 0 7.01627e-06 0.000248376
23988.6 0.00484824 0 1.13103 0.319059 0 0 0 7.01627e-06 1.40325e-06 2.80651e-06 0.000248376
24068.6 0.00484684 0 1.1298 0.318132 0 0 0 2.80651e-06 0 8.41952e-06 0.000249779
24148.6 0.00484684 0 1.12858 0.317159 0 0 0 8.41952e-06 1.40325e-06 1.40325e-06 0.000249779
24228.7 0.00484543 0 1.12729 0.316203 0 0 0 2.80651e-06 1.40325e-06 7.01627e-06 0.000252586
24308.7 0.00484263 0 1.12563 0.315092 0 0 1.40325e-06 7.01627e-06 1.40325e-06 7.01627e-06 0.000252586
24388.8 0.00484263 0 1.12366 0.313759 0 0 0 4.20976e-06 0 1.26293e-05 0.000252586
24468.9 0.00484263 0 1.12236 0.312812 0 0 0 8.41952e-06 2.80651e-06 2.80651e-06 0.000253989
24548.9 0.00484263 0 1.12143 0.312163 0 0 0 5.61301e-06 0 5.61301e-06 0.000256795
24629.5 0.00484263 0 1.12001 0.311209 0 0 0 4.20976e-06 0 7.01627e-06 0.000256795
24709.7 0.00484263 0 1.11867 0.310283 0 0 0 4.20976e-06 1.40325e-06 5.61301e-06 0.000256795
24789.7 0.00484263 0 1.11739 0.309353 0 0 0 4.20976e-06 1.40325e-06 5.61301e-06 0.000256795
24869.7 0.00484122 0 1.11562 0.308175 0 0 0 7.01627e-06 0 7.01627e-06 0.000256795
24949.8 0.00483982 0 1.11401 0.307075 0 0 0 7.01627e-06 0 9.82277e-06 0.000256795
25029.8 0.00483982 0 1.11238 0.305993 0 0 0 8.41952e-06 0 8.41952e-06 0.000256795
25109.9 0.00483982 0 1.11085 0.304977 0 0 0 8.41952e-06 1.40325e-06 7.01627e-06 0.000256795
25189.9 0.00483982 0 1.10951 0.304063 0 0 0 9.82277e-06 2.80651e-06 4.20976e-06 0.000256795
25270 0.00483842 0 1.10817 0.303128 0 0 0 7.01627e-06 1.40325e-06 8.41952e-06 0.000259602
25350.1 0.00483842 0 1.1068 0.302189 0 0 0 7.01627e-06 1.40325e-06 5.61301e-06 0.000262408
25430.1 0.00483701 0 1.10562 0.301347 0 0 0 7.01627e-06 0 9.82277e-06 0.000262408
25510.4 0.00483701 0 1.10422 0.300428 0 0 0 7.01627e-06 1.40325e-06 8.41952e-06 0.000262408
25590.5 0.00483561 0 1.10277 0.299456 0 0 0 2.80651e-06 0 1.6839e-05 0.000262408
25670.5 0.00483421 0 1.10102 0.298264 0 0 1.40325e-06 8.41952e-06 0 9.82277e-06 0.000265215
25750.6 0.00483421 0 1.09985 0.297481 0 0 0 9.82277e-06 1.40325e-06 5.61301e-06 0.000268021
25830.6 0.0048314 0 1.09838 0.296493 0 0 1.40325e-06 5.61301e-06 0 1.54358e-05 0.000268021
25910.6 0.00483 0 1.09694 0.295504 0 0 0 8.41952e-06 1.40325e-06 9.82277e-06 0.000273634
25990.6 0.00483 0 1.09586 0.294725 0 0 0 9.82277e-06 1.40325e-06 5.61301e-06 0.000275038
26070.6 0.00483 0 1.09461 0.293924 0 0 1.40325e-06 5.61301e-06 0 9.82277e-06 0.000275038
26150.9 0.00483 0 1.0936 0.29322 0 0 0 2.80651e-06 0 8.41952e-06 0.000279247
26231.1 0.00482859 0 1.09244 0.292418 0 0 0 5.61301e-06 1.40325e-06 4.20976e-06 0.000282054
26311.1 0.00482859 0 1.09125 0.291547 0 0 0 2.80651e-06 1.40325e-06 7.01627e-06 0.000282054
26391.2 0.00482719 0 1.08986 0.2906 0 0 0 5.61301e-06 1.40325e-06 7.01627e-06 0.000282054
26471.2 0.00482579 0 1.0881 0.289387 0 0 0 5.61301e-06 0 8.41952e-06 0.000283457
26551.2 0.00482579 0 1.08679 0.288547 0 0 0 7.01627e-06 1.40325e-06 5.61301e-06 0.000283457
26631.4 0.00482438 0 1.08545 0.287567 0 0 0 9.82277e-06 1.40325e-06 5.61301e-06 0.000283457
26711.4 0.00482438 0 1.08424 0.286739 0 0 1.40325e-06 4.20976e-06 0 8.41952e-06 0.000286264
26791.6 0.00482438 0 1.08324 0.286018 0 0 0 4.20976e-06 0 7.01627e-06 0.00028907
26871.9 0.00482438 0 1.08219 0.285323 0 0 0 5.61301e-06 1.40325e-06 1.40325e-06 0.000290473
26951.9 0.00482438 0 1.08118 0.284657 0 0 0 2.80651e-06 0 5.61301e-06 0.000290473
27032 0.00482438 0 1.07991 0.283807 0 0 0 2.80651e-06 1.40325e-06 4.20976e-06 0.000290473
27112 0.00482298 0 1.07836 0.282781 0 0 0 5.61301e-06 1.40325e-06 4.20976e-06 0.000290473
27192.3 0.00482298 0 1.07697 0.281853 0 0 0 5.61301e-06 0 2.80651e-06 0.000291877
27272.6 0.00482298 0 1.07586 0.281181 0 0 0 4.20976e-06 1.40325e-06 0 0.000294683
27352.7 0.00482298 0 1.07493 0.280493 0 0 0 2.80651e-06 1.40325e-06 1.40325e-06 0.000294683
27432.7 0.00482298 0 1.07352 0.279594 0 0 1.40325e-06 4.20976e-06 0 0 0.000294683
27512.7 0.00482158 0 1.07195 0.278591 0 0 0 2.80651e-06 1.40325e-06 1.40325e-06 0.000296086
27592.8 0.00482158 0 1.07077 0.277785 0 0 0 1.40325e-06 1.40325e-06 2.80651e-06 0.000296086
27673 0.00482158 0 1.06945 0.27689 0 0 0 0 0 5.61301e-06 0.000296086
27753.1 0.00482158 0 1.06798 0.275967 0 0 0 2.80651e-06 0 2.80651e-06 0.000296086
27833.2 0.00482017 0 1.06626 0.274944 0 0 0 4.20976e-06 1.40325e-06 2.80651e-06 0.000296086
27914.6 0.00481737 0 1.06509 0.274148 0 0 0 0 1.40325e-06 1.40325e-06 0.000304506
27994.7 0.00481456 0 1.06403 0.273411 0 0 0 1.40325e-06 0 4.20976e-06 0.000305909
28074.7 0.00481456 0 1.06234 0.272336 0 0 0 1.40325e-06 1.40325e-06 2.80651e-06 0.000305909
28154.8 0.00481456 0 1.0609 0.271424 0 0 0 2.80651e-06 1.40325e-06 1.40325e-06 0.000305909
28234.8 0.00481175 0 1.05877 0.270043 0 0 0 4.20976e-06 1.40325e-06 5.61301e-06 0.000305909
28314.9 0.00481035 0 1.05693 0.268795 0 0 0 4.20976e-06 1.40325e-06 5.61301e-06 0.000308716
28395.2 0.00480895 0 1.05572 0.268041 0 0 0 7.01627e-06 1.40325e-06 5.61301e-06 0.000308716
28475.2 0.00480755 0 1.05433 0.267116 0 0 1.40325e-06 4.20976e-06 0 8.41952e-06 0.000311522
28555.2 0.00480755 0 1.05258 0.266051 0 0 0 5.61301e-06 0 8.41952e-06 0.000311522
28635.3 0.00480755 0 1.05109 0.265124 0 0 0 7.01627e-06 1.40325e-06 5.61301e-06 0.000311522
28715.3 0.00480755 0 1.04976 0.264283 0 0 0 8.41952e-06 0 5.61301e-06 0.000311522
28795.7 0.00480755 0 1.04835 0.263365 0 0 0 5.61301e-06 1.40325e-06 7.01627e-06 0.000311522
28875.7 0.00480755 0 1.04687 0.262463 0 0 0 8.41952e-06 1.40325e-06 4.20976e-06 0.000311522
28955.9 0.00480755 0 1.04555 0.261611 0 0 0 4.20976e-06 1.40325e-06 8.41952e-06 0.000311522
29035.9 0.00480614 0 1.04423 0.260803 0 0 0 7.01627e-06 1.40325e-06 5.61301e-06 0.000314329
29115.9 0.00480474 0 1.04251 0.259784 0 0 0 1.26293e-05 0 4.20976e-06 0.000314329
29196.5 0.00480474 0 1.04133 0.25898 0 0 0 8.41952e-06 0 5.61301e-06 0.000315732
29276.5 0.00480474 0 1.04018 0.258214 0 0 0 0 1.40325e-06 9.82277e-06 0.000318538
29356.5 0.00480334 0 1.0389 0.257446 0 0 0 9.82277e-06 0 4.20976e-06 0.000318538
29436.5 0.00480193 0 1.03733 0.256387 0 0 0 2.80651e-06 1.40325e-06 9.82277e-06 0.000319942
29516.7 0.00480053 0 1.03584 0.25553 0 0 0 8.41952e-06 1.40325e-06 4.20976e-06 0.000322748
29596.7 0.00480053 0 1.03443 0.254657 0 0 0 7.01627e-06 1.40325e-06 5.61301e-06 0.000322748
29676.7 0.00479913 0 1.03308 0.253795 0 0 1.40325e-06 1.40325e-06 0 1.1226e-05 0.000325555
29756.7 0.00479913 0 1.03144 0.252873 0 0 0 1.1226e-05 0 2.80651e-06 0.000325555
29836.8 0.00479772 0 1.03001 0.251982 0 0 0 8.41952e-06 1.40325e-06 7.01627e-06 0.000325555
29916.8 0.00479772 0 1.0287 0.251133 0 0 0 7.01627e-06 1.40325e-06 5.61301e-06 0.000328361
29997.4 0.00479492 0 1.02725 0.250228 0 0 0 9.82277e-06 1.40325e-06 8.41952e-06 0.000328361
