0 0.00477599 5.27878e-13 0.992373 0.229223 3.17685e-13 1.70504e-13 2.22155e-10 8.42164e-09 3.63382e-10 7.15733e-09 0.000352945
10 0.00477592 5.27962e-13 0.992202 0.229122 3.17769e-13 1.70505e-13 2.22241e-10 8.42248e-09 3.63426e-10 7.15613e-09 0.000353061
20 0.00477584 5.28045e-13 0.99203 0.229021 3.17854e-13 1.70722e-13 2.22323e-10 8.42317e-09 3.63463e-10 7.1548e-09 0.000353177
30 0.00477577 5.28129e-13 0.991858 0.228921 3.17938e-13 1.70684e-13 2.22411e-10 8.42405e-09 3.63508e-10 7.15364e-09 0.000353294
40 0.00477569 5.28213e-13 0.991687 0.22882 3.18022e-13 1.70517e-13 2.22501e-10 8.42504e-09 3.63558e-10 7.15256e-09 0.00035341
50 0.00477562 5.28297e-13 0.991515 0.228719 3.18107e-13 1.70344e-13 2.22591e-10 8.42602e-09 3.63608e-10 7.15148e-09 0.000353526
60 0.00477555 5.28381e-13 0.991343 0.228618 3.18191e-13 1.70291e-13 2.22678e-10 8.4269e-09 3.63653e-10 7.15031e-09 0.000353643
70 0.00477547 5.28466e-13 0.991171 0.228517 3.18276e-13 1.70483e-13 2.22761e-10 8.42759e-09 3.63691e-10 7.14898e-09 0.000353759
80 0.0047754 5.2855e-13 0.991 0.228417 3.1836e-13 1.70816e-13 2.22841e-10 8.42819e-09 3.63724e-10 7.14756e-09 0.000353875
90 0.00477532 5.28634e-13 0.990828 0.228316 3.18445e-13 1.71052e-13 2.22923e-10 8.42886e-09 3.6376e-10 7.14622e-09 0.000353992
100 0.00477525 5.28718e-13 0.990656 0.228215 3.1853e-13 1.71201e-13 2.23007e-10 8.4296e-09 3.638e-10 7.14493e-09 0.000354108
110 0.00477517 5.28802e-13 0.990484 0.228114 3.18614e-13 1.71271e-13 2.23092e-10 8.43041e-09 3.63842e-10 7.14369e-09 0.000354224
120 0.0047751 5.28886e-13 0.990313 0.228014 3.18699e-13 1.71275e-13 2.23179e-10 8.43126e-09 3.63886e-10 7.1425e-09 0.000354341
130 0.00477503 5.28971e-13 0.990141 0.227913 3.18784e-13 1.7122e-13 2.23268e-10 8.43216e-09 3.63932e-10 7.14135e-09 0.000354457
140 0.00477495 5.29055e-13 0.989969 0.227812 3.18868e-13 1.71119e-13 2.23357e-10 8.4331e-09 3.6398e-10 7.14023e-09 0.000354574
150 0.00477488 5.29139e-13 0.989797 0.227712 3.18953e-13 1.7098e-13 2.23447e-10 8.43406e-09 3.64029e-10 7.13913e-09 0.00035469
160 0.0047748 5.29223e-13 0.989626 0.227611 3.19038e-13 1.70814e-13 2.23538e-10 8.43505e-09 3.64079e-10 7.13805e-09 0.000354806
170 0.00477473 5.29308e-13 0.989454 0.227511 3.19123e-13 1.70631e-13 2.23629e-10 8.43605e-09 3.6413e-10 7.13698e-09 0.000354923
180 0.00477465 5.29392e-13 0.989282 0.22741 3.19208e-13 1.70441e-13 2.2372e-10 8.43705e-09 3.6418e-10 7.13591e-09 0.000355039
190 0.00477458 5.29477e-13 0.98911 0.22731 3.19293e-13 1.70254e-13 2.23811e-10 8.43804e-09 3.64231e-10 7.13484e-09 0.000355155
200 0.00477451 5.29561e-13 0.988939 0.227209 3.19378e-13 1.70081e-13 2.23902e-10 8.43903e-09 3.64281e-10 7.13375e-09 0.000355272
210 0.00477443 5.29646e-13 0.988767 0.227109 3.19463e-13 1.69931e-13 2.23992e-10 8.43999e-09 3.6433e-10 7.13265e-09 0.000355388
220 0.00477436 5.2973e-13 0.988595 0.227008 3.19548e-13 1.69814e-13 2.24082e-10 8.44093e-09 3.64378e-10 7.13153e-09 0.000355504
230 0.00477428 5.29815e-13 0.988423 0.226908 3.19633e-13 1.69741e-13 2.24171e-10 8.44183e-09 3.64424e-10 7.13037e-09 0.000355621
240 0.00477421 5.29899e-13 0.988252 0.226808 3.19718e-13 1.69722e-13 2.24258e-10 8.44268e-09 3.64469e-10 7.12917e-09 0.000355737
250 0.00477413 5.29984e-13 0.98808 0.226707 3.19803e-13 1.69766e-13 2.24344e-10 8.44349e-09 3.64511e-10 7.12793e-09 0.000355853
260 0.00477406 5.30068e-13 0.987908 0.226607 3.19888e-13 1.69884e-13 2.24429e-10 8.44423e-09 3.6455e-10 7.12664e-09 0.00035597
270 0.00477399 5.30153e-13 0.987737 0.226507 3.19973e-13 1.70087e-13 2.24512e-10 8.4449e-09 3.64587e-10 7.12528e-09 0.000356086
280 0.00477391 5.30238e-13 0.987565 0.226406 3.20058e-13 1.70383e-13 2.24593e-10 8.4455e-09 3.6462e-10 7.12386e-09 0.000356202
290 0.00477384 5.30323e-13 0.987393 0.226306 3.20144e-13 1.70409e-13 2.2468e-10 8.44631e-09 3.64662e-10 7.12263e-09 0.000356318
300 0.00477376 5.30407e-13 0.987221 0.226206 3.20229e-13 1.70393e-13 2.24768e-10 8.44718e-09 3.64707e-10 7.12144e-09 0.000356435
