679.525    3560    2    1.0724e+06    459381    0    0    0    0    0    0    4
1279.71    3557    0    1.06598e+06    452598    0    0    0    0    1    3    7
1879.78    3554    0    1.0594e+06    445807    0    0    0    0    1    1    15
2479.8    3552    0    1.05538e+06    441581    0    0    0    0    0    4    17
3079.88    3548    0    1.04798e+06    434101    0    0    0    1    0    1    25
3679.97    3542    0    1.0408e+06    426791    0    0    0    1    0    3    33
4279.99    3540    0    1.03068e+06    417066    0    0    0    0    1    1    37
4880.08    3537    0    1.02023e+06    406795    0    0    0    1    1    0    43
5480.09    3534    0    1.0144e+06    401054    0    0    0    2    1    3    45
6080.12    3534    0    1.0088e+06    395756    0    0    0    1    1    0    48
6680.19    3529    0    1.00039e+06    387940    0    0    0    0    1    3    55
7280.3    3525    0    991266    379369    0    0    0    1    0    3    60
7880.3    3523    0    982041    370659    0    0    0    2    1    1    63
8480.79    3515    0    970443    360191    0    0    0    1    1    2    77
9080.8    3514    0    965218    355396    0    0    0    2    1    3    77
9681.22    3513    0    957925    348846    0    0    0    0    1    5    78
10281.5    3509    0    951933    343620    0    0    0    2    1    3    85
10881.6    3506    0    944813    337348    0    0    0    0    0    2    93
11481.6    3503    0    935598    329157    0    0    0    1    0    3    96
12081.8    3499    0    928428    323066    0    0    0    2    1    3    99
12681.8    3493    0    917571    313887    0    0    0    1    1    2    108
13281.9    3487    0    910362    307950    0    0    0    5    1    2    115
13882    3483    0    902219    301130    0    0    0    1    1    2    126
14482.3    3481    0    896469    296518    0    0    0    1    1    2    130
15082.5    3480    0    891659    292657    0    0    0    1    0    1    132
15682.9    3478    0    885451    287547    0    0    0    0    1    1    135
16283.1    3478    0    879800    282835    0    0    0    0    1    1    135
16989.4    3474    2    873618    277949    0    0    0    0    0    0    141
17646.5    3473    2    870839    275710    0    0    0    0    0    0    143
18246.6    3469    0    861843    268748    0    0    0    0    1    1    150
18846.7    3464    0    849752    259645    0    0    0    2    1    1    155
19446.8    3460    0    841368    253230    0    0    0    0    1    1    162
20046.8    3457    0    835912    249088    0    0    0    2    0    2    164
20646.9    3449    0    827876    243147    0    0    0    3    1    4    173
21246.9    3445    0    816082    234719    0    0    0    0    1    3    184
21847    3444    0    810840    231031    0    0    0    1    1    2    185
22447    3437    0    801060    224001    0    0    0    5    0    1    192
23047    3436    0    796415    220780    0    0    0    2    0    0    196
23647.1    3433    0    788838    215653    0    0    0    3    1    0    200
24247.2    3425    0    777256    207758    0    0    0    0    1    1    212
24847.5    3422    0    773737    205373    0    0    0    3    1    2    213
25447.6    3419    0    761574    197227    0    0    0    1    1    2    219
26047.6    3410    0    750415    190020    0    0    0    3    1    4    231
26647.7    3408    0    741442    184363    0    0    0    3    1    4    234
27247.8    3403    0    734386    180019    0    0    0    4    0    4    243
27847.9    3400    0    727601    175751    0    0    0    0    1    3    250
28448    3394    0    720520    171406    0    0    0    4    0    6    254
29048.2    3388    0    711248    165914    0    0    0    3    0    7    265
29648.2    3385    0    702732    160888    0    0    0    5    1    6    267
