0 0.00477406 5.30069e-13 0.987908 0.226607 3.19888e-13 1.70409e-13 2.24418e-10 8.44378e-09 3.64531e-10 7.12624e-09 0.00035597
10 0.00477399 5.30153e-13 0.987736 0.226507 3.19974e-13 1.70405e-13 2.24505e-10 8.44462e-09 3.64575e-10 7.12504e-09 0.000356086
20 0.00477391 5.30238e-13 0.987564 0.226406 3.20059e-13 1.70623e-13 2.24588e-10 8.44531e-09 3.64612e-10 7.12369e-09 0.000356203
30 0.00477384 5.30323e-13 0.987393 0.226306 3.20144e-13 1.70585e-13 2.24677e-10 8.44619e-09 3.64657e-10 7.12252e-09 0.000356319
40 0.00477376 5.30408e-13 0.987221 0.226206 3.20229e-13 1.70416e-13 2.24768e-10 8.44718e-09 3.64707e-10 7.12144e-09 0.000356435
50 0.00477369 5.30492e-13 0.987049 0.226106 3.20315e-13 1.70243e-13 2.2486e-10 8.44817e-09 3.64757e-10 7.12035e-09 0.000356552
60 0.00477362 5.30577e-13 0.986878 0.226005 3.204e-13 1.70189e-13 2.24948e-10 8.44905e-09 3.64803e-10 7.11918e-09 0.000356668
70 0.00477354 5.30662e-13 0.986706 0.225905 3.20485e-13 1.70382e-13 2.25032e-10 8.44974e-09 3.6484e-10 7.11784e-09 0.000356784
80 0.00477347 5.30747e-13 0.986534 0.225805 3.20571e-13 1.70686e-13 2.25114e-10 8.45036e-09 3.64874e-10 7.11644e-09 0.0003569
90 0.00477339 5.30832e-13 0.986362 0.225705 3.20656e-13 1.70841e-13 2.25199e-10 8.45109e-09 3.64914e-10 7.11514e-09 0.000357017
100 0.00477332 5.30917e-13 0.986191 0.225605 3.20742e-13 1.70874e-13 2.25286e-10 8.45193e-09 3.64957e-10 7.11392e-09 0.000357133
110 0.00477324 5.31002e-13 0.986019 0.225505 3.20827e-13 1.70811e-13 2.25376e-10 8.45283e-09 3.65004e-10 7.11277e-09 0.000357249
120 0.00477317 5.31087e-13 0.985847 0.225405 3.20913e-13 1.70678e-13 2.25467e-10 8.45379e-09 3.65053e-10 7.11166e-09 0.000357366
130 0.0047731 5.31172e-13 0.985675 0.225305 3.20998e-13 1.70504e-13 2.25559e-10 8.45479e-09 3.65103e-10 7.11058e-09 0.000357482
140 0.00477302 5.31257e-13 0.985504 0.225205 3.21084e-13 1.70313e-13 2.25651e-10 8.45579e-09 3.65154e-10 7.10951e-09 0.000357598
150 0.00477295 5.31342e-13 0.985332 0.225105 3.2117e-13 1.70133e-13 2.25743e-10 8.45679e-09 3.65205e-10 7.10842e-09 0.000357714
160 0.00477287 5.31427e-13 0.98516 0.225005 3.21255e-13 1.69991e-13 2.25834e-10 8.45775e-09 3.65254e-10 7.10731e-09 0.000357831
170 0.0047728 5.31512e-13 0.984988 0.224905 3.21341e-13 1.69912e-13 2.25924e-10 8.45865e-09 3.653e-10 7.10616e-09 0.000357947
180 0.00477273 5.31597e-13 0.984816 0.224805 3.21427e-13 1.69925e-13 2.26012e-10 8.45949e-09 3.65344e-10 7.10494e-09 0.000358063
190 0.00477265 5.31682e-13 0.984645 0.224705 3.21513e-13 1.70055e-13 2.26097e-10 8.46022e-09 3.65383e-10 7.10363e-09 0.00035818
200 0.00477258 5.31768e-13 0.984473 0.224606 3.21599e-13 1.70328e-13 2.2618e-10 8.46084e-09 3.65417e-10 7.10222e-09 0.000358296
