594.097 0.00499698 2.80651e-06 1.50491 0.644694 0 0 0 0 0 0 4.20976e-06
1159.39 0.00499277 2.80651e-06 1.49838 0.637822 0 0 0 0 0 0 9.82277e-06
1659.41 0.00498856 0 1.48802 0.627065 0 0 0 1.40325e-06 0 1.40325e-06 1.82423e-05
2159.55 0.00498576 0 1.48257 0.621424 0 0 0 0 1.40325e-06 1.40325e-06 2.24521e-05
2659.56 0.00497874 0 1.47406 0.612798 0 0 0 0 1.40325e-06 4.20976e-06 3.22748e-05
3187.4 0.00497453 2.80651e-06 1.46567 0.60418 0 0 0 0 0 0 3.92911e-05
3687.4 0.00496752 0 1.4526 0.591307 0 0 0 1.40325e-06 0 1.40325e-06 4.91139e-05
4187.41 0.00496331 0 1.44353 0.582297 0 0 0 2.80651e-06 0 5.61301e-06 5.19204e-05
4687.49 0.0049619 0 1.43195 0.571146 0 0 0 0 1.40325e-06 1.40325e-06 5.75334e-05
5187.49 0.00495348 0 1.4214 0.560823 0 0 0 2.80651e-06 0 8.41952e-06 6.31464e-05
5687.5 0.00494787 0 1.40764 0.547848 0 0 0 5.61301e-06 0 2.80651e-06 7.57757e-05
6187.53 0.00494366 0 1.39936 0.540085 0 0 0 1.40325e-06 1.40325e-06 8.41952e-06 7.99854e-05
6687.55 0.00493805 0 1.39017 0.531517 0 0 1.40325e-06 8.41952e-06 0 9.82277e-06 8.27919e-05
7187.59 0.00493524 0 1.37757 0.519486 0 0 0 4.20976e-06 0 9.82277e-06 9.12115e-05
7687.75 0.00493103 0 1.36942 0.512134 0 0 0 7.01627e-06 1.40325e-06 1.1226e-05 9.26147e-05
8187.76 0.00492963 0 1.36169 0.504958 0 0 0 5.61301e-06 0 5.61301e-06 0.000102437
8687.85 0.00492822 0 1.35442 0.498309 0 0 0 2.80651e-06 0 1.1226e-05 0.000102437
9187.94 0.00492682 0 1.34609 0.490906 0 0 0 5.61301e-06 1.40325e-06 7.01627e-06 0.000105244
9688.06 0.00492261 0 1.33535 0.481528 0 0 0 2.80651e-06 0 8.41952e-06 0.00011226
10188.2 0.00491419 0 1.32608 0.473494 0 0 0 7.01627e-06 1.40325e-06 5.61301e-06 0.000123486
10688.2 0.00490998 0 1.31624 0.464724 0 0 1.40325e-06 9.82277e-06 0 8.41952e-06 0.00012489
11188.2 0.00490297 0 1.30548 0.455441 0 0 0 8.41952e-06 1.40325e-06 1.54358e-05 0.000130503
11688.2 0.00489876 0 1.29734 0.448578 0 0 0 9.82277e-06 1.40325e-06 1.1226e-05 0.000138922
12188.3 0.00489595 0 1.28701 0.439634 0 0 0 1.1226e-05 0 1.1226e-05 0.000143132
12688.4 0.00489034 0 1.27998 0.433701 0 0 0 5.61301e-06 1.40325e-06 9.82277e-06 0.000157164
13188.5 0.00488893 0 1.27316 0.428081 0 0 0 7.01627e-06 0 7.01627e-06 0.000161374
13688.6 0.00488051 0 1.2615 0.4186 0 0 0 2.80651e-06 1.40325e-06 1.26293e-05 0.000174003
14188.6 0.00487911 0 1.25345 0.412135 0 0 0 4.20976e-06 1.40325e-06 1.1226e-05 0.00017681
14688.6 0.0048763 0 1.24491 0.405042 0 0 0 8.41952e-06 1.40325e-06 7.01627e-06 0.00018102
15188.8 0.0048763 0 1.23804 0.399523 0 0 0 2.80651e-06 0 1.1226e-05 0.000183826
15688.9 0.0048749 0 1.23126 0.393931 0 0 0 4.20976e-06 1.40325e-06 5.61301e-06 0.000186633
16188.9 0.0048735 0 1.22455 0.388704 0 0 0 4.20976e-06 1.40325e-06 2.80651e-06 0.000190842
16689 0.00486648 0 1.21242 0.379179 0 0 0 2.80651e-06 0 5.61301e-06 0.000203472
17189 0.00486087 0 1.20316 0.371921 0 0 0 1.40325e-05 0 5.61301e-06 0.000203472
17689 0.00485806 0 1.19084 0.362678 0 0 0 8.41952e-06 1.40325e-06 7.01627e-06 0.000209085
18189 0.00485105 0 1.18043 0.354766 0 0 0 1.40325e-05 1.40325e-06 1.26293e-05 0.000210488
18689 0.00484964 0 1.17246 0.348885 0 0 1.40325e-06 2.80651e-06 0 9.82277e-06 0.000223117
19189.1 0.00484543 0 1.1668 0.344595 0 0 1.40325e-06 5.61301e-06 0 9.82277e-06 0.000227327
19689.1 0.00484122 0 1.15617 0.33673 0 0 0 7.01627e-06 1.40325e-06 1.40325e-05 0.00022873
20189.4 0.00483842 0 1.14659 0.329937 0 0 0 8.41952e-06 1.40325e-06 9.82277e-06 0.000235747
20689.4 0.00483561 0 1.13806 0.323912 0 0 0 5.61301e-06 0 1.40325e-05 0.000238553
21189.5 0.0048328 0 1.13026 0.318203 0 0 0 5.61301e-06 1.40325e-06 9.82277e-06 0.000245569
21689.6 0.00482859 0 1.12161 0.311964 0 0 0 7.01627e-06 1.40325e-06 8.41952e-06 0.000251182
22189.7 0.00482579 0 1.11355 0.306424 0 0 0 8.41952e-06 2.80651e-06 1.1226e-05 0.000251182
22689.8 0.00482017 0 1.10275 0.299033 0 0 0 9.82277e-06 1.40325e-06 1.40325e-05 0.000258199
23190 0.00481456 0 1.09556 0.294108 0 0 0 1.40325e-06 0 1.54358e-05 0.000273634
23690.2 0.00480895 0 1.08755 0.288738 0 0 0 7.01627e-06 1.40325e-06 1.1226e-05 0.000282054
24190.5 0.00480614 0 1.08075 0.284072 0 0 0 4.20976e-06 1.40325e-06 5.61301e-06 0.000291877
24690.5 0.00480474 0 1.07471 0.280112 0 0 1.40325e-06 4.20976e-06 0 2.80651e-06 0.00029749
25190.7 0.00480334 0 1.06785 0.27564 0 0 0 4.20976e-06 1.40325e-06 2.80651e-06 0.000298893
25690.8 0.00479772 0 1.063 0.272663 0 0 0 2.80651e-06 0 2.80651e-06 0.000310119
26190.8 0.00479071 0 1.04678 0.262229 0 0 0 2.80651e-06 1.40325e-06 1.40325e-06 0.000319942
26691.1 0.00478229 0 1.03834 0.256908 0 0 0 7.01627e-06 1.40325e-06 2.80651e-06 0.000328361
27191.2 0.00477808 0 1.02872 0.251036 0 0 0 2.80651e-06 1.40325e-06 4.20976e-06 0.000338184
27691.4 0.00477387 0 1.0211 0.246267 0 0 0 2.80651e-06 0 2.80651e-06 0.000346604
28191.6 0.00476545 0 1.013 0.241347 0 0 0 1.40325e-06 0 1.26293e-05 0.000352217
28691.9 0.00475843 0 1.00169 0.234519 0 0 0 4.20976e-06 1.40325e-06 8.41952e-06 0.000364846
29192 0.00475422 0 0.991992 0.228851 0 0 0 5.61301e-06 1.40325e-06 9.82277e-06 0.000369056
29692.1 0.00474861 0 0.980372 0.22208 0 0 0 1.1226e-05 1.40325e-06 9.82277e-06 0.000371862
