459.248    3562    2    1.07248e+06    459469    0    0    0    0    0    0    2
559.248    3561    0    1.07047e+06    457368    0    0    0    1    1    2    2
659.266    3560    0    1.06867e+06    455519    0    0    0    1    0    5    2
759.271    3559    0    1.06754e+06    454299    0    0    0    2    0    4    4
859.286    3559    0    1.06591e+06    452765    0    0    0    3    1    0    5
959.295    3559    0    1.06488e+06    451752    0    0    0    1    1    2    5
1059.41    3559    0    1.06396e+06    450820    0    0    0    1    0    1    6
1159.55    3556    0    1.06226e+06    449092    0    0    0    1    1    2    9
1259.61    3554    0    1.06032e+06    447108    0    0    0    1    0    5    10
1359.64    3554    0    1.05916e+06    445924    0    0    0    2    0    2    12
1459.88    3554    0    1.05828e+06    445004    0    0    0    0    1    3    12
1560.24    3553    0    1.05723e+06    443927    0    0    0    0    0    2    15
1660.26    3553    0    1.05653e+06    443183    0    0    0    2    0    0    15
1760.32    3552    0    1.05469e+06    441262    0    0    0    1    1    0    17
1860.33    3551    0    1.05309e+06    439693    0    0    0    1    0    3    17
1960.34    3551    0    1.05222e+06    438819    0    0    1    0    0    1    19
2060.47    3550    0    1.0517e+06    438328    0    0    0    0    0    2    21
2160.53    3549    0    1.04939e+06    436028    0    0    0    0    1    1    22
2260.84    3549    0    1.04872e+06    435340    0    0    0    0    1    1    22
2360.97    3549    0    1.04757e+06    434127    0    0    0    0    1    1    22
2461.02    3548    0    1.04553e+06    432034    0    0    0    1    0    3    22
2640.02    3546    2    1.04427e+06    430767    0    0    0    0    0    0    27
2740.18    3545    0    1.04312e+06    429573    0    0    0    0    1    1    28
2840.2    3544    0    1.04155e+06    427952    0    0    0    0    1    3    28
2940.21    3543    0    1.04009e+06    426504    0    0    0    1    0    3    30
3040.31    3542    0    1.03816e+06    424638    0    0    0    2    0    4    30
3140.32    3541    0    1.03647e+06    423082    0    0    0    5    1    2    30
3240.35    3540    0    1.03481e+06    421451    0    0    0    3    0    5    32
3340.4    3540    0    1.0336e+06    420254    0    0    0    3    0    5    32
3440.44    3540    0    1.03233e+06    419026    0    0    0    4    1    3    32
3540.45    3539    0    1.03075e+06    417532    0    0    0    1    0    9    32
3640.57    3538    0    1.0293e+06    416030    0    0    0    6    1    5    32
3740.67    3538    0    1.02799e+06    414725    0    0    0    3    1    8    32
3840.8    3537    0    1.02657e+06    413352    0    0    0    5    0    9    32
3940.99    3537    0    1.02517e+06    411973    0    0    0    3    1    10    32
4040.99    3537    0    1.02394e+06    410759    0    0    1    2    1    8    34
4141.02    3537    0    1.02292e+06    409713    0    0    0    5    2    5    34
4241.13    3536    0    1.02147e+06    408357    0    0    0    4    0    10    34
4341.23    3536    0    1.02016e+06    407044    0    0    0    1    1    10    35
4441.35    3536    0    1.01917e+06    406071    0    0    0    6    0    4    37
4541.37    3535    0    1.01778e+06    404719    0    0    0    5    0    7    37
4641.37    3534    0    1.01632e+06    403287    0    0    0    4    2    8    37
4741.42    3533    0    1.01483e+06    401819    0    0    0    4    0    8    41
4841.43    3532    0    1.01375e+06    400772    0    0    0    4    2    8    41
4941.43    3531    0    1.0124e+06    399384    0    0    0    6    1    9    41
5041.47    3529    0    1.0109e+06    397982    0    0    0    10    0    10    41
5141.55    3529    0    1.00946e+06    396663    0    0    0    7    0    13    41
5241.61    3529    0    1.00818e+06    395444    0    0    0    7    0    13    41
5341.75    3527    0    1.00697e+06    394303    0    0    0    8    0    12    45
5441.77    3527    0    1.00574e+06    393105    0    0    0    8    0    10    46
5541.77    3527    0    1.0046e+06    392013    0    0    2    0    1    15    46
5641.79    3527    0    1.00328e+06    390828    0    0    0    9    0    9    46
5741.81    3526    0    1.00188e+06    389521    0    0    0    7    1    10    48
5841.94    3526    0    1.0008e+06    388476    0    0    0    9    1    6    50
5942.3    3526    0    999467    387277    0    0    0    6    0    10    50
6042.38    3526    0    998243    386079    0    0    0    6    0    10    50
6142.5    3526    0    997232    385118    0    0    0    4    0    8    53
6242.56    3525    0    995840    383840    0    0    0    6    0    6    55
6342.72    3524    0    994574    382693    0    0    0    5    0    9    55
6442.81    3524    0    993296    381477    0    0    0    6    0    8    55
6542.97    3522    0    992006    380192    0    0    0    8    0    10    55
6642.98    3521    0    990388    378705    0    0    0    11    0    9    55
6743.08    3521    0    989105    377453    0    0    0    9    0    9    57
6843.18    3521    0    988008    376404    0    0    0    6    1    11    57
6943.27    3519    0    986761    375276    0    0    0    9    0    11    59
7043.33    3519    0    985423    374022    0    0    0    9    2    7    60
7143.4    3518    0    984202    372924    0    0    0    8    1    9    62
7243.45    3518    0    983059    371821    0    0    0    3    1    14    62
7343.49    3518    0    981913    370727    0    0    1    6    0    9    63
7443.51    3516    0    980643    369495    0    0    0    7    1    10    65
7543.56    3516    0    979319    368297    0    0    0    4    0    14    65
7643.64    3516    0    977960    367137    0    0    0    5    1    12    65
7743.65    3516    0    976716    366015    0    0    0    10    2    6    65
7843.74    3516    0    975549    364998    0    0    0    7    1    8    66
7943.81    3515    0    974268    363835    0    0    0    8    1    7    68
8043.86    3514    0    972834    362536    0    0    0    5    1    12    68
8143.88    3514    0    971578    361346    0    0    0    4    0    14    68
8243.92    3514    0    970566    360399    0    0    0    8    0    6    72
8343.97    3514    0    969541    359387    0    0    0    4    1    9    72
8443.98    3514    0    968364    358258    0    0    0    6    1    7    72
8544.05    3513    0    966996    357005    0    0    1    5    0    10    72
8644.05    3513    0    965693    355878    0    0    0    8    0    8    72
8744.06    3513    0    964438    354759    0    0    1    11    0    4    72
8844.08    3513    0    963207    353681    0    0    0    5    1    8    73
8944.09    3513    0    962020    352594    0    0    0    5    1    8    73
9044.11    3513    0    960776    351499    0    0    0    6    1    7    73
9144.13    3513    0    959610    350456    0    0    0    5    1    6    74
9244.22    3513    0    958534    349457    0    0    0    4    1    7    74
9344.5    3513    0    957287    348367    0    0    0    4    1    5    75
9444.6    3512    0    956127    347372    0    0    0    0    0    12    75
9544.64    3512    0    954651    346096    0    0    0    3    1    8    75
9644.8    3512    0    953442    345076    0    0    0    4    0    6    77
9744.91    3512    0    952202    344008    0    0    0    3    1    6    77
9844.92    3512    0    951149    343038    0    0    0    3    1    4    78
9945.03    3512    0    950117    342088    0    0    0    4    1    1    80
10045.4    3512    0    949464    341509    0    0    0    2    1    1    81
10145.5    3512    0    948345    340557    0    0    0    1    0    3    81
10245.8    3512    0    947463    339815    0    0    0    0    0    2    83
10345.9    3511    0    946442    338967    0    0    0    1    1    2    83
10461.4    3510    2    945265    337888    0    0    0    0    0    0    87
10561.5    3509    0    944022    336795    0    0    0    0    1    1    89
10661.5    3509    0    943067    335940    0    0    0    1    0    1    89
10761.5    3509    0    941762    334740    0    0    0    1    0    1    89
10861.6    3508    0    940138    333332    0    0    0    1    1    0    90
10961.6    3508    0    939207    332511    0    0    0    1    1    0    90
11061.7    3507    0    937325    330838    0    0    0    2    0    2    90
11161.8    3507    0    936080    329728    0    0    0    1    0    1    91
11261.9    3506    0    935180    328935    0    0    1    3    0    0    91
11362.1    3505    0    933669    327675    0    0    0    0    1    1    94
11462.2    3504    0    932623    326815    0    0    0    0    1    1    95
11562.2    3504    0    931416    325838    0    0    0    0    0    2    95
11669.1    3503    2    931111    325569    0    0    0    0    0    0    96
11769.2    3502    0    929002    323731    0    0    0    1    0    1    97
11869.4    3502    0    928314    323135    0    0    0    0    1    1    97
11969.4    3501    0    926939    322038    0    0    0    1    0    1    99
12069.4    3501    0    925707    320943    0    0    1    1    0    0    99
12169.4    3500    0    924419    319881    0    0    0    0    1    1    101
12269.6    3500    0    923145    318793    0    0    0    1    1    0    101
12369.6    3500    0    921916    317698    0    0    0    1    0    1    101
12470    3500    0    920722    316639    0    0    0    0    0    2    101
12570.1    3500    0    919541    315583    0    0    0    0    1    1    101
12670.2    3500    0    918343    314549    0    0    0    1    0    1    101
13265.5    3499    2    917850    314149    0    0    0    0    0    0    103
13365.5    3499    0    916661    313110    0    0    0    0    1    1    103
13465.6    3499    0    915475    312100    0    0    0    0    1    1    103
13571.5    3498    2    914506    311300    0    0    0    0    0    0    105
13671.8    3498    0    913161    310214    0    0    0    0    1    1    105
13772    3497    0    912364    309477    0    0    0    1    1    0    107
13962.3    3496    2    912309    309429    0    0    0    0    0    0    108
14062.3    3495    0    910518    307986    0    0    0    2    1    1    108
14162.3    3495    0    909493    307158    0    0    0    1    1    0    110
14262.3    3495    0    908291    306191    0    0    0    0    0    2    110
14362.3    3494    0    906169    304355    0    0    0    4    0    0    110
14462.4    3492    0    904211    302736    0    0    0    4    0    2    112
14562.4    3491    0    902985    301756    0    0    1    0    0    3    116
14662.4    3490    0    901985    300875    0    0    0    0    0    4    118
14762.4    3490    0    900798    299881    0    0    0    2    1    1    118
14862.6    3490    0    899753    299056    0    0    0    0    1    1    120
14963.2    3490    0    898872    298350    0    0    0    0    0    2    120
15063.2    3489    0    896862    296764    0    0    1    0    0    1    122
15209.3    3488    2    896597    296552    0    0    0    0    0    0    124
15309.3    3488    0    895348    295528    0    0    0    1    1    0    124
15509.6    3487    2    894901    295156    0    0    0    0    0    0    126
15609.6    3487    0    893612    294131    0    0    0    0    1    1    126
15709.6    3486    0    891976    292791    0    0    0    3    0    1    126
15809.6    3486    0    890086    291305    0    0    0    2    1    1    126
15909.6    3486    0    889111    290497    0    0    1    1    0    0    128
16009.9    3486    0    888320    289842    0    0    0    0    1    1    128
16110.1    3486    0    887236    288905    0    0    0    1    1    0    128
16549.8    3485    2    886878    288609    0    0    0    0    0    0    130
16649.9    3485    0    885696    287648    0    0    0    0    0    2    130
16750    3484    0    883957    286211    0    0    0    1    1    2    130
16850.2    3484    0    882495    285011    0    0    0    0    1    1    132
16950.3    3484    0    881891    284487    0    0    0    0    1    1    132
17050.3    3484    0    880714    283529    0    0    1    1    0    0    132
17150.3    3484    0    879642    282556    0    0    0    0    0    2    132
17250.3    3484    0    878341    281524    0    0    0    0    1    1    132
17408.9    3483    2    877700    281028    0    0    0    0    0    0    134
17509    3482    0    876306    279939    0    0    0    2    1    1    134
17609    3482    0    874597    278612    0    0    0    0    0    2    135
17709.1    3481    0    874053    278181    0    0    0    1    0    1    137
17858.6    3480    2    873674    277877    0    0    0    0    0    0    139
17958.6    3480    0    872506    276954    0    0    0    1    1    0    139
18058.7    3480    0    871320    276000    0    0    0    0    0    2    139
18499.9    3479    2    870894    275639    0    0    0    0    0    0    141
18600    3479    0    869604    274705    0    0    0    0    0    2    141
18700.1    3479    0    868477    273798    0    0    0    1    0    1    141
18800.2    3479    0    867289    272865    0    0    0    1    0    1    141
18900.2    3478    0    865739    271652    0    0    0    1    1    0    143
19000.4    3476    0    864469    270652    0    0    0    2    1    1    144
19100.4    3475    0    862660    269260    0    0    0    0    1    3    146
19200.8    3475    0    861845    268648    0    0    0    1    1    0    148
19300.8    3475    0    860821    267850    0    0    0    0    0    2    148
19400.8    3472    0    858148    265747    0    0    0    4    1    1    149
19500.9    3472    0    856399    264462    0    0    1    2    0    3    149
19601.1    3472    0    855052    263469    0    0    0    4    1    1    149
19701.1    3472    0    853817    262535    0    0    0    3    0    3    149
19801.2    3472    0    852930    261845    0    0    0    1    1    2    151
19901.4    3471    0    851528    260792    0    0    0    1    1    4    151
20001.6    3471    0    850110    259688    0    0    0    3    1    2    151
20101.6    3470    0    848854    258640    0    0    0    2    0    4    152
20201.7    3469    0    847758    257790    0    0    0    5    0    3    152
20301.7    3469    0    846244    256636    0    0    0    2    1    3    154
20401.7    3469    0    845248    255894    0    0    0    3    1    2    154
20502.1    3469    0    844298    255185    0    0    0    1    1    2    156
20602.3    3469    0    843193    254347    0    0    0    1    1    2    156
20702.4    3469    0    842424    253762    0    0    0    0    1    1    157
20886.7    3468    2    841555    253079    0    0    0    0    0    0    159
20986.8    3466    0    839250    251366    0    0    0    1    1    2    161
21086.8    3465    0    837720    250309    0    0    0    1    0    3    163
21186.9    3465    0    836816    249646    0    0    0    1    1    0    164
21286.9    3464    0    835789    248885    0    0    0    0    1    1    165
21386.9    3463    0    834166    247653    0    0    0    1    1    2    165
21486.9    3462    0    832767    246684    0    0    0    1    1    2    167
21587.3    3462    0    831756    245943    0    0    0    1    1    0    169
21687.3    3461    0    830353    244919    0    0    0    0    0    2    171
21787.4    3458    0    828261    243323    0    0    0    2    1    5    171
21887.5    3457    0    826201    241926    0    0    0    4    1    5    171
21987.5    3456    0    824477    240712    0    0    0    4    1    5    173
22087.8    3456    0    823376    239893    0    0    0    3    0    5    174
22187.8    3456    0    822409    239213    0    0    0    5    0    1    176
22287.8    3456    0    821385    238455    0    0    0    2    0    4    176
22387.8    3455    0    820235    237570    0    0    0    3    1    2    178
22487.8    3455    0    819344    236941    0    0    0    2    0    2    180
22588.1    3454    0    818069    236050    0    0    0    1    1    4    180
22688.2    3454    0    816946    235241    0    0    0    1    0    3    182
22788.2    3453    0    815565    234229    0    0    1    1    0    2    184
22888.4    3453    0    814560    233488    0    0    0    1    1    2    184
22988.6    3452    0    813184    232557    0    0    0    2    1    1    185
23088.6    3452    0    811968    231701    0    0    0    2    1    1    185
23188.7    3452    0    810679    230799    0    0    0    2    1    1    185
23288.8    3451    0    808928    229595    0    0    0    4    1    1    185
23388.8    3450    0    807404    228482    0    0    0    3    1    4    185
23488.8    3450    0    806148    227565    0    0    1    4    0    3    185
23588.9    3449    0    805044    226744    0    0    0    2    1    5    186
23689    3449    0    804027    225920    0    0    0    4    0    4    186
23789    3447    0    802684    224952    0    0    0    7    0    3    188
23889    3446    0    800861    223773    0    0    0    5    2    5    188
23989    3446    0    799682    222909    0    0    0    4    0    4    191
24089.3    3446    0    798828    222315    0    0    0    4    1    3    191
24189.5    3446    0    797520    221460    0    0    0    5    0    3    191
24289.7    3446    0    796421    220636    0    0    0    3    1    4    191
24389.7    3445    0    794911    219625    0    0    0    5    0    5    191
24489.8    3445    0    793690    218770    0    0    0    2    1    5    193
24589.8    3445    0    792472    218001    0    0    0    5    1    2    193
24690.2    3445    0    791170    217116    0    0    0    5    0    3    193
24790.2    3445    0    789979    216290    0    0    0    2    2    4    193
24890.2    3445    0    789006    215659    0    0    1    1    0    4    195
24990.4    3444    0    787765    214743    0    0    0    2    0    6    195
25090.4    3444    0    786366    213838    0    0    1    4    0    3    195
25190.5    3442    0    784768    212762    0    0    0    4    0    6    197
25290.5    3441    0    783541    211930    0    0    1    5    0    4    198
25390.5    3441    0    782372    211116    0    0    0    5    0    5    198
25490.5    3440    0    781279    210321    0    0    1    3    0    6    199
25590.7    3440    0    780164    209562    0    0    0    2    1    5    201
25690.8    3439    0    779151    208875    0    0    0    4    1    3    202
25790.8    3438    0    777962    208022    0    0    0    3    1    4    203
25891    3437    0    776847    207236    0    0    0    3    1    6    203
25991    3436    0    775232    206142    0    0    1    5    1    3    204
26091.1    3436    0    774086    205367    0    0    0    3    1    6    204
26191.2    3435    0    772823    204482    0    0    0    5    1    4    206
26291.4    3435    0    771970    203878    0    0    0    5    0    5    206
26391.4    3435    0    771046    203273    0    0    0    4    0    2    208
26491.6    3435    0    770214    202676    0    0    0    3    0    3    208
26591.7    3434    0    768981    201888    0    0    0    3    1    4    208
26691.7    3434    0    767531    200918    0    0    2    1    0    3    209
26791.8    3434    0    766604    200349    0    0    0    1    0    3    211
26891.8    3434    0    765725    199727    0    0    0    2    1    1    211
26992    3433    0    764369    198860    0    0    0    2    1    1    212
27092.2    3433    0    763321    198134    0    0    0    0    1    3    212
27192.2    3433    0    762070    197322    0    0    1    0    1    2    212
27292.2    3433    0    760767    196507    0    0    0    2    1    1    212
27392.4    3430    0    759062    195434    0    0    0    1    0    3    217
27492.5    3428    0    757897    194633    0    0    0    2    0    4    218
27592.5    3428    0    756496    193735    0    0    0    4    0    2    218
27692.6    3426    0    754926    192745    0    0    0    7    0    3    218
27792.6    3425    0    753231    191577    0    0    0    4    1    5    220
27892.6    3423    0    752034    190836    0    0    0    10    0    4    220
27992.6    3422    0    750247    189687    0    0    0    12    1    3    220
28092.7    3422    0    748891    188842    0    0    0    8    1    7    220
28192.8    3422    0    747690    188089    0    0    1    10    0    5    220
28292.9    3422    0    746596    187369    0    0    0    6    1    7    221
28394    3422    0    745661    186759    0    0    0    2    1    7    223
28494.1    3421    0    744436    186026    0    0    0    4    0    8    223
28594.2    3420    0    742976    185137    0    0    1    7    0    4    224
28694.8    3420    0    742055    184505    0    0    0    2    1    7    225
28795.4    3420    0    741030    183847    0    0    0    4    1    3    227
28895.4    3419    0    740199    183319    0    0    1    1    0    4    229
28995.5    3419    0    739137    182624    0    0    0    0    0    6    229
29095.5    3418    0    737795    181866    0    0    0    1    0    3    232
29195.8    3417    0    736799    181244    0    0    0    1    0    3    234
29295.8    3416    0    735595    180524    0    0    0    1    0    3    236
29396    3416    0    734468    179841    0    0    0    0    1    1    238
29496.1    3416    0    733777    179440    0    0    0    0    0    2    238
29596.1    3416    0    732673    178727    0    0    0    0    1    1    238
29696.2    3416    0    731555    178012    0    0    0    1    1    0    238
