459.248    3562    2    1.07248e+06    459469    0    0    0    0    0    0    2
659.264    3560    0    1.06831e+06    455120    0    0    0    0    0    2    4
859.373    3560    0    1.0667e+06    453525    0    0    0    1    0    1    4
1098.05    3559    2    1.06515e+06    452035    0    0    0    0    0    0    6
1298.14    3555    0    1.061e+06    447800    0    0    0    2    0    2    11
1498.14    3553    0    1.05761e+06    444338    0    0    0    1    1    2    15
1698.41    3553    0    1.05646e+06    443072    0    0    0    0    0    2    16
1898.61    3551    0    1.05319e+06    439742    0    0    0    0    1    1    19
2098.63    3550    0    1.05123e+06    437646    0    0    0    0    0    2    21
2298.64    3550    0    1.049e+06    435415    0    0    0    0    1    1    21
2498.73    3549    0    1.04602e+06    432335    0    0    0    1    0    3    21
2760.43    3546    2    1.04411e+06    430393    0    0    0    0    0    0    27
2960.49    3545    0    1.04138e+06    427625    0    0    0    1    1    2    27
3160.55    3542    0    1.036e+06    422462    0    0    0    5    0    3    29
3360.6    3541    0    1.03216e+06    418730    0    0    0    3    0    5    31
3560.67    3539    0    1.02889e+06    415451    0    0    0    5    0    7    31
3760.76    3538    0    1.02584e+06    412473    0    0    0    4    0    10    31
3960.8    3538    0    1.02327e+06    409893    0    0    0    5    0    7    33
4160.91    3537    0    1.02067e+06    407424    0    0    0    5    0    7    34
4361.03    3536    0    1.01861e+06    405371    0    0    0    5    1    6    36
4561.04    3534    0    1.01546e+06    402276    0    0    0    3    0    13    36
4761.04    3532    0    1.01277e+06    399648    0    0    0    10    2    4    40
4961.26    3530    0    1.00953e+06    396576    0    0    0    6    0    14    40
5161.27    3528    0    1.00684e+06    394025    0    0    1    9    1    9    43
5361.48    3528    0    1.00456e+06    391822    0    0    0    5    1    12    44
5561.49    3527    0    1.00187e+06    389368    0    0    0    5    1    12    46
5761.55    3527    0    999628    387275    0    0    1    10    0    5    48
5961.58    3527    0    997346    385082    0    0    0    4    0    8    51
6161.61    3525    0    994901    382863    0    0    0    4    1    9    53
6361.63    3524    0    992381    380393    0    0    0    5    0    11    53
6561.64    3522    0    989040    377229    0    0    1    7    0    10    55
6761.72    3520    0    986653    375037    0    0    0    11    1    8    57
6961.76    3519    0    984115    372726    0    0    0    7    0    11    60
7161.76    3519    0    981836    370514    0    0    0    6    2    8    61
7361.8    3517    0    979319    368139    0    0    1    9    0    8    63
7561.85    3517    0    976617    365799    0    0    0    9    0    9    63
7761.92    3516    0    974342    363759    0    0    0    8    0    8    66
7961.96    3515    0    971592    361206    0    0    0    5    1    10    68
8162.03    3515    0    969623    359320    0    0    0    4    1    9    70
8362.08    3514    0    967220    357075    0    0    0    6    0    10    70
8562.15    3514    0    964482    354658    0    0    0    9    1    6    70
8762.36    3514    0    962189    352615    0    0    0    4    1    9    71
8962.37    3514    0    959818    350484    0    0    0    4    1    7    72
9162.65    3514    0    957669    348525    0    0    0    7    1    4    72
9362.71    3513    0    955351    346557    0    0    0    3    1    8    73
9562.81    3513    0    952671    344275    0    0    0    5    0    5    75
9763.05    3512    0    950461    342282    0    0    0    4    1    5    77
9963.15    3510    0    947460    339791    0    0    0    4    1    5    81
10163.2    3508    0    944838    337543    0    0    0    1    0    9    84
10363.3    3507    0    942307    335265    0    0    0    3    0    9    84
10563.3    3506    0    939643    332923    0    0    0    2    0    10    85
10763.4    3505    0    937143    330663    0    0    0    4    1    9    85
10963.4    3503    0    934230    328145    0    0    0    4    0    10    87
11163.5    3502    0    931763    326099    0    0    0    11    1    4    87
11363.5    3500    0    929041    323749    0    0    0    9    1    8    89
11563.6    3500    0    926982    322002    0    0    1    7    1    3    93
11764    3497    0    924658    320021    0    0    0    6    1    9    94
11964.1    3497    0    921650    317439    0    0    0    5    1    10    94
12164.1    3495    0    919005    315129    0    0    0    7    1    12    94
12364.1    3494    0    916131    312703    0    0    0    9    0    11    96
12564.1    3494    0    913574    310577    0    0    0    12    1    7    96
12764.1    3491    0    910847    308321    0    0    1    15    1    7    98
12964.2    3490    0    907894    305948    0    0    0    10    1    13    100
13164.2    3487    0    905184    303628    0    0    0    16    1    13    100
13364.3    3485    0    902263    301253    0    0    0    9    1    18    105
13564.3    3484    0    899574    299087    0    0    0    14    1    15    105
13764.6    3482    0    896913    296937    0    0    0    11    0    17    108
13964.6    3482    0    894726    295106    0    0    0    15    1    12    108
14164.6    3481    0    892253    293083    0    0    0    16    1    11    110
14364.8    3480    0    889493    290892    0    0    0    9    0    21    110
14564.8    3479    0    887306    288990    0    0    0    12    3    13    113
14764.8    3478    0    884941    287086    0    0    0    15    1    10    116
14964.9    3478    0    882688    285214    0    0    0    10    1    15    116
15164.9    3477    0    880126    283094    0    0    2    10    0    16    116
15364.9    3476    0    877835    281229    0    0    0    7    2    19    117
15565    3475    0    875501    279394    0    0    0    9    1    16    121
15765    3475    0    873273    277602    0    0    1    9    0    10    127
15965.1    3475    0    871318    276061    0    0    0    8    0    8    130
16165.1    3473    0    868947    274231    0    0    1    11    1    7    130
16365.1    3472    0    866332    272157    0    0    0    11    1    8    131
16565.1    3470    0    863611    270010    0    0    1    10    2    9    133
16765.1    3468    0    860937    267967    0    0    1    11    0    10    136
16965.2    3468    0    858700    266268    0    0    0    10    1    9    137
17165.6    3468    0    856307    264405    0    0    0    4    1    15    137
17365.6    3468    0    853717    262508    0    0    0    14    0    6    137
17565.6    3467    0    851348    260724    0    0    1    9    1    9    138
17765.6    3465    0    848710    258663    0    0    0    7    0    15    139
17965.7    3463    0    846246    256755    0    0    0    11    0    13    141
18165.7    3463    0    843729    254863    0    0    1    11    1    11    141
18365.7    3460    0    841091    252889    0    0    3    12    1    12    142
18565.8    3459    0    838272    250840    0    0    0    12    1    15    144
18765.9    3459    0    836210    249291    0    0    1    9    0    12    148
18966    3459    0    834125    247705    0    0    0    10    0    10    149
19166    3459    0    832116    246223    0    0    0    9    1    6    151
19366.1    3459    0    829823    244418    0    0    0    5    1    10    151
19566.2    3458    0    827400    242670    0    0    0    5    0    11    153
19766.2    3456    0    824345    240478    0    0    1    8    0    11    153
19966.4    3455    0    821877    238712    0    0    0    7    1    10    156
20166.4    3454    0    819691    237058    0    0    0    8    0    8    160
20366.9    3453    0    817399    235451    0    0    0    7    0    9    162
20566.9    3452    0    815109    233791    0    0    1    9    1    5    164
20767    3451    0    812470    231972    0    0    0    6    0    10    165
20967.1    3450    0    809995    230208    0    0    0    10    1    7    165
21167.2    3450    0    807680    228513    0    0    0    9    1    4    169
21367.2    3450    0    805539    226969    0    0    0    3    0    11    169
21567.4    3449    0    803671    225509    0    0    0    8    1    5    171
21767.5    3447    0    800493    223300    0    0    0    4    1    11    172
21967.5    3447    0    798503    221896    0    0    0    3    0    9    175
22167.5    3447    0    796350    220387    0    0    0    6    0    6    175
22367.6    3446    0    793439    218450    0    0    0    6    1    5    177
22567.8    3445    0    790757    216638    0    0    0    5    1    8    177
22768.2    3443    0    788447    215021    0    0    0    4    1    9    181
22968.2    3441    0    786329    213501    0    0    0    3    1    8    184
23168.2    3439    0    784195    212054    0    0    0    5    1    4    188
23368.4    3439    0    782048    210571    0    0    0    2    0    6    189
23568.4    3437    0    779610    208873    0    0    1    4    0    3    192
23768.4    3436    0    777836    207619    0    0    0    4    0    4    194
23968.4    3434    0    774940    205658    0    0    0    3    2    5    195
24168.5    3433    0    772544    203971    0    0    0    3    0    7    197
24368.6    3433    0    770884    202874    0    0    0    1    1    4    201
24568.7    3432    0    769020    201622    0    0    0    5    0    3    201
24768.7    3432    0    766619    200050    0    0    0    0    0    4    203
24968.7    3431    0    764864    198911    0    0    1    3    0    2    203
25168.7    3431    0    762601    197378    0    0    1    2    0    1    204
25368.8    3429    0    759757    195629    0    0    0    4    1    3    204
25568.9    3426    0    756639    193547    0    0    0    3    1    2    210
25769    3423    0    752866    191068    0    0    1    2    0    7    212
25969.2    3420    0    748718    188428    0    0    0    5    1    10    212
26169.3    3420    0    746273    186897    0    0    1    5    0    4    215
26369.5    3419    0    744518    185792    0    0    0    7    0    5    215
26570.1    3418    0    741956    184174    0    0    0    4    1    5    217
26770.2    3417    0    740149    182992    0    0    0    5    1    2    220
26970.6    3416    0    737854    181600    0    0    0    1    0    5    224
27170.7    3414    0    735345    180075    0    0    0    2    1    7    224
27370.7    3413    0    732757    178456    0    0    1    3    0    4    227
27570.8    3412    0    730211    176848    0    0    0    2    1    5    229
27770.8    3410    2    728429    175710    0    0    0    3    0    3    231
27971.1    3408    0    725545    173966    0    0    0    2    1    7    232
28171.1    3406    0    723094    172505    0    0    0    3    0    5    236
28371.1    3405    0    719893    170515    0    0    0    7    0    3    236
28571.2    3403    0    717406    168996    0    0    0    3    1    6    239
28771.2    3401    0    714923    167525    0    0    0    7    1    2    243
28971.3    3399    0    711922    165784    0    0    0    5    0    7    245
29171.4    3399    0    709520    164420    0    0    0    7    1    2    247
29371.9    3397    0    707343    163114    0    0    0    4    1    9    247
29571.9    3396    0    704324    161336    0    0    0    8    0    6    248
29772    3395    0    701934    159914    0    0    3    7    0    6    248
29972    3393    0    698714    158083    0    0    0    6    0    12    249
