459.248    3562    2    1.07248e+06    459469    0    0    0    0    0    0    2
759.251    3560    0    1.06689e+06    453723    0    0    1    1    0    0    4
1059.27    3558    0    1.06377e+06    450644    0    0    0    1    1    2    5
1359.51    3554    0    1.05937e+06    446180    0    0    0    1    0    1    14
1659.57    3553    0    1.05654e+06    443232    0    0    0    3    0    1    14
1959.6    3551    0    1.05272e+06    439311    0    0    0    0    0    2    18
2259.63    3548    0    1.04952e+06    436094    0    0    0    0    1    1    23
2559.63    3547    0    1.04646e+06    432907    0    0    0    2    0    2    23
2859.77    3544    0    1.04372e+06    430164    0    0    0    1    1    0    28
3159.77    3541    0    1.03857e+06    425006    0    0    1    1    0    2    31
3459.79    3539    0    1.03407e+06    420630    0    0    0    1    0    1    36
3759.79    3536    0    1.03084e+06    417551    0    0    0    3    1    2    37
4059.82    3534    0    1.02386e+06    410477    0    0    0    0    1    3    41
4359.84    3533    0    1.02114e+06    407902    0    0    0    0    1    3    43
4659.85    3531    0    1.01861e+06    405410    0    0    0    2    1    3    44
4959.93    3530    0    1.01287e+06    399772    0    0    0    0    1    3    48
5259.93    3529    0    1.00952e+06    396579    0    0    0    0    1    3    50
5559.94    3526    0    1.00509e+06    392378    0    0    0    2    0    4    52
5859.95    3525    0    1.00116e+06    388703    0    0    0    3    1    0    56
6159.98    3524    0    997875    385658    0    0    0    2    0    2    58
6460.2    3522    0    993506    381647    0    0    0    2    1    1    60
6760.2    3520    0    989649    377914    0    0    0    2    1    1    62
7060.2    3520    0    986852    375346    0    0    0    0    0    2    63
7360.53    3520    0    984750    373367    0    0    0    1    0    1    63
7703.75    3519    2    982434    371182    0    0    0    0    0    0    65
8003.9    3514    0    976448    365909    0    0    0    2    0    2    73
8303.94    3513    0    971288    361143    0    0    0    1    0    1    77
8604.05    3513    0    969544    359487    0    0    0    0    0    2    77
8904.07    3512    0    963664    354187    0    0    0    1    1    2    77
9204.08    3512    0    960470    351377    0    0    0    1    0    1    78
9504.1    3510    0    955593    346994    0    0    0    2    1    1    80
9804.11    3508    0    952604    344405    0    0    0    2    0    2    84
10104.1    3508    0    948598    340806    0    0    0    1    0    1    86
10404.3    3506    0    944741    337480    0    0    0    0    0    2    90
10704.3    3504    0    939732    333035    0    0    0    2    0    2    91
11004.3    3503    0    935459    329202    0    0    0    1    0    3    93
11304.9    3502    0    932693    326892    0    0    0    1    1    0    95
11605.1    3500    0    929949    324551    0    0    0    0    1    3    97
11905.3    3497    0    924678    320142    0    0    0    0    1    1    103
12205.4    3496    0    921879    317624    0    0    0    2    0    2    103
12505.5    3496    0    918426    314578    0    0    0    0    1    1    105
12805.6    3495    0    915676    312237    0    0    0    0    1    1    106
13105.6    3493    0    912690    309720    0    0    0    1    0    1    110
13405.6    3491    0    910878    308236    0    0    0    1    1    2    111
13705.7    3490    0    906201    304343    0    0    0    1    1    2    113
14005.7    3489    0    902824    301552    0    0    0    1    0    1    116
14305.8    3487    0    898753    298172    0    0    0    3    0    1    118
14605.8    3486    0    895426    295499    0    0    0    0    0    2    120
14905.9    3485    0    891599    292409    0    0    0    1    1    2    120
15206.3    3484    0    888290    289730    0    0    0    0    1    1    124
15506.3    3483    0    884463    286565    0    0    0    1    1    2    124
15806.3    3483    0    879624    282518    0    0    0    2    1    1    124
16107.2    3483    0    876777    280264    0    0    0    1    0    1    126
16407.3    3481    0    874633    278631    0    0    0    0    0    4    127
16707.3    3477    0    867212    272809    0    0    0    0    1    1    133
17007.4    3473    0    863847    270167    0    0    0    4    0    2    136
17307.4    3473    0    861136    268055    0    0    0    2    0    0    140
17607.4    3471    0    855193    263443    0    0    0    3    0    3    140
17907.4    3471    0    850539    260007    0    0    1    2    0    3    140
18207.4    3469    0    846473    256781    0    0    1    2    0    3    143
18510.8    3468    2    844552    255398    0    0    0    0    0    0    147
18810.8    3467    0    841483    253076    0    0    0    1    0    1    149
19110.8    3465    0    837382    249994    0    0    0    3    0    1    150
19410.8    3463    0    834009    247396    0    0    0    3    0    1    152
19710.8    3458    0    829054    243761    0    0    0    6    1    1    156
20010.8    3456    0    822613    239171    0    0    0    1    1    2    161
20310.9    3455    0    820772    237775    0    0    0    0    0    6    161
21105.1    3454    2    819972    237184    0    0    0    0    0    0    165
21405.2    3451    0    816015    234390    0    0    0    2    0    2    169
21705.2    3449    0    810181    230262    0    0    0    5    0    1    170
22005.2    3446    0    804987    226578    0    0    0    2    1    3    173
22305.4    3444    0    801089    223766    0    0    0    5    1    0    176
22606.1    3444    0    798185    221749    0    0    0    2    1    1    177
22907.2    3444    0    796552    220582    0    0    0    1    0    1    179
23207.3    3442    0    790698    216663    0    0    0    2    0    2    181
23507.3    3436    0    783714    211902    0    0    0    5    1    0    189
23807.4    3435    0    780526    209654    0    0    0    3    1    0    191
24107.5    3433    0    778136    208004    0    0    0    1    1    2    195
24407.5    3430    0    772677    204250    0    0    0    2    1    3    198
24707.5    3429    0    768334    201370    0    0    0    1    0    5    199
25007.5    3429    0    765273    199277    0    0    1    2    0    3    199
25307.7    3428    0    761544    196828    0    0    0    2    1    3    200
25614.9    3425    2    759239    195409    0    0    0    0    0    0    209
25915.1    3424    0    756124    193427    0    0    0    2    1    1    209
26215.1    3419    0    747598    187964    0    0    0    4    0    4    214
26515.2    3418    0    744884    186260    0    0    0    3    0    3    216
26815.2    3416    0    741349    184038    0    0    0    2    1    1    220
27115.3    3412    0    737692    181797    0    0    0    1    0    5    224
27415.3    3410    0    733905    179489    0    0    0    3    1    2    228
27715.5    3409    0    729940    177017    0    0    0    4    0    4    228
28015.7    3408    0    726987    175171    0    0    0    2    1    1    232
28315.9    3405    0    724581    173736    0    0    0    2    1    1    237
28616    3402    0    721137    171661    0    0    0    1    0    3    241
28916.2    3400    0    716219    168687    0    0    0    1    0    1    245
29216.4    3396    0    712536    166518    0    0    0    1    1    4    249
29516.6    3395    0    708598    164211    0    0    0    1    1    4    251
29816.6    3392    0    701632    160125    0    0    1    3    0    2    255
