679.525 0.00499558 2.80651e-06 1.50485 0.644628 0 0 0 0 0 0 5.61301e-06
1279.71 0.00499137 0 1.49584 0.63511 0 0 0 0 1.40325e-06 4.20976e-06 9.82277e-06
1879.78 0.00498716 0 1.48661 0.62558 0 0 0 0 1.40325e-06 1.40325e-06 2.10488e-05
2479.8 0.00498436 0 1.48097 0.61965 0 0 0 0 0 5.61301e-06 2.38553e-05
3079.88 0.00497874 0 1.47059 0.609154 0 0 0 1.40325e-06 0 1.40325e-06 3.50813e-05
3679.97 0.00497032 0 1.4605 0.598896 0 0 0 1.40325e-06 0 4.20976e-06 4.63074e-05
4279.99 0.00496752 0 1.4463 0.585249 0 0 0 0 1.40325e-06 1.40325e-06 5.19204e-05
4880.08 0.00496331 0 1.43164 0.570836 0 0 0 1.40325e-06 1.40325e-06 0 6.03399e-05
5480.09 0.0049591 0 1.42346 0.56278 0 0 0 2.80651e-06 1.40325e-06 4.20976e-06 6.31464e-05
6080.12 0.0049591 0 1.41561 0.555346 0 0 0 1.40325e-06 1.40325e-06 0 6.73562e-05
6680.19 0.00495208 0 1.4038 0.544378 0 0 0 0 1.40325e-06 4.20976e-06 7.71789e-05
7280.3 0.00494647 0 1.391 0.532351 0 0 0 1.40325e-06 0 4.20976e-06 8.41952e-05
7880.3 0.00494366 0 1.37805 0.520128 0 0 0 2.80651e-06 1.40325e-06 1.40325e-06 8.84049e-05
8480.79 0.00493243 0 1.36178 0.505439 0 0 0 1.40325e-06 1.40325e-06 2.80651e-06 0.00010805
9080.8 0.00493103 0 1.35445 0.498711 0 0 0 2.80651e-06 1.40325e-06 4.20976e-06 0.00010805
9681.22 0.00492963 0 1.34421 0.489519 0 0 0 0 1.40325e-06 7.01627e-06 0.000109454
10281.5 0.00492402 0 1.3358 0.482186 0 0 0 2.80651e-06 1.40325e-06 4.20976e-06 0.000119277
10881.6 0.00491981 0 1.32581 0.473385 0 0 0 0 0 2.80651e-06 0.000130503
11481.6 0.0049156 0 1.31288 0.461891 0 0 0 1.40325e-06 0 4.20976e-06 0.000134712
12081.8 0.00490998 0 1.30282 0.453343 0 0 0 2.80651e-06 1.40325e-06 4.20976e-06 0.000138922
12681.8 0.00490156 0 1.28758 0.440463 0 0 0 1.40325e-06 1.40325e-06 2.80651e-06 0.000151551
13281.9 0.00489314 0 1.27747 0.432132 0 0 0 7.01627e-06 1.40325e-06 2.80651e-06 0.000161374
13882 0.00488753 0 1.26604 0.422562 0 0 0 1.40325e-06 1.40325e-06 2.80651e-06 0.00017681
14482.3 0.00488472 0 1.25797 0.41609 0 0 0 1.40325e-06 1.40325e-06 2.80651e-06 0.000182423
15082.5 0.00488332 0 1.25122 0.410672 0 0 0 1.40325e-06 0 1.40325e-06 0.000185229
15682.9 0.00488051 0 1.24251 0.403501 0 0 0 0 1.40325e-06 1.40325e-06 0.000189439
16283.1 0.00488051 0 1.23458 0.396889 0 0 0 0 1.40325e-06 1.40325e-06 0.000189439
16989.4 0.0048749 2.80651e-06 1.22591 0.390033 0 0 0 0 0 0 0.000197859
17646.5 0.0048735 2.80651e-06 1.22201 0.386891 0 0 0 0 0 0 0.000200665
18246.6 0.00486789 0 1.20938 0.377121 0 0 0 0 1.40325e-06 1.40325e-06 0.000210488
18846.7 0.00486087 0 1.19242 0.364348 0 0 0 2.80651e-06 1.40325e-06 1.40325e-06 0.000217504
19446.8 0.00485526 0 1.18065 0.355346 0 0 0 0 1.40325e-06 1.40325e-06 0.000227327
20046.8 0.00485105 0 1.173 0.349534 0 0 0 2.80651e-06 0 2.80651e-06 0.000230134
20646.9 0.00483982 0 1.16172 0.341197 0 0 0 4.20976e-06 1.40325e-06 5.61301e-06 0.000242763
21246.9 0.00483421 0 1.14517 0.32937 0 0 0 0 1.40325e-06 4.20976e-06 0.000258199
21847 0.0048328 0 1.13781 0.324195 0 0 0 1.40325e-06 1.40325e-06 2.80651e-06 0.000259602
22447 0.00482298 0 1.12409 0.31433 0 0 0 7.01627e-06 0 1.40325e-06 0.000269425
23047 0.00482158 0 1.11757 0.30981 0 0 0 2.80651e-06 0 0 0.000275038
23647.1 0.00481737 0 1.10694 0.302616 0 0 0 4.20976e-06 1.40325e-06 0 0.000280651
24247.2 0.00480614 0 1.09069 0.291537 0 0 0 0 1.40325e-06 1.40325e-06 0.00029749
24847.5 0.00480193 0 1.08575 0.28819 0 0 0 4.20976e-06 1.40325e-06 2.80651e-06 0.000298893
25447.6 0.00479772 0 1.06868 0.276759 0 0 0 1.40325e-06 1.40325e-06 2.80651e-06 0.000307312
26047.6 0.00478509 0 1.05302 0.266646 0 0 0 4.20976e-06 1.40325e-06 5.61301e-06 0.000324151
26647.7 0.00478229 0 1.04043 0.258708 0 0 0 4.20976e-06 1.40325e-06 5.61301e-06 0.000328361
27247.8 0.00477527 0 1.03053 0.252612 0 0 0 5.61301e-06 0 5.61301e-06 0.000340991
27847.9 0.00477106 0 1.02101 0.246623 0 0 0 0 1.40325e-06 4.20976e-06 0.000350813
28448 0.00476264 0 1.01107 0.240526 0 0 0 5.61301e-06 0 8.41952e-06 0.000356426
29048.2 0.00475422 0 0.998061 0.232819 0 0 0 4.20976e-06 0 9.82277e-06 0.000371862
29648.2 0.00475001 0 0.986111 0.225767 0 0 0 7.01627e-06 1.40325e-06 8.41952e-06 0.000374669
