459.248    3562    2    1.07248e+06    459469    0    0    0    0    0    0    2
509.314    3561    0    1.07168e+06    458659    0    0    0    1    0    3    2
559.414    3561    0    1.07074e+06    457664    0    0    0    1    0    3    2
609.605    3561    0    1.0701e+06    456967    0    0    0    0    1    3    2
659.655    3560    0    1.0694e+06    456302    0    0    0    2    0    4    2
709.722    3560    0    1.06861e+06    455445    0    0    0    0    0    4    4
759.74    3560    0    1.06818e+06    455004    0    0    0    0    1    3    4
809.794    3560    0    1.06765e+06    454432    0    0    0    1    1    0    6
859.913    3560    0    1.06724e+06    454027    0    0    0    0    0    2    6
910.028    3560    0    1.06656e+06    453386    0    0    0    1    0    1    6
960.059    3560    0    1.06585e+06    452698    0    0    0    0    1    1    6
1010.48    3560    0    1.06525e+06    452115    0    0    0    0    0    2    6
1139.55    3559    2    1.06516e+06    452027    0    0    0    0    0    0    8
1189.58    3559    0    1.06459e+06    451405    0    0    0    1    0    1    8
1239.64    3558    0    1.06392e+06    450717    0    0    0    0    0    4    8
1289.66    3556    0    1.06283e+06    449601    0    0    0    2    0    4    10
1339.73    3556    0    1.06177e+06    448533    0    0    0    4    0    2    10
1389.77    3556    0    1.06134e+06    448094    0    0    0    2    1    1    11
1440.56    3556    0    1.0607e+06    447422    0    0    0    0    0    2    12
1490.73    3556    0    1.06043e+06    447098    0    0    0    1    0    1    12
1540.75    3556    0    1.05977e+06    446431    0    0    0    1    0    1    12
1619.25    3555    2    1.05955e+06    446198    0    0    0    0    0    0    13
1669.47    3555    0    1.05893e+06    445554    0    0    0    0    1    1    13
1719.49    3555    0    1.05827e+06    444877    0    0    0    0    0    2    13
1769.57    3555    0    1.0576e+06    444242    0    0    0    0    0    2    13
2044.54    3554    2    1.05747e+06    444077    0    0    0    0    0    0    15
2094.62    3554    0    1.05685e+06    443403    0    0    0    0    0    2    15
2144.67    3554    0    1.05624e+06    442767    0    0    0    0    0    2    15
2194.67    3553    0    1.05517e+06    441627    0    0    0    0    1    3    15
2244.73    3552    0    1.05408e+06    440559    0    0    0    3    1    0    17
2294.87    3552    0    1.05368e+06    440135    0    0    0    1    0    1    18
2344.92    3552    0    1.05331e+06    439758    0    0    0    1    1    0    18
2395.02    3552    0    1.05278e+06    439201    0    0    0    1    1    0    18
2448.29    3551    2    1.05258e+06    438975    0    0    0    0    0    0    20
2549.56    3550    2    1.05202e+06    438410    0    0    0    0    0    0    22
2599.56    3549    0    1.05112e+06    437513    0    0    1    1    0    2    22
2649.57    3549    0    1.05013e+06    436578    0    0    0    0    1    3    22
2699.7    3549    0    1.04957e+06    435981    0    0    0    1    0    1    23
2750.18    3549    0    1.04924e+06    435642    0    0    0    0    0    2    23
2800.18    3549    0    1.04863e+06    435039    0    0    0    1    0    1    23
2850.22    3549    0    1.04808e+06    434451    0    0    0    1    1    0    23
2900.27    3549    0    1.04752e+06    433819    0    0    0    0    0    2    23
2950.37    3548    0    1.0465e+06    432786    0    0    0    2    0    2    23
3000.56    3548    0    1.04568e+06    431955    0    0    0    3    0    1    23
3050.7    3548    0    1.04508e+06    431341    0    0    0    2    0    2    23
3100.84    3546    0    1.04438e+06    430634    0    0    0    0    0    2    28
3151.04    3546    0    1.04416e+06    430361    0    0    0    0    0    2    28
3614.19    3545    2    1.04362e+06    429796    0    0    0    0    0    0    30
3664.24    3544    0    1.04268e+06    428848    0    0    0    2    1    1    30
3714.33    3544    0    1.04172e+06    427928    0    0    0    1    0    3    30
3764.34    3543    0    1.0411e+06    427260    0    0    0    2    0    4    30
3814.35    3543    0    1.04024e+06    426418    0    0    0    4    1    1    30
3864.36    3542    0    1.0394e+06    425618    0    0    0    3    0    5    30
3914.37    3542    0    1.03868e+06    424898    0    0    0    1    1    6    30
3964.47    3542    0    1.03798e+06    424247    0    0    0    3    0    5    30
4014.48    3541    0    1.0372e+06    423535    0    0    0    5    1    4    30
4064.54    3541    0    1.03648e+06    422860    0    0    0    3    0    7    30
4114.7    3540    0    1.03584e+06    422185    0    0    0    5    0    7    30
4165.01    3540    0    1.03506e+06    421445    0    0    0    2    0    8    32
4215.19    3540    0    1.0345e+06    420889    0    0    0    3    1    6    32
4265.35    3539    0    1.03398e+06    420364    0    0    0    4    1    5    33
4315.37    3539    0    1.03334e+06    419755    0    0    0    1    0    7    35
4365.43    3539    0    1.0328e+06    419223    0    0    0    2    0    6    35
4415.49    3539    0    1.03212e+06    418609    0    0    0    2    0    6    35
4465.52    3538    0    1.03134e+06    417829    0    0    0    3    0    7    35
4515.64    3538    0    1.03061e+06    417163    0    0    0    3    1    6    35
4565.67    3537    0    1.02998e+06    416460    0    0    0    4    0    8    35
4616.2    3537    0    1.02929e+06    415773    0    0    0    5    1    6    35
4666.21    3537    0    1.02869e+06    415161    0    0    0    3    1    8    35
4716.3    3537    0    1.02808e+06    414548    0    0    0    4    0    8    35
4766.38    3537    0    1.02737e+06    413894    0    0    0    3    1    8    35
4816.46    3536    0    1.02664e+06    413161    0    0    0    5    1    8    35
4866.73    3536    0    1.02602e+06    412560    0    0    0    6    0    8    35
4916.75    3536    0    1.02535e+06    411900    0    0    0    4    0    10    35
4966.77    3536    0    1.02468e+06    411247    0    0    1    4    0    9    35
5016.79    3536    0    1.02412e+06    410678    0    0    0    4    1    7    37
5066.8    3536    0    1.02358e+06    410146    0    0    0    7    0    5    37
5116.81    3536    0    1.023e+06    409538    0    0    0    6    0    6    37
5166.82    3536    0    1.02232e+06    408911    0    0    0    6    0    6    37
5216.83    3535    0    1.02154e+06    408193    0    0    0    7    0    7    37
5267    3535    0    1.02091e+06    407539    0    0    0    3    0    11    37
5317.05    3535    0    1.02032e+06    406961    0    0    0    4    0    8    38
5367.06    3535    0    1.01979e+06    406451    0    0    0    3    1    6    40
5417.07    3535    0    1.01921e+06    405837    0    0    0    2    1    7    40
5467.11    3534    0    1.01849e+06    405173    0    0    0    7    1    4    40
5517.18    3534    0    1.01776e+06    404483    0    0    0    4    1    7    40
5567.18    3534    0    1.01716e+06    403878    0    0    0    3    0    9    40
5617.22    3533    0    1.01643e+06    403150    0    0    0    4    1    9    40
5667.27    3532    0    1.01571e+06    402457    0    0    0    7    1    8    40
5717.32    3532    0    1.01507e+06    401804    0    0    0    7    1    8    40
5767.36    3531    0    1.01452e+06    401313    0    0    0    6    0    8    44
5817.37    3531    0    1.01391e+06    400692    0    0    0    3    2    9    44
5867.38    3530    0    1.01326e+06    400048    0    0    0    4    2    10    44
5917.41    3530    0    1.01266e+06    399433    0    0    0    5    1    10    44
5967.51    3530    0    1.01206e+06    398826    0    0    0    8    0    8    44
6017.51    3528    0    1.01126e+06    398070    0    0    0    5    1    14    44
6067.51    3528    0    1.0106e+06    397461    0    0    1    5    0    14    44
6117.53    3528    0    1.00997e+06    396877    0    0    0    9    1    10    44
6167.54    3528    0    1.00931e+06    396276    0    0    1    6    0    13    44
6217.55    3528    0    1.00866e+06    395655    0    0    1    9    0    10    44
6267.82    3528    0    1.00804e+06    395067    0    0    0    10    0    10    44
6317.85    3527    0    1.00742e+06    394495    0    0    0    8    2    8    48
6367.87    3526    0    1.00675e+06    393871    0    0    0    8    0    12    48
6417.89    3526    0    1.00612e+06    393280    0    0    1    8    0    9    49
6467.92    3526    0    1.00555e+06    392727    0    0    0    9    1    8    49
6517.95    3526    0    1.00497e+06    392146    0    0    0    9    1    8    49
6567.97    3526    0    1.00441e+06    391585    0    0    0    5    2    11    49
6617.98    3526    0    1.00372e+06    390977    0    0    0    6    0    12    49
6668.05    3525    0    1.00302e+06    390352    0    0    0    6    0    14    49
6718.24    3525    0    1.00232e+06    389709    0    0    0    6    1    11    51
6768.27    3525    0    1.00176e+06    389169    0    0    0    7    1    8    53
6818.34    3525    0    1.00116e+06    388589    0    0    0    4    0    12    53
6868.35    3525    0    1.00054e+06    388002    0    0    0    6    1    9    53
6918.59    3525    0    1.00003e+06    387479    0    0    0    2    1    11    54
6968.63    3525    0    999446    386921    0    0    0    6    0    8    54
7018.64    3525    0    998882    386389    0    0    0    7    1    4    56
7068.78    3524    0    998453    385949    0    0    0    2    1    9    57
7118.78    3524    0    997823    385336    0    0    0    2    0    6    60
7168.8    3524    0    997349    384907    0    0    1    4    0    3    60
7218.93    3523    0    996510    384117    0    0    0    6    0    4    60
7269.06    3523    0    995905    383575    0    0    0    3    1    4    62
7319.12    3521    0    995192    382898    0    0    0    5    0    7    62
7369.42    3521    0    994539    382277    0    0    0    4    0    8    62
7419.44    3520    0    993931    381703    0    0    0    5    1    6    64
7469.45    3520    0    993333    381096    0    0    0    8    0    4    64
7519.45    3519    0    992708    380465    0    0    1    6    1    6    64
7570    3518    0    991936    379756    0    0    0    7    0    9    64
7620.01    3517    0    991216    379097    0    0    0    6    0    12    64
7670.06    3517    0    990503    378433    0    0    0    6    0    12    64
7720.09    3517    0    989964    377848    0    0    0    8    1    9    64
7770.1    3517    0    989313    377265    0    0    1    6    1    8    66
7820.32    3517    0    988763    376707    0    0    0    4    0    12    66
7870.33    3517    0    988125    376143    0    0    0    5    0    9    68
7920.37    3516    0    987598    375635    0    0    0    3    2    11    68
7970.49    3515    0    986751    374897    0    0    0    10    0    8    68
8020.49    3515    0    986100    374297    0    0    1    9    1    7    68
8070.51    3515    0    985586    373764    0    0    0    5    1    12    68
8120.58    3515    0    984969    373188    0    0    0    7    1    10    68
8170.68    3515    0    984378    372645    0    0    0    6    1    11    68
8220.79    3515    0    983757    372086    0    0    0    7    0    11    68
8270.79    3515    0    983234    371544    0    0    0    11    1    6    68
8320.82    3515    0    982652    370968    0    0    0    7    2    9    68
8370.97    3515    0    982090    370438    0    0    0    8    0    8    69
8421.02    3513    0    981466    369807    0    0    0    5    0    13    71
8471.02    3513    0    980766    369174    0    0    0    11    0    7    71
8521.21    3513    0    980112    368570    0    0    0    5    1    12    71
8571.24    3513    0    979517    368026    0    0    0    8    0    10    71
8621.45    3513    0    978838    367453    0    0    0    8    0    10    71
8671.51    3513    0    978121    366854    0    0    0    12    0    6    71
8721.76    3513    0    977516    366273    0    0    0    9    1    8    71
8771.77    3513    0    976867    365724    0    0    0    5    0    13    71
8821.87    3513    0    976242    365194    0    0    0    6    1    9    72
8871.95    3512    0    975670    364655    0    0    0    6    0    10    74
8921.95    3512    0    975042    364074    0    0    0    3    0    13    74
8971.96    3512    0    974373    363492    0    0    1    6    0    9    74
9021.96    3511    0    973693    362868    0    0    0    7    0    11    74
9071.98    3511    0    972978    362211    0    0    0    6    0    12    74
9122    3511    0    972421    361678    0    0    0    4    1    13    74
9172.02    3511    0    971772    361076    0    0    1    6    0    9    76
9222.15    3511    0    971304    360635    0    0    0    5    1    10    76
9272.15    3511    0    970704    360067    0    0    1    6    1    6    78
9322.31    3511    0    970128    359532    0    0    0    7    1    6    78
9372.32    3511    0    969550    358957    0    0    1    5    0    8    78
9422.45    3511    0    968950    358402    0    0    0    6    1    7    78
9472.45    3511    0    968366    357845    0    0    0    8    1    5    78
9522.46    3510    0    967679    357218    0    0    0    7    0    9    78
9572.47    3510    0    967079    356662    0    0    1    9    0    6    78
9622.47    3510    0    966419    356111    0    0    0    10    0    6    78
9672.49    3510    0    965840    355581    0    0    0    6    0    10    78
9722.5    3510    0    965204    355010    0    0    0    9    1    6    78
9772.54    3510    0    964547    354436    0    0    0    6    1    9    78
9822.69    3510    0    963895    353872    0    0    0    7    1    6    79
9872.78    3510    0    963306    353339    0    0    0    5    1    8    79
9922.87    3510    0    962702    352805    0    0    0    9    1    4    79
9972.89    3510    0    962071    352234    0    0    1    5    0    8    79
10022.9    3510    0    961433    351681    0    0    0    6    0    8    79
10072.9    3510    0    960830    351126    0    0    0    8    0    6    79
10123.1    3510    0    960247    350601    0    0    0    5    1    6    80
10173.2    3510    0    959670    350079    0    0    1    5    0    6    80
10223.2    3510    0    959081    349523    0    0    0    5    0    7    80
10273.4    3510    0    958472    348983    0    0    0    9    0    3    80
10323.4    3510    0    957889    348423    0    0    0    1    1    10    80
10373.4    3510    0    957269    347942    0    0    0    5    1    4    81
10423.5    3510    0    956629    347396    0    0    0    4    0    6    81
10473.5    3509    0    955970    346790    0    0    0    4    0    8    81
10523.6    3509    0    955304    346231    0    0    0    6    0    6    81
10573.6    3509    0    954636    345663    0    0    0    6    0    6    81
10623.7    3509    0    954011    345140    0    0    0    3    0    7    83
10673.8    3509    0    953414    344627    0    0    0    5    0    5    83
10723.8    3509    0    952723    344034    0    0    0    4    1    5    83
10773.8    3509    0    952168    343509    0    0    0    2    1    7    83
10823.8    3509    0    951614    343024    0    0    2    3    0    3    84
10873.9    3509    0    951051    342527    0    0    0    4    0    4    84
10923.9    3509    0    950472    341978    0    0    0    4    0    4    84
10974    3509    0    949914    341531    0    0    0    4    1    1    86
11024    3508    0    949164    340866    0    0    0    2    0    6    86
11074    3508    0    948423    340294    0    0    0    5    0    3    86
11124    3508    0    947815    339807    0    0    0    3    1    2    88
11174.1    3508    0    947330    339373    0    0    0    2    0    4    88
11224.1    3507    0    946604    338772    0    0    0    3    1    4    88
11274.1    3507    0    945977    338212    0    0    0    3    1    2    90
11324.1    3507    0    945465    337760    0    0    0    2    0    4    90
11374.1    3506    0    944864    337235    0    0    1    0    0    5    92
11424.2    3505    0    944093    336570    0    0    0    1    1    6    92
11474.2    3505    0    943526    335998    0    0    0    2    1    5    92
11524.2    3505    0    942849    335414    0    0    0    4    1    3    92
11574.3    3505    0    942192    334819    0    0    0    4    0    4    92
11624.3    3504    0    941538    334233    0    0    0    5    1    4    92
11674.3    3504    0    940745    333571    0    0    0    5    0    5    92
11724.5    3504    0    940290    333155    0    0    0    2    0    6    93
11774.5    3504    0    939689    332638    0    0    0    1    0    7    93
11824.8    3504    0    939054    332077    0    0    0    3    0    5    93
11875    3503    0    938398    331469    0    0    0    3    1    6    93
11925    3503    0    937751    330889    0    0    1    5    0    4    93
11975    3503    0    937139    330355    0    0    0    4    0    6    93
12025    3503    0    936616    329853    0    0    0    4    1    5    93
12075    3502    0    935838    329200    0    0    0    5    1    6    93
12125.1    3501    0    935162    328607    0    0    0    5    0    9    93
12175.2    3501    0    934610    328161    0    0    0    8    0    2    95
12225.3    3501    0    934143    327758    0    0    0    3    1    4    96
12275.3    3500    0    933574    327299    0    0    0    5    0    5    96
12325.3    3499    0    932938    326768    0    0    0    1    0    7    98
12375.5    3499    0    932317    326262    0    0    0    4    1    3    98
12425.7    3499    0    931632    325721    0    0    0    5    1    2    98
12475.7    3499    0    931022    325207    0    0    0    3    0    3    100
12525.7    3497    0    930372    324597    0    0    0    4    1    5    100
12575.7    3497    0    929755    324066    0    0    0    6    1    3    100
12625.9    3497    0    929093    323532    0    0    0    4    1    3    101
12675.9    3496    0    928573    323070    0    0    0    4    1    5    101
12725.9    3496    0    927740    322406    0    0    0    7    0    3    101
12776    3496    0    927048    321864    0    0    0    5    0    5    101
12826.1    3495    0    926489    321381    0    0    0    4    1    5    102
12876.1    3495    0    925810    320789    0    0    0    3    0    7    102
12926.2    3495    0    925199    320296    0    0    0    2    1    5    103
12976.3    3493    0    924649    319815    0    0    0    6    1    5    103
13026.3    3493    0    923758    319086    0    0    0    8    0    4    103
13076.3    3493    0    923162    318547    0    0    0    5    0    7    103
13126.4    3493    0    922485    317982    0    0    0    4    1    7    103
13176.5    3493    0    921892    317442    0    0    0    7    1    4    103
13226.6    3493    0    921318    316933    0    0    0    2    1    9    103
13276.6    3493    0    920726    316415    0    0    0    6    2    4    103
13326.6    3491    0    920052    315857    0    0    0    7    0    9    103
13376.6    3491    0    919293    315183    0    0    0    6    1    9    103
13426.7    3491    0    918645    314656    0    0    1    6    1    8    103
13476.8    3491    0    918028    314107    0    0    0    7    1    8    103
13526.9    3491    0    917422    313606    0    0    0    7    1    8    103
13577.1    3491    0    916780    313075    0    0    0    8    0    6    105
13627.1    3490    0    916167    312548    0    0    0    5    0    9    106
13677.1    3490    0    915542    312043    0    0    2    7    0    5    106
13727.2    3490    0    914922    311511    0    0    0    6    1    7    106
13777.3    3490    0    914354    311036    0    0    0    2    1    5    111
13827.3    3490    0    913912    310676    0    0    1    6    0    1    111
13877.4    3490    0    913244    310146    0    0    0    2    1    5    111
13927.7    3490    0    912767    309715    0    0    0    5    1    0    113
13977.7    3489    0    912379    309371    0    0    0    1    1    4    114
14027.8    3488    0    911880    308935    0    0    0    2    0    2    118
14077.8    3487    0    910880    308152    0    0    0    4    1    1    118
14127.9    3487    0    910249    307630    0    0    0    3    0    1    120
14178    3486    0    909542    307072    0    0    0    4    1    1    120
14228.1    3486    0    908895    306542    0    0    0    2    1    3    120
14278.2    3486    0    908228    306001    0    0    0    0    1    5    120
14328.2    3485    0    907519    305357    0    0    0    2    1    5    120
14378.2    3485    0    906851    304777    0    0    0    3    1    4    120
14428.4    3485    0    906253    304278    0    0    0    5    1    2    120
14478.5    3484    0    905692    303780    0    0    0    5    0    5    120
14528.5    3483    0    904806    303076    0    0    0    5    0    5    122
14578.5    3483    0    904209    302571    0    0    1    2    0    7    122
14628.6    3482    0    903483    302002    0    0    1    4    0    3    126
14678.7    3482    0    903017    301606    0    0    0    3    0    5    126
14728.7    3481    0    902306    301016    0    0    0    3    0    7    126
14779    3481    0    901678    300518    0    0    0    2    1    5    127
14829    3481    0    901135    300069    0    0    0    4    1    3    127
14879    3481    0    900491    299517    0    0    0    5    0    3    127
14929.1    3481    0    899902    299066    0    0    0    4    1    1    129
14979.3    3481    0    899369    298627    0    0    0    3    0    3    129
15029.6    3481    0    898727    298129    0    0    0    1    1    2    131
15080    3481    0    898389    297841    0    0    0    0    1    1    133
15130.1    3481    0    897991    297512    0    0    0    0    1    1    133
15180.1    3480    0    897245    296974    0    0    0    1    0    1    134
15230.2    3480    0    896763    296534    0    0    0    0    1    1    134
15280.4    3480    0    896111    296026    0    0    0    0    1    1    134
15330.4    3480    0    895520    295519    0    0    0    0    0    2    134
15536.9    3479    2    894987    295080    0    0    0    0    0    0    136
15586.9    3479    0    894366    294562    0    0    0    1    1    0    136
15637    3479    0    893699    294056    0    0    0    0    0    2    136
15687.1    3479    0    893110    293569    0    0    0    1    1    0    136
15737.1    3478    0    892083    292739    0    0    1    1    0    2    136
15787.1    3478    0    891281    292119    0    0    0    1    1    2    136
15837.1    3478    0    890691    291630    0    0    0    1    1    2    136
15887.2    3478    0    890116    291168    0    0    0    0    1    3    136
15937.2    3478    0    889497    290665    0    0    1    0    0    1    138
15987.3    3478    0    889150    290389    0    0    0    0    1    1    138
16037.5    3478    0    888551    289881    0    0    0    0    0    2    138
16087.5    3478    0    888019    289430    0    0    1    0    0    1    138
16137.6    3478    0    887477    288950    0    0    0    1    0    1    138
16589.7    3477    2    886961    288536    0    0    0    0    0    0    140
16640    3477    0    886336    288050    0    0    0    0    1    1    140
16690.1    3477    0    885779    287576    0    0    0    0    0    2    140
16740.2    3477    0    885136    287050    0    0    0    0    0    2    140
16790.3    3476    0    884058    286151    0    0    0    0    0    4    140
16840.3    3476    0    883508    285666    0    0    0    2    1    1    140
16890.4    3476    0    882896    285176    0    0    0    2    1    1    140
16940.7    3476    0    882499    284882    0    0    0    0    1    1    142
16990.8    3476    0    882054    284487    0    0    0    1    1    0    142
17040.8    3476    0    881416    283986    0    0    0    1    1    0    142
17091    3476    0    880879    283535    0    0    0    0    1    1    142
17141    3476    0    880351    283048    0    0    0    1    1    0    142
17191.1    3476    0    879782    282552    0    0    0    0    0    2    142
17241.1    3476    0    879159    282057    0    0    0    0    1    1    142
17291.1    3476    0    878498    281521    0    0    0    1    1    0    142
17341.1    3476    0    877899    281053    0    0    0    1    0    1    142
17458.8    3475    2    877782    280956    0    0    0    0    0    0    144
17508.8    3475    0    877179    280468    0    0    0    0    1    1    144
17558.8    3474    0    876405    279880    0    0    0    0    1    3    144
17608.8    3474    0    875294    279048    0    0    1    1    0    0    145
17659.3    3474    0    874976    278784    0    0    0    0    1    1    145
17709.3    3474    0    874389    278303    0    0    0    0    1    1    145
17760.3    3473    2    874186    278149    0    0    0    0    0    0    146
17913.9    3472    2    873755    277806    0    0    0    0    0    0    148
17963.9    3472    0    873141    277322    0    0    0    0    0    2    148
18014    3472    0    872594    276886    0    0    0    1    0    1    148
18064.1    3472    0    872003    276422    0    0    0    1    0    1    148
18114.3    3472    0    871403    275935    0    0    0    0    0    2    148
18557.4    3471    2    870975    275568    0    0    0    0    0    0    150
18607.9    3471    0    870296    275094    0    0    0    0    0    2    150
18658    3471    0    869684    274635    0    0    0    0    0    2    150
18708.1    3471    0    869106    274177    0    0    0    1    1    0    150
18758.1    3471    0    868562    273736    0    0    1    0    0    1    150
18808.5    3471    0    867953    273290    0    0    0    0    0    2    150
18858.5    3471    0    867384    272806    0    0    0    0    1    1    150
18908.8    3470    0    866451    272055    0    0    0    0    0    2    152
18958.8    3470    0    866053    271767    0    0    0    0    1    1    152
19008.9    3469    0    865365    271216    0    0    0    1    0    3    152
19058.9    3469    0    864605    270621    0    0    0    0    0    2    153
19108.9    3468    0    863785    269969    0    0    1    0    0    3    153
19159.6    3468    0    863094    269456    0    0    0    1    1    0    155
19209.6    3467    0    862534    269017    0    0    0    1    1    2    155
19259.8    3467    0    862161    268735    0    0    0    1    0    1    157
19309.9    3467    0    861550    268285    0    0    0    1    0    1    157
19359.9    3467    0    860907    267794    0    0    0    1    0    1    157
19409.9    3465    0    859861    266921    0    0    1    2    0    3    157
19459.9    3465    0    858718    266133    0    0    0    4    0    2    157
19510    3465    0    858188    265700    0    0    0    1    1    4    157
19560    3465    0    857707    265282    0    0    0    3    0    3    157
19610.1    3465    0    857050    264772    0    0    0    4    0    2    157
19660.1    3465    0    856422    264304    0    0    0    1    1    4    157
19710.1    3465    0    855825    263853    0    0    0    1    0    5    157
19760.2    3465    0    855237    263400    0    0    0    3    0    3    157
19810.3    3465    0    854580    262923    0    0    0    1    1    4    157
19860.4    3465    0    853927    262444    0    0    0    3    0    3    157
19910.5    3465    0    853275    261954    0    0    0    2    1    3    157
19960.6    3465    0    852608    261481    0    0    0    3    0    3    157
20010.6    3465    0    851968    261029    0    0    0    3    0    3    157
20060.8    3465    0    851391    260553    0    0    0    3    0    3    157
20110.9    3465    0    850819    260121    0    0    0    0    1    5    157
20160.9    3465    0    850177    259626    0    0    0    3    1    2    157
20210.9    3464    0    849503    259070    0    0    1    5    0    2    157
20260.9    3464    0    849072    258694    0    0    0    3    0    3    158
20310.9    3464    0    848500    258247    0    0    0    1    1    4    158
20361.1    3463    0    847827    257733    0    0    0    4    0    4    158
20411.2    3463    0    847125    257155    0    0    0    3    1    4    158
20461.4    3463    0    846464    256693    0    0    0    1    0    5    160
20511.4    3463    0    845984    256314    0    0    0    3    1    2    160
20561.5    3463    0    845370    255859    0    0    0    3    1    2    160
20611.6    3463    0    844799    255476    0    0    0    0    0    4    162
20661.8    3463    0    844327    255092    0    0    0    0    0    4    162
20712.2    3463    0    843675    254609    0    0    0    2    1    1    162
20762.2    3463    0    843113    254163    0    0    0    2    0    2    162
20812.3    3463    0    842728    253868    0    0    0    0    0    2    163
20862.3    3463    0    842252    253491    0    0    0    0    0    2    163
20912.4    3463    0    841622    253020    0    0    0    0    0    2    163
21005.8    3462    2    841622    253020    0    0    0    0    0    0    165
21055.8    3461    0    840640    252333    0    0    0    1    0    3    165
21106    3460    0    839774    251653    0    0    0    1    1    2    166
21156    3460    0    839302    251283    0    0    1    0    0    3    166
21206    3460    0    838728    250862    0    0    0    2    1    1    166
21256    3460    0    838156    250407    0    0    0    1    1    2    166
21306.1    3460    0    837556    249964    0    0    0    3    1    0    166
21356.7    3460    0    837004    249530    0    0    0    0    1    1    167
21406.8    3460    0    836672    249267    0    0    0    1    1    0    167
21456.8    3460    0    836026    248788    0    0    0    0    0    2    167
21507    3460    0    835454    248323    0    0    0    1    0    1    167
21557    3459    0    834613    247631    0    0    0    3    1    0    167
21607.2    3459    0    833918    247132    0    0    0    0    1    1    169
21657.3    3458    0    833300    246707    0    0    0    1    1    2    169
21707.3    3458    0    832573    246196    0    0    0    2    0    2    169
21758.2    3458    0    832242    245912    0    0    0    0    0    2    171
21808.2    3458    0    831749    245560    0    0    0    2    0    0    171
21858.3    3458    0    831188    245127    0    0    0    1    0    1    171
21908.5    3457    0    830505    244623    0    0    0    2    0    2    171
21958.5    3456    0    829256    243669    0    0    1    1    1    3    171
22008.5    3455    0    828109    242850    0    0    0    5    0    3    171
22058.6    3455    0    827481    242395    0    0    0    0    1    7    171
22108.7    3455    0    826847    241959    0    0    0    3    1    4    171
22158.7    3452    0    825985    241383    0    0    0    7    1    6    171
22208.8    3452    0    825107    240749    0    0    0    7    0    7    171
22258.8    3452    0    824475    240285    0    0    0    4    1    9    171
22308.9    3452    0    823909    239862    0    0    2    6    2    2    172
22359    3452    0    823354    239450    0    0    0    4    1    7    172
22409    3452    0    822737    239041    0    0    0    3    1    6    174
22459    3452    0    822164    238626    0    0    0    3    0    7    174
22509.1    3452    0    821583    238199    0    0    0    4    1    5    174
22559.1    3451    0    821047    237789    0    0    0    6    1    5    174
22609.2    3451    0    820459    237345    0    0    0    6    0    4    175
22659.4    3451    0    819960    236975    0    0    0    6    1    1    177
22709.8    3451    0    819367    236575    0    0    0    3    0    5    177
22759.8    3451    0    818752    236147    0    0    1    6    0    1    177
22810    3450    0    818040    235641    0    0    0    2    0    6    179
22860    3450    0    817441    235222    0    0    0    4    1    3    179
22910    3449    0    816833    234768    0    0    0    4    1    5    179
22960    3448    0    815967    234162    0    0    0    6    1    5    179
23010.3    3448    0    815330    233678    0    0    0    6    1    5    179
23060.3    3448    0    814790    233286    0    0    1    3    0    8    179
23110.5    3448    0    814120    232807    0    0    0    6    1    5    179
23160.6    3447    0    813459    232372    0    0    0    2    1    9    180
23210.6    3447    0    812885    231989    0    0    0    6    0    6    180
23260.6    3447    0    812272    231542    0    0    0    6    1    5    180
23311    3447    0    811677    231105    0    0    0    6    1    5    180
23361    3447    0    810982    230651    0    0    0    5    1    6    180
23411.2    3446    0    810412    230236    0    0    0    5    0    9    180
23461.5    3446    0    809704    229755    0    0    0    5    1    8    180
23511.6    3446    0    809138    229370    0    0    0    4    0    8    182
23561.7    3446    0    808680    228980    0    0    1    3    0    8    182
23611.7    3446    0    808130    228597    0    0    0    6    2    4    182
23661.7    3446    0    807550    228195    0    0    0    6    1    3    184
23711.8    3446    0    806916    227766    0    0    0    4    0    6    184
23762    3446    0    806343    227325    0    0    0    4    1    5    184
23812    3446    0    805734    226879    0    0    0    7    0    3    184
23862.2    3445    0    805131    226417    0    0    0    6    0    6    184
23912.2    3445    0    804593    225975    0    0    1    3    1    7    184
23962.3    3445    0    804090    225567    0    0    0    7    1    4    184
24012.3    3443    0    803288    225017    0    0    0    8    1    7    184
24062.3    3443    0    802569    224539    0    0    1    8    1    6    184
24112.4    3443    0    802011    224142    0    0    0    6    0    10    184
24162.4    3442    0    801491    223775    0    0    1    8    0    7    185
24212.4    3442    0    800841    223305    0    0    1    7    0    8    185
24262.4    3442    0    800215    222857    0    0    1    6    0    9    185
24312.4    3441    0    799675    222488    0    0    1    6    2    7    186
24362.4    3441    0    799038    222044    0    0    1    8    1    6    186
24412.4    3441    0    798410    221621    0    0    0    7    1    8    186
24462.5    3441    0    797779    221215    0    0    0    10    1    5    186
24512.5    3441    0    797295    220840    0    0    0    8    0    8    186
24562.6    3441    0    796717    220416    0    0    0    10    1    5    186
24612.6    3440    0    796049    219964    0    0    1    7    0    10    186
24662.6    3440    0    795396    219519    0    0    0    10    0    8    186
24712.6    3440    0    794749    219070    0    0    0    8    0    10    186
24762.7    3439    0    794048    218608    0    0    0    8    2    10    186
24812.8    3439    0    793385    218176    0    0    1    7    0    12    186
24862.8    3439    0    792703    217728    0    0    1    11    0    8    186
24912.8    3439    0    792115    217311    0    0    0    11    0    9    186
24962.9    3439    0    791453    216887    0    0    0    12    1    7    186
25013    3439    0    790867    216470    0    0    1    7    1    11    186
25063    3439    0    790253    216058    0    0    0    5    3    12    186
25113    3438    0    789687    215653    0    0    1    6    1    12    188
25163    3438    0    789154    215268    0    0    0    7    1    12    188
25213.1    3438    0    788459    214832    0    0    0    9    1    10    188
25263.1    3438    0    787866    214408    0    0    0    14    0    6    188
25313.2    3437    0    787252    213985    0    0    0    12    1    9    188
25363.3    3436    0    786663    213561    0    0    0    10    0    12    190
25413.4    3435    0    786080    213139    0    0    0    12    0    12    190
25463.4    3435    0    785447    212721    0    0    0    13    1    10    190
25513.5    3435    0    784846    212300    0    0    1    7    1    13    192
25563.5    3435    0    784269    211905    0    0    0    10    0    10    194
25613.6    3435    0    783685    211536    0    0    0    10    1    7    195
25663.6    3435    0    783136    211169    0    0    1    11    0    6    195
25713.6    3434    0    782459    210705    0    0    1    10    0    9    195
25763.9    3433    0    781961    210347    0    0    0    8    0    10    199
25813.9    3433    0    781445    209960    0    0    0    13    0    5    199
25864    3433    0    780913    209624    0    0    0    9    1    6    200
25914    3433    0    780303    209227    0    0    1    6    0    9    200
25964.1    3433    0    779761    208852    0    0    0    3    0    9    203
26014.2    3433    0    779308    208528    0    0    0    4    1    7    203
26064.3    3432    0    778634    208086    0    0    0    10    2    2    203
26114.3    3432    0    777980    207674    0    0    0    8    1    3    205
26164.3    3432    0    777503    207325    0    0    0    9    0    3    205
26214.4    3431    0    776852    206879    0    0    0    5    1    8    205
26264.6    3430    0    776222    206427    0    0    0    8    0    8    205
26314.8    3430    0    775554    206002    0    0    0    3    1    10    207
26364.8    3430    0    774942    205619    0    0    1    7    0    6    207
26414.9    3430    0    774343    205183    0    0    0    5    0    9    207
26464.9    3428    0    773692    204741    0    0    0    9    1    6    208
26515    3428    0    773179    204398    0    0    0    4    1    7    211
26565.1    3428    0    772764    204099    0    0    0    4    0    8    211
26615.1    3428    0    772245    203737    0    0    0    7    1    4    211
26665.1    3428    0    771796    203430    0    0    0    7    0    3    213
26715.2    3428    0    771143    203052    0    0    0    8    0    0    214
26765.4    3428    0    770681    202714    0    0    0    3    1    4    214
26815.7    3428    0    770119    202325    0    0    0    4    1    3    214
26865.7    3428    0    769554    201937    0    0    0    3    0    5    214
26915.8    3427    0    768891    201513    0    0    0    4    0    6    214
26965.8    3427    0    768191    201067    0    0    0    5    1    4    214
27015.9    3427    0    767711    200732    0    0    0    4    1    3    215
27066    3427    0    767110    200355    0    0    0    2    1    3    216
27116    3427    0    766658    200070    0    0    0    3    1    2    216
27166    3427    0    766069    199649    0    0    0    3    1    2    216
27216.1    3427    0    765471    199249    0    0    0    4    0    2    216
27266.2    3426    0    764747    198796    0    0    0    1    0    5    217
27316.6    3426    0    764202    198446    0    0    0    3    0    3    217
27366.7    3426    0    763666    198060    0    0    0    4    1    1    217
27416.7    3426    0    763035    197656    0    0    1    1    0    4    217
27466.7    3426    0    762445    197266    0    0    0    4    2    0    217
27516.7    3426    0    761854    196877    0    0    0    3    0    3    217
27566.8    3426    0    761196    196473    0    0    0    2    1    3    217
27617.2    3426    0    760557    196088    0    0    0    2    1    3    217
27667.2    3424    0    759623    195514    0    0    0    4    0    6    217
27717.2    3422    0    758839    195004    0    0    0    6    0    4    221
27768    3422    0    758320    194698    0    0    0    2    1    5    222
27818    3422    0    757753    194353    0    0    0    5    0    3    222
27868.1    3422    0    757135    193936    0    0    0    4    1    3    222
27918.1    3422    0    756507    193545    0    0    0    2    1    5    222
27968.2    3421    0    755839    193114    0    0    0    3    1    6    222
28018.2    3420    0    755015    192599    0    0    0    6    1    5    222
28068.2    3420    0    754451    192178    0    0    0    6    0    6    222
28118.3    3419    0    753865    191765    0    0    0    4    0    10    222
28168.5    3419    0    753268    191380    0    0    0    6    1    7    222
28218.7    3419    0    752767    191007    0    0    0    6    1    7    222
28268.7    3419    0    752125    190603    0    0    0    4    1    9    222
28318.8    3418    0    751528    190203    0    0    0    8    2    6    222
28368.9    3418    0    750810    189770    0    0    0    7    1    8    222
28419    3418    0    750136    189358    0    0    0    9    1    6    222
28469    3418    0    749520    188969    0    0    0    10    1    5    222
28519.2    3418    0    748918    188565    0    0    0    6    0    10    222
28569.2    3418    0    748266    188172    0    0    0    9    0    7    222
28619.2    3418    0    747663    187788    0    0    0    7    0    7    223
28669.4    3418    0    747152    187434    0    0    0    8    0    6    223
28719.4    3418    0    746539    187064    0    0    1    6    2    5    223
28769.4    3418    0    746081    186762    0    0    0    6    0    4    225
28819.5    3418    0    745575    186415    0    0    0    3    0    7    225
28870    3418    0    744893    186033    0    0    0    4    1    5    225
28920    3417    0    744369    185693    0    0    0    2    0    8    227
28970    3416    0    743613    185233    0    0    1    6    0    5    227
29020.3    3416    0    742900    184807    0    0    0    7    0    3    228
29070.3    3416    0    742410    184486    0    0    0    5    0    5    228
29120.4    3416    0    741914    184151    0    0    0    6    1    3    228
29170.6    3416    0    741427    183813    0    0    0    0    0    8    230
29220.6    3416    0    740851    183475    0    0    0    5    0    3    230
29270.6    3414    0    740125    183001    0    0    1    4    1    4    231
29320.8    3414    0    739566    182625    0    0    0    6    1    3    231
29370.8    3413    0    738913    182242    0    0    0    5    1    4    233
29420.9    3413    0    738251    181851    0    0    0    5    1    4    233
29470.9    3413    0    737614    181477    0    0    0    6    1    3    233
29521.4    3413    0    737036    181095    0    0    0    1    1    8    233
29571.4    3412    0    736408    180711    0    0    0    5    1    4    235
29621.5    3412    0    735761    180334    0    0    0    9    1    0    235
29671.5    3412    0    735077    179937    0    0    0    6    1    3    235
29721.5    3411    0    734440    179542    0    0    0    7    1    4    235
29771.6    3411    0    733820    179156    0    0    0    5    0    7    235
29821.9    3411    0    733314    178813    0    0    0    4    0    6    237
29872    3410    0    732709    178442    0    0    0    6    0    6    237
29922    3409    0    732021    178005    0    0    0    7    0    7    237
29972.1    3409    0    731442    177621    0    0    1    9    0    4    237
