459.248 0.00499839 2.80651e-06 1.50496 0.644751 0 0 0 0 0 0 2.80651e-06
559.248 0.00499698 0 1.50214 0.641803 0 0 0 1.40325e-06 1.40325e-06 2.80651e-06 2.80651e-06
659.266 0.00499558 0 1.49961 0.639208 0 0 0 1.40325e-06 0 7.01627e-06 2.80651e-06
759.271 0.00499418 0 1.49802 0.637496 0 0 0 2.80651e-06 0 5.61301e-06 5.61301e-06
859.286 0.00499418 0 1.49574 0.635344 0 0 0 4.20976e-06 1.40325e-06 0 7.01627e-06
959.295 0.00499418 0 1.4943 0.633922 0 0 0 1.40325e-06 1.40325e-06 2.80651e-06 7.01627e-06
1059.41 0.00499418 0 1.493 0.632615 0 0 0 1.40325e-06 0 1.40325e-06 8.41952e-06
1159.55 0.00498997 0 1.49061 0.63019 0 0 0 1.40325e-06 1.40325e-06 2.80651e-06 1.26293e-05
1259.61 0.00498716 0 1.48789 0.627406 0 0 0 1.40325e-06 0 7.01627e-06 1.40325e-05
1359.64 0.00498716 0 1.48626 0.625744 0 0 0 2.80651e-06 0 2.80651e-06 1.6839e-05
1459.88 0.00498716 0 1.48503 0.624453 0 0 0 0 1.40325e-06 4.20976e-06 1.6839e-05
1560.24 0.00498576 0 1.48356 0.622942 0 0 0 0 0 2.80651e-06 2.10488e-05
1660.26 0.00498576 0 1.48258 0.621898 0 0 0 2.80651e-06 0 0 2.10488e-05
1760.32 0.00498436 0 1.48 0.619202 0 0 0 1.40325e-06 1.40325e-06 0 2.38553e-05
1860.33 0.00498295 0 1.47775 0.617001 0 0 0 1.40325e-06 0 4.20976e-06 2.38553e-05
1960.34 0.00498295 0 1.47653 0.615774 0 0 1.40325e-06 0 0 1.40325e-06 2.66618e-05
2060.47 0.00498155 0 1.4758 0.615085 0 0 0 0 0 2.80651e-06 2.94683e-05
2160.53 0.00498015 0 1.47256 0.611858 0 0 0 0 1.40325e-06 1.40325e-06 3.08716e-05
2260.84 0.00498015 0 1.47162 0.610892 0 0 0 0 1.40325e-06 1.40325e-06 3.08716e-05
2360.97 0.00498015 0 1.47001 0.60919 0 0 0 0 1.40325e-06 1.40325e-06 3.08716e-05
2461.02 0.00497874 0 1.46715 0.606253 0 0 0 1.40325e-06 0 4.20976e-06 3.08716e-05
2640.02 0.00497594 2.80651e-06 1.46537 0.604475 0 0 0 0 0 0 3.78878e-05
2740.18 0.00497453 0 1.46377 0.6028 0 0 0 0 1.40325e-06 1.40325e-06 3.92911e-05
2840.2 0.00497313 0 1.46156 0.600525 0 0 0 0 1.40325e-06 4.20976e-06 3.92911e-05
2940.21 0.00497173 0 1.45951 0.598493 0 0 0 1.40325e-06 0 4.20976e-06 4.20976e-05
3040.31 0.00497032 0 1.45681 0.595875 0 0 0 2.80651e-06 0 5.61301e-06 4.20976e-05
3140.32 0.00496892 0 1.45443 0.593691 0 0 0 7.01627e-06 1.40325e-06 2.80651e-06 4.20976e-05
3240.35 0.00496752 0 1.45211 0.591402 0 0 0 4.20976e-06 0 7.01627e-06 4.49041e-05
3340.4 0.00496752 0 1.4504 0.589723 0 0 0 4.20976e-06 0 7.01627e-06 4.49041e-05
3440.44 0.00496752 0 1.44862 0.588 0 0 0 5.61301e-06 1.40325e-06 4.20976e-06 4.49041e-05
3540.45 0.00496611 0 1.44641 0.585903 0 0 0 1.40325e-06 0 1.26293e-05 4.49041e-05
3640.57 0.00496471 0 1.44436 0.583795 0 0 0 8.41952e-06 1.40325e-06 7.01627e-06 4.49041e-05
3740.67 0.00496471 0 1.44254 0.581964 0 0 0 4.20976e-06 1.40325e-06 1.1226e-05 4.49041e-05
3840.8 0.00496331 0 1.44054 0.580037 0 0 0 7.01627e-06 0 1.26293e-05 4.49041e-05
3940.99 0.00496331 0 1.43857 0.578102 0 0 0 4.20976e-06 1.40325e-06 1.40325e-05 4.49041e-05
4040.99 0.00496331 0 1.43685 0.576399 0 0 1.40325e-06 2.80651e-06 1.40325e-06 1.1226e-05 4.77106e-05
4141.02 0.00496331 0 1.43542 0.574931 0 0 0 7.01627e-06 2.80651e-06 7.01627e-06 4.77106e-05
4241.13 0.0049619 0 1.43338 0.573028 0 0 0 5.61301e-06 0 1.40325e-05 4.77106e-05
4341.23 0.0049619 0 1.43154 0.571186 0 0 0 1.40325e-06 1.40325e-06 1.40325e-05 4.91139e-05
4441.35 0.0049619 0 1.43016 0.56982 0 0 0 8.41952e-06 0 5.61301e-06 5.19204e-05
4541.37 0.0049605 0 1.4282 0.567923 0 0 0 7.01627e-06 0 9.82277e-06 5.19204e-05
4641.37 0.0049591 0 1.42616 0.565914 0 0 0 5.61301e-06 2.80651e-06 1.1226e-05 5.19204e-05
4741.42 0.00495769 0 1.42406 0.563854 0 0 0 5.61301e-06 0 1.1226e-05 5.75334e-05
4841.43 0.00495629 0 1.42254 0.562385 0 0 0 5.61301e-06 2.80651e-06 1.1226e-05 5.75334e-05
4941.43 0.00495489 0 1.42065 0.560437 0 0 0 8.41952e-06 1.40325e-06 1.26293e-05 5.75334e-05
5041.47 0.00495208 0 1.41855 0.558469 0 0 0 1.40325e-05 0 1.40325e-05 5.75334e-05
5141.55 0.00495208 0 1.41653 0.556619 0 0 0 9.82277e-06 0 1.82423e-05 5.75334e-05
5241.61 0.00495208 0 1.41473 0.554908 0 0 0 9.82277e-06 0 1.82423e-05 5.75334e-05
5341.75 0.00494927 0 1.41303 0.553307 0 0 0 1.1226e-05 0 1.6839e-05 6.31464e-05
5441.77 0.00494927 0 1.41131 0.551626 0 0 0 1.1226e-05 0 1.40325e-05 6.45496e-05
5541.77 0.00494927 0 1.40971 0.550093 0 0 2.80651e-06 0 1.40325e-06 2.10488e-05 6.45496e-05
5641.79 0.00494927 0 1.40785 0.548431 0 0 0 1.26293e-05 0 1.26293e-05 6.45496e-05
5741.81 0.00494787 0 1.40589 0.546597 0 0 0 9.82277e-06 1.40325e-06 1.40325e-05 6.73562e-05
5841.94 0.00494787 0 1.40438 0.54513 0 0 0 1.26293e-05 1.40325e-06 8.41952e-06 7.01627e-05
5942.3 0.00494787 0 1.40251 0.543448 0 0 0 8.41952e-06 0 1.40325e-05 7.01627e-05
6042.38 0.00494787 0 1.40079 0.541767 0 0 0 8.41952e-06 0 1.40325e-05 7.01627e-05
6142.5 0.00494787 0 1.39937 0.540418 0 0 0 5.61301e-06 0 1.1226e-05 7.43724e-05
6242.56 0.00494647 0 1.39742 0.538625 0 0 0 8.41952e-06 0 8.41952e-06 7.71789e-05
6342.72 0.00494506 0 1.39564 0.537015 0 0 0 7.01627e-06 0 1.26293e-05 7.71789e-05
6442.81 0.00494506 0 1.39385 0.535309 0 0 0 8.41952e-06 0 1.1226e-05 7.71789e-05
6542.97 0.00494226 0 1.39204 0.533506 0 0 0 1.1226e-05 0 1.40325e-05 7.71789e-05
6642.98 0.00494085 0 1.38977 0.531419 0 0 0 1.54358e-05 0 1.26293e-05 7.71789e-05
6743.08 0.00494085 0 1.38796 0.529662 0 0 0 1.26293e-05 0 1.26293e-05 7.99854e-05
6843.18 0.00494085 0 1.38643 0.52819 0 0 0 8.41952e-06 1.40325e-06 1.54358e-05 7.99854e-05
6943.27 0.00493805 0 1.38468 0.526607 0 0 0 1.26293e-05 0 1.54358e-05 8.27919e-05
7043.33 0.00493805 0 1.3828 0.524848 0 0 0 1.26293e-05 2.80651e-06 9.82277e-06 8.41952e-05
7143.4 0.00493664 0 1.38108 0.523307 0 0 0 1.1226e-05 1.40325e-06 1.26293e-05 8.70017e-05
7243.45 0.00493664 0 1.37948 0.521759 0 0 0 4.20976e-06 1.40325e-06 1.96455e-05 8.70017e-05
7343.49 0.00493664 0 1.37787 0.520224 0 0 1.40325e-06 8.41952e-06 0 1.26293e-05 8.84049e-05
7443.51 0.00493384 0 1.37609 0.518495 0 0 0 9.82277e-06 1.40325e-06 1.40325e-05 9.12115e-05
7543.56 0.00493384 0 1.37423 0.516814 0 0 0 5.61301e-06 0 1.96455e-05 9.12115e-05
7643.64 0.00493384 0 1.37233 0.515186 0 0 0 7.01627e-06 1.40325e-06 1.6839e-05 9.12115e-05
7743.65 0.00493384 0 1.37058 0.513612 0 0 0 1.40325e-05 2.80651e-06 8.41952e-06 9.12115e-05
7843.74 0.00493384 0 1.36894 0.512185 0 0 0 9.82277e-06 1.40325e-06 1.1226e-05 9.26147e-05
7943.81 0.00493243 0 1.36714 0.510553 0 0 0 1.1226e-05 1.40325e-06 9.82277e-06 9.54212e-05
8043.86 0.00493103 0 1.36513 0.50873 0 0 0 7.01627e-06 1.40325e-06 1.6839e-05 9.54212e-05
8143.88 0.00493103 0 1.36337 0.50706 0 0 0 5.61301e-06 0 1.96455e-05 9.54212e-05
8243.92 0.00493103 0 1.36195 0.505731 0 0 0 1.1226e-05 0 8.41952e-06 0.000101034
8343.97 0.00493103 0 1.36051 0.504311 0 0 0 5.61301e-06 1.40325e-06 1.26293e-05 0.000101034
8443.98 0.00493103 0 1.35886 0.502727 0 0 0 8.41952e-06 1.40325e-06 9.82277e-06 0.000101034
8544.05 0.00492963 0 1.35694 0.500968 0 0 1.40325e-06 7.01627e-06 0 1.40325e-05 0.000101034
8644.05 0.00492963 0 1.35511 0.499387 0 0 0 1.1226e-05 0 1.1226e-05 0.000101034
8744.06 0.00492963 0 1.35335 0.497817 0 0 1.40325e-06 1.54358e-05 0 5.61301e-06 0.000101034
8844.08 0.00492963 0 1.35162 0.496304 0 0 0 7.01627e-06 1.40325e-06 1.1226e-05 0.000102437
8944.09 0.00492963 0 1.34996 0.494779 0 0 0 7.01627e-06 1.40325e-06 1.1226e-05 0.000102437
9044.11 0.00492963 0 1.34821 0.493242 0 0 0 8.41952e-06 1.40325e-06 9.82277e-06 0.000102437
9144.13 0.00492963 0 1.34658 0.491778 0 0 0 7.01627e-06 1.40325e-06 8.41952e-06 0.000103841
9244.22 0.00492963 0 1.34507 0.490377 0 0 0 5.61301e-06 1.40325e-06 9.82277e-06 0.000103841
9344.5 0.00492963 0 1.34332 0.488847 0 0 0 5.61301e-06 1.40325e-06 7.01627e-06 0.000105244
9444.6 0.00492822 0 1.34169 0.487451 0 0 0 0 0 1.6839e-05 0.000105244
9544.64 0.00492822 0 1.33962 0.48566 0 0 0 4.20976e-06 1.40325e-06 1.1226e-05 0.000105244
9644.8 0.00492822 0 1.33792 0.484229 0 0 0 5.61301e-06 0 8.41952e-06 0.00010805
9744.91 0.00492822 0 1.33618 0.48273 0 0 0 4.20976e-06 1.40325e-06 8.41952e-06 0.00010805
9844.92 0.00492822 0 1.3347 0.481369 0 0 0 4.20976e-06 1.40325e-06 5.61301e-06 0.000109454
9945.03 0.00492822 0 1.33325 0.480036 0 0 0 5.61301e-06 1.40325e-06 1.40325e-06 0.00011226
10045.4 0.00492822 0 1.33234 0.479224 0 0 0 2.80651e-06 1.40325e-06 1.40325e-06 0.000113664
10145.5 0.00492822 0 1.33077 0.477888 0 0 0 1.40325e-06 0 4.20976e-06 0.000113664
10245.8 0.00492822 0 1.32953 0.476846 0 0 0 0 0 2.80651e-06 0.00011647
10345.9 0.00492682 0 1.3281 0.475657 0 0 0 1.40325e-06 1.40325e-06 2.80651e-06 0.00011647
10461.4 0.00492542 2.80651e-06 1.32645 0.474142 0 0 0 0 0 0 0.000122083
10561.5 0.00492402 0 1.3247 0.472609 0 0 0 0 1.40325e-06 1.40325e-06 0.00012489
10661.5 0.00492402 0 1.32336 0.471409 0 0 0 1.40325e-06 0 1.40325e-06 0.00012489
10761.5 0.00492402 0 1.32153 0.469725 0 0 0 1.40325e-06 0 1.40325e-06 0.00012489
10861.6 0.00492261 0 1.31925 0.467749 0 0 0 1.40325e-06 1.40325e-06 0 0.000126293
10961.6 0.00492261 0 1.31795 0.466597 0 0 0 1.40325e-06 1.40325e-06 0 0.000126293
11061.7 0.00492121 0 1.3153 0.464249 0 0 0 2.80651e-06 0 2.80651e-06 0.000126293
11161.8 0.00492121 0 1.31356 0.462692 0 0 0 1.40325e-06 0 1.40325e-06 0.000127696
11261.9 0.00491981 0 1.31229 0.461579 0 0 1.40325e-06 4.20976e-06 0 0 0.000127696
11362.1 0.0049184 0 1.31017 0.459811 0 0 0 0 1.40325e-06 1.40325e-06 0.000131906
11462.2 0.004917 0 1.30871 0.458604 0 0 0 0 1.40325e-06 1.40325e-06 0.000133309
11562.2 0.004917 0 1.30701 0.457233 0 0 0 0 0 2.80651e-06 0.000133309
11669.1 0.0049156 2.80651e-06 1.30658 0.456856 0 0 0 0 0 0 0.000134712
11769.2 0.00491419 0 1.30362 0.454277 0 0 0 1.40325e-06 0 1.40325e-06 0.000136116
11869.4 0.00491419 0 1.30266 0.45344 0 0 0 0 1.40325e-06 1.40325e-06 0.000136116
11969.4 0.00491279 0 1.30073 0.451901 0 0 0 1.40325e-06 0 1.40325e-06 0.000138922
12069.4 0.00491279 0 1.299 0.450364 0 0 1.40325e-06 1.40325e-06 0 0 0.000138922
12169.4 0.00491139 0 1.29719 0.448874 0 0 0 0 1.40325e-06 1.40325e-06 0.000141729
12269.6 0.00491139 0 1.29541 0.447347 0 0 0 1.40325e-06 1.40325e-06 0 0.000141729
12369.6 0.00491139 0 1.29368 0.445811 0 0 0 1.40325e-06 0 1.40325e-06 0.000141729
12470 0.00491139 0 1.29201 0.444325 0 0 0 0 0 2.80651e-06 0.000141729
12570.1 0.00491139 0 1.29035 0.442843 0 0 0 0 1.40325e-06 1.40325e-06 0.000141729
12670.2 0.00491139 0 1.28867 0.441392 0 0 0 1.40325e-06 0 1.40325e-06 0.000141729
13265.5 0.00490998 2.80651e-06 1.28798 0.440831 0 0 0 0 0 0 0.000144535
13365.5 0.00490998 0 1.28631 0.439373 0 0 0 0 1.40325e-06 1.40325e-06 0.000144535
13465.6 0.00490998 0 1.28464 0.437955 0 0 0 0 1.40325e-06 1.40325e-06 0.000144535
13571.5 0.00490858 2.80651e-06 1.28328 0.436833 0 0 0 0 0 0 0.000147342
13671.8 0.00490858 0 1.2814 0.435309 0 0 0 0 1.40325e-06 1.40325e-06 0.000147342
13772 0.00490718 0 1.28028 0.434275 0 0 0 1.40325e-06 1.40325e-06 0 0.000150148
13962.3 0.00490577 2.80651e-06 1.2802 0.434207 0 0 0 0 0 0 0.000151551
14062.3 0.00490437 0 1.27769 0.432182 0 0 0 2.80651e-06 1.40325e-06 1.40325e-06 0.000151551
14162.3 0.00490437 0 1.27625 0.43102 0 0 0 1.40325e-06 1.40325e-06 0 0.000154358
14262.3 0.00490437 0 1.27456 0.429663 0 0 0 0 0 2.80651e-06 0.000154358
14362.3 0.00490297 0 1.27158 0.427087 0 0 0 5.61301e-06 0 0 0.000154358
14462.4 0.00490016 0 1.26884 0.424815 0 0 0 5.61301e-06 0 2.80651e-06 0.000157164
14562.4 0.00489876 0 1.26712 0.42344 0 0 1.40325e-06 0 0 4.20976e-06 0.000162777
14662.4 0.00489735 0 1.26571 0.422204 0 0 0 0 0 5.61301e-06 0.000165584
14762.4 0.00489735 0 1.26405 0.420809 0 0 0 2.80651e-06 1.40325e-06 1.40325e-06 0.000165584
14862.6 0.00489735 0 1.26258 0.419651 0 0 0 0 1.40325e-06 1.40325e-06 0.00016839
14963.2 0.00489735 0 1.26134 0.418661 0 0 0 0 0 2.80651e-06 0.00016839
15063.2 0.00489595 0 1.25852 0.416435 0 0 1.40325e-06 0 0 1.40325e-06 0.000171197
15209.3 0.00489455 2.80651e-06 1.25815 0.416138 0 0 0 0 0 0 0.000174003
15309.3 0.00489455 0 1.2564 0.414701 0 0 0 1.40325e-06 1.40325e-06 0 0.000174003
15509.6 0.00489314 2.80651e-06 1.25577 0.414179 0 0 0 0 0 0 0.00017681
15609.6 0.00489314 0 1.25396 0.41274 0 0 0 0 1.40325e-06 1.40325e-06 0.00017681
15709.6 0.00489174 0 1.25167 0.41086 0 0 0 4.20976e-06 0 1.40325e-06 0.00017681
15809.6 0.00489174 0 1.24902 0.408775 0 0 0 2.80651e-06 1.40325e-06 1.40325e-06 0.00017681
15909.6 0.00489174 0 1.24765 0.407641 0 0 1.40325e-06 1.40325e-06 0 0 0.000179616
16009.9 0.00489174 0 1.24654 0.406722 0 0 0 0 1.40325e-06 1.40325e-06 0.000179616
16110.1 0.00489174 0 1.24502 0.405407 0 0 0 1.40325e-06 1.40325e-06 0 0.000179616
16549.8 0.00489034 2.80651e-06 1.24451 0.404991 0 0 0 0 0 0 0.000182423
16649.9 0.00489034 0 1.24286 0.403643 0 0 0 0 0 2.80651e-06 0.000182423
16750 0.00488893 0 1.24042 0.401626 0 0 0 1.40325e-06 1.40325e-06 2.80651e-06 0.000182423
16850.2 0.00488893 0 1.23836 0.399943 0 0 0 0 1.40325e-06 1.40325e-06 0.000185229
16950.3 0.00488893 0 1.23752 0.399207 0 0 0 0 1.40325e-06 1.40325e-06 0.000185229
17050.3 0.00488893 0 1.23586 0.397863 0 0 1.40325e-06 1.40325e-06 0 0 0.000185229
17150.3 0.00488893 0 1.23436 0.396498 0 0 0 0 0 2.80651e-06 0.000185229
17250.3 0.00488893 0 1.23253 0.395049 0 0 0 0 1.40325e-06 1.40325e-06 0.000185229
17408.9 0.00488753 2.80651e-06 1.23164 0.394353 0 0 0 0 0 0 0.000188036
17509 0.00488613 0 1.22968 0.392825 0 0 0 2.80651e-06 1.40325e-06 1.40325e-06 0.000188036
17609 0.00488613 0 1.22728 0.390963 0 0 0 0 0 2.80651e-06 0.000189439
17709.1 0.00488472 0 1.22652 0.390358 0 0 0 1.40325e-06 0 1.40325e-06 0.000192246
17858.6 0.00488332 2.80651e-06 1.22599 0.389932 0 0 0 0 0 0 0.000195052
17958.6 0.00488332 0 1.22435 0.388637 0 0 0 1.40325e-06 1.40325e-06 0 0.000195052
18058.7 0.00488332 0 1.22268 0.387298 0 0 0 0 0 2.80651e-06 0.000195052
18499.9 0.00488192 2.80651e-06 1.22208 0.386791 0 0 0 0 0 0 0.000197859
18600 0.00488192 0 1.22027 0.385481 0 0 0 0 0 2.80651e-06 0.000197859
18700.1 0.00488192 0 1.21869 0.384208 0 0 0 1.40325e-06 0 1.40325e-06 0.000197859
18800.2 0.00488192 0 1.21703 0.382899 0 0 0 1.40325e-06 0 1.40325e-06 0.000197859
18900.2 0.00488051 0 1.21485 0.381197 0 0 0 1.40325e-06 1.40325e-06 0 0.000200665
19000.4 0.00487771 0 1.21307 0.379793 0 0 0 2.80651e-06 1.40325e-06 1.40325e-06 0.000202068
19100.4 0.0048763 0 1.21053 0.37784 0 0 0 0 1.40325e-06 4.20976e-06 0.000204875
19200.8 0.0048763 0 1.20939 0.376981 0 0 0 1.40325e-06 1.40325e-06 0 0.000207681
19300.8 0.0048763 0 1.20795 0.375861 0 0 0 0 0 2.80651e-06 0.000207681
19400.8 0.00487209 0 1.2042 0.37291 0 0 0 5.61301e-06 1.40325e-06 1.40325e-06 0.000209085
19500.9 0.00487209 0 1.20174 0.371107 0 0 1.40325e-06 2.80651e-06 0 4.20976e-06 0.000209085
19601.1 0.00487209 0 1.19985 0.369714 0 0 0 5.61301e-06 1.40325e-06 1.40325e-06 0.000209085
19701.1 0.00487209 0 1.19812 0.368403 0 0 0 4.20976e-06 0 4.20976e-06 0.000209085
19801.2 0.00487209 0 1.19688 0.367435 0 0 0 1.40325e-06 1.40325e-06 2.80651e-06 0.000211891
19901.4 0.00487069 0 1.19491 0.365957 0 0 0 1.40325e-06 1.40325e-06 5.61301e-06 0.000211891
20001.6 0.00487069 0 1.19292 0.364408 0 0 0 4.20976e-06 1.40325e-06 2.80651e-06 0.000211891
20101.6 0.00486929 0 1.19116 0.362937 0 0 0 2.80651e-06 0 5.61301e-06 0.000213294
20201.7 0.00486789 0 1.18962 0.361745 0 0 0 7.01627e-06 0 4.20976e-06 0.000213294
20301.7 0.00486789 0 1.18749 0.360125 0 0 0 2.80651e-06 1.40325e-06 4.20976e-06 0.000216101
20401.7 0.00486789 0 1.1861 0.359084 0 0 0 4.20976e-06 1.40325e-06 2.80651e-06 0.000216101
20502.1 0.00486789 0 1.18476 0.358089 0 0 0 1.40325e-06 1.40325e-06 2.80651e-06 0.000218907
20602.3 0.00486789 0 1.18321 0.356913 0 0 0 1.40325e-06 1.40325e-06 2.80651e-06 0.000218907
20702.4 0.00486789 0 1.18213 0.356092 0 0 0 0 1.40325e-06 1.40325e-06 0.000220311
20886.7 0.00486648 2.80651e-06 1.18091 0.355134 0 0 0 0 0 0 0.000223117
20986.8 0.00486368 0 1.17768 0.35273 0 0 0 1.40325e-06 1.40325e-06 2.80651e-06 0.000225924
21086.8 0.00486227 0 1.17553 0.351247 0 0 0 1.40325e-06 0 4.20976e-06 0.00022873
21186.9 0.00486227 0 1.17426 0.350317 0 0 0 1.40325e-06 1.40325e-06 0 0.000230134
21286.9 0.00486087 0 1.17282 0.349249 0 0 0 0 1.40325e-06 1.40325e-06 0.000231537
21386.9 0.00485947 0 1.17055 0.34752 0 0 0 1.40325e-06 1.40325e-06 2.80651e-06 0.000231537
21486.9 0.00485806 0 1.16858 0.34616 0 0 0 1.40325e-06 1.40325e-06 2.80651e-06 0.000234343
21587.3 0.00485806 0 1.16716 0.34512 0 0 0 1.40325e-06 1.40325e-06 0 0.00023715
21687.3 0.00485666 0 1.1652 0.343683 0 0 0 0 0 2.80651e-06 0.000239956
21787.4 0.00485245 0 1.16226 0.341444 0 0 0 2.80651e-06 1.40325e-06 7.01627e-06 0.000239956
21887.5 0.00485105 0 1.15937 0.339483 0 0 0 5.61301e-06 1.40325e-06 7.01627e-06 0.000239956
21987.5 0.00484964 0 1.15695 0.33778 0 0 0 5.61301e-06 1.40325e-06 7.01627e-06 0.000242763
22087.8 0.00484964 0 1.1554 0.336631 0 0 0 4.20976e-06 0 7.01627e-06 0.000244166
22187.8 0.00484964 0 1.15405 0.335676 0 0 0 7.01627e-06 0 1.40325e-06 0.000246973
22287.8 0.00484964 0 1.15261 0.334613 0 0 0 2.80651e-06 0 5.61301e-06 0.000246973
22387.8 0.00484824 0 1.151 0.333371 0 0 0 4.20976e-06 1.40325e-06 2.80651e-06 0.000249779
22487.8 0.00484824 0 1.14975 0.332488 0 0 0 2.80651e-06 0 2.80651e-06 0.000252586
22588.1 0.00484684 0 1.14796 0.331238 0 0 0 1.40325e-06 1.40325e-06 5.61301e-06 0.000252586
22688.2 0.00484684 0 1.14638 0.330103 0 0 0 1.40325e-06 0 4.20976e-06 0.000255392
22788.2 0.00484543 0 1.14444 0.328683 0 0 1.40325e-06 1.40325e-06 0 2.80651e-06 0.000258199
22888.4 0.00484543 0 1.14303 0.327643 0 0 0 1.40325e-06 1.40325e-06 2.80651e-06 0.000258199
22988.6 0.00484403 0 1.1411 0.326336 0 0 0 2.80651e-06 1.40325e-06 1.40325e-06 0.000259602
23088.6 0.00484403 0 1.1394 0.325135 0 0 0 2.80651e-06 1.40325e-06 1.40325e-06 0.000259602
23188.7 0.00484403 0 1.13759 0.323869 0 0 0 2.80651e-06 1.40325e-06 1.40325e-06 0.000259602
23288.8 0.00484263 0 1.13513 0.32218 0 0 0 5.61301e-06 1.40325e-06 1.40325e-06 0.000259602
23388.8 0.00484122 0 1.13299 0.320618 0 0 0 4.20976e-06 1.40325e-06 5.61301e-06 0.000259602
23488.8 0.00484122 0 1.13123 0.319331 0 0 1.40325e-06 5.61301e-06 0 4.20976e-06 0.000259602
23588.9 0.00483982 0 1.12968 0.318179 0 0 0 2.80651e-06 1.40325e-06 7.01627e-06 0.000261005
23689 0.00483982 0 1.12825 0.317023 0 0 0 5.61301e-06 0 5.61301e-06 0.000261005
23789 0.00483701 0 1.12637 0.315665 0 0 0 9.82277e-06 0 4.20976e-06 0.000263812
23889 0.00483561 0 1.12381 0.31401 0 0 0 7.01627e-06 2.80651e-06 7.01627e-06 0.000263812
23989 0.00483561 0 1.12216 0.312798 0 0 0 5.61301e-06 0 5.61301e-06 0.000268021
24089.3 0.00483561 0 1.12096 0.311964 0 0 0 5.61301e-06 1.40325e-06 4.20976e-06 0.000268021
24189.5 0.00483561 0 1.11912 0.310764 0 0 0 7.01627e-06 0 4.20976e-06 0.000268021
24289.7 0.00483561 0 1.11758 0.309608 0 0 0 4.20976e-06 1.40325e-06 5.61301e-06 0.000268021
24389.7 0.00483421 0 1.11546 0.308189 0 0 0 7.01627e-06 0 7.01627e-06 0.000268021
24489.8 0.00483421 0 1.11375 0.30699 0 0 0 2.80651e-06 1.40325e-06 7.01627e-06 0.000270828
24589.8 0.00483421 0 1.11204 0.305911 0 0 0 7.01627e-06 1.40325e-06 2.80651e-06 0.000270828
24690.2 0.00483421 0 1.11021 0.304669 0 0 0 7.01627e-06 0 4.20976e-06 0.000270828
24790.2 0.00483421 0 1.10854 0.30351 0 0 0 2.80651e-06 2.80651e-06 5.61301e-06 0.000270828
24890.2 0.00483421 0 1.10718 0.302624 0 0 1.40325e-06 1.40325e-06 0 5.61301e-06 0.000273634
24990.4 0.0048328 0 1.10543 0.301339 0 0 0 2.80651e-06 0 8.41952e-06 0.000273634
25090.4 0.0048328 0 1.10347 0.300069 0 0 1.40325e-06 5.61301e-06 0 4.20976e-06 0.000273634
25190.5 0.00483 0 1.10123 0.298559 0 0 0 5.61301e-06 0 8.41952e-06 0.000276441
25290.5 0.00482859 0 1.09951 0.297391 0 0 1.40325e-06 7.01627e-06 0 5.61301e-06 0.000277844
25390.5 0.00482859 0 1.09787 0.296249 0 0 0 7.01627e-06 0 7.01627e-06 0.000277844
25490.5 0.00482719 0 1.09633 0.295134 0 0 1.40325e-06 4.20976e-06 0 8.41952e-06 0.000279247
25590.7 0.00482719 0 1.09477 0.294069 0 0 0 2.80651e-06 1.40325e-06 7.01627e-06 0.000282054
25690.8 0.00482579 0 1.09335 0.293104 0 0 0 5.61301e-06 1.40325e-06 4.20976e-06 0.000283457
25790.8 0.00482438 0 1.09168 0.291908 0 0 0 4.20976e-06 1.40325e-06 5.61301e-06 0.00028486
25891 0.00482298 0 1.09011 0.290805 0 0 0 4.20976e-06 1.40325e-06 8.41952e-06 0.00028486
25991 0.00482158 0 1.08785 0.289269 0 0 1.40325e-06 7.01627e-06 1.40325e-06 4.20976e-06 0.000286264
26091.1 0.00482158 0 1.08624 0.288182 0 0 0 4.20976e-06 1.40325e-06 8.41952e-06 0.000286264
26191.2 0.00482017 0 1.08447 0.28694 0 0 0 7.01627e-06 1.40325e-06 5.61301e-06 0.00028907
26291.4 0.00482017 0 1.08327 0.286092 0 0 0 7.01627e-06 0 7.01627e-06 0.00028907
26391.4 0.00482017 0 1.08197 0.285243 0 0 0 5.61301e-06 0 2.80651e-06 0.000291877
26491.6 0.00482017 0 1.08081 0.284406 0 0 0 4.20976e-06 0 4.20976e-06 0.000291877
26591.7 0.00481877 0 1.07907 0.2833 0 0 0 4.20976e-06 1.40325e-06 5.61301e-06 0.000291877
26691.7 0.00481877 0 1.07704 0.281939 0 0 2.80651e-06 1.40325e-06 0 4.20976e-06 0.00029328
26791.8 0.00481877 0 1.07574 0.28114 0 0 0 1.40325e-06 0 4.20976e-06 0.000296086
26891.8 0.00481877 0 1.07451 0.280268 0 0 0 2.80651e-06 1.40325e-06 1.40325e-06 0.000296086
26992 0.00481737 0 1.0726 0.279051 0 0 0 2.80651e-06 1.40325e-06 1.40325e-06 0.00029749
27092.2 0.00481737 0 1.07113 0.278032 0 0 0 0 1.40325e-06 4.20976e-06 0.00029749
27192.2 0.00481737 0 1.06938 0.276893 0 0 1.40325e-06 0 1.40325e-06 2.80651e-06 0.00029749
27292.2 0.00481737 0 1.06755 0.275749 0 0 0 2.80651e-06 1.40325e-06 1.40325e-06 0.00029749
27392.4 0.00481316 0 1.06516 0.274243 0 0 0 1.40325e-06 0 4.20976e-06 0.000304506
27492.5 0.00481035 0 1.06352 0.273119 0 0 0 2.80651e-06 0 5.61301e-06 0.000305909
27592.5 0.00481035 0 1.06156 0.271859 0 0 0 5.61301e-06 0 2.80651e-06 0.000305909
27692.6 0.00480755 0 1.05935 0.27047 0 0 0 9.82277e-06 0 4.20976e-06 0.000305909
27792.6 0.00480614 0 1.05697 0.268831 0 0 0 5.61301e-06 1.40325e-06 7.01627e-06 0.000308716
27892.6 0.00480334 0 1.05529 0.267791 0 0 0 1.40325e-05 0 5.61301e-06 0.000308716
27992.6 0.00480193 0 1.05279 0.266179 0 0 0 1.6839e-05 1.40325e-06 4.20976e-06 0.000308716
28092.7 0.00480193 0 1.05088 0.264993 0 0 0 1.1226e-05 1.40325e-06 9.82277e-06 0.000308716
28192.8 0.00480193 0 1.0492 0.263936 0 0 1.40325e-06 1.40325e-05 0 7.01627e-06 0.000308716
28292.9 0.00480193 0 1.04766 0.262926 0 0 0 8.41952e-06 1.40325e-06 9.82277e-06 0.000310119
28394 0.00480193 0 1.04635 0.26207 0 0 0 2.80651e-06 1.40325e-06 9.82277e-06 0.000312925
28494.1 0.00480053 0 1.04463 0.261042 0 0 0 5.61301e-06 0 1.1226e-05 0.000312925
28594.2 0.00479913 0 1.04258 0.259794 0 0 1.40325e-06 9.82277e-06 0 5.61301e-06 0.000314329
28694.8 0.00479913 0 1.04129 0.258907 0 0 0 2.80651e-06 1.40325e-06 9.82277e-06 0.000315732
28795.4 0.00479913 0 1.03985 0.257984 0 0 0 5.61301e-06 1.40325e-06 4.20976e-06 0.000318538
28895.4 0.00479772 0 1.03869 0.257243 0 0 1.40325e-06 1.40325e-06 0 5.61301e-06 0.000321345
28995.5 0.00479772 0 1.0372 0.256268 0 0 0 0 0 8.41952e-06 0.000321345
29095.5 0.00479632 0 1.03531 0.255204 0 0 0 1.40325e-06 0 4.20976e-06 0.000325555
29195.8 0.00479492 0 1.03392 0.254331 0 0 0 1.40325e-06 0 4.20976e-06 0.000328361
29295.8 0.00479351 0 1.03223 0.253321 0 0 0 1.40325e-06 0 4.20976e-06 0.000331168
29396 0.00479351 0 1.03064 0.252362 0 0 0 0 1.40325e-06 1.40325e-06 0.000333974
29496.1 0.00479351 0 1.02967 0.2518 0 0 0 0 0 2.80651e-06 0.000333974
29596.1 0.00479351 0 1.02813 0.250799 0 0 0 0 1.40325e-06 1.40325e-06 0.000333974
29696.2 0.00479351 0 1.02656 0.249796 0 0 0 1.40325e-06 1.40325e-06 0 0.000333974
