459.248    3562    2    1.07248e+06    459469    0    0    0    0    0    0    2
539.343    3561    0    1.07092e+06    457874    0    0    0    1    0    3    2
619.407    3561    0    1.06961e+06    456511    0    0    0    1    0    3    2
699.411    3560    0    1.06837e+06    455219    0    0    0    1    0    3    4
779.516    3559    0    1.06756e+06    454321    0    0    0    3    0    3    4
859.709    3559    0    1.06617e+06    453037    0    0    0    0    0    4    5
939.795    3559    0    1.06538e+06    452244    0    0    0    2    1    1    5
1019.82    3559    0    1.06442e+06    451259    0    0    0    2    0    2    5
1099.98    3558    0    1.06376e+06    450601    0    0    0    0    0    4    6
1180.04    3556    0    1.06209e+06    448903    0    0    0    2    0    2    9
1260.24    3554    0    1.06044e+06    447259    0    0    0    1    0    5    10
1340.29    3554    0    1.05949e+06    446267    0    0    0    1    0    5    10
1420.33    3554    0    1.05877e+06    445536    0    0    0    2    0    2    12
1500.44    3553    0    1.05786e+06    444605    0    0    0    1    0    3    14
1580.53    3553    0    1.05717e+06    443858    0    0    0    1    0    1    15
1660.53    3553    0    1.05651e+06    443164    0    0    0    0    0    2    15
1740.54    3552    0    1.05496e+06    441536    0    0    0    1    1    2    15
1820.62    3551    0    1.05328e+06    439844    0    0    0    1    1    2    17
1900.63    3550    0    1.05232e+06    438886    0    0    1    1    0    2    19
1980.71    3550    0    1.05166e+06    438234    0    0    0    0    1    1    21
2060.78    3550    0    1.05101e+06    437517    0    0    0    0    1    1    21
2140.96    3550    0    1.04994e+06    436482    0    0    0    0    0    2    21
2220.98    3550    0    1.04893e+06    435438    0    0    0    1    1    0    21
2301.06    3550    0    1.048e+06    434499    0    0    0    0    1    1    21
2381.11    3549    0    1.04696e+06    433359    0    0    0    1    0    3    21
2461.11    3549    0    1.04513e+06    431515    0    0    0    1    0    3    21
2541.61    3547    0    1.04417e+06    430541    0    0    0    1    1    0    26
2621.63    3547    0    1.04373e+06    430038    0    0    0    1    0    1    26
3053.11    3546    2    1.04355e+06    429855    0    0    0    0    0    0    28
3133.13    3545    0    1.04179e+06    428104    0    0    0    0    1    3    28
3213.15    3544    0    1.04032e+06    426625    0    0    0    0    0    6    28
3293.15    3543    0    1.03872e+06    425065    0    0    0    1    1    6    28
3373.2    3542    0    1.0375e+06    423924    0    0    0    5    0    5    28
3453.21    3542    0    1.0362e+06    422718    0    0    0    6    0    4    28
3533.21    3541    0    1.03502e+06    421534    0    0    0    5    0    5    30
3613.32    3541    0    1.03415e+06    420676    0    0    0    2    0    6    31
3693.35    3540    0    1.03325e+06    419788    0    0    0    3    1    4    33
3773.35    3540    0    1.03233e+06    418911    0    0    0    4    0    4    33
3853.38    3539    0    1.03108e+06    417737    0    0    1    4    0    5    33
3933.42    3538    0    1.02996e+06    416587    0    0    0    6    1    5    33
4013.42    3538    0    1.02884e+06    415435    0    0    0    6    1    5    33
4093.68    3538    0    1.02783e+06    414444    0    0    0    5    0    7    33
4173.69    3537    0    1.02668e+06    413347    0    0    0    5    0    9    33
4253.7    3537    0    1.02561e+06    412282    0    0    0    7    0    7    33
4333.73    3537    0    1.02454e+06    411243    0    0    0    4    0    10    33
4414.07    3537    0    1.0237e+06    410377    0    0    0    5    1    6    35
4494.17    3537    0    1.02275e+06    409430    0    0    0    6    1    5    35
4574.19    3536    0    1.02159e+06    408368    0    0    0    9    1    4    35
4654.21    3536    0    1.02052e+06    407295    0    0    1    1    0    10    36
4734.28    3536    0    1.01971e+06    406494    0    0    0    5    1    4    38
4814.31    3536    0    1.01877e+06    405543    0    0    0    4    1    5    38
4894.34    3535    0    1.01754e+06    404396    0    0    0    6    0    6    38
4974.54    3534    0    1.01646e+06    403310    0    0    0    3    0    11    38
5054.68    3533    0    1.01526e+06    402120    0    0    0    6    1    9    38
5135.08    3532    0    1.01431e+06    401225    0    0    0    6    0    8    42
5215.53    3531    0    1.01334e+06    400248    0    0    0    5    0    11    42
5295.57    3531    0    1.01235e+06    399219    0    0    0    9    1    6    42
5375.6    3529    0    1.01114e+06    398080    0    0    0    6    0    14    42
5455.75    3529    0    1.01003e+06    397064    0    0    0    10    0    10    42
5535.77    3529    0    1.00899e+06    396083    0    0    0    4    1    15    42
5615.89    3529    0    1.00797e+06    395123    0    0    0    10    0    10    42
5695.91    3527    0    1.007e+06    394214    0    0    0    7    0    13    46
5775.92    3527    0    1.00596e+06    393229    0    0    0    6    0    12    47
5855.93    3527    0    1.00504e+06    392356    0    0    0    11    0    7    47
5936    3527    0    1.00413e+06    391433    0    0    0    8    0    10    47
6016.02    3526    0    1.00298e+06    390439    0    0    0    6    2    12    47
6096.04    3526    0    1.0019e+06    389427    0    0    0    6    1    11    49
6176.06    3526    0    1.00105e+06    388592    0    0    0    5    0    11    51
6256.13    3526    0    1.00003e+06    387649    0    0    1    3    0    12    51
6336.16    3526    0    998921    386662    0    0    0    7    0    9    51
6416.22    3526    0    998001    385721    0    0    0    8    0    8    51
6496.64    3526    0    997229    385006    0    0    0    7    1    4    54
6576.67    3525    0    996040    383878    0    0    0    7    1    4    56
6656.7    3524    0    994981    382962    0    0    1    4    1    8    56
6736.76    3524    0    993960    381995    0    0    1    4    0    9    56
6816.76    3524    0    992969    381051    0    0    0    6    1    7    56
6896.8    3522    0    991877    379977    0    0    0    9    1    8    56
6976.82    3521    0    990616    378843    0    0    0    5    2    13    56
7056.83    3521    0    989656    377841    0    0    0    7    1    12    56
7136.84    3521    0    988745    376959    0    0    0    5    1    12    58
7216.91    3521    0    987807    376099    0    0    0    7    2    7    60
7296.98    3519    0    986737    375130    0    0    0    5    0    15    60
7377.17    3519    0    985728    374175    0    0    0    6    1    11    61
7457.22    3519    0    984742    373263    0    0    0    6    1    11    61
7537.34    3518    0    983713    372373    0    0    0    8    0    10    63
7617.41    3518    0    982806    371469    0    0    0    8    0    10    63
7697.42    3518    0    981913    370605    0    0    0    8    0    8    64
7777.49    3516    0    980915    369622    0    0    0    3    0    15    66
7857.59    3516    0    979819    368623    0    0    0    7    0    11    66
7937.62    3516    0    978788    367724    0    0    0    6    0    12    66
8017.67    3516    0    977692    366774    0    0    0    9    1    8    66
8097.76    3516    0    976693    365888    0    0    0    5    0    13    66
8177.93    3516    0    975790    365085    0    0    0    6    1    9    67
8257.95    3515    0    974800    364159    0    0    0    8    1    7    69
8338.01    3515    0    973733    363210    0    0    0    2    1    13    69
8418.02    3514    0    972586    362163    0    0    0    8    1    9    69
8498.05    3514    0    971597    361233    0    0    0    4    1    11    71
8578.09    3514    0    970781    360486    0    0    0    10    1    5    71
8658.26    3514    0    969895    359648    0    0    0    6    0    8    73
8738.27    3514    0    968961    358721    0    0    0    5    0    9    73
8818.47    3513    0    967996    357834    0    0    0    3    0    13    73
8898.52    3513    0    966915    356830    0    0    0    8    1    7    73
8978.57    3513    0    965887    355957    0    0    1    4    0    11    73
9058.58    3513    0    964920    355067    0    0    0    3    1    12    73
9138.63    3513    0    963873    354135    0    0    0    5    0    9    74
9218.65    3513    0    962949    353333    0    0    0    5    1    8    74
9298.8    3513    0    961955    352444    0    0    0    6    1    7    74
9379.03    3513    0    960966    351550    0    0    0    6    0    8    74
9459.03    3513    0    960022    350707    0    0    0    2    2    8    75
9539.05    3513    0    959119    349882    0    0    0    3    0    9    75
9619.08    3513    0    958145    348999    0    0    0    5    0    7    75
9699.12    3513    0    957197    348181    0    0    0    1    1    8    76
9779.16    3512    0    956227    347354    0    0    1    5    0    6    76
9859.19    3512    0    955093    346365    0    0    1    6    0    5    76
9939.26    3512    0    954032    345472    0    0    0    5    1    4    78
10019.3    3512    0    953106    344673    0    0    0    5    0    5    78
10099.4    3512    0    952099    343781    0    0    0    2    0    8    78
10179.7    3512    0    951242    343004    0    0    0    1    1    6    79
10259.8    3512    0    950406    342221    0    0    0    2    1    5    79
10339.8    3512    0    949471    341461    0    0    0    5    0    1    81
10419.9    3511    0    948181    340394    0    0    0    2    1    5    81
10499.9    3511    0    947348    339685    0    0    0    1    1    4    83
10579.9    3510    0    946351    338843    0    0    0    2    0    6    83
10659.9    3510    0    945380    337996    0    0    0    2    1    3    85
10740.1    3510    0    944733    337419    0    0    0    1    1    2    87
10820.1    3510    0    943833    336644    0    0    0    2    0    2    87
10900.1    3510    0    942834    335699    0    0    0    2    1    1    87
10980.3    3510    0    941768    334743    0    0    0    0    1    3    87
11060.3    3509    0    940481    333645    0    0    0    1    0    3    88
11140.4    3509    0    939713    332983    0    0    0    1    1    2    88
11220.5    3509    0    938744    332101    0    0    0    1    0    3    88
11300.6    3508    0    937379    330873    0    0    0    3    1    2    88
11380.7    3508    0    936429    330000    0    0    0    1    0    5    88
11460.8    3508    0    935775    329420    0    0    0    1    1    2    90
11540.9    3508    0    934841    328572    0    0    0    1    1    2    90
11621.1    3508    0    933832    327739    0    0    0    0    0    4    90
11701.1    3507    0    932818    326895    0    0    0    1    0    5    90
11781.1    3507    0    931744    326043    0    0    0    3    0    1    91
12057.8    3506    2    930883    325320    0    0    0    0    0    0    93
12137.9    3506    0    930154    324651    0    0    0    1    1    0    93
12218    3506    0    929076    323773    0    0    0    1    1    0    93
12298.1    3505    0    928134    322948    0    0    0    0    1    1    95
12378.1    3505    0    927046    322080    0    0    0    0    0    2    95
12458.2    3505    0    926034    321207    0    0    0    0    0    2    95
12538.2    3505    0    924994    320322    0    0    0    0    1    1    95
12618.3    3504    0    923957    319468    0    0    0    0    0    2    97
12698.3    3504    0    922985    318610    0    0    0    1    1    0    97
12778.4    3504    0    921994    317731    0    0    0    0    0    2    97
12858.4    3504    0    921066    316903    0    0    1    0    0    1    97
12938.4    3504    0    920072    316039    0    0    0    0    1    1    97
13018.5    3504    0    919102    315180    0    0    0    0    0    2    97
13098.7    3504    0    918160    314378    0    0    0    1    1    0    97
13678.9    3503    2    917865    314124    0    0    0    0    0    0    99
13758.9    3503    0    916887    313282    0    0    0    0    0    2    99
13839    3503    0    915946    312458    0    0    0    1    1    0    99
13919.2    3503    0    915030    311679    0    0    0    1    1    0    99
13999.2    3502    0    914311    311107    0    0    0    0    1    1    101
14079.2    3502    0    913237    310242    0    0    0    1    0    1    101
14159.2    3501    0    912732    309745    0    0    0    1    1    0    103
14375.3    3500    2    912324    309404    0    0    0    0    0    0    104
14455.4    3499    0    911076    308377    0    0    0    2    0    2    104
14535.7    3499    0    909822    307385    0    0    0    0    0    2    106
14615.7    3499    0    909129    306816    0    0    0    1    0    1    106
14695.7    3499    0    908067    305961    0    0    0    1    0    1    106
14775.8    3498    0    906214    304352    0    0    0    1    1    2    106
14855.8    3496    0    904877    303249    0    0    0    2    2    2    108
14935.8    3496    0    903654    302243    0    0    0    2    1    1    110
15015.8    3495    0    902912    301638    0    0    0    3    1    0    112
15096.1    3494    0    901975    300827    0    0    0    1    0    3    114
15176.1    3494    0    901030    300050    0    0    0    3    0    1    114
15256.2    3494    0    900041    299250    0    0    0    0    1    1    116
15336.3    3494    0    899485    298792    0    0    0    0    1    1    116
15416.3    3493    0    897997    297607    0    0    0    1    1    2    116
15496.4    3493    0    896943    296791    0    0    0    0    1    1    118
15646    3492    2    896613    296526    0    0    0    0    0    0    119
15726.1    3492    0    895611    295715    0    0    0    0    1    1    119
15946.1    3491    2    894917    295130    0    0    0    0    0    0    121
16026.2    3491    0    893900    294312    0    0    0    1    1    0    121
16106.2    3491    0    892902    293495    0    0    0    0    0    2    121
16186.2    3490    0    891007    291998    0    0    1    0    0    3    121
16266.3    3490    0    890008    291178    0    0    0    1    1    2    121
16346.6    3490    0    889194    290523    0    0    0    0    1    1    123
16426.6    3490    0    888589    290003    0    0    0    1    1    0    123
16506.6    3490    0    887702    289262    0    0    1    1    0    0    123
16983.8    3489    2    886893    288584    0    0    0    0    0    0    125
17063.8    3489    0    885904    287811    0    0    0    0    1    1    125
17143.8    3488    0    884932    286965    0    0    0    0    1    3    125
17223.8    3488    0    883191    285517    0    0    0    2    1    1    125
17304.2    3488    0    882429    284924    0    0    0    1    0    1    127
17384.6    3488    0    881831    284401    0    0    0    1    0    1    127
17464.7    3488    0    880892    283644    0    0    0    0    1    1    127
17544.9    3488    0    880027    282861    0    0    0    1    0    1    127
17624.9    3488    0    879033    282062    0    0    0    1    0    1    127
17705    3488    0    878011    281252    0    0    0    1    1    0    127
17837.7    3487    2    877715    281003    0    0    0    0    0    0    129
17917.8    3487    0    876690    280182    0    0    0    1    1    0    129
17998    3486    0    875028    278942    0    0    0    0    0    2    130
18078.1    3486    0    874429    278459    0    0    0    1    1    0    130
18158.1    3485    0    873863    277992    0    0    0    0    1    1    131
18291.8    3484    2    873688    277853    0    0    0    0    0    0    133
18371.8    3484    0    872732    277091    0    0    0    0    0    2    133
18452    3484    0    871787    276348    0    0    0    0    0    2    133
18932.7    3483    2    870908    275615    0    0    0    0    0    0    135
19012.8    3483    0    869865    274870    0    0    0    0    1    1    135
19092.9    3483    0    868939    274138    0    0    0    0    1    1    135
19173    3483    0    867996    273425    0    0    0    0    1    1    135
19253.1    3482    0    866914    272518    0    0    0    2    0    2    135
19333.1    3482    0    865858    271715    0    0    0    1    0    1    137
19413.3    3481    0    864817    270887    0    0    0    1    1    0    138
19493.3    3480    0    863670    269980    0    0    0    1    1    2    138
19573.4    3479    0    862482    269079    0    0    0    0    0    4    140
19653.8    3479    0    861862    268630    0    0    0    0    1    1    142
19734    3479    0    860916    267901    0    0    0    0    1    1    142
19814.1    3477    0    859087    266422    0    0    0    2    1    1    143
19894.1    3476    0    857648    265342    0    0    1    3    0    2    143
19974.4    3476    0    856508    264514    0    0    0    1    1    4    143
20054.4    3476    0    855477    263731    0    0    1    1    0    4    143
20134.5    3476    0    854457    262957    0    0    0    2    0    4    143
20214.7    3476    0    853493    262265    0    0    0    1    1    2    145
20295.3    3476    0    852815    261732    0    0    0    1    0    3    145
20375.4    3475    0    851538    260766    0    0    0    1    0    5    145
20455.4    3475    0    850423    259912    0    0    0    2    1    3    145
20535.4    3474    0    849405    259067    0    0    0    3    0    3    146
20615.5    3474    0    848604    258415    0    0    0    1    0    5    146
20695.5    3473    0    847473    257552    0    0    2    5    0    1    146
20775.6    3473    0    846359    256704    0    0    0    3    1    2    148
20855.7    3473    0    845601    256123    0    0    0    2    0    4    148
20935.7    3473    0    844675    255459    0    0    0    2    0    2    150
21015.7    3473    0    843919    254873    0    0    0    1    1    2    150
21095.9    3473    0    842953    254135    0    0    0    2    0    2    150
21175.9    3473    0    842428    253734    0    0    1    1    0    0    151
21344.7    3472    2    841567    253057    0    0    0    0    0    0    153
21424.8    3470    0    839775    251723    0    0    0    2    0    2    155
21505.3    3470    0    838658    250924    0    0    0    1    0    3    155
21585.4    3469    0    837503    250111    0    0    0    0    0    4    157
21666.2    3469    0    836815    249622    0    0    0    1    1    0    159
21746.3    3468    0    835898    248948    0    0    0    1    0    1    160
21826.3    3467    0    834788    248103    0    0    0    1    0    3    160
21906.4    3466    0    833597    247210    0    0    0    2    0    2    162
21986.5    3466    0    832386    246379    0    0    1    2    0    1    162
22066.6    3466    0    831925    245979    0    0    0    0    0    2    164
22146.6    3466    0    831055    245359    0    0    0    1    1    0    164
22226.7    3465    0    829757    244350    0    0    0    3    1    0    164
22306.7    3463    0    827247    242547    0    0    0    3    1    4    164
22386.7    3461    0    825840    241583    0    0    0    7    0    3    166
22466.8    3461    0    824603    240703    0    0    0    3    1    6    166
22546.9    3461    0    823674    239998    0    0    0    2    0    6    167
22627.3    3461    0    822865    239415    0    0    0    4    0    4    167
22707.4    3461    0    822051    238853    0    0    0    3    1    2    168
22787.4    3461    0    821154    238176    0    0    0    2    0    4    168
22867.6    3460    0    820225    237463    0    0    0    1    0    5    170
22947.6    3460    0    819483    236955    0    0    0    0    1    3    172
23027.6    3460    0    818593    236327    0    0    1    2    0    1    172
23107.6    3459    0    817411    235488    0    0    0    2    1    1    174
23187.7    3458    0    816464    234813    0    0    0    4    0    2    174
23267.7    3458    0    815541    234112    0    0    1    2    0    1    176
23348.1    3458    0    814670    233485    0    0    0    2    0    2    176
23428.3    3457    0    813536    232714    0    0    0    4    1    1    176
23508.3    3457    0    812560    232054    0    0    0    1    1    2    177
23588.3    3457    0    811608    231344    0    0    0    0    0    4    177
23668.3    3457    0    810616    230639    0    0    1    1    0    2    177
23748.3    3456    0    809168    229655    0    0    0    2    1    3    177
23828.4    3455    0    808028    228853    0    0    0    1    1    6    177
23908.5    3455    0    806910    228021    0    0    0    3    0    5    177
23988.6    3455    0    806003    227371    0    0    0    5    1    2    177
24068.6    3454    0    805130    226710    0    0    0    2    0    6    178
24148.6    3454    0    804258    226017    0    0    0    6    1    1    178
24228.7    3453    0    803338    225336    0    0    0    2    1    5    180
24308.7    3451    0    802161    224544    0    0    1    5    1    5    180
24388.8    3451    0    800757    223594    0    0    0    3    0    9    180
24468.9    3451    0    799827    222919    0    0    0    6    2    2    181
24548.9    3451    0    799165    222457    0    0    0    4    0    4    183
24629.5    3451    0    798149    221777    0    0    0    3    0    5    183
24709.7    3451    0    797196    221117    0    0    0    3    1    4    183
24789.7    3451    0    796287    220454    0    0    0    3    1    4    183
24869.7    3450    0    795024    219615    0    0    0    5    0    5    183
24949.8    3449    0    793875    218831    0    0    0    5    0    7    183
25029.8    3449    0    792714    218060    0    0    0    6    0    6    183
25109.9    3449    0    791625    217336    0    0    0    6    1    5    183
25189.9    3449    0    790669    216684    0    0    0    7    2    3    183
25270    3448    0    789714    216018    0    0    0    5    1    6    185
25350.1    3448    0    788736    215349    0    0    0    5    1    4    187
25430.1    3447    0    787898    214749    0    0    0    5    0    7    187
25510.4    3447    0    786900    214094    0    0    0    5    1    6    187
25590.5    3446    0    785867    213401    0    0    0    2    0    12    187
25670.5    3445    0    784618    212552    0    0    1    6    0    7    189
25750.6    3445    0    783784    211994    0    0    0    7    1    4    191
25830.6    3443    0    782735    211290    0    0    1    4    0    11    191
25910.6    3442    0    781714    210585    0    0    0    6    1    7    195
25990.6    3442    0    780939    210030    0    0    0    7    1    4    196
26070.6    3442    0    780050    209459    0    0    1    4    0    7    196
26150.9    3442    0    779331    208957    0    0    0    2    0    6    199
26231.1    3441    0    778505    208386    0    0    0    4    1    3    201
26311.1    3441    0    777656    207765    0    0    0    2    1    5    201
26391.2    3440    0    776665    207090    0    0    0    4    1    5    201
26471.2    3439    0    775409    206226    0    0    0    4    0    6    202
26551.2    3439    0    774482    205627    0    0    0    5    1    4    202
26631.4    3438    0    773526    204929    0    0    0    7    1    4    202
26711.4    3438    0    772664    204339    0    0    1    3    0    6    204
26791.6    3438    0    771946    203825    0    0    0    3    0    5    206
26871.9    3438    0    771198    203330    0    0    0    4    1    1    207
26951.9    3438    0    770484    202855    0    0    0    2    0    4    207
27032    3438    0    769579    202249    0    0    0    2    1    3    207
27112    3437    0    768474    201518    0    0    0    4    1    3    207
27192.3    3437    0    767481    200857    0    0    0    4    0    2    208
27272.6    3437    0    766692    200378    0    0    0    3    1    0    210
27352.7    3437    0    766027    199888    0    0    0    2    1    1    210
27432.7    3437    0    765024    199247    0    0    1    3    0    0    210
27512.7    3436    0    763900    198532    0    0    0    2    1    1    211
27592.8    3436    0    763064    197958    0    0    0    1    1    2    211
27673    3436    0    762123    197320    0    0    0    0    0    4    211
27753.1    3436    0    761077    196662    0    0    0    2    0    2    211
27833.2    3435    0    759850    195933    0    0    0    3    1    2    211
27914.6    3433    0    759014    195366    0    0    0    0    1    1    217
27994.7    3431    0    758257    194841    0    0    0    1    0    3    218
28074.7    3431    0    757056    194075    0    0    0    1    1    2    218
28154.8    3431    0    756027    193425    0    0    0    2    1    1    218
28234.8    3429    0    754509    192441    0    0    0    3    1    4    218
28314.9    3428    0    753198    191551    0    0    0    3    1    4    220
28395.2    3427    0    752337    191014    0    0    0    5    1    4    220
28475.2    3426    0    751350    190355    0    0    1    3    0    6    222
28555.2    3426    0    750103    189596    0    0    0    4    0    6    222
28635.3    3426    0    749039    188935    0    0    0    5    1    4    222
28715.3    3426    0    748089    188336    0    0    0    6    0    4    222
28795.7    3426    0    747086    187682    0    0    0    4    1    5    222
28875.7    3426    0    746033    187039    0    0    0    6    1    3    222
28955.9    3426    0    745087    186432    0    0    0    3    1    6    222
29035.9    3425    0    744150    185856    0    0    0    5    1    4    224
29115.9    3424    0    742925    185130    0    0    0    9    0    3    224
29196.5    3424    0    742085    184557    0    0    0    6    0    4    225
29276.5    3424    0    741260    184011    0    0    0    0    1    7    227
29356.5    3423    0    740352    183464    0    0    0    7    0    3    227
29436.5    3422    0    739229    182709    0    0    0    2    1    7    228
29516.7    3421    0    738174    182098    0    0    0    6    1    3    230
29596.7    3421    0    737164    181476    0    0    0    5    1    4    230
29676.7    3420    0    736203    180862    0    0    1    1    0    8    232
29756.7    3420    0    735038    180205    0    0    0    8    0    2    232
29836.8    3419    0    734019    179570    0    0    0    6    1    5    232
29916.8    3419    0    733080    178965    0    0    0    5    1    4    234
29997.4    3417    0    732051    178320    0    0    0    7    1    6    234
