459.248 0.00499839 2.80651e-06 1.50496 0.644751 0 0 0 0 0 0 2.80651e-06
759.251 0.00499558 0 1.49712 0.636688 0 0 1.40325e-06 1.40325e-06 0 0 5.61301e-06
1059.27 0.00499277 0 1.49274 0.632368 0 0 0 1.40325e-06 1.40325e-06 2.80651e-06 7.01627e-06
1359.51 0.00498716 0 1.48656 0.626103 0 0 0 1.40325e-06 0 1.40325e-06 1.96455e-05
1659.57 0.00498576 0 1.48259 0.621967 0 0 0 4.20976e-06 0 1.40325e-06 1.96455e-05
1959.6 0.00498295 0 1.47723 0.616465 0 0 0 0 0 2.80651e-06 2.52586e-05
2259.63 0.00497874 0 1.47274 0.61195 0 0 0 0 1.40325e-06 1.40325e-06 3.22748e-05
2559.63 0.00497734 0 1.46845 0.607478 0 0 0 2.80651e-06 0 2.80651e-06 3.22748e-05
2859.77 0.00497313 0 1.46461 0.603629 0 0 0 1.40325e-06 1.40325e-06 0 3.92911e-05
3159.77 0.00496892 0 1.45737 0.596391 0 0 1.40325e-06 1.40325e-06 0 2.80651e-06 4.35008e-05
3459.79 0.00496611 0 1.45107 0.59025 0 0 0 1.40325e-06 0 1.40325e-06 5.05171e-05
3759.79 0.0049619 0 1.44654 0.58593 0 0 0 4.20976e-06 1.40325e-06 2.80651e-06 5.19204e-05
4059.82 0.0049591 0 1.43674 0.576003 0 0 0 0 1.40325e-06 4.20976e-06 5.75334e-05
4359.84 0.00495769 0 1.43291 0.57239 0 0 0 0 1.40325e-06 4.20976e-06 6.03399e-05
4659.85 0.00495489 0 1.42936 0.568893 0 0 0 2.80651e-06 1.40325e-06 4.20976e-06 6.17431e-05
4959.93 0.00495348 0 1.42132 0.560981 0 0 0 0 1.40325e-06 4.20976e-06 6.73562e-05
5259.93 0.00495208 0 1.41661 0.556501 0 0 0 0 1.40325e-06 4.20976e-06 7.01627e-05
5559.94 0.00494787 0 1.4104 0.550606 0 0 0 2.80651e-06 0 5.61301e-06 7.29692e-05
5859.95 0.00494647 0 1.40488 0.545449 0 0 0 4.20976e-06 1.40325e-06 0 7.85822e-05
6159.98 0.00494506 0 1.40027 0.541176 0 0 0 2.80651e-06 0 2.80651e-06 8.13887e-05
6460.2 0.00494226 0 1.39414 0.535547 0 0 0 2.80651e-06 1.40325e-06 1.40325e-06 8.41952e-05
6760.2 0.00493945 0 1.38873 0.530309 0 0 0 2.80651e-06 1.40325e-06 1.40325e-06 8.70017e-05
7060.2 0.00493945 0 1.3848 0.526705 0 0 0 0 0 2.80651e-06 8.84049e-05
7360.53 0.00493945 0 1.38185 0.523928 0 0 0 1.40325e-06 0 1.40325e-06 8.84049e-05
7703.75 0.00493805 2.80651e-06 1.3786 0.520862 0 0 0 0 0 0 9.12115e-05
8003.9 0.00493103 0 1.3702 0.513463 0 0 0 2.80651e-06 0 2.80651e-06 0.000102437
8303.94 0.00492963 0 1.36296 0.506775 0 0 0 1.40325e-06 0 1.40325e-06 0.00010805
8604.05 0.00492963 0 1.36052 0.504451 0 0 0 0 0 2.80651e-06 0.00010805
8904.07 0.00492822 0 1.35226 0.497014 0 0 0 1.40325e-06 1.40325e-06 2.80651e-06 0.00010805
9204.08 0.00492822 0 1.34778 0.493071 0 0 0 1.40325e-06 0 1.40325e-06 0.000109454
9504.1 0.00492542 0 1.34094 0.48692 0 0 0 2.80651e-06 1.40325e-06 1.40325e-06 0.00011226
9804.11 0.00492261 0 1.33674 0.483287 0 0 0 2.80651e-06 0 2.80651e-06 0.000117873
10104.1 0.00492261 0 1.33112 0.478237 0 0 0 1.40325e-06 0 1.40325e-06 0.00012068
10404.3 0.00491981 0 1.32571 0.47357 0 0 0 0 0 2.80651e-06 0.000126293
10704.3 0.004917 0 1.31868 0.467332 0 0 0 2.80651e-06 0 2.80651e-06 0.000127696
11004.3 0.0049156 0 1.31269 0.461954 0 0 0 1.40325e-06 0 4.20976e-06 0.000130503
11304.9 0.00491419 0 1.3088 0.458712 0 0 0 1.40325e-06 1.40325e-06 0 0.000133309
11605.1 0.00491139 0 1.30495 0.455427 0 0 0 0 1.40325e-06 4.20976e-06 0.000136116
11905.3 0.00490718 0 1.29756 0.44924 0 0 0 0 1.40325e-06 1.40325e-06 0.000144535
12205.4 0.00490577 0 1.29363 0.445707 0 0 0 2.80651e-06 0 2.80651e-06 0.000144535
12505.5 0.00490577 0 1.28878 0.441433 0 0 0 0 1.40325e-06 1.40325e-06 0.000147342
12805.6 0.00490437 0 1.28493 0.438148 0 0 0 0 1.40325e-06 1.40325e-06 0.000148745
13105.6 0.00490156 0 1.28074 0.434616 0 0 0 1.40325e-06 0 1.40325e-06 0.000154358
13405.6 0.00489876 0 1.27819 0.432533 0 0 0 1.40325e-06 1.40325e-06 2.80651e-06 0.000155761
13705.7 0.00489735 0 1.27163 0.42707 0 0 0 1.40325e-06 1.40325e-06 2.80651e-06 0.000158568
14005.7 0.00489595 0 1.26689 0.423154 0 0 0 1.40325e-06 0 1.40325e-06 0.000162777
14305.8 0.00489314 0 1.26118 0.418411 0 0 0 4.20976e-06 0 1.40325e-06 0.000165584
14605.8 0.00489174 0 1.25651 0.41466 0 0 0 0 0 2.80651e-06 0.00016839
14905.9 0.00489034 0 1.25114 0.410324 0 0 0 1.40325e-06 1.40325e-06 2.80651e-06 0.00016839
15206.3 0.00488893 0 1.2465 0.406565 0 0 0 0 1.40325e-06 1.40325e-06 0.000174003
15506.3 0.00488753 0 1.24113 0.402123 0 0 0 1.40325e-06 1.40325e-06 2.80651e-06 0.000174003
15806.3 0.00488753 0 1.23434 0.396444 0 0 0 2.80651e-06 1.40325e-06 1.40325e-06 0.000174003
16107.2 0.00488753 0 1.23034 0.393281 0 0 0 1.40325e-06 0 1.40325e-06 0.00017681
16407.3 0.00488472 0 1.22733 0.39099 0 0 0 0 0 5.61301e-06 0.000178213
16707.3 0.00487911 0 1.21692 0.38282 0 0 0 0 1.40325e-06 1.40325e-06 0.000186633
17007.4 0.0048735 0 1.2122 0.379113 0 0 0 5.61301e-06 0 2.80651e-06 0.000190842
17307.4 0.0048735 0 1.20839 0.376149 0 0 0 2.80651e-06 0 0 0.000196455
17607.4 0.00487069 0 1.20005 0.369677 0 0 0 4.20976e-06 0 4.20976e-06 0.000196455
17907.4 0.00487069 0 1.19352 0.364856 0 0 1.40325e-06 2.80651e-06 0 4.20976e-06 0.000196455
18207.4 0.00486789 0 1.18782 0.360329 0 0 1.40325e-06 2.80651e-06 0 4.20976e-06 0.000200665
18510.8 0.00486648 2.80651e-06 1.18512 0.358388 0 0 0 0 0 0 0.000206278
18810.8 0.00486508 0 1.18081 0.35513 0 0 0 1.40325e-06 0 1.40325e-06 0.000209085
19110.8 0.00486227 0 1.17506 0.350805 0 0 0 4.20976e-06 0 1.40325e-06 0.000210488
19410.8 0.00485947 0 1.17033 0.347159 0 0 0 4.20976e-06 0 1.40325e-06 0.000213294
19710.8 0.00485245 0 1.16337 0.342058 0 0 0 8.41952e-06 1.40325e-06 1.40325e-06 0.000218907
20010.8 0.00484964 0 1.15433 0.335617 0 0 0 1.40325e-06 1.40325e-06 2.80651e-06 0.000225924
20310.9 0.00484824 0 1.15175 0.333659 0 0 0 0 0 8.41952e-06 0.000225924
21105.1 0.00484684 2.80651e-06 1.15063 0.332829 0 0 0 0 0 0 0.000231537
21405.2 0.00484263 0 1.14508 0.328909 0 0 0 2.80651e-06 0 2.80651e-06 0.00023715
21705.2 0.00483982 0 1.13689 0.323116 0 0 0 7.01627e-06 0 1.40325e-06 0.000238553
22005.2 0.00483561 0 1.1296 0.317946 0 0 0 2.80651e-06 1.40325e-06 4.20976e-06 0.000242763
22305.4 0.0048328 0 1.12413 0.314 0 0 0 7.01627e-06 1.40325e-06 0 0.000246973
22606.1 0.0048328 0 1.12006 0.31117 0 0 0 2.80651e-06 1.40325e-06 1.40325e-06 0.000248376
22907.2 0.0048328 0 1.11776 0.309532 0 0 0 1.40325e-06 0 1.40325e-06 0.000251182
23207.3 0.00483 0 1.10955 0.304033 0 0 0 2.80651e-06 0 2.80651e-06 0.000253989
23507.3 0.00482158 0 1.09975 0.297352 0 0 0 7.01627e-06 1.40325e-06 0 0.000265215
23807.4 0.00482017 0 1.09528 0.294198 0 0 0 4.20976e-06 1.40325e-06 0 0.000268021
24107.5 0.00481737 0 1.09192 0.291882 0 0 0 1.40325e-06 1.40325e-06 2.80651e-06 0.000273634
24407.5 0.00481316 0 1.08426 0.286614 0 0 0 2.80651e-06 1.40325e-06 4.20976e-06 0.000277844
24707.5 0.00481175 0 1.07817 0.282573 0 0 0 1.40325e-06 0 7.01627e-06 0.000279247
25007.5 0.00481175 0 1.07387 0.279636 0 0 1.40325e-06 2.80651e-06 0 4.20976e-06 0.000279247
25307.7 0.00481035 0 1.06864 0.2762 0 0 0 2.80651e-06 1.40325e-06 4.20976e-06 0.000280651
25614.9 0.00480614 2.80651e-06 1.0654 0.274208 0 0 0 0 0 0 0.00029328
25915.1 0.00480474 0 1.06103 0.271427 0 0 0 2.80651e-06 1.40325e-06 1.40325e-06 0.00029328
26215.1 0.00479772 0 1.04907 0.263761 0 0 0 5.61301e-06 0 5.61301e-06 0.000300296
26515.2 0.00479632 0 1.04526 0.26137 0 0 0 4.20976e-06 0 4.20976e-06 0.000303103
26815.2 0.00479351 0 1.0403 0.258252 0 0 0 2.80651e-06 1.40325e-06 1.40325e-06 0.000308716
27115.3 0.0047879 0 1.03517 0.255107 0 0 0 1.40325e-06 0 7.01627e-06 0.000314329
27415.3 0.00478509 0 1.02985 0.251869 0 0 0 4.20976e-06 1.40325e-06 2.80651e-06 0.000319942
27715.5 0.00478369 0 1.02429 0.2484 0 0 0 5.61301e-06 0 5.61301e-06 0.000319942
28015.7 0.00478229 0 1.02015 0.245809 0 0 0 2.80651e-06 1.40325e-06 1.40325e-06 0.000325555
28315.9 0.00477808 0 1.01677 0.243796 0 0 0 2.80651e-06 1.40325e-06 1.40325e-06 0.000332571
28616 0.00477387 0 1.01194 0.240884 0 0 0 1.40325e-06 0 4.20976e-06 0.000338184
28916.2 0.00477106 0 1.00504 0.236711 0 0 0 1.40325e-06 0 1.40325e-06 0.000343797
29216.4 0.00476545 0 0.999868 0.233667 0 0 0 1.40325e-06 1.40325e-06 5.61301e-06 0.00034941
29516.6 0.00476404 0 0.994342 0.23043 0 0 0 1.40325e-06 1.40325e-06 5.61301e-06 0.000352217
29816.6 0.00475983 0 0.984567 0.224696 0 0 1.40325e-06 4.20976e-06 0 2.80651e-06 0.00035783
