594.097    3561    2    1.07244e+06    459428    0    0    0    0    0    0    3
1159.39    3558    2    1.06779e+06    454531    0    0    0    0    0    0    7
1659.41    3555    0    1.0604e+06    446865    0    0    0    1    0    1    13
2159.55    3553    0    1.05653e+06    442845    0    0    0    0    1    1    16
2659.56    3548    0    1.05046e+06    436698    0    0    0    0    1    3    23
3187.4    3545    2    1.04448e+06    430557    0    0    0    0    0    0    28
3687.4    3540    0    1.03517e+06    421383    0    0    0    1    0    1    35
4187.41    3537    0    1.0287e+06    414962    0    0    0    2    0    4    37
4687.49    3536    0    1.02045e+06    407016    0    0    0    0    1    1    41
5187.49    3530    0    1.01293e+06    399659    0    0    0    2    0    6    45
5687.5    3526    0    1.00312e+06    390413    0    0    0    4    0    2    54
6187.53    3523    0    997229    384881    0    0    0    1    1    6    57
6687.55    3519    0    990674    378775    0    0    1    6    0    7    59
7187.59    3517    0    981695    370201    0    0    0    3    0    7    65
7687.75    3514    0    975892    364962    0    0    0    5    1    8    66
8187.76    3513    0    970379    359848    0    0    0    4    0    4    73
8687.85    3512    0    965197    355110    0    0    0    2    0    8    73
9187.94    3511    0    959265    349834    0    0    0    4    1    5    75
9688.06    3508    0    951613    343151    0    0    0    2    0    6    80
10188.2    3502    0    945007    337426    0    0    0    5    1    4    88
10688.2    3499    0    937995    331176    0    0    1    7    0    6    89
11188.2    3494    0    930327    324561    0    0    0    6    1    11    93
11688.2    3491    0    924524    319670    0    0    0    7    1    8    99
12188.3    3489    0    917164    313296    0    0    0    8    0    8    102
12688.4    3485    0    912154    309068    0    0    0    4    1    7    112
13188.5    3484    0    907291    305063    0    0    0    5    0    5    115
13688.6    3478    0    898985    298307    0    0    0    2    1    9    124
14188.6    3477    0    893249    293700    0    0    0    3    1    8    126
14688.6    3475    0    887160    288645    0    0    0    6    1    5    129
15188.8    3475    0    882261    284712    0    0    0    2    0    8    131
15688.9    3474    0    877432    280727    0    0    0    3    1    4    133
16188.9    3473    0    872654    277002    0    0    0    3    1    2    136
16689    3468    0    864007    270214    0    0    0    2    0    4    145
17189    3464    0    857409    265042    0    0    0    10    0    4    145
17689    3462    0    848631    258455    0    0    0    6    1    5    149
18189    3457    0    841209    252817    0    0    0    10    1    9    150
18689    3456    0    835529    248626    0    0    1    2    0    7    159
19189.1    3453    0    831496    245569    0    0    1    4    0    7    162
19689.1    3450    0    823924    239964    0    0    0    5    1    10    163
20189.4    3448    0    817096    235123    0    0    0    6    1    7    168
20689.4    3446    0    811017    230829    0    0    0    4    0    10    170
21189.5    3444    0    805454    226761    0    0    0    4    1    7    175
21689.6    3441    0    799293    222315    0    0    0    5    1    6    179
22189.7    3439    0    793548    218367    0    0    0    6    2    8    179
22689.8    3435    0    785851    213100    0    0    0    7    1    10    184
23190    3431    0    780732    209590    0    0    0    1    0    11    195
23690.2    3427    0    775023    205763    0    0    0    5    1    8    201
24190.5    3425    0    770177    202438    0    0    0    3    1    4    208
24690.5    3424    0    765868    199616    0    0    1    3    0    2    212
25190.7    3423    0    760979    196429    0    0    0    3    1    2    213
25690.8    3419    0    757528    194308    0    0    0    2    0    2    221
26190.8    3414    0    745968    186872    0    0    0    2    1    1    228
26691.1    3408    0    739949    183080    0    0    0    5    1    2    234
27191.2    3405    0    733100    178896    0    0    0    2    1    3    241
27691.4    3402    0    727663    175497    0    0    0    2    0    2    247
28191.6    3396    0    721892    171991    0    0    0    1    0    9    251
28691.9    3391    0    713836    167125    0    0    0    3    1    6    260
29192    3388    0    706923    163086    0    0    0    4    1    7    263
29692.1    3384    0    698642    158261    0    0    0    8    1    7    265
