0 0.00477941 5.2405e-13 1.00027 0.233893 3.13843e-13 1.70674e-13 2.18228e-10 8.38259e-09 3.61359e-10 7.21199e-09 0.000347589
10 0.00477933 5.24133e-13 1.0001 0.233791 3.13926e-13 1.70677e-13 2.18312e-10 8.38342e-09 3.61402e-10 7.21079e-09 0.000347705
20 0.00477926 5.24215e-13 0.999929 0.233689 3.14008e-13 1.70892e-13 2.18392e-10 8.3841e-09 3.61438e-10 7.20946e-09 0.000347822
30 0.00477918 5.24298e-13 0.999757 0.233587 3.14091e-13 1.70854e-13 2.18477e-10 8.38498e-09 3.61484e-10 7.20831e-09 0.000347938
40 0.00477911 5.2438e-13 0.999586 0.233485 3.14174e-13 1.70688e-13 2.18565e-10 8.38596e-09 3.61533e-10 7.20724e-09 0.000348054
50 0.00477904 5.24463e-13 0.999414 0.233383 3.14257e-13 1.70517e-13 2.18653e-10 8.38694e-09 3.61583e-10 7.20617e-09 0.000348171
60 0.00477896 5.24546e-13 0.999242 0.233281 3.1434e-13 1.70464e-13 2.18738e-10 8.38782e-09 3.61628e-10 7.20501e-09 0.000348287
70 0.00477889 5.24629e-13 0.999071 0.233179 3.14423e-13 1.70655e-13 2.18819e-10 8.38851e-09 3.61665e-10 7.20369e-09 0.000348404
80 0.00477881 5.24711e-13 0.998899 0.233077 3.14506e-13 1.70986e-13 2.18897e-10 8.38911e-09 3.61698e-10 7.20229e-09 0.00034852
90 0.00477874 5.24794e-13 0.998727 0.232975 3.14589e-13 1.71221e-13 2.18977e-10 8.38978e-09 3.61735e-10 7.20095e-09 0.000348637
100 0.00477866 5.24877e-13 0.998556 0.232873 3.14672e-13 1.71369e-13 2.19059e-10 8.39052e-09 3.61774e-10 7.19968e-09 0.000348753
110 0.00477859 5.2496e-13 0.998384 0.232772 3.14755e-13 1.7144e-13 2.19143e-10 8.39132e-09 3.61816e-10 7.19845e-09 0.00034887
120 0.00477852 5.25043e-13 0.998212 0.23267 3.14838e-13 1.71444e-13 2.19227e-10 8.39218e-09 3.6186e-10 7.19727e-09 0.000348986
130 0.00477844 5.25126e-13 0.99804 0.232568 3.14921e-13 1.71391e-13 2.19314e-10 8.39307e-09 3.61906e-10 7.19612e-09 0.000349103
140 0.00477837 5.25208e-13 0.997869 0.232466 3.15005e-13 1.71292e-13 2.19401e-10 8.394e-09 3.61953e-10 7.19501e-09 0.000349219
150 0.00477829 5.25291e-13 0.997697 0.232365 3.15088e-13 1.71155e-13 2.19488e-10 8.39496e-09 3.62002e-10 7.19392e-09 0.000349336
160 0.00477822 5.25374e-13 0.997525 0.232263 3.15171e-13 1.70991e-13 2.19577e-10 8.39594e-09 3.62052e-10 7.19285e-09 0.000349452
170 0.00477814 5.25457e-13 0.997353 0.232161 3.15255e-13 1.7081e-13 2.19666e-10 8.39693e-09 3.62102e-10 7.19179e-09 0.000349569
180 0.00477807 5.2554e-13 0.997182 0.23206 3.15338e-13 1.70622e-13 2.19755e-10 8.39793e-09 3.62152e-10 7.19073e-09 0.000349685
190 0.004778 5.25624e-13 0.99701 0.231958 3.15421e-13 1.70436e-13 2.19843e-10 8.39892e-09 3.62202e-10 7.18967e-09 0.000349801
200 0.00477792 5.25707e-13 0.996838 0.231856 3.15505e-13 1.70264e-13 2.19932e-10 8.3999e-09 3.62252e-10 7.18859e-09 0.000349918
210 0.00477785 5.2579e-13 0.996667 0.231755 3.15588e-13 1.70114e-13 2.2002e-10 8.40086e-09 3.62301e-10 7.1875e-09 0.000350034
220 0.00477777 5.25873e-13 0.996495 0.231653 3.15672e-13 1.69996e-13 2.20108e-10 8.40179e-09 3.62348e-10 7.18639e-09 0.000350151
230 0.0047777 5.25956e-13 0.996323 0.231552 3.15755e-13 1.69921e-13 2.20194e-10 8.40269e-09 3.62394e-10 7.18524e-09 0.000350267
240 0.00477762 5.26039e-13 0.996151 0.23145 3.15839e-13 1.69899e-13 2.2028e-10 8.40355e-09 3.62439e-10 7.18406e-09 0.000350384
250 0.00477755 5.26123e-13 0.99598 0.231349 3.15922e-13 1.69939e-13 2.20364e-10 8.40435e-09 3.62481e-10 7.18283e-09 0.0003505
260 0.00477748 5.26206e-13 0.995808 0.231247 3.16006e-13 1.70052e-13 2.20447e-10 8.40509e-09 3.6252e-10 7.18155e-09 0.000350616
270 0.0047774 5.26289e-13 0.995636 0.231146 3.16089e-13 1.70247e-13 2.20528e-10 8.40577e-09 3.62557e-10 7.18021e-09 0.000350733
280 0.00477733 5.26372e-13 0.995465 0.231044 3.16173e-13 1.70535e-13 2.20607e-10 8.40638e-09 3.6259e-10 7.17881e-09 0.000350849
290 0.00477725 5.26456e-13 0.995293 0.230943 3.16257e-13 1.70888e-13 2.20686e-10 8.40695e-09 3.62622e-10 7.17738e-09 0.000350966
300 0.00477718 5.26539e-13 0.995121 0.230842 3.16341e-13 1.71179e-13 2.20766e-10 8.40758e-09 3.62657e-10 7.176e-09 0.000351082
310 0.0047771 5.26623e-13 0.99495 0.23074 3.16424e-13 1.71408e-13 2.20847e-10 8.40826e-09 3.62693e-10 7.17467e-09 0.000351198
320 0.00477703 5.26706e-13 0.994778 0.230639 3.16508e-13 1.71578e-13 2.20929e-10 8.40898e-09 3.62732e-10 7.17337e-09 0.000351315
330 0.00477696 5.2679e-13 0.994606 0.230538 3.16592e-13 1.71695e-13 2.21013e-10 8.40975e-09 3.62772e-10 7.17211e-09 0.000351431
340 0.00477688 5.26873e-13 0.994434 0.230437 3.16676e-13 1.71762e-13 2.21097e-10 8.41055e-09 3.62814e-10 7.17088e-09 0.000351548
350 0.00477681 5.26957e-13 0.994263 0.230335 3.1676e-13 1.71784e-13 2.21183e-10 8.41139e-09 3.62858e-10 7.16968e-09 0.000351664
360 0.00477673 5.2704e-13 0.994091 0.230234 3.16844e-13 1.71766e-13 2.21269e-10 8.41226e-09 3.62903e-10 7.16851e-09 0.00035178
370 0.00477666 5.27124e-13 0.993919 0.230133 3.16928e-13 1.71711e-13 2.21357e-10 8.41316e-09 3.62949e-10 7.16736e-09 0.000351897
380 0.00477658 5.27207e-13 0.993747 0.230032 3.17012e-13 1.71623e-13 2.21445e-10 8.41409e-09 3.62997e-10 7.16624e-09 0.000352013
390 0.00477651 5.27291e-13 0.993576 0.229931 3.17096e-13 1.71509e-13 2.21533e-10 8.41503e-09 3.63045e-10 7.16513e-09 0.00035213
400 0.00477644 5.27375e-13 0.993404 0.229829 3.1718e-13 1.71371e-13 2.21622e-10 8.416e-09 3.63094e-10 7.16404e-09 0.000352246
410 0.00477636 5.27459e-13 0.993232 0.229728 3.17264e-13 1.71214e-13 2.21712e-10 8.41697e-09 3.63143e-10 7.16296e-09 0.000352362
420 0.00477629 5.27542e-13 0.99306 0.229627 3.17348e-13 1.71042e-13 2.21802e-10 8.41796e-09 3.63193e-10 7.16188e-09 0.000352479
430 0.00477621 5.27626e-13 0.992889 0.229526 3.17432e-13 1.70861e-13 2.21892e-10 8.41896e-09 3.63244e-10 7.16082e-09 0.000352595
440 0.00477614 5.2771e-13 0.992717 0.229425 3.17516e-13 1.70673e-13 2.21982e-10 8.41996e-09 3.63294e-10 7.15976e-09 0.000352712
450 0.00477606 5.27794e-13 0.992545 0.229324 3.17601e-13 1.70485e-13 2.22072e-10 8.42095e-09 3.63345e-10 7.15869e-09 0.000352828
460 0.00477599 5.27878e-13 0.992373 0.229223 3.17685e-13 1.70299e-13 2.22162e-10 8.42195e-09 3.63395e-10 7.15763e-09 0.000352945
470 0.00477592 5.27962e-13 0.992202 0.229122 3.17769e-13 1.7012e-13 2.22252e-10 8.42294e-09 3.63445e-10 7.15655e-09 0.000353061
480 0.00477584 5.28045e-13 0.99203 0.229021 3.17854e-13 1.69953e-13 2.22342e-10 8.42392e-09 3.63495e-10 7.15547e-09 0.000353177
490 0.00477577 5.28129e-13 0.991858 0.228921 3.17938e-13 1.69802e-13 2.22432e-10 8.42488e-09 3.63544e-10 7.15437e-09 0.000353294
500 0.00477569 5.28213e-13 0.991686 0.22882 3.18023e-13 1.69672e-13 2.22521e-10 8.42583e-09 3.63592e-10 7.15326e-09 0.00035341
510 0.00477562 5.28297e-13 0.991515 0.228719 3.18107e-13 1.69566e-13 2.22609e-10 8.42675e-09 3.6364e-10 7.15213e-09 0.000353526
520 0.00477554 5.28381e-13 0.991343 0.228618 3.18191e-13 1.6949e-13 2.22697e-10 8.42766e-09 3.63686e-10 7.15098e-09 0.000353643
530 0.00477547 5.28466e-13 0.991171 0.228517 3.18276e-13 1.69447e-13 2.22785e-10 8.42853e-09 3.63731e-10 7.14981e-09 0.000353759
540 0.0047754 5.2855e-13 0.991 0.228416 3.1836e-13 1.69442e-13 2.22871e-10 8.42937e-09 3.63775e-10 7.1486e-09 0.000353876
550 0.00477532 5.28634e-13 0.990828 0.228316 3.18445e-13 1.6948e-13 2.22957e-10 8.43018e-09 3.63817e-10 7.14737e-09 0.000353992
560 0.00477525 5.28718e-13 0.990656 0.228215 3.1853e-13 1.69564e-13 2.23042e-10 8.43095e-09 3.63858e-10 7.1461e-09 0.000354108
570 0.00477517 5.28802e-13 0.990484 0.228114 3.18614e-13 1.69699e-13 2.23125e-10 8.43167e-09 3.63896e-10 7.14479e-09 0.000354224
580 0.0047751 5.28886e-13 0.990313 0.228014 3.18699e-13 1.69889e-13 2.23208e-10 8.43235e-09 3.63933e-10 7.14345e-09 0.000354341
590 0.00477502 5.2897e-13 0.990141 0.227913 3.18784e-13 1.70139e-13 2.23289e-10 8.43298e-09 3.63968e-10 7.14206e-09 0.000354457
600 0.00477495 5.29055e-13 0.989969 0.227813 3.18868e-13 1.70453e-13 2.23369e-10 8.43356e-09 3.64e-10 7.14062e-09 0.000354573
